[2023-06-06T12:58:22.328+0000] {taskinstance.py:1084} INFO - Dependencies all met for dep_context=non-requeueable deps ti=<TaskInstance: weather.add_data_in_weather scheduled__2023-06-05T23:01:00+00:00 [queued]>
[2023-06-06T12:58:22.387+0000] {taskinstance.py:1084} INFO - Dependencies all met for dep_context=requeueable deps ti=<TaskInstance: weather.add_data_in_weather scheduled__2023-06-05T23:01:00+00:00 [queued]>
[2023-06-06T12:58:22.387+0000] {taskinstance.py:1282} INFO - 
--------------------------------------------------------------------------------
[2023-06-06T12:58:22.388+0000] {taskinstance.py:1283} INFO - Starting attempt 1 of 6
[2023-06-06T12:58:22.388+0000] {taskinstance.py:1284} INFO - 
--------------------------------------------------------------------------------
[2023-06-06T12:58:22.458+0000] {taskinstance.py:1303} INFO - Executing <Task(PostgresOperator): add_data_in_weather> on 2023-06-05 23:01:00+00:00
[2023-06-06T12:58:22.471+0000] {standard_task_runner.py:55} INFO - Started process 13612 to run task
[2023-06-06T12:58:22.493+0000] {standard_task_runner.py:82} INFO - Running: ['***', 'tasks', 'run', 'weather', 'add_data_in_weather', 'scheduled__2023-06-05T23:01:00+00:00', '--job-id', '931', '--raw', '--subdir', 'DAGS_FOLDER/weather_DAG.py', '--cfg-path', '/tmp/tmpanbdzs4x']
[2023-06-06T12:58:22.500+0000] {standard_task_runner.py:83} INFO - Job 931: Subtask add_data_in_weather
[2023-06-06T12:58:22.661+0000] {task_command.py:388} INFO - Running <TaskInstance: weather.add_data_in_weather scheduled__2023-06-05T23:01:00+00:00 [running]> on host 05172cfd5782
[2023-06-06T12:58:23.481+0000] {taskinstance.py:1511} INFO - Exporting the following env vars:
AIRFLOW_CTX_DAG_OWNER=fox
AIRFLOW_CTX_DAG_ID=weather
AIRFLOW_CTX_TASK_ID=add_data_in_weather
AIRFLOW_CTX_EXECUTION_DATE=2023-06-05T23:01:00+00:00
AIRFLOW_CTX_TRY_NUMBER=1
AIRFLOW_CTX_DAG_RUN_ID=scheduled__2023-06-05T23:01:00+00:00
[2023-06-06T12:58:23.482+0000] {sql.py:254} INFO - Executing: 
            insert into weather_data (date, current_temperature, feels_like, sky, chance_of_precipitation, wind, 
            pressure, uv_index, humidity, precipitation, timestamps) values 
            ('2023-06-06T14:56:14+02:00',
            '+21째',
            '+23째C',
            'Overcast, light rain',
            '30',
            '2',
            '739',
            '9/12',
            '60',
            '0.22',
            '2023-06-06'
            )
            
[2023-06-06T12:58:23.506+0000] {base.py:73} INFO - Using connection ID 'postgres_localhost' for task execution.
[2023-06-06T12:58:24.051+0000] {base.py:73} INFO - Using connection ID 'postgres_localhost' for task execution.
[2023-06-06T12:58:24.056+0000] {sql.py:375} INFO - Running statement: 
            insert into weather_data (date, current_temperature, feels_like, sky, chance_of_precipitation, wind, 
            pressure, uv_index, humidity, precipitation, timestamps) values 
            ('2023-06-06T14:56:14+02:00',
            '+21째',
            '+23째C',
            'Overcast, light rain',
            '30',
            '2',
            '739',
            '9/12',
            '60',
            '0.22',
            '2023-06-06'
            )
            , parameters: None
[2023-06-06T12:58:24.057+0000] {sql.py:384} INFO - Rows affected: 1
[2023-06-06T12:58:24.076+0000] {taskinstance.py:1326} INFO - Marking task as SUCCESS. dag_id=weather, task_id=add_data_in_weather, execution_date=20230605T230100, start_date=20230606T125822, end_date=20230606T125824
[2023-06-06T12:58:24.152+0000] {local_task_job.py:212} INFO - Task exited with return code 0
[2023-06-06T12:58:24.189+0000] {taskinstance.py:2585} INFO - 0 downstream tasks scheduled from follow-on schedule check
