[2023-06-01T17:00:00.989+0000] {taskinstance.py:1084} INFO - Dependencies all met for dep_context=non-requeueable deps ti=<TaskInstance: ETL.refresh_token scheduled__2023-05-31T17:00:00+00:00 [queued]>
[2023-06-01T17:00:01.002+0000] {taskinstance.py:1084} INFO - Dependencies all met for dep_context=requeueable deps ti=<TaskInstance: ETL.refresh_token scheduled__2023-05-31T17:00:00+00:00 [queued]>
[2023-06-01T17:00:01.003+0000] {taskinstance.py:1282} INFO - 
--------------------------------------------------------------------------------
[2023-06-01T17:00:01.003+0000] {taskinstance.py:1283} INFO - Starting attempt 1 of 6
[2023-06-01T17:00:01.003+0000] {taskinstance.py:1284} INFO - 
--------------------------------------------------------------------------------
[2023-06-01T17:00:01.020+0000] {taskinstance.py:1303} INFO - Executing <Task(PythonOperator): refresh_token> on 2023-05-31 17:00:00+00:00
[2023-06-01T17:00:01.028+0000] {standard_task_runner.py:82} INFO - Running: ['***', 'tasks', 'run', 'ETL', 'refresh_token', 'scheduled__2023-05-31T17:00:00+00:00', '--job-id', '415', '--raw', '--subdir', 'DAGS_FOLDER/ETL_spotify_DAG.py', '--cfg-path', '/tmp/tmpn3dl9gwy']
[2023-06-01T17:00:01.030+0000] {standard_task_runner.py:83} INFO - Job 415: Subtask refresh_token
[2023-06-01T17:00:01.031+0000] {standard_task_runner.py:55} INFO - Started process 143869 to run task
[2023-06-01T17:00:01.107+0000] {task_command.py:388} INFO - Running <TaskInstance: ETL.refresh_token scheduled__2023-05-31T17:00:00+00:00 [running]> on host 05172cfd5782
[2023-06-01T17:00:01.206+0000] {taskinstance.py:1511} INFO - Exporting the following env vars:
AIRFLOW_CTX_DAG_OWNER=fox
AIRFLOW_CTX_DAG_ID=ETL
AIRFLOW_CTX_TASK_ID=refresh_token
AIRFLOW_CTX_EXECUTION_DATE=2023-05-31T17:00:00+00:00
AIRFLOW_CTX_TRY_NUMBER=1
AIRFLOW_CTX_DAG_RUN_ID=scheduled__2023-05-31T17:00:00+00:00
[2023-06-01T17:00:01.643+0000] {python.py:177} INFO - Done. Returned value was: BQBHptS3aTBOOfsJBlwF5lGH-yyuJVLG6_YKAhOX2rQN3WueV1O70MoqCRKDxdVZFLLMmSUT_pKkiEERxWiizxenKzKy08lITF-N-MXtMjcPg8yg8qYJzuZNIshFcCPqjWwUE4N74VxIOAxYVQMR0P_UFFbNKnmoNZvDPLZtmwCeRIAJeDNFS0IOwcMwgiq196ChEYNTW0OXfzc
[2023-06-01T17:00:01.672+0000] {taskinstance.py:1326} INFO - Marking task as SUCCESS. dag_id=ETL, task_id=refresh_token, execution_date=20230531T170000, start_date=20230601T170000, end_date=20230601T170001
[2023-06-01T17:00:01.728+0000] {local_task_job.py:212} INFO - Task exited with return code 0
[2023-06-01T17:00:01.768+0000] {taskinstance.py:2585} INFO - 1 downstream tasks scheduled from follow-on schedule check
