[2023-05-30T07:39:49.601+0000] {taskinstance.py:1084} INFO - Dependencies all met for dep_context=non-requeueable deps ti=<TaskInstance: ETL.ETL scheduled__2023-05-28T17:00:00+00:00 [queued]>
[2023-05-30T07:39:49.612+0000] {taskinstance.py:1084} INFO - Dependencies all met for dep_context=requeueable deps ti=<TaskInstance: ETL.ETL scheduled__2023-05-28T17:00:00+00:00 [queued]>
[2023-05-30T07:39:49.612+0000] {taskinstance.py:1282} INFO - 
--------------------------------------------------------------------------------
[2023-05-30T07:39:49.613+0000] {taskinstance.py:1283} INFO - Starting attempt 1 of 6
[2023-05-30T07:39:49.613+0000] {taskinstance.py:1284} INFO - 
--------------------------------------------------------------------------------
[2023-05-30T07:39:49.630+0000] {taskinstance.py:1303} INFO - Executing <Task(PythonOperator): ETL> on 2023-05-28 17:00:00+00:00
[2023-05-30T07:39:49.636+0000] {standard_task_runner.py:55} INFO - Started process 54918 to run task
[2023-05-30T07:39:49.641+0000] {standard_task_runner.py:82} INFO - Running: ['***', 'tasks', 'run', 'ETL', 'ETL', 'scheduled__2023-05-28T17:00:00+00:00', '--job-id', '399', '--raw', '--subdir', 'DAGS_FOLDER/ETL_spotify_DAG.py', '--cfg-path', '/tmp/tmp9vq68gn9']
[2023-05-30T07:39:49.643+0000] {standard_task_runner.py:83} INFO - Job 399: Subtask ETL
[2023-05-30T07:39:49.713+0000] {task_command.py:388} INFO - Running <TaskInstance: ETL.ETL scheduled__2023-05-28T17:00:00+00:00 [running]> on host 05172cfd5782
[2023-05-30T07:39:49.810+0000] {taskinstance.py:1511} INFO - Exporting the following env vars:
AIRFLOW_CTX_DAG_OWNER=fox
AIRFLOW_CTX_DAG_ID=ETL
AIRFLOW_CTX_TASK_ID=ETL
AIRFLOW_CTX_EXECUTION_DATE=2023-05-28T17:00:00+00:00
AIRFLOW_CTX_TRY_NUMBER=1
AIRFLOW_CTX_DAG_RUN_ID=scheduled__2023-05-28T17:00:00+00:00
[2023-05-30T07:39:50.346+0000] {python.py:177} INFO - Done. Returned value was: {'played_at': ['2023-05-29T16:55:20.186Z', '2023-05-29T16:51:32.945Z', '2023-05-29T16:47:10.087Z', '2023-05-29T16:42:06.777Z', '2023-05-29T16:38:53.176Z', '2023-05-29T16:35:15.418Z', '2023-05-29T16:31:32.519Z', '2023-05-29T16:27:23.602Z', '2023-05-29T16:23:36.650Z', '2023-05-29T16:20:40.825Z'], 'artist': ['Rammstein', 'Morandi', 'Usher', 'Three Days Grace', 'INNA', 'Rob Zombie', 'ENLEO', 'Airbourne', 'David Guetta', 'Metalocalypse: Dethklok'], 'name_track': ['Amerika', 'Midnight Train', 'More - RedOne Jimmy Joker Remix', 'Break', 'Hot', 'Dragula', 'інша любов', 'Too Much, Too Young, Too Fast', 'I*m Good (Blue)', 'Face Fisted'], 'timestamps': ['2023-05-29', '2023-05-29', '2023-05-29', '2023-05-29', '2023-05-29', '2023-05-29', '2023-05-29', '2023-05-29', '2023-05-29', '2023-05-29']}
[2023-05-30T07:39:50.392+0000] {taskinstance.py:1326} INFO - Marking task as SUCCESS. dag_id=ETL, task_id=ETL, execution_date=20230528T170000, start_date=20230530T073949, end_date=20230530T073950
[2023-05-30T07:39:50.413+0000] {local_task_job.py:212} INFO - Task exited with return code 0
[2023-05-30T07:39:50.452+0000] {taskinstance.py:2585} INFO - 1 downstream tasks scheduled from follow-on schedule check
