[2023-06-06T14:01:00.715+0000] {taskinstance.py:1084} INFO - Dependencies all met for dep_context=non-requeueable deps ti=<TaskInstance: weather.scraping_weather scheduled__2023-06-06T13:01:00+00:00 [queued]>
[2023-06-06T14:01:00.726+0000] {taskinstance.py:1084} INFO - Dependencies all met for dep_context=requeueable deps ti=<TaskInstance: weather.scraping_weather scheduled__2023-06-06T13:01:00+00:00 [queued]>
[2023-06-06T14:01:00.727+0000] {taskinstance.py:1282} INFO - 
--------------------------------------------------------------------------------
[2023-06-06T14:01:00.727+0000] {taskinstance.py:1283} INFO - Starting attempt 1 of 6
[2023-06-06T14:01:00.727+0000] {taskinstance.py:1284} INFO - 
--------------------------------------------------------------------------------
[2023-06-06T14:01:00.746+0000] {taskinstance.py:1303} INFO - Executing <Task(PythonOperator): scraping_weather> on 2023-06-06 13:01:00+00:00
[2023-06-06T14:01:00.751+0000] {standard_task_runner.py:55} INFO - Started process 15701 to run task
[2023-06-06T14:01:00.755+0000] {standard_task_runner.py:82} INFO - Running: ['***', 'tasks', 'run', 'weather', 'scraping_weather', 'scheduled__2023-06-06T13:01:00+00:00', '--job-id', '936', '--raw', '--subdir', 'DAGS_FOLDER/weather_DAG.py', '--cfg-path', '/tmp/tmpd7doqxuk']
[2023-06-06T14:01:00.758+0000] {standard_task_runner.py:83} INFO - Job 936: Subtask scraping_weather
[2023-06-06T14:01:00.826+0000] {task_command.py:388} INFO - Running <TaskInstance: weather.scraping_weather scheduled__2023-06-06T13:01:00+00:00 [running]> on host 05172cfd5782
[2023-06-06T14:01:00.912+0000] {taskinstance.py:1511} INFO - Exporting the following env vars:
AIRFLOW_CTX_DAG_OWNER=fox
AIRFLOW_CTX_DAG_ID=weather
AIRFLOW_CTX_TASK_ID=scraping_weather
AIRFLOW_CTX_EXECUTION_DATE=2023-06-06T13:01:00+00:00
AIRFLOW_CTX_TRY_NUMBER=1
AIRFLOW_CTX_DAG_RUN_ID=scheduled__2023-06-06T13:01:00+00:00
[2023-06-06T14:01:02.918+0000] {python.py:177} INFO - Done. Returned value was: {'time': '2023-06-06T16:01:01+02:00', 'current_temperature': '+19°', 'feels_like': '+20°C', 'sky': 'Overcast, light rain', 'chance_of_precipitation': '50', 'wind': '2', 'pressure': '739', 'uv_index': '5/12', 'humidity': '72', 'precipitation': '0.22', 'timestamps': '2023-06-06'}
[2023-06-06T14:01:02.945+0000] {taskinstance.py:1326} INFO - Marking task as SUCCESS. dag_id=weather, task_id=scraping_weather, execution_date=20230606T130100, start_date=20230606T140100, end_date=20230606T140102
[2023-06-06T14:01:02.999+0000] {local_task_job.py:212} INFO - Task exited with return code 0
[2023-06-06T14:01:03.038+0000] {taskinstance.py:2585} INFO - 1 downstream tasks scheduled from follow-on schedule check
