[2023-06-05T17:34:17.726+0000] {taskinstance.py:1084} INFO - Dependencies all met for dep_context=non-requeueable deps ti=<TaskInstance: weather.scraping_weather scheduled__2023-05-21T06:01:00+00:00 [queued]>
[2023-06-05T17:34:17.840+0000] {taskinstance.py:1084} INFO - Dependencies all met for dep_context=requeueable deps ti=<TaskInstance: weather.scraping_weather scheduled__2023-05-21T06:01:00+00:00 [queued]>
[2023-06-05T17:34:17.851+0000] {taskinstance.py:1282} INFO - 
--------------------------------------------------------------------------------
[2023-06-05T17:34:17.852+0000] {taskinstance.py:1283} INFO - Starting attempt 1 of 6
[2023-06-05T17:34:17.852+0000] {taskinstance.py:1284} INFO - 
--------------------------------------------------------------------------------
[2023-06-05T17:34:18.407+0000] {taskinstance.py:1303} INFO - Executing <Task(PythonOperator): scraping_weather> on 2023-05-21 06:01:00+00:00
[2023-06-05T17:34:18.428+0000] {standard_task_runner.py:55} INFO - Started process 11007 to run task
[2023-06-05T17:34:18.452+0000] {standard_task_runner.py:82} INFO - Running: ['***', 'tasks', 'run', 'weather', 'scraping_weather', 'scheduled__2023-05-21T06:01:00+00:00', '--job-id', '446', '--raw', '--subdir', 'DAGS_FOLDER/weather_DAG.py', '--cfg-path', '/tmp/tmpgqmfbztv']
[2023-06-05T17:34:18.471+0000] {standard_task_runner.py:83} INFO - Job 446: Subtask scraping_weather
[2023-06-05T17:34:18.922+0000] {task_command.py:388} INFO - Running <TaskInstance: weather.scraping_weather scheduled__2023-05-21T06:01:00+00:00 [running]> on host 05172cfd5782
[2023-06-05T17:34:19.631+0000] {taskinstance.py:1511} INFO - Exporting the following env vars:
AIRFLOW_CTX_DAG_OWNER=fox
AIRFLOW_CTX_DAG_ID=weather
AIRFLOW_CTX_TASK_ID=scraping_weather
AIRFLOW_CTX_EXECUTION_DATE=2023-05-21T06:01:00+00:00
AIRFLOW_CTX_TRY_NUMBER=1
AIRFLOW_CTX_DAG_RUN_ID=scheduled__2023-05-21T06:01:00+00:00
[2023-06-05T17:34:20.838+0000] {python.py:177} INFO - Done. Returned value was: ('2023-06-05T19:30:09+02:00', '+17°', '+19°C', 'Overcast, no precipitation', '40', '1', '741', '1/12', '69', '0.05')
[2023-06-05T17:34:20.934+0000] {taskinstance.py:1326} INFO - Marking task as SUCCESS. dag_id=weather, task_id=scraping_weather, execution_date=20230521T060100, start_date=20230605T173417, end_date=20230605T173420
[2023-06-05T17:34:21.166+0000] {local_task_job.py:212} INFO - Task exited with return code 0
[2023-06-05T17:34:21.503+0000] {taskinstance.py:2585} INFO - 1 downstream tasks scheduled from follow-on schedule check
