[2023-05-25T17:05:14.947+0000] {taskinstance.py:1084} INFO - Dependencies all met for dep_context=non-requeueable deps ti=<TaskInstance: ETL.transform_data manual__2023-05-24T17:09:20.161548+00:00 [queued]>
[2023-05-25T17:05:14.968+0000] {taskinstance.py:1084} INFO - Dependencies all met for dep_context=requeueable deps ti=<TaskInstance: ETL.transform_data manual__2023-05-24T17:09:20.161548+00:00 [queued]>
[2023-05-25T17:05:14.969+0000] {taskinstance.py:1282} INFO - 
--------------------------------------------------------------------------------
[2023-05-25T17:05:14.969+0000] {taskinstance.py:1283} INFO - Starting attempt 6 of 11
[2023-05-25T17:05:14.969+0000] {taskinstance.py:1284} INFO - 
--------------------------------------------------------------------------------
[2023-05-25T17:05:15.012+0000] {taskinstance.py:1303} INFO - Executing <Task(PythonOperator): transform_data> on 2023-05-24 17:09:20.161548+00:00
[2023-05-25T17:05:15.022+0000] {standard_task_runner.py:55} INFO - Started process 3085 to run task
[2023-05-25T17:05:15.025+0000] {standard_task_runner.py:82} INFO - Running: ['***', 'tasks', 'run', 'ETL', 'transform_data', 'manual__2023-05-24T17:09:20.161548+00:00', '--job-id', '226', '--raw', '--subdir', 'DAGS_FOLDER/refresh_token_DAG.py', '--cfg-path', '/tmp/tmpat6yg4rf']
[2023-05-25T17:05:15.032+0000] {standard_task_runner.py:83} INFO - Job 226: Subtask transform_data
[2023-05-25T17:05:15.381+0000] {task_command.py:388} INFO - Running <TaskInstance: ETL.transform_data manual__2023-05-24T17:09:20.161548+00:00 [running]> on host 2fa3ade57007
[2023-05-25T17:05:15.581+0000] {taskinstance.py:1511} INFO - Exporting the following env vars:
AIRFLOW_CTX_DAG_OWNER=fox
AIRFLOW_CTX_DAG_ID=ETL
AIRFLOW_CTX_TASK_ID=transform_data
AIRFLOW_CTX_EXECUTION_DATE=2023-05-24T17:09:20.161548+00:00
AIRFLOW_CTX_TRY_NUMBER=6
AIRFLOW_CTX_DAG_RUN_ID=manual__2023-05-24T17:09:20.161548+00:00
[2023-05-25T17:05:15.617+0000] {python.py:177} INFO - Done. Returned value was: ['2023-05-24T09:27:03.506Z', '2023-05-24T09:13:18.726Z', '2023-05-24T09:02:43.570Z', '2023-05-24T08:57:23.618Z', '2023-05-24T08:51:46.910Z', '2023-05-24T08:45:04.757Z', '2023-05-24T08:40:18.392Z', '2023-05-24T08:36:58.155Z', '2023-05-24T08:33:03.048Z', '2023-05-24T08:29:23.431Z']
[2023-05-25T17:05:15.654+0000] {taskinstance.py:1326} INFO - Marking task as SUCCESS. dag_id=ETL, task_id=transform_data, execution_date=20230524T170920, start_date=20230525T170514, end_date=20230525T170515
[2023-05-25T17:05:15.688+0000] {local_task_job.py:212} INFO - Task exited with return code 0
[2023-05-25T17:05:15.727+0000] {taskinstance.py:2585} INFO - 1 downstream tasks scheduled from follow-on schedule check
