[2023-05-25T16:58:15.684+0000] {taskinstance.py:1084} INFO - Dependencies all met for dep_context=non-requeueable deps ti=<TaskInstance: ETL.transform_data manual__2023-05-24T17:09:20.161548+00:00 [queued]>
[2023-05-25T16:58:15.707+0000] {taskinstance.py:1084} INFO - Dependencies all met for dep_context=requeueable deps ti=<TaskInstance: ETL.transform_data manual__2023-05-24T17:09:20.161548+00:00 [queued]>
[2023-05-25T16:58:15.707+0000] {taskinstance.py:1282} INFO - 
--------------------------------------------------------------------------------
[2023-05-25T16:58:15.707+0000] {taskinstance.py:1283} INFO - Starting attempt 4 of 9
[2023-05-25T16:58:15.707+0000] {taskinstance.py:1284} INFO - 
--------------------------------------------------------------------------------
[2023-05-25T16:58:15.739+0000] {taskinstance.py:1303} INFO - Executing <Task(PythonOperator): transform_data> on 2023-05-24 17:09:20.161548+00:00
[2023-05-25T16:58:15.746+0000] {standard_task_runner.py:55} INFO - Started process 2873 to run task
[2023-05-25T16:58:15.749+0000] {standard_task_runner.py:82} INFO - Running: ['***', 'tasks', 'run', 'ETL', 'transform_data', 'manual__2023-05-24T17:09:20.161548+00:00', '--job-id', '219', '--raw', '--subdir', 'DAGS_FOLDER/refresh_token_DAG.py', '--cfg-path', '/tmp/tmpmcvj0v10']
[2023-05-25T16:58:15.755+0000] {standard_task_runner.py:83} INFO - Job 219: Subtask transform_data
[2023-05-25T16:58:16.088+0000] {task_command.py:388} INFO - Running <TaskInstance: ETL.transform_data manual__2023-05-24T17:09:20.161548+00:00 [running]> on host 2fa3ade57007
[2023-05-25T16:58:16.223+0000] {taskinstance.py:1511} INFO - Exporting the following env vars:
AIRFLOW_CTX_DAG_OWNER=fox
AIRFLOW_CTX_DAG_ID=ETL
AIRFLOW_CTX_TASK_ID=transform_data
AIRFLOW_CTX_EXECUTION_DATE=2023-05-24T17:09:20.161548+00:00
AIRFLOW_CTX_TRY_NUMBER=4
AIRFLOW_CTX_DAG_RUN_ID=manual__2023-05-24T17:09:20.161548+00:00
[2023-05-25T16:58:16.239+0000] {python.py:177} INFO - Done. Returned value was: None
[2023-05-25T16:58:16.255+0000] {taskinstance.py:1326} INFO - Marking task as SUCCESS. dag_id=ETL, task_id=transform_data, execution_date=20230524T170920, start_date=20230525T165815, end_date=20230525T165816
[2023-05-25T16:58:16.300+0000] {local_task_job.py:212} INFO - Task exited with return code 0
[2023-05-25T16:58:16.334+0000] {taskinstance.py:2585} INFO - 1 downstream tasks scheduled from follow-on schedule check
