[2023-05-22T16:34:41.044+0000] {taskinstance.py:1084} INFO - Dependencies all met for dep_context=non-requeueable deps ti=<TaskInstance: refresh_token.fresh manual__2023-05-22T16:25:59.474935+00:00 [queued]>
[2023-05-22T16:34:41.061+0000] {taskinstance.py:1084} INFO - Dependencies all met for dep_context=requeueable deps ti=<TaskInstance: refresh_token.fresh manual__2023-05-22T16:25:59.474935+00:00 [queued]>
[2023-05-22T16:34:41.061+0000] {taskinstance.py:1282} INFO - 
--------------------------------------------------------------------------------
[2023-05-22T16:34:41.062+0000] {taskinstance.py:1283} INFO - Starting attempt 6 of 10
[2023-05-22T16:34:41.062+0000] {taskinstance.py:1284} INFO - 
--------------------------------------------------------------------------------
[2023-05-22T16:34:41.088+0000] {taskinstance.py:1303} INFO - Executing <Task(PythonOperator): fresh> on 2023-05-22 16:25:59.474935+00:00
[2023-05-22T16:34:41.097+0000] {standard_task_runner.py:55} INFO - Started process 1408 to run task
[2023-05-22T16:34:41.107+0000] {standard_task_runner.py:82} INFO - Running: ['***', 'tasks', 'run', 'refresh_token', 'fresh', 'manual__2023-05-22T16:25:59.474935+00:00', '--job-id', '15', '--raw', '--subdir', 'DAGS_FOLDER/refresh_token_DAG.py', '--cfg-path', '/tmp/tmp_n9_8unv']
[2023-05-22T16:34:41.109+0000] {standard_task_runner.py:83} INFO - Job 15: Subtask fresh
[2023-05-22T16:34:41.226+0000] {task_command.py:388} INFO - Running <TaskInstance: refresh_token.fresh manual__2023-05-22T16:25:59.474935+00:00 [running]> on host 3dac4c67abd7
[2023-05-22T16:34:41.337+0000] {taskinstance.py:1511} INFO - Exporting the following env vars:
AIRFLOW_CTX_DAG_OWNER=fox
AIRFLOW_CTX_DAG_ID=refresh_token
AIRFLOW_CTX_TASK_ID=fresh
AIRFLOW_CTX_EXECUTION_DATE=2023-05-22T16:25:59.474935+00:00
AIRFLOW_CTX_TRY_NUMBER=6
AIRFLOW_CTX_DAG_RUN_ID=manual__2023-05-22T16:25:59.474935+00:00
[2023-05-22T16:34:41.339+0000] {taskinstance.py:1775} ERROR - Task failed with exception
Traceback (most recent call last):
  File "/home/airflow/.local/lib/python3.7/site-packages/airflow/operators/python.py", line 175, in execute
    return_value = self.execute_callable()
  File "/home/airflow/.local/lib/python3.7/site-packages/airflow/operators/python.py", line 192, in execute_callable
    return self.python_callable(*self.op_args, **self.op_kwargs)
TypeError: refresh() missing 1 required positional argument: 'self'
[2023-05-22T16:34:41.350+0000] {taskinstance.py:1326} INFO - Marking task as UP_FOR_RETRY. dag_id=refresh_token, task_id=fresh, execution_date=20230522T162559, start_date=20230522T163441, end_date=20230522T163441
[2023-05-22T16:34:41.369+0000] {standard_task_runner.py:105} ERROR - Failed to execute job 15 for task fresh (refresh() missing 1 required positional argument: 'self'; 1408)
[2023-05-22T16:34:41.399+0000] {local_task_job.py:212} INFO - Task exited with return code 1
[2023-05-22T16:34:41.424+0000] {taskinstance.py:2585} INFO - 0 downstream tasks scheduled from follow-on schedule check
