[2023-05-22T16:48:10.381+0000] {taskinstance.py:1084} INFO - Dependencies all met for dep_context=non-requeueable deps ti=<TaskInstance: refresh_token.fresh manual__2023-05-22T16:25:59.474935+00:00 [queued]>
[2023-05-22T16:48:10.414+0000] {taskinstance.py:1084} INFO - Dependencies all met for dep_context=requeueable deps ti=<TaskInstance: refresh_token.fresh manual__2023-05-22T16:25:59.474935+00:00 [queued]>
[2023-05-22T16:48:10.414+0000] {taskinstance.py:1282} INFO - 
--------------------------------------------------------------------------------
[2023-05-22T16:48:10.414+0000] {taskinstance.py:1283} INFO - Starting attempt 12 of 16
[2023-05-22T16:48:10.415+0000] {taskinstance.py:1284} INFO - 
--------------------------------------------------------------------------------
[2023-05-22T16:48:10.443+0000] {taskinstance.py:1303} INFO - Executing <Task(PythonOperator): fresh> on 2023-05-22 16:25:59.474935+00:00
[2023-05-22T16:48:10.449+0000] {standard_task_runner.py:55} INFO - Started process 1750 to run task
[2023-05-22T16:48:10.452+0000] {standard_task_runner.py:82} INFO - Running: ['***', 'tasks', 'run', 'refresh_token', 'fresh', 'manual__2023-05-22T16:25:59.474935+00:00', '--job-id', '22', '--raw', '--subdir', 'DAGS_FOLDER/refresh_token_DAG.py', '--cfg-path', '/tmp/tmp44f32_ug']
[2023-05-22T16:48:10.454+0000] {standard_task_runner.py:83} INFO - Job 22: Subtask fresh
[2023-05-22T16:48:10.533+0000] {task_command.py:388} INFO - Running <TaskInstance: refresh_token.fresh manual__2023-05-22T16:25:59.474935+00:00 [running]> on host 3dac4c67abd7
[2023-05-22T16:48:10.641+0000] {taskinstance.py:1511} INFO - Exporting the following env vars:
AIRFLOW_CTX_DAG_OWNER=fox
AIRFLOW_CTX_DAG_ID=refresh_token
AIRFLOW_CTX_TASK_ID=fresh
AIRFLOW_CTX_EXECUTION_DATE=2023-05-22T16:25:59.474935+00:00
AIRFLOW_CTX_TRY_NUMBER=12
AIRFLOW_CTX_DAG_RUN_ID=manual__2023-05-22T16:25:59.474935+00:00
[2023-05-22T16:48:10.641+0000] {taskinstance.py:1775} ERROR - Task failed with exception
Traceback (most recent call last):
  File "/home/airflow/.local/lib/python3.7/site-packages/airflow/operators/python.py", line 175, in execute
    return_value = self.execute_callable()
  File "/home/airflow/.local/lib/python3.7/site-packages/airflow/operators/python.py", line 192, in execute_callable
    return self.python_callable(*self.op_args, **self.op_kwargs)
TypeError: refresh() missing 1 required positional argument: 'self'
[2023-05-22T16:48:10.652+0000] {taskinstance.py:1326} INFO - Marking task as UP_FOR_RETRY. dag_id=refresh_token, task_id=fresh, execution_date=20230522T162559, start_date=20230522T164810, end_date=20230522T164810
[2023-05-22T16:48:10.669+0000] {standard_task_runner.py:105} ERROR - Failed to execute job 22 for task fresh (refresh() missing 1 required positional argument: 'self'; 1750)
[2023-05-22T16:48:10.706+0000] {local_task_job.py:212} INFO - Task exited with return code 1
[2023-05-22T16:48:10.731+0000] {taskinstance.py:2585} INFO - 0 downstream tasks scheduled from follow-on schedule check
