[2023-05-23T16:23:51.647+0000] {taskinstance.py:1084} INFO - Dependencies all met for dep_context=non-requeueable deps ti=<TaskInstance: refresh_token.fresh manual__2023-05-22T16:25:59.474935+00:00 [queued]>
[2023-05-23T16:23:51.664+0000] {taskinstance.py:1084} INFO - Dependencies all met for dep_context=requeueable deps ti=<TaskInstance: refresh_token.fresh manual__2023-05-22T16:25:59.474935+00:00 [queued]>
[2023-05-23T16:23:51.665+0000] {taskinstance.py:1282} INFO - 
--------------------------------------------------------------------------------
[2023-05-23T16:23:51.665+0000] {taskinstance.py:1283} INFO - Starting attempt 20 of 23
[2023-05-23T16:23:51.665+0000] {taskinstance.py:1284} INFO - 
--------------------------------------------------------------------------------
[2023-05-23T16:23:51.689+0000] {taskinstance.py:1303} INFO - Executing <Task(PythonOperator): fresh> on 2023-05-22 16:25:59.474935+00:00
[2023-05-23T16:23:51.694+0000] {standard_task_runner.py:55} INFO - Started process 1181 to run task
[2023-05-23T16:23:51.698+0000] {standard_task_runner.py:82} INFO - Running: ['***', 'tasks', 'run', 'refresh_token', 'fresh', 'manual__2023-05-22T16:25:59.474935+00:00', '--job-id', '42', '--raw', '--subdir', 'DAGS_FOLDER/refresh_token_DAG.py', '--cfg-path', '/tmp/tmp4y0ycill']
[2023-05-23T16:23:51.699+0000] {standard_task_runner.py:83} INFO - Job 42: Subtask fresh
[2023-05-23T16:23:51.799+0000] {task_command.py:388} INFO - Running <TaskInstance: refresh_token.fresh manual__2023-05-22T16:25:59.474935+00:00 [running]> on host 2a789c3fa429
[2023-05-23T16:23:51.924+0000] {taskinstance.py:1511} INFO - Exporting the following env vars:
AIRFLOW_CTX_DAG_OWNER=fox
AIRFLOW_CTX_DAG_ID=refresh_token
AIRFLOW_CTX_TASK_ID=fresh
AIRFLOW_CTX_EXECUTION_DATE=2023-05-22T16:25:59.474935+00:00
AIRFLOW_CTX_TRY_NUMBER=20
AIRFLOW_CTX_DAG_RUN_ID=manual__2023-05-22T16:25:59.474935+00:00
[2023-05-23T16:23:52.105+0000] {python.py:177} INFO - Done. Returned value was: BQDwdyVGx3NiVZkydguT6iLidupazWmwvyfd8jSqYaNkQiYa_wa3637VqfnrySHhnKCSUS93RbgbgeexQ8xnw-rv4zUfE-QGZgvYQmOr2NoEEiNCRh0ylQfWiGk9-6fqDHyRt2m49lRizNSJLX6fT1f3u46acnHNDueEHpPC5yPdnFSYcTuDhFQtDQImqoou7g_jGFhFR7Ce3jg
[2023-05-23T16:23:52.155+0000] {taskinstance.py:1326} INFO - Marking task as SUCCESS. dag_id=refresh_token, task_id=fresh, execution_date=20230522T162559, start_date=20230523T162351, end_date=20230523T162352
[2023-05-23T16:23:52.190+0000] {local_task_job.py:212} INFO - Task exited with return code 0
[2023-05-23T16:23:52.223+0000] {taskinstance.py:2585} INFO - 0 downstream tasks scheduled from follow-on schedule check
