[2023-05-31T17:00:00.798+0000] {taskinstance.py:1084} INFO - Dependencies all met for dep_context=non-requeueable deps ti=<TaskInstance: ETL.refresh_token scheduled__2023-05-30T17:00:00+00:00 [queued]>
[2023-05-31T17:00:00.811+0000] {taskinstance.py:1084} INFO - Dependencies all met for dep_context=requeueable deps ti=<TaskInstance: ETL.refresh_token scheduled__2023-05-30T17:00:00+00:00 [queued]>
[2023-05-31T17:00:00.811+0000] {taskinstance.py:1282} INFO - 
--------------------------------------------------------------------------------
[2023-05-31T17:00:00.812+0000] {taskinstance.py:1283} INFO - Starting attempt 1 of 6
[2023-05-31T17:00:00.812+0000] {taskinstance.py:1284} INFO - 
--------------------------------------------------------------------------------
[2023-05-31T17:00:00.829+0000] {taskinstance.py:1303} INFO - Executing <Task(PythonOperator): refresh_token> on 2023-05-30 17:00:00+00:00
[2023-05-31T17:00:00.834+0000] {standard_task_runner.py:55} INFO - Started process 99661 to run task
[2023-05-31T17:00:00.836+0000] {standard_task_runner.py:82} INFO - Running: ['***', 'tasks', 'run', 'ETL', 'refresh_token', 'scheduled__2023-05-30T17:00:00+00:00', '--job-id', '409', '--raw', '--subdir', 'DAGS_FOLDER/ETL_spotify_DAG.py', '--cfg-path', '/tmp/tmpsk1qo_cq']
[2023-05-31T17:00:00.838+0000] {standard_task_runner.py:83} INFO - Job 409: Subtask refresh_token
[2023-05-31T17:00:00.909+0000] {task_command.py:388} INFO - Running <TaskInstance: ETL.refresh_token scheduled__2023-05-30T17:00:00+00:00 [running]> on host 05172cfd5782
[2023-05-31T17:00:01.010+0000] {taskinstance.py:1511} INFO - Exporting the following env vars:
AIRFLOW_CTX_DAG_OWNER=fox
AIRFLOW_CTX_DAG_ID=ETL
AIRFLOW_CTX_TASK_ID=refresh_token
AIRFLOW_CTX_EXECUTION_DATE=2023-05-30T17:00:00+00:00
AIRFLOW_CTX_TRY_NUMBER=1
AIRFLOW_CTX_DAG_RUN_ID=scheduled__2023-05-30T17:00:00+00:00
[2023-05-31T17:00:01.758+0000] {python.py:177} INFO - Done. Returned value was: BQD6M7jHwegYonovIc3UNYUzCvvv-vlifzxr0ERK9HxoFRwT1afH4VSk2rYLQkxBviGpcMGwE0-RhU26SR_W3Z7xRw5i8n7mbTRjV5niz4NIVqDXzuTSK34VEsbboYrjX3OSgRUweZAuRKKTSU2UqeDiJLbPw8jQgObdk1nXQEsG8fRp-f1JqHcXcTiw0zqJKsf-6X5E909XbTU
[2023-05-31T17:00:01.786+0000] {taskinstance.py:1326} INFO - Marking task as SUCCESS. dag_id=ETL, task_id=refresh_token, execution_date=20230530T170000, start_date=20230531T170000, end_date=20230531T170001
[2023-05-31T17:00:01.810+0000] {local_task_job.py:212} INFO - Task exited with return code 0
[2023-05-31T17:00:01.850+0000] {taskinstance.py:2585} INFO - 1 downstream tasks scheduled from follow-on schedule check
