[2023-05-26T16:15:30.147+0000] {taskinstance.py:1084} INFO - Dependencies all met for dep_context=non-requeueable deps ti=<TaskInstance: ETL.fresh scheduled__2023-05-25T00:00:00+00:00 [queued]>
[2023-05-26T16:15:30.161+0000] {taskinstance.py:1084} INFO - Dependencies all met for dep_context=requeueable deps ti=<TaskInstance: ETL.fresh scheduled__2023-05-25T00:00:00+00:00 [queued]>
[2023-05-26T16:15:30.161+0000] {taskinstance.py:1282} INFO - 
--------------------------------------------------------------------------------
[2023-05-26T16:15:30.161+0000] {taskinstance.py:1283} INFO - Starting attempt 5 of 10
[2023-05-26T16:15:30.161+0000] {taskinstance.py:1284} INFO - 
--------------------------------------------------------------------------------
[2023-05-26T16:15:30.189+0000] {taskinstance.py:1303} INFO - Executing <Task(PythonOperator): fresh> on 2023-05-25 00:00:00+00:00
[2023-05-26T16:15:30.196+0000] {standard_task_runner.py:55} INFO - Started process 1891 to run task
[2023-05-26T16:15:30.198+0000] {standard_task_runner.py:82} INFO - Running: ['***', 'tasks', 'run', 'ETL', 'fresh', 'scheduled__2023-05-25T00:00:00+00:00', '--job-id', '305', '--raw', '--subdir', 'DAGS_FOLDER/refresh_token_DAG.py', '--cfg-path', '/tmp/tmpipva9qn8']
[2023-05-26T16:15:30.201+0000] {standard_task_runner.py:83} INFO - Job 305: Subtask fresh
[2023-05-26T16:15:30.314+0000] {task_command.py:388} INFO - Running <TaskInstance: ETL.fresh scheduled__2023-05-25T00:00:00+00:00 [running]> on host 05172cfd5782
[2023-05-26T16:15:30.451+0000] {taskinstance.py:1511} INFO - Exporting the following env vars:
AIRFLOW_CTX_DAG_OWNER=fox
AIRFLOW_CTX_DAG_ID=ETL
AIRFLOW_CTX_TASK_ID=fresh
AIRFLOW_CTX_EXECUTION_DATE=2023-05-25T00:00:00+00:00
AIRFLOW_CTX_TRY_NUMBER=5
AIRFLOW_CTX_DAG_RUN_ID=scheduled__2023-05-25T00:00:00+00:00
[2023-05-26T16:15:30.729+0000] {python.py:177} INFO - Done. Returned value was: BQBl3w131cxByMm2o54wt8ZjZJli8EDccy5Ev4h75tRQciaE13B1JIXTegQregPaMZeB73TjwztvrgZMAuGcYine6YrPGyv-DtDFvxNR-fOtXV81PBnO688uAFZmTpJkvg8f67dHD5c_XKfgEzR6Vt3jT46JHm46VD79zoKgrW5NpgwYD7Z5rZrXkiJ8R0DjrVrfvcWnO6Mau0s
[2023-05-26T16:15:30.770+0000] {taskinstance.py:1326} INFO - Marking task as SUCCESS. dag_id=ETL, task_id=fresh, execution_date=20230525T000000, start_date=20230526T161530, end_date=20230526T161530
[2023-05-26T16:15:30.817+0000] {local_task_job.py:212} INFO - Task exited with return code 0
[2023-05-26T16:15:30.867+0000] {taskinstance.py:2585} INFO - 1 downstream tasks scheduled from follow-on schedule check
