[2023-05-26T16:17:19.782+0000] {taskinstance.py:1084} INFO - Dependencies all met for dep_context=non-requeueable deps ti=<TaskInstance: ETL.fresh scheduled__2023-05-25T00:00:00+00:00 [queued]>
[2023-05-26T16:17:19.804+0000] {taskinstance.py:1084} INFO - Dependencies all met for dep_context=requeueable deps ti=<TaskInstance: ETL.fresh scheduled__2023-05-25T00:00:00+00:00 [queued]>
[2023-05-26T16:17:19.804+0000] {taskinstance.py:1282} INFO - 
--------------------------------------------------------------------------------
[2023-05-26T16:17:19.804+0000] {taskinstance.py:1283} INFO - Starting attempt 6 of 11
[2023-05-26T16:17:19.804+0000] {taskinstance.py:1284} INFO - 
--------------------------------------------------------------------------------
[2023-05-26T16:17:19.836+0000] {taskinstance.py:1303} INFO - Executing <Task(PythonOperator): fresh> on 2023-05-25 00:00:00+00:00
[2023-05-26T16:17:19.844+0000] {standard_task_runner.py:55} INFO - Started process 1942 to run task
[2023-05-26T16:17:19.847+0000] {standard_task_runner.py:82} INFO - Running: ['***', 'tasks', 'run', 'ETL', 'fresh', 'scheduled__2023-05-25T00:00:00+00:00', '--job-id', '309', '--raw', '--subdir', 'DAGS_FOLDER/refresh_token_DAG.py', '--cfg-path', '/tmp/tmp6wmcbmg6']
[2023-05-26T16:17:19.857+0000] {standard_task_runner.py:83} INFO - Job 309: Subtask fresh
[2023-05-26T16:17:20.001+0000] {task_command.py:388} INFO - Running <TaskInstance: ETL.fresh scheduled__2023-05-25T00:00:00+00:00 [running]> on host 05172cfd5782
[2023-05-26T16:17:20.159+0000] {taskinstance.py:1511} INFO - Exporting the following env vars:
AIRFLOW_CTX_DAG_OWNER=fox
AIRFLOW_CTX_DAG_ID=ETL
AIRFLOW_CTX_TASK_ID=fresh
AIRFLOW_CTX_EXECUTION_DATE=2023-05-25T00:00:00+00:00
AIRFLOW_CTX_TRY_NUMBER=6
AIRFLOW_CTX_DAG_RUN_ID=scheduled__2023-05-25T00:00:00+00:00
[2023-05-26T16:17:20.491+0000] {python.py:177} INFO - Done. Returned value was: BQBjVESbL9rI46_YP-mxcFzyorBJWMnC32vqN14M83AZ5CY9-DSLsZIyCqETjvLEKOmCUlS4n5ciGD8lgYXHpCHTkXQG9jVqpwIdXhKMFmcMoppDyWjBMaPnVSIFEnfq-jN1ZpSty19pCVAVI_vvb7nDyfNIvZRdiWpCMD1SfsuOs5Jgb9BGu8f6OqddMaNJgl9ulPbTYMTFGpU
[2023-05-26T16:17:20.535+0000] {taskinstance.py:1326} INFO - Marking task as SUCCESS. dag_id=ETL, task_id=fresh, execution_date=20230525T000000, start_date=20230526T161719, end_date=20230526T161720
[2023-05-26T16:17:20.601+0000] {local_task_job.py:212} INFO - Task exited with return code 0
[2023-05-26T16:17:20.650+0000] {taskinstance.py:2585} INFO - 1 downstream tasks scheduled from follow-on schedule check
