[2023-05-26T15:44:38.911+0000] {taskinstance.py:1084} INFO - Dependencies all met for dep_context=non-requeueable deps ti=<TaskInstance: ETL.fresh scheduled__2023-05-25T00:00:00+00:00 [queued]>
[2023-05-26T15:44:38.941+0000] {taskinstance.py:1084} INFO - Dependencies all met for dep_context=requeueable deps ti=<TaskInstance: ETL.fresh scheduled__2023-05-25T00:00:00+00:00 [queued]>
[2023-05-26T15:44:38.941+0000] {taskinstance.py:1282} INFO - 
--------------------------------------------------------------------------------
[2023-05-26T15:44:38.942+0000] {taskinstance.py:1283} INFO - Starting attempt 4 of 9
[2023-05-26T15:44:38.942+0000] {taskinstance.py:1284} INFO - 
--------------------------------------------------------------------------------
[2023-05-26T15:44:38.981+0000] {taskinstance.py:1303} INFO - Executing <Task(PythonOperator): fresh> on 2023-05-25 00:00:00+00:00
[2023-05-26T15:44:38.991+0000] {standard_task_runner.py:55} INFO - Started process 999 to run task
[2023-05-26T15:44:38.994+0000] {standard_task_runner.py:82} INFO - Running: ['***', 'tasks', 'run', 'ETL', 'fresh', 'scheduled__2023-05-25T00:00:00+00:00', '--job-id', '285', '--raw', '--subdir', 'DAGS_FOLDER/refresh_token_DAG.py', '--cfg-path', '/tmp/tmp8n161m0s']
[2023-05-26T15:44:38.999+0000] {standard_task_runner.py:83} INFO - Job 285: Subtask fresh
[2023-05-26T15:44:39.096+0000] {task_command.py:388} INFO - Running <TaskInstance: ETL.fresh scheduled__2023-05-25T00:00:00+00:00 [running]> on host 05172cfd5782
[2023-05-26T15:44:39.212+0000] {taskinstance.py:1511} INFO - Exporting the following env vars:
AIRFLOW_CTX_DAG_OWNER=fox
AIRFLOW_CTX_DAG_ID=ETL
AIRFLOW_CTX_TASK_ID=fresh
AIRFLOW_CTX_EXECUTION_DATE=2023-05-25T00:00:00+00:00
AIRFLOW_CTX_TRY_NUMBER=4
AIRFLOW_CTX_DAG_RUN_ID=scheduled__2023-05-25T00:00:00+00:00
[2023-05-26T15:44:39.797+0000] {python.py:177} INFO - Done. Returned value was: BQCNC7s5kVLv0lzKSQEhMKyqIsy3TkZ64Q5kzEM4Etzt25VzN-F1n3DwfRjEMhH6IXptF1xe7oYQCU7Oc9KiBVmqaViTwS6a2TUMvYOa3udHsP8aJWc78F0mbBpCvVoQC1k1Zs10Pos90_TZicNHJPM0iShBgUNH_7aI6B5sD3X6Lc0AAgLPnI6hKOOMbuaTi72H2FBsY1BjF6Q
[2023-05-26T15:44:39.837+0000] {taskinstance.py:1326} INFO - Marking task as SUCCESS. dag_id=ETL, task_id=fresh, execution_date=20230525T000000, start_date=20230526T154438, end_date=20230526T154439
[2023-05-26T15:44:39.895+0000] {local_task_job.py:212} INFO - Task exited with return code 0
[2023-05-26T15:44:39.958+0000] {taskinstance.py:2585} INFO - 1 downstream tasks scheduled from follow-on schedule check
