[2023-05-26T16:55:34.184+0000] {taskinstance.py:1084} INFO - Dependencies all met for dep_context=non-requeueable deps ti=<TaskInstance: ETL.fresh scheduled__2023-05-25T00:00:00+00:00 [queued]>
[2023-05-26T16:55:34.205+0000] {taskinstance.py:1084} INFO - Dependencies all met for dep_context=requeueable deps ti=<TaskInstance: ETL.fresh scheduled__2023-05-25T00:00:00+00:00 [queued]>
[2023-05-26T16:55:34.206+0000] {taskinstance.py:1282} INFO - 
--------------------------------------------------------------------------------
[2023-05-26T16:55:34.206+0000] {taskinstance.py:1283} INFO - Starting attempt 15 of 20
[2023-05-26T16:55:34.206+0000] {taskinstance.py:1284} INFO - 
--------------------------------------------------------------------------------
[2023-05-26T16:55:34.231+0000] {taskinstance.py:1303} INFO - Executing <Task(PythonOperator): fresh> on 2023-05-25 00:00:00+00:00
[2023-05-26T16:55:34.237+0000] {standard_task_runner.py:55} INFO - Started process 3079 to run task
[2023-05-26T16:55:34.241+0000] {standard_task_runner.py:82} INFO - Running: ['***', 'tasks', 'run', 'ETL', 'fresh', 'scheduled__2023-05-25T00:00:00+00:00', '--job-id', '358', '--raw', '--subdir', 'DAGS_FOLDER/refresh_token_DAG.py', '--cfg-path', '/tmp/tmpmyu_6huq']
[2023-05-26T16:55:34.243+0000] {standard_task_runner.py:83} INFO - Job 358: Subtask fresh
[2023-05-26T16:55:34.347+0000] {task_command.py:388} INFO - Running <TaskInstance: ETL.fresh scheduled__2023-05-25T00:00:00+00:00 [running]> on host 05172cfd5782
[2023-05-26T16:55:34.484+0000] {taskinstance.py:1511} INFO - Exporting the following env vars:
AIRFLOW_CTX_DAG_OWNER=fox
AIRFLOW_CTX_DAG_ID=ETL
AIRFLOW_CTX_TASK_ID=fresh
AIRFLOW_CTX_EXECUTION_DATE=2023-05-25T00:00:00+00:00
AIRFLOW_CTX_TRY_NUMBER=15
AIRFLOW_CTX_DAG_RUN_ID=scheduled__2023-05-25T00:00:00+00:00
[2023-05-26T16:55:34.921+0000] {python.py:177} INFO - Done. Returned value was: BQAxfWz9d8Pcg9Wko_GpqC_4RX9ZoZLc8mzEcKOMNhcqRudrHPX4SWhn1lPFuS0fIzwESMvzqKXN34kMF3purP9qYgIRgkqJQ9CE5tyDc4HXn4jnY8NgXaVHD9O8kCrY7tUJe9qkzBNaDe4dXbbG1YYqeBZIDDHWsetSAe9jrpxHyO84pkAEo6STlVyJeRP0fmUAY-5rucyupZw
[2023-05-26T16:55:34.957+0000] {taskinstance.py:1326} INFO - Marking task as SUCCESS. dag_id=ETL, task_id=fresh, execution_date=20230525T000000, start_date=20230526T165534, end_date=20230526T165534
[2023-05-26T16:55:35.019+0000] {local_task_job.py:212} INFO - Task exited with return code 0
[2023-05-26T16:55:35.066+0000] {taskinstance.py:2585} INFO - 1 downstream tasks scheduled from follow-on schedule check
