[2023-05-26T17:03:33.171+0000] {taskinstance.py:1084} INFO - Dependencies all met for dep_context=non-requeueable deps ti=<TaskInstance: ETL.fresh scheduled__2023-05-25T00:00:00+00:00 [queued]>
[2023-05-26T17:03:33.199+0000] {taskinstance.py:1084} INFO - Dependencies all met for dep_context=requeueable deps ti=<TaskInstance: ETL.fresh scheduled__2023-05-25T00:00:00+00:00 [queued]>
[2023-05-26T17:03:33.199+0000] {taskinstance.py:1282} INFO - 
--------------------------------------------------------------------------------
[2023-05-26T17:03:33.200+0000] {taskinstance.py:1283} INFO - Starting attempt 16 of 21
[2023-05-26T17:03:33.200+0000] {taskinstance.py:1284} INFO - 
--------------------------------------------------------------------------------
[2023-05-26T17:03:33.227+0000] {taskinstance.py:1303} INFO - Executing <Task(PythonOperator): fresh> on 2023-05-25 00:00:00+00:00
[2023-05-26T17:03:33.245+0000] {standard_task_runner.py:55} INFO - Started process 3298 to run task
[2023-05-26T17:03:33.247+0000] {standard_task_runner.py:82} INFO - Running: ['***', 'tasks', 'run', 'ETL', 'fresh', 'scheduled__2023-05-25T00:00:00+00:00', '--job-id', '364', '--raw', '--subdir', 'DAGS_FOLDER/refresh_token_DAG.py', '--cfg-path', '/tmp/tmp5ybyg5j7']
[2023-05-26T17:03:33.251+0000] {standard_task_runner.py:83} INFO - Job 364: Subtask fresh
[2023-05-26T17:03:33.348+0000] {task_command.py:388} INFO - Running <TaskInstance: ETL.fresh scheduled__2023-05-25T00:00:00+00:00 [running]> on host 05172cfd5782
[2023-05-26T17:03:33.462+0000] {taskinstance.py:1511} INFO - Exporting the following env vars:
AIRFLOW_CTX_DAG_OWNER=fox
AIRFLOW_CTX_DAG_ID=ETL
AIRFLOW_CTX_TASK_ID=fresh
AIRFLOW_CTX_EXECUTION_DATE=2023-05-25T00:00:00+00:00
AIRFLOW_CTX_TRY_NUMBER=16
AIRFLOW_CTX_DAG_RUN_ID=scheduled__2023-05-25T00:00:00+00:00
[2023-05-26T17:03:34.041+0000] {python.py:177} INFO - Done. Returned value was: BQC6wDuG5KnPx5OgtOWE-9RrqgXAu_EVrQZLgoq-rx62a1JEu0JmKoUrOK6U9B9SWheKwIEEOpj0UONNZJfdALuuq2flqfyPzbmYuBgipt7BBmIIPc7KzNVq0OsN54aKBGf574bVJOBRWyx2yij8ZNLuI4meWxgbQBgVsvlbx5QvwU5BldkDd2Eojiuq3X3lpFgE_EsmCGnXtyU
[2023-05-26T17:03:34.075+0000] {taskinstance.py:1326} INFO - Marking task as SUCCESS. dag_id=ETL, task_id=fresh, execution_date=20230525T000000, start_date=20230526T170333, end_date=20230526T170334
[2023-05-26T17:03:34.115+0000] {local_task_job.py:212} INFO - Task exited with return code 0
[2023-05-26T17:03:34.153+0000] {taskinstance.py:2585} INFO - 1 downstream tasks scheduled from follow-on schedule check
