[2023-05-26T16:52:53.533+0000] {taskinstance.py:1084} INFO - Dependencies all met for dep_context=non-requeueable deps ti=<TaskInstance: ETL.fresh scheduled__2023-05-25T00:00:00+00:00 [queued]>
[2023-05-26T16:52:53.562+0000] {taskinstance.py:1084} INFO - Dependencies all met for dep_context=requeueable deps ti=<TaskInstance: ETL.fresh scheduled__2023-05-25T00:00:00+00:00 [queued]>
[2023-05-26T16:52:53.562+0000] {taskinstance.py:1282} INFO - 
--------------------------------------------------------------------------------
[2023-05-26T16:52:53.562+0000] {taskinstance.py:1283} INFO - Starting attempt 14 of 19
[2023-05-26T16:52:53.563+0000] {taskinstance.py:1284} INFO - 
--------------------------------------------------------------------------------
[2023-05-26T16:52:53.602+0000] {taskinstance.py:1303} INFO - Executing <Task(PythonOperator): fresh> on 2023-05-25 00:00:00+00:00
[2023-05-26T16:52:53.609+0000] {standard_task_runner.py:55} INFO - Started process 2999 to run task
[2023-05-26T16:52:53.614+0000] {standard_task_runner.py:82} INFO - Running: ['***', 'tasks', 'run', 'ETL', 'fresh', 'scheduled__2023-05-25T00:00:00+00:00', '--job-id', '353', '--raw', '--subdir', 'DAGS_FOLDER/refresh_token_DAG.py', '--cfg-path', '/tmp/tmpjzkb8gcm']
[2023-05-26T16:52:53.616+0000] {standard_task_runner.py:83} INFO - Job 353: Subtask fresh
[2023-05-26T16:52:53.713+0000] {task_command.py:388} INFO - Running <TaskInstance: ETL.fresh scheduled__2023-05-25T00:00:00+00:00 [running]> on host 05172cfd5782
[2023-05-26T16:52:53.806+0000] {taskinstance.py:1511} INFO - Exporting the following env vars:
AIRFLOW_CTX_DAG_OWNER=fox
AIRFLOW_CTX_DAG_ID=ETL
AIRFLOW_CTX_TASK_ID=fresh
AIRFLOW_CTX_EXECUTION_DATE=2023-05-25T00:00:00+00:00
AIRFLOW_CTX_TRY_NUMBER=14
AIRFLOW_CTX_DAG_RUN_ID=scheduled__2023-05-25T00:00:00+00:00
[2023-05-26T16:52:54.111+0000] {python.py:177} INFO - Done. Returned value was: BQAzSd1yB0AdGeehzhkXrUFQa48YVtWX_ELq2WA4VXi_qEPIxPBZbv_J-QLrGj9a1Hv7lYg5Wfb_ACYgtfDdyMYvH_mWY4PHOyyxlSzu5OJfglKdcAXquqQKH51P3zxG25WwKV87OOj1lu0_6T8tmJ5XfTxDpLdaln-kErm_ruPXsGKopsEg564NmVA_RyCJE4DtR2JeqNdXa_Q
[2023-05-26T16:52:54.150+0000] {taskinstance.py:1326} INFO - Marking task as SUCCESS. dag_id=ETL, task_id=fresh, execution_date=20230525T000000, start_date=20230526T165253, end_date=20230526T165254
[2023-05-26T16:52:54.188+0000] {local_task_job.py:212} INFO - Task exited with return code 0
[2023-05-26T16:52:54.247+0000] {taskinstance.py:2585} INFO - 1 downstream tasks scheduled from follow-on schedule check
