[2023-05-26T16:39:04.259+0000] {taskinstance.py:1084} INFO - Dependencies all met for dep_context=non-requeueable deps ti=<TaskInstance: ETL.fresh scheduled__2023-05-25T00:00:00+00:00 [queued]>
[2023-05-26T16:39:04.278+0000] {taskinstance.py:1084} INFO - Dependencies all met for dep_context=requeueable deps ti=<TaskInstance: ETL.fresh scheduled__2023-05-25T00:00:00+00:00 [queued]>
[2023-05-26T16:39:04.279+0000] {taskinstance.py:1282} INFO - 
--------------------------------------------------------------------------------
[2023-05-26T16:39:04.279+0000] {taskinstance.py:1283} INFO - Starting attempt 13 of 18
[2023-05-26T16:39:04.279+0000] {taskinstance.py:1284} INFO - 
--------------------------------------------------------------------------------
[2023-05-26T16:39:04.306+0000] {taskinstance.py:1303} INFO - Executing <Task(PythonOperator): fresh> on 2023-05-25 00:00:00+00:00
[2023-05-26T16:39:04.312+0000] {standard_task_runner.py:55} INFO - Started process 2614 to run task
[2023-05-26T16:39:04.316+0000] {standard_task_runner.py:82} INFO - Running: ['***', 'tasks', 'run', 'ETL', 'fresh', 'scheduled__2023-05-25T00:00:00+00:00', '--job-id', '343', '--raw', '--subdir', 'DAGS_FOLDER/refresh_token_DAG.py', '--cfg-path', '/tmp/tmpnfdgsvy9']
[2023-05-26T16:39:04.318+0000] {standard_task_runner.py:83} INFO - Job 343: Subtask fresh
[2023-05-26T16:39:04.394+0000] {task_command.py:388} INFO - Running <TaskInstance: ETL.fresh scheduled__2023-05-25T00:00:00+00:00 [running]> on host 05172cfd5782
[2023-05-26T16:39:04.492+0000] {taskinstance.py:1511} INFO - Exporting the following env vars:
AIRFLOW_CTX_DAG_OWNER=fox
AIRFLOW_CTX_DAG_ID=ETL
AIRFLOW_CTX_TASK_ID=fresh
AIRFLOW_CTX_EXECUTION_DATE=2023-05-25T00:00:00+00:00
AIRFLOW_CTX_TRY_NUMBER=13
AIRFLOW_CTX_DAG_RUN_ID=scheduled__2023-05-25T00:00:00+00:00
[2023-05-26T16:39:04.659+0000] {python.py:177} INFO - Done. Returned value was: BQAWfbST5Lf4vYqgwmA0DssZQrESuys57kBB3Rsi5jbosRQAZbYZyJFgIRtz8K0uRH99CKytTqjE8pVznLnoBDiL5NQOj-AtPbvlueotCiTRDx8a-Z1i0YLm_o-hlqaUXEuVMCS5Ll64m7XDux2rAjMx6zMtmzEC5hArbMn_aG-vWknG_l8mrXCwOzOb1_nxhX00LqHFT2hsVWM
[2023-05-26T16:39:04.694+0000] {taskinstance.py:1326} INFO - Marking task as SUCCESS. dag_id=ETL, task_id=fresh, execution_date=20230525T000000, start_date=20230526T163904, end_date=20230526T163904
[2023-05-26T16:39:04.734+0000] {local_task_job.py:212} INFO - Task exited with return code 0
[2023-05-26T16:39:04.776+0000] {taskinstance.py:2585} INFO - 1 downstream tasks scheduled from follow-on schedule check
