[2023-05-26T16:32:23.781+0000] {taskinstance.py:1084} INFO - Dependencies all met for dep_context=non-requeueable deps ti=<TaskInstance: ETL.fresh scheduled__2023-05-25T00:00:00+00:00 [queued]>
[2023-05-26T16:32:23.796+0000] {taskinstance.py:1084} INFO - Dependencies all met for dep_context=requeueable deps ti=<TaskInstance: ETL.fresh scheduled__2023-05-25T00:00:00+00:00 [queued]>
[2023-05-26T16:32:23.796+0000] {taskinstance.py:1282} INFO - 
--------------------------------------------------------------------------------
[2023-05-26T16:32:23.797+0000] {taskinstance.py:1283} INFO - Starting attempt 10 of 15
[2023-05-26T16:32:23.797+0000] {taskinstance.py:1284} INFO - 
--------------------------------------------------------------------------------
[2023-05-26T16:32:23.830+0000] {taskinstance.py:1303} INFO - Executing <Task(PythonOperator): fresh> on 2023-05-25 00:00:00+00:00
[2023-05-26T16:32:23.837+0000] {standard_task_runner.py:55} INFO - Started process 2401 to run task
[2023-05-26T16:32:23.843+0000] {standard_task_runner.py:82} INFO - Running: ['***', 'tasks', 'run', 'ETL', 'fresh', 'scheduled__2023-05-25T00:00:00+00:00', '--job-id', '331', '--raw', '--subdir', 'DAGS_FOLDER/refresh_token_DAG.py', '--cfg-path', '/tmp/tmp66fusc0g']
[2023-05-26T16:32:23.845+0000] {standard_task_runner.py:83} INFO - Job 331: Subtask fresh
[2023-05-26T16:32:23.956+0000] {task_command.py:388} INFO - Running <TaskInstance: ETL.fresh scheduled__2023-05-25T00:00:00+00:00 [running]> on host 05172cfd5782
[2023-05-26T16:32:24.121+0000] {taskinstance.py:1511} INFO - Exporting the following env vars:
AIRFLOW_CTX_DAG_OWNER=fox
AIRFLOW_CTX_DAG_ID=ETL
AIRFLOW_CTX_TASK_ID=fresh
AIRFLOW_CTX_EXECUTION_DATE=2023-05-25T00:00:00+00:00
AIRFLOW_CTX_TRY_NUMBER=10
AIRFLOW_CTX_DAG_RUN_ID=scheduled__2023-05-25T00:00:00+00:00
[2023-05-26T16:32:24.562+0000] {python.py:177} INFO - Done. Returned value was: BQA2A1Za-phXXJRqAL3bD1bntT5SdOn_bfzREtX35GpgiI-OCb-eUJ0nVlbsmXekH8JMa0wwh4vgfQMcd07QIIONyUMkKx4MUNmB75rau3pwkR8sgnAflIjnKbAbHUCAbe0OZfJXsAZKJMJc0QZGc2cxwh8G4NxQQfpsM6fGNbFErR4INheNsFA7WNTf-lHONXkvKPfKPbLAjKc
[2023-05-26T16:32:24.602+0000] {taskinstance.py:1326} INFO - Marking task as SUCCESS. dag_id=ETL, task_id=fresh, execution_date=20230525T000000, start_date=20230526T163223, end_date=20230526T163224
[2023-05-26T16:32:24.657+0000] {local_task_job.py:212} INFO - Task exited with return code 0
[2023-05-26T16:32:24.711+0000] {taskinstance.py:2585} INFO - 1 downstream tasks scheduled from follow-on schedule check
