[2023-05-26T16:38:17.352+0000] {taskinstance.py:1084} INFO - Dependencies all met for dep_context=non-requeueable deps ti=<TaskInstance: ETL.fresh scheduled__2023-05-25T00:00:00+00:00 [queued]>
[2023-05-26T16:38:17.368+0000] {taskinstance.py:1084} INFO - Dependencies all met for dep_context=requeueable deps ti=<TaskInstance: ETL.fresh scheduled__2023-05-25T00:00:00+00:00 [queued]>
[2023-05-26T16:38:17.369+0000] {taskinstance.py:1282} INFO - 
--------------------------------------------------------------------------------
[2023-05-26T16:38:17.370+0000] {taskinstance.py:1283} INFO - Starting attempt 12 of 17
[2023-05-26T16:38:17.370+0000] {taskinstance.py:1284} INFO - 
--------------------------------------------------------------------------------
[2023-05-26T16:38:17.397+0000] {taskinstance.py:1303} INFO - Executing <Task(PythonOperator): fresh> on 2023-05-25 00:00:00+00:00
[2023-05-26T16:38:17.404+0000] {standard_task_runner.py:55} INFO - Started process 2582 to run task
[2023-05-26T16:38:17.408+0000] {standard_task_runner.py:82} INFO - Running: ['***', 'tasks', 'run', 'ETL', 'fresh', 'scheduled__2023-05-25T00:00:00+00:00', '--job-id', '339', '--raw', '--subdir', 'DAGS_FOLDER/refresh_token_DAG.py', '--cfg-path', '/tmp/tmpe_00s1o3']
[2023-05-26T16:38:17.409+0000] {standard_task_runner.py:83} INFO - Job 339: Subtask fresh
[2023-05-26T16:38:17.499+0000] {task_command.py:388} INFO - Running <TaskInstance: ETL.fresh scheduled__2023-05-25T00:00:00+00:00 [running]> on host 05172cfd5782
[2023-05-26T16:38:17.641+0000] {taskinstance.py:1511} INFO - Exporting the following env vars:
AIRFLOW_CTX_DAG_OWNER=fox
AIRFLOW_CTX_DAG_ID=ETL
AIRFLOW_CTX_TASK_ID=fresh
AIRFLOW_CTX_EXECUTION_DATE=2023-05-25T00:00:00+00:00
AIRFLOW_CTX_TRY_NUMBER=12
AIRFLOW_CTX_DAG_RUN_ID=scheduled__2023-05-25T00:00:00+00:00
[2023-05-26T16:38:18.068+0000] {python.py:177} INFO - Done. Returned value was: BQBmy9EjCaPppayfwRpllVQdA_Mho7F1TXbPoG8PsMj-fsG3Enbv1Lqf7wLIZEQFSvINifCMpOU_rgx5On0xaNNcfGY_ooQzTJrQNvcs3y_5iTNQ0uU7df348lYs_kVBNAmuZ_T2qf8hXkumylFWiXf_v70V3GwjSMCs-eDvq3Vc2SwnW1caPBNhQR4H0XBrz9yXWw95-1M0mME
[2023-05-26T16:38:18.113+0000] {taskinstance.py:1326} INFO - Marking task as SUCCESS. dag_id=ETL, task_id=fresh, execution_date=20230525T000000, start_date=20230526T163817, end_date=20230526T163818
[2023-05-26T16:38:18.154+0000] {local_task_job.py:212} INFO - Task exited with return code 0
[2023-05-26T16:38:18.205+0000] {taskinstance.py:2585} INFO - 1 downstream tasks scheduled from follow-on schedule check
