[2023-05-26T15:25:08.640+0000] {taskinstance.py:1084} INFO - Dependencies all met for dep_context=non-requeueable deps ti=<TaskInstance: ETL.fresh scheduled__2023-05-25T00:00:00+00:00 [queued]>
[2023-05-26T15:25:08.654+0000] {taskinstance.py:1084} INFO - Dependencies all met for dep_context=requeueable deps ti=<TaskInstance: ETL.fresh scheduled__2023-05-25T00:00:00+00:00 [queued]>
[2023-05-26T15:25:08.654+0000] {taskinstance.py:1282} INFO - 
--------------------------------------------------------------------------------
[2023-05-26T15:25:08.654+0000] {taskinstance.py:1283} INFO - Starting attempt 2 of 7
[2023-05-26T15:25:08.654+0000] {taskinstance.py:1284} INFO - 
--------------------------------------------------------------------------------
[2023-05-26T15:25:08.678+0000] {taskinstance.py:1303} INFO - Executing <Task(PythonOperator): fresh> on 2023-05-25 00:00:00+00:00
[2023-05-26T15:25:08.685+0000] {standard_task_runner.py:55} INFO - Started process 414 to run task
[2023-05-26T15:25:08.689+0000] {standard_task_runner.py:82} INFO - Running: ['***', 'tasks', 'run', 'ETL', 'fresh', 'scheduled__2023-05-25T00:00:00+00:00', '--job-id', '265', '--raw', '--subdir', 'DAGS_FOLDER/refresh_token_DAG.py', '--cfg-path', '/tmp/tmp64fcm9zu']
[2023-05-26T15:25:08.691+0000] {standard_task_runner.py:83} INFO - Job 265: Subtask fresh
[2023-05-26T15:25:08.761+0000] {task_command.py:388} INFO - Running <TaskInstance: ETL.fresh scheduled__2023-05-25T00:00:00+00:00 [running]> on host 05172cfd5782
[2023-05-26T15:25:08.940+0000] {taskinstance.py:1511} INFO - Exporting the following env vars:
AIRFLOW_CTX_DAG_OWNER=fox
AIRFLOW_CTX_DAG_ID=ETL
AIRFLOW_CTX_TASK_ID=fresh
AIRFLOW_CTX_EXECUTION_DATE=2023-05-25T00:00:00+00:00
AIRFLOW_CTX_TRY_NUMBER=2
AIRFLOW_CTX_DAG_RUN_ID=scheduled__2023-05-25T00:00:00+00:00
[2023-05-26T15:25:09.135+0000] {python.py:177} INFO - Done. Returned value was: BQCnSIax8etB1Rg7EUbS9yjh10mHlCD2FgQNMAbw16MxnXXFWzPuic77a7stgrwevMB8vDNviBZP_4TP1kYuqv3-WqCAgrdbl8vyL_yewAI_3hEjuG5ujg7TFplF2eEVIsuM-D4vT66gjwj47nWIem6ZQhSaqjyPiPhXTzR1qV1ziq4Hp2t0pxukLs8Znuyq8g0TuTXU3yrJcFI
[2023-05-26T15:25:09.166+0000] {taskinstance.py:1326} INFO - Marking task as SUCCESS. dag_id=ETL, task_id=fresh, execution_date=20230525T000000, start_date=20230526T152508, end_date=20230526T152509
[2023-05-26T15:25:09.188+0000] {local_task_job.py:212} INFO - Task exited with return code 0
[2023-05-26T15:25:09.223+0000] {taskinstance.py:2585} INFO - 1 downstream tasks scheduled from follow-on schedule check
