[2023-05-26T16:19:18.463+0000] {taskinstance.py:1084} INFO - Dependencies all met for dep_context=non-requeueable deps ti=<TaskInstance: ETL.fresh scheduled__2023-05-25T00:00:00+00:00 [queued]>
[2023-05-26T16:19:18.478+0000] {taskinstance.py:1084} INFO - Dependencies all met for dep_context=requeueable deps ti=<TaskInstance: ETL.fresh scheduled__2023-05-25T00:00:00+00:00 [queued]>
[2023-05-26T16:19:18.479+0000] {taskinstance.py:1282} INFO - 
--------------------------------------------------------------------------------
[2023-05-26T16:19:18.479+0000] {taskinstance.py:1283} INFO - Starting attempt 7 of 12
[2023-05-26T16:19:18.479+0000] {taskinstance.py:1284} INFO - 
--------------------------------------------------------------------------------
[2023-05-26T16:19:18.503+0000] {taskinstance.py:1303} INFO - Executing <Task(PythonOperator): fresh> on 2023-05-25 00:00:00+00:00
[2023-05-26T16:19:18.510+0000] {standard_task_runner.py:55} INFO - Started process 2006 to run task
[2023-05-26T16:19:18.513+0000] {standard_task_runner.py:82} INFO - Running: ['***', 'tasks', 'run', 'ETL', 'fresh', 'scheduled__2023-05-25T00:00:00+00:00', '--job-id', '313', '--raw', '--subdir', 'DAGS_FOLDER/refresh_token_DAG.py', '--cfg-path', '/tmp/tmpm8ebyg2_']
[2023-05-26T16:19:18.515+0000] {standard_task_runner.py:83} INFO - Job 313: Subtask fresh
[2023-05-26T16:19:18.620+0000] {task_command.py:388} INFO - Running <TaskInstance: ETL.fresh scheduled__2023-05-25T00:00:00+00:00 [running]> on host 05172cfd5782
[2023-05-26T16:19:18.770+0000] {taskinstance.py:1511} INFO - Exporting the following env vars:
AIRFLOW_CTX_DAG_OWNER=fox
AIRFLOW_CTX_DAG_ID=ETL
AIRFLOW_CTX_TASK_ID=fresh
AIRFLOW_CTX_EXECUTION_DATE=2023-05-25T00:00:00+00:00
AIRFLOW_CTX_TRY_NUMBER=7
AIRFLOW_CTX_DAG_RUN_ID=scheduled__2023-05-25T00:00:00+00:00
[2023-05-26T16:19:19.081+0000] {python.py:177} INFO - Done. Returned value was: BQAvxU-I3sYxUmN3mQk4-sKe2sFMlPYoQNFoo-sIPuISuK7DjAFmDvJgqy9vb8NyAr-SekWGMWiCrCiFS-UueYDNJkop-1CR_IoQywSUg5Yhtmhn8q-AZLNUtM7UmfUK3KqNFvxqy8iX1Ke3tBEV9t7F3ohRZbCi7WAWofqwJw6A7x0wnsbK8McyzdF_9lfMoLmB9vVEFYmw6jU
[2023-05-26T16:19:19.136+0000] {taskinstance.py:1326} INFO - Marking task as SUCCESS. dag_id=ETL, task_id=fresh, execution_date=20230525T000000, start_date=20230526T161918, end_date=20230526T161919
[2023-05-26T16:19:19.169+0000] {local_task_job.py:212} INFO - Task exited with return code 0
[2023-05-26T16:19:19.218+0000] {taskinstance.py:2585} INFO - 1 downstream tasks scheduled from follow-on schedule check
