[2023-05-26T16:29:58.546+0000] {taskinstance.py:1084} INFO - Dependencies all met for dep_context=non-requeueable deps ti=<TaskInstance: ETL.fresh scheduled__2023-05-25T00:00:00+00:00 [queued]>
[2023-05-26T16:29:58.575+0000] {taskinstance.py:1084} INFO - Dependencies all met for dep_context=requeueable deps ti=<TaskInstance: ETL.fresh scheduled__2023-05-25T00:00:00+00:00 [queued]>
[2023-05-26T16:29:58.575+0000] {taskinstance.py:1282} INFO - 
--------------------------------------------------------------------------------
[2023-05-26T16:29:58.576+0000] {taskinstance.py:1283} INFO - Starting attempt 8 of 13
[2023-05-26T16:29:58.576+0000] {taskinstance.py:1284} INFO - 
--------------------------------------------------------------------------------
[2023-05-26T16:29:58.624+0000] {taskinstance.py:1303} INFO - Executing <Task(PythonOperator): fresh> on 2023-05-25 00:00:00+00:00
[2023-05-26T16:29:58.636+0000] {standard_task_runner.py:55} INFO - Started process 2319 to run task
[2023-05-26T16:29:58.642+0000] {standard_task_runner.py:82} INFO - Running: ['***', 'tasks', 'run', 'ETL', 'fresh', 'scheduled__2023-05-25T00:00:00+00:00', '--job-id', '323', '--raw', '--subdir', 'DAGS_FOLDER/refresh_token_DAG.py', '--cfg-path', '/tmp/tmpik2dr49t']
[2023-05-26T16:29:58.644+0000] {standard_task_runner.py:83} INFO - Job 323: Subtask fresh
[2023-05-26T16:29:58.868+0000] {task_command.py:388} INFO - Running <TaskInstance: ETL.fresh scheduled__2023-05-25T00:00:00+00:00 [running]> on host 05172cfd5782
[2023-05-26T16:29:59.290+0000] {taskinstance.py:1511} INFO - Exporting the following env vars:
AIRFLOW_CTX_DAG_OWNER=fox
AIRFLOW_CTX_DAG_ID=ETL
AIRFLOW_CTX_TASK_ID=fresh
AIRFLOW_CTX_EXECUTION_DATE=2023-05-25T00:00:00+00:00
AIRFLOW_CTX_TRY_NUMBER=8
AIRFLOW_CTX_DAG_RUN_ID=scheduled__2023-05-25T00:00:00+00:00
[2023-05-26T16:29:59.779+0000] {python.py:177} INFO - Done. Returned value was: BQBo4v8Its6OP0ikVmwKFvc0102jJ5DZD6otqe33_kpoIi5uOyjpDpImm0QgEq9kTbT-HCDXb6EWQdNyAGBpYB6CZMFpEGG4tslDyBVOR_imP_cDiphij5kabHLNOCCC_-9D-EDDP31MEd2JxgqY5WppuzSdZBXR8Peqt-EEkr9qQankkbx0Dui0laNi2rOHFlNebzeXz4elOyY
[2023-05-26T16:29:59.812+0000] {taskinstance.py:1326} INFO - Marking task as SUCCESS. dag_id=ETL, task_id=fresh, execution_date=20230525T000000, start_date=20230526T162958, end_date=20230526T162959
[2023-05-26T16:29:59.856+0000] {local_task_job.py:212} INFO - Task exited with return code 0
[2023-05-26T16:29:59.907+0000] {taskinstance.py:2585} INFO - 1 downstream tasks scheduled from follow-on schedule check
