[2023-05-26T16:36:48.089+0000] {taskinstance.py:1084} INFO - Dependencies all met for dep_context=non-requeueable deps ti=<TaskInstance: ETL.fresh scheduled__2023-05-25T00:00:00+00:00 [queued]>
[2023-05-26T16:36:48.122+0000] {taskinstance.py:1084} INFO - Dependencies all met for dep_context=requeueable deps ti=<TaskInstance: ETL.fresh scheduled__2023-05-25T00:00:00+00:00 [queued]>
[2023-05-26T16:36:48.122+0000] {taskinstance.py:1282} INFO - 
--------------------------------------------------------------------------------
[2023-05-26T16:36:48.122+0000] {taskinstance.py:1283} INFO - Starting attempt 11 of 16
[2023-05-26T16:36:48.123+0000] {taskinstance.py:1284} INFO - 
--------------------------------------------------------------------------------
[2023-05-26T16:36:48.175+0000] {taskinstance.py:1303} INFO - Executing <Task(PythonOperator): fresh> on 2023-05-25 00:00:00+00:00
[2023-05-26T16:36:48.187+0000] {standard_task_runner.py:55} INFO - Started process 2530 to run task
[2023-05-26T16:36:48.191+0000] {standard_task_runner.py:82} INFO - Running: ['***', 'tasks', 'run', 'ETL', 'fresh', 'scheduled__2023-05-25T00:00:00+00:00', '--job-id', '335', '--raw', '--subdir', 'DAGS_FOLDER/refresh_token_DAG.py', '--cfg-path', '/tmp/tmpo6e9jzz3']
[2023-05-26T16:36:48.197+0000] {standard_task_runner.py:83} INFO - Job 335: Subtask fresh
[2023-05-26T16:36:48.430+0000] {task_command.py:388} INFO - Running <TaskInstance: ETL.fresh scheduled__2023-05-25T00:00:00+00:00 [running]> on host 05172cfd5782
[2023-05-26T16:36:48.677+0000] {taskinstance.py:1511} INFO - Exporting the following env vars:
AIRFLOW_CTX_DAG_OWNER=fox
AIRFLOW_CTX_DAG_ID=ETL
AIRFLOW_CTX_TASK_ID=fresh
AIRFLOW_CTX_EXECUTION_DATE=2023-05-25T00:00:00+00:00
AIRFLOW_CTX_TRY_NUMBER=11
AIRFLOW_CTX_DAG_RUN_ID=scheduled__2023-05-25T00:00:00+00:00
[2023-05-26T16:36:48.889+0000] {python.py:177} INFO - Done. Returned value was: BQBWDRQbbyHiN54dt8UMI4bHHoVYAfOXuc-pi3HU_GTAssn-Sqwt8BsPrhITrKYorrkHdMgE-YL1wsWGgKsTODtYWugbCyor_mjz4OgUhbXYMMOryOG0mfaKiNgPNi-90e_ukssHGUkVJEEkN-V9utLsLDMG0ISMt3q1X_3xBdAUxCICEl-r-gvI7_USusgyeEaNZ6MAZ-JB_kY
[2023-05-26T16:36:48.952+0000] {taskinstance.py:1326} INFO - Marking task as SUCCESS. dag_id=ETL, task_id=fresh, execution_date=20230525T000000, start_date=20230526T163648, end_date=20230526T163648
[2023-05-26T16:36:48.998+0000] {local_task_job.py:212} INFO - Task exited with return code 0
[2023-05-26T16:36:49.055+0000] {taskinstance.py:2585} INFO - 1 downstream tasks scheduled from follow-on schedule check
