[2023-05-26T17:03:44.116+0000] {taskinstance.py:1084} INFO - Dependencies all met for dep_context=non-requeueable deps ti=<TaskInstance: ETL.fresh scheduled__2023-05-25T00:00:00+00:00 [queued]>
[2023-05-26T17:03:44.131+0000] {taskinstance.py:1084} INFO - Dependencies all met for dep_context=requeueable deps ti=<TaskInstance: ETL.fresh scheduled__2023-05-25T00:00:00+00:00 [queued]>
[2023-05-26T17:03:44.131+0000] {taskinstance.py:1282} INFO - 
--------------------------------------------------------------------------------
[2023-05-26T17:03:44.131+0000] {taskinstance.py:1283} INFO - Starting attempt 17 of 22
[2023-05-26T17:03:44.131+0000] {taskinstance.py:1284} INFO - 
--------------------------------------------------------------------------------
[2023-05-26T17:03:44.156+0000] {taskinstance.py:1303} INFO - Executing <Task(PythonOperator): fresh> on 2023-05-25 00:00:00+00:00
[2023-05-26T17:03:44.164+0000] {standard_task_runner.py:55} INFO - Started process 3317 to run task
[2023-05-26T17:03:44.167+0000] {standard_task_runner.py:82} INFO - Running: ['***', 'tasks', 'run', 'ETL', 'fresh', 'scheduled__2023-05-25T00:00:00+00:00', '--job-id', '368', '--raw', '--subdir', 'DAGS_FOLDER/refresh_token_DAG.py', '--cfg-path', '/tmp/tmpx8ko0f46']
[2023-05-26T17:03:44.169+0000] {standard_task_runner.py:83} INFO - Job 368: Subtask fresh
[2023-05-26T17:03:44.282+0000] {task_command.py:388} INFO - Running <TaskInstance: ETL.fresh scheduled__2023-05-25T00:00:00+00:00 [running]> on host 05172cfd5782
[2023-05-26T17:03:44.404+0000] {taskinstance.py:1511} INFO - Exporting the following env vars:
AIRFLOW_CTX_DAG_OWNER=fox
AIRFLOW_CTX_DAG_ID=ETL
AIRFLOW_CTX_TASK_ID=fresh
AIRFLOW_CTX_EXECUTION_DATE=2023-05-25T00:00:00+00:00
AIRFLOW_CTX_TRY_NUMBER=17
AIRFLOW_CTX_DAG_RUN_ID=scheduled__2023-05-25T00:00:00+00:00
[2023-05-26T17:03:44.585+0000] {python.py:177} INFO - Done. Returned value was: BQBqeNBuyCqgiP7WPsJOlIKpBwZcZclwVqxzutJ8vhq4u7zquooLgNmyHh6IDi2NVz6UFs9a3U_cVSmqICKuQ_B_oJ30S7eHSk62UpvK0omesBq5ByI-9Fl-5WjRl1nQRAyKfc5ioBXBiwC92ON4YR7h3wVskBBotvjEizd0YHPNKMnOPKtM_20k1j_OqKp4CM6bRM3SQc3_wPM
[2023-05-26T17:03:44.633+0000] {taskinstance.py:1326} INFO - Marking task as SUCCESS. dag_id=ETL, task_id=fresh, execution_date=20230525T000000, start_date=20230526T170344, end_date=20230526T170344
[2023-05-26T17:03:44.672+0000] {local_task_job.py:212} INFO - Task exited with return code 0
[2023-05-26T17:03:44.721+0000] {taskinstance.py:2585} INFO - 1 downstream tasks scheduled from follow-on schedule check
