[2023-05-26T17:11:30.775+0000] {taskinstance.py:1084} INFO - Dependencies all met for dep_context=non-requeueable deps ti=<TaskInstance: ETL.fresh scheduled__2023-05-25T00:00:00+00:00 [queued]>
[2023-05-26T17:11:30.788+0000] {taskinstance.py:1084} INFO - Dependencies all met for dep_context=requeueable deps ti=<TaskInstance: ETL.fresh scheduled__2023-05-25T00:00:00+00:00 [queued]>
[2023-05-26T17:11:30.788+0000] {taskinstance.py:1282} INFO - 
--------------------------------------------------------------------------------
[2023-05-26T17:11:30.788+0000] {taskinstance.py:1283} INFO - Starting attempt 18 of 23
[2023-05-26T17:11:30.788+0000] {taskinstance.py:1284} INFO - 
--------------------------------------------------------------------------------
[2023-05-26T17:11:30.812+0000] {taskinstance.py:1303} INFO - Executing <Task(PythonOperator): fresh> on 2023-05-25 00:00:00+00:00
[2023-05-26T17:11:30.817+0000] {standard_task_runner.py:55} INFO - Started process 3530 to run task
[2023-05-26T17:11:30.821+0000] {standard_task_runner.py:82} INFO - Running: ['***', 'tasks', 'run', 'ETL', 'fresh', 'scheduled__2023-05-25T00:00:00+00:00', '--job-id', '375', '--raw', '--subdir', 'DAGS_FOLDER/refresh_token_DAG.py', '--cfg-path', '/tmp/tmp7ouvl1tu']
[2023-05-26T17:11:30.822+0000] {standard_task_runner.py:83} INFO - Job 375: Subtask fresh
[2023-05-26T17:11:30.902+0000] {task_command.py:388} INFO - Running <TaskInstance: ETL.fresh scheduled__2023-05-25T00:00:00+00:00 [running]> on host 05172cfd5782
[2023-05-26T17:11:31.005+0000] {taskinstance.py:1511} INFO - Exporting the following env vars:
AIRFLOW_CTX_DAG_OWNER=fox
AIRFLOW_CTX_DAG_ID=ETL
AIRFLOW_CTX_TASK_ID=fresh
AIRFLOW_CTX_EXECUTION_DATE=2023-05-25T00:00:00+00:00
AIRFLOW_CTX_TRY_NUMBER=18
AIRFLOW_CTX_DAG_RUN_ID=scheduled__2023-05-25T00:00:00+00:00
[2023-05-26T17:11:31.195+0000] {python.py:177} INFO - Done. Returned value was: BQAqn8CagLNt1UrF0UN7rYvHH5RxhDSHlvmLOUuLvfIZg4-ZQ9CYEN4FJMuaoDZFLDK6VZ7Pl-HH4BxsoNXNEcG-RGZU-PNpuaZXqIpd_ANNk5Bvac-65RlwzxmB2iuYvpkpwpI2VJktannwog-QZp_WgFncyAWtjRcoETYRUhKl_JXptt9bOPiMjWxEZTWPVSQGBTGKY6F1qTQ
[2023-05-26T17:11:31.231+0000] {taskinstance.py:1326} INFO - Marking task as SUCCESS. dag_id=ETL, task_id=fresh, execution_date=20230525T000000, start_date=20230526T171130, end_date=20230526T171131
[2023-05-26T17:11:31.273+0000] {local_task_job.py:212} INFO - Task exited with return code 0
[2023-05-26T17:11:31.311+0000] {taskinstance.py:2585} INFO - 1 downstream tasks scheduled from follow-on schedule check
