[2023-05-26T15:13:39.758+0000] {taskinstance.py:1084} INFO - Dependencies all met for dep_context=non-requeueable deps ti=<TaskInstance: ETL.fresh scheduled__2023-05-25T00:00:00+00:00 [queued]>
[2023-05-26T15:13:39.872+0000] {taskinstance.py:1084} INFO - Dependencies all met for dep_context=requeueable deps ti=<TaskInstance: ETL.fresh scheduled__2023-05-25T00:00:00+00:00 [queued]>
[2023-05-26T15:13:39.872+0000] {taskinstance.py:1282} INFO - 
--------------------------------------------------------------------------------
[2023-05-26T15:13:39.872+0000] {taskinstance.py:1283} INFO - Starting attempt 1 of 6
[2023-05-26T15:13:39.873+0000] {taskinstance.py:1284} INFO - 
--------------------------------------------------------------------------------
[2023-05-26T15:13:40.028+0000] {taskinstance.py:1303} INFO - Executing <Task(PythonOperator): fresh> on 2023-05-25 00:00:00+00:00
[2023-05-26T15:13:40.058+0000] {standard_task_runner.py:55} INFO - Started process 176 to run task
[2023-05-26T15:13:40.133+0000] {standard_task_runner.py:82} INFO - Running: ['***', 'tasks', 'run', 'ETL', 'fresh', 'scheduled__2023-05-25T00:00:00+00:00', '--job-id', '251', '--raw', '--subdir', 'DAGS_FOLDER/refresh_token_DAG.py', '--cfg-path', '/tmp/tmpn4okyhbb']
[2023-05-26T15:13:40.135+0000] {standard_task_runner.py:83} INFO - Job 251: Subtask fresh
[2023-05-26T15:13:41.317+0000] {task_command.py:388} INFO - Running <TaskInstance: ETL.fresh scheduled__2023-05-25T00:00:00+00:00 [running]> on host 2fa3ade57007
[2023-05-26T15:13:41.638+0000] {taskinstance.py:1511} INFO - Exporting the following env vars:
AIRFLOW_CTX_DAG_OWNER=fox
AIRFLOW_CTX_DAG_ID=ETL
AIRFLOW_CTX_TASK_ID=fresh
AIRFLOW_CTX_EXECUTION_DATE=2023-05-25T00:00:00+00:00
AIRFLOW_CTX_TRY_NUMBER=1
AIRFLOW_CTX_DAG_RUN_ID=scheduled__2023-05-25T00:00:00+00:00
[2023-05-26T15:13:42.059+0000] {python.py:177} INFO - Done. Returned value was: BQA7_vOdOX7WvS9KrR4OwVbXtI-dH6yGmSTSL7mEydHDNS7dWy9D9VIy4nOyiHpEpewTIR08IIY_aDyGSjZb2lxNq7mPdl8EXu-B4ePo0DQVIi0tS436SLxvLcQcWUsS9cTaD8rsYd-zx3-SVIBtSQ47CyTug0Y0a0ZojOQsctejqRC_Eh4oPsiac4AqbP1BY6oz_T4I227sv6Y
[2023-05-26T15:13:42.152+0000] {taskinstance.py:1326} INFO - Marking task as SUCCESS. dag_id=ETL, task_id=fresh, execution_date=20230525T000000, start_date=20230526T151339, end_date=20230526T151342
[2023-05-26T15:13:42.254+0000] {local_task_job.py:212} INFO - Task exited with return code 0
[2023-05-26T15:13:42.589+0000] {taskinstance.py:2585} INFO - 1 downstream tasks scheduled from follow-on schedule check
