[2023-06-02T17:00:01.215+0000] {taskinstance.py:1084} INFO - Dependencies all met for dep_context=non-requeueable deps ti=<TaskInstance: ETL.refresh_token scheduled__2023-06-01T17:00:00+00:00 [queued]>
[2023-06-02T17:00:01.232+0000] {taskinstance.py:1084} INFO - Dependencies all met for dep_context=requeueable deps ti=<TaskInstance: ETL.refresh_token scheduled__2023-06-01T17:00:00+00:00 [queued]>
[2023-06-02T17:00:01.232+0000] {taskinstance.py:1282} INFO - 
--------------------------------------------------------------------------------
[2023-06-02T17:00:01.232+0000] {taskinstance.py:1283} INFO - Starting attempt 1 of 6
[2023-06-02T17:00:01.232+0000] {taskinstance.py:1284} INFO - 
--------------------------------------------------------------------------------
[2023-06-02T17:00:01.260+0000] {taskinstance.py:1303} INFO - Executing <Task(PythonOperator): refresh_token> on 2023-06-01 17:00:00+00:00
[2023-06-02T17:00:01.266+0000] {standard_task_runner.py:55} INFO - Started process 12581 to run task
[2023-06-02T17:00:01.270+0000] {standard_task_runner.py:82} INFO - Running: ['***', 'tasks', 'run', 'ETL', 'refresh_token', 'scheduled__2023-06-01T17:00:00+00:00', '--job-id', '421', '--raw', '--subdir', 'DAGS_FOLDER/ETL_spotify_DAG.py', '--cfg-path', '/tmp/tmp9z0wv8db']
[2023-06-02T17:00:01.273+0000] {standard_task_runner.py:83} INFO - Job 421: Subtask refresh_token
[2023-06-02T17:00:01.372+0000] {task_command.py:388} INFO - Running <TaskInstance: ETL.refresh_token scheduled__2023-06-01T17:00:00+00:00 [running]> on host 05172cfd5782
[2023-06-02T17:00:01.500+0000] {taskinstance.py:1511} INFO - Exporting the following env vars:
AIRFLOW_CTX_DAG_OWNER=fox
AIRFLOW_CTX_DAG_ID=ETL
AIRFLOW_CTX_TASK_ID=refresh_token
AIRFLOW_CTX_EXECUTION_DATE=2023-06-01T17:00:00+00:00
AIRFLOW_CTX_TRY_NUMBER=1
AIRFLOW_CTX_DAG_RUN_ID=scheduled__2023-06-01T17:00:00+00:00
[2023-06-02T17:00:02.031+0000] {python.py:177} INFO - Done. Returned value was: BQANSEqsYTkh1k8DGkE9SWWN8znB6uDsK5nUNoHFk2l5GOkzqSy4tMkVVQmh4FruhuGViU62RSP67Bh9KJzMnqShT4ygjYhWIaUNsb9WgBWy3aQgaW-l87cPfOkTeSqMMfAn7E8hKDs6UpuW9LTzESlA9-jlQGslMxd1xi6kutSBpIS0FMe2ZCFcPsN6-nZTCTq7ywdUW0jg3zA
[2023-06-02T17:00:02.076+0000] {taskinstance.py:1326} INFO - Marking task as SUCCESS. dag_id=ETL, task_id=refresh_token, execution_date=20230601T170000, start_date=20230602T170001, end_date=20230602T170002
[2023-06-02T17:00:02.127+0000] {local_task_job.py:212} INFO - Task exited with return code 0
[2023-06-02T17:00:02.176+0000] {taskinstance.py:2585} INFO - 1 downstream tasks scheduled from follow-on schedule check
