[2023-05-23T17:35:15.224+0000] {taskinstance.py:1084} INFO - Dependencies all met for dep_context=non-requeueable deps ti=<TaskInstance: refresh_token.fresh manual__2023-05-23T17:33:40.883287+00:00 [queued]>
[2023-05-23T17:35:15.239+0000] {taskinstance.py:1084} INFO - Dependencies all met for dep_context=requeueable deps ti=<TaskInstance: refresh_token.fresh manual__2023-05-23T17:33:40.883287+00:00 [queued]>
[2023-05-23T17:35:15.240+0000] {taskinstance.py:1282} INFO - 
--------------------------------------------------------------------------------
[2023-05-23T17:35:15.240+0000] {taskinstance.py:1283} INFO - Starting attempt 1 of 6
[2023-05-23T17:35:15.240+0000] {taskinstance.py:1284} INFO - 
--------------------------------------------------------------------------------
[2023-05-23T17:35:15.280+0000] {taskinstance.py:1303} INFO - Executing <Task(PythonOperator): fresh> on 2023-05-23 17:33:40.883287+00:00
[2023-05-23T17:35:15.285+0000] {standard_task_runner.py:55} INFO - Started process 2901 to run task
[2023-05-23T17:35:15.300+0000] {standard_task_runner.py:82} INFO - Running: ['***', 'tasks', 'run', 'refresh_token', 'fresh', 'manual__2023-05-23T17:33:40.883287+00:00', '--job-id', '53', '--raw', '--subdir', 'DAGS_FOLDER/refresh_token_DAG.py', '--cfg-path', '/tmp/tmp1zt2aqz_']
[2023-05-23T17:35:15.314+0000] {standard_task_runner.py:83} INFO - Job 53: Subtask fresh
[2023-05-23T17:35:15.411+0000] {task_command.py:388} INFO - Running <TaskInstance: refresh_token.fresh manual__2023-05-23T17:33:40.883287+00:00 [running]> on host 2a789c3fa429
[2023-05-23T17:35:15.549+0000] {taskinstance.py:1511} INFO - Exporting the following env vars:
AIRFLOW_CTX_DAG_OWNER=fox
AIRFLOW_CTX_DAG_ID=refresh_token
AIRFLOW_CTX_TASK_ID=fresh
AIRFLOW_CTX_EXECUTION_DATE=2023-05-23T17:33:40.883287+00:00
AIRFLOW_CTX_TRY_NUMBER=1
AIRFLOW_CTX_DAG_RUN_ID=manual__2023-05-23T17:33:40.883287+00:00
[2023-05-23T17:35:15.941+0000] {python.py:177} INFO - Done. Returned value was: BQDildMDP_IVKlwXN4tQ-xEQtSHG0DuUVel2OnUUQjSAOmzqjFCsouzW7RMGhw0QRZeh6TeAUwLsixiBlATZH6GBVDmjhm02b1vkexskR2xLjqYfHAZV0vnxzEFDWMjCWwaUf9X7nvoH18e1HRmHXyd5PMSxu-6GWF3DPES84eSCQBdYrgfntkz_IB_GmcamwLLP1a8vZ7Ji8vM
[2023-05-23T17:35:15.987+0000] {taskinstance.py:1326} INFO - Marking task as SUCCESS. dag_id=refresh_token, task_id=fresh, execution_date=20230523T173340, start_date=20230523T173515, end_date=20230523T173515
[2023-05-23T17:35:16.038+0000] {local_task_job.py:212} INFO - Task exited with return code 0
[2023-05-23T17:35:16.070+0000] {taskinstance.py:2585} INFO - 0 downstream tasks scheduled from follow-on schedule check
