[2023-06-05T18:02:48.867+0000] {taskinstance.py:1084} INFO - Dependencies all met for dep_context=non-requeueable deps ti=<TaskInstance: weather.add_data_in_weather scheduled__2023-05-23T06:01:00+00:00 [queued]>
[2023-06-05T18:02:48.918+0000] {taskinstance.py:1084} INFO - Dependencies all met for dep_context=requeueable deps ti=<TaskInstance: weather.add_data_in_weather scheduled__2023-05-23T06:01:00+00:00 [queued]>
[2023-06-05T18:02:48.918+0000] {taskinstance.py:1282} INFO - 
--------------------------------------------------------------------------------
[2023-06-05T18:02:48.918+0000] {taskinstance.py:1283} INFO - Starting attempt 1 of 6
[2023-06-05T18:02:48.918+0000] {taskinstance.py:1284} INFO - 
--------------------------------------------------------------------------------
[2023-06-05T18:02:49.010+0000] {taskinstance.py:1303} INFO - Executing <Task(PostgresOperator): add_data_in_weather> on 2023-05-23 06:01:00+00:00
[2023-06-05T18:02:49.028+0000] {standard_task_runner.py:55} INFO - Started process 12742 to run task
[2023-06-05T18:02:49.041+0000] {standard_task_runner.py:82} INFO - Running: ['***', 'tasks', 'run', 'weather', 'add_data_in_weather', 'scheduled__2023-05-23T06:01:00+00:00', '--job-id', '837', '--raw', '--subdir', 'DAGS_FOLDER/weather_DAG.py', '--cfg-path', '/tmp/tmp9akbr3cj']
[2023-06-05T18:02:49.049+0000] {standard_task_runner.py:83} INFO - Job 837: Subtask add_data_in_weather
[2023-06-05T18:02:49.344+0000] {task_command.py:388} INFO - Running <TaskInstance: weather.add_data_in_weather scheduled__2023-05-23T06:01:00+00:00 [running]> on host 05172cfd5782
[2023-06-05T18:02:50.182+0000] {taskinstance.py:1511} INFO - Exporting the following env vars:
AIRFLOW_CTX_DAG_OWNER=fox
AIRFLOW_CTX_DAG_ID=weather
AIRFLOW_CTX_TASK_ID=add_data_in_weather
AIRFLOW_CTX_EXECUTION_DATE=2023-05-23T06:01:00+00:00
AIRFLOW_CTX_TRY_NUMBER=1
AIRFLOW_CTX_DAG_RUN_ID=scheduled__2023-05-23T06:01:00+00:00
[2023-06-05T18:02:50.185+0000] {sql.py:254} INFO - Executing: 
            insert into weather_data (date, current_temperature, feels_like, sky, chance_of_precipitation, wind, 
            pressure, uv_index, humidity, precipitation) values 
            ('2023-06-05T19:58:24+02:00',
            '+17째',
            '+19째C',
            'Overcast, no precipitation',
            '40',
            '1',
            '741',
            '1/12',
            '69',
            '0.05'
            )
            
[2023-06-05T18:02:50.226+0000] {base.py:73} INFO - Using connection ID 'postgres_localhost' for task execution.
[2023-06-05T18:02:55.455+0000] {base.py:73} INFO - Using connection ID 'postgres_localhost' for task execution.
[2023-06-05T18:02:55.489+0000] {sql.py:375} INFO - Running statement: 
            insert into weather_data (date, current_temperature, feels_like, sky, chance_of_precipitation, wind, 
            pressure, uv_index, humidity, precipitation) values 
            ('2023-06-05T19:58:24+02:00',
            '+17째',
            '+19째C',
            'Overcast, no precipitation',
            '40',
            '1',
            '741',
            '1/12',
            '69',
            '0.05'
            )
            , parameters: None
[2023-06-05T18:02:55.499+0000] {sql.py:384} INFO - Rows affected: 1
[2023-06-05T18:02:55.689+0000] {taskinstance.py:1326} INFO - Marking task as SUCCESS. dag_id=weather, task_id=add_data_in_weather, execution_date=20230523T060100, start_date=20230605T180248, end_date=20230605T180255
[2023-06-05T18:02:57.059+0000] {local_task_job.py:212} INFO - Task exited with return code 0
[2023-06-05T18:02:57.364+0000] {taskinstance.py:2585} INFO - 0 downstream tasks scheduled from follow-on schedule check
