[2023-05-23T17:36:30.166+0000] {taskinstance.py:1084} INFO - Dependencies all met for dep_context=non-requeueable deps ti=<TaskInstance: refresh_token.fresh manual__2023-05-23T17:36:29.595804+00:00 [queued]>
[2023-05-23T17:36:30.190+0000] {taskinstance.py:1084} INFO - Dependencies all met for dep_context=requeueable deps ti=<TaskInstance: refresh_token.fresh manual__2023-05-23T17:36:29.595804+00:00 [queued]>
[2023-05-23T17:36:30.190+0000] {taskinstance.py:1282} INFO - 
--------------------------------------------------------------------------------
[2023-05-23T17:36:30.190+0000] {taskinstance.py:1283} INFO - Starting attempt 1 of 6
[2023-05-23T17:36:30.190+0000] {taskinstance.py:1284} INFO - 
--------------------------------------------------------------------------------
[2023-05-23T17:36:30.231+0000] {taskinstance.py:1303} INFO - Executing <Task(PythonOperator): fresh> on 2023-05-23 17:36:29.595804+00:00
[2023-05-23T17:36:30.237+0000] {standard_task_runner.py:55} INFO - Started process 2932 to run task
[2023-05-23T17:36:30.246+0000] {standard_task_runner.py:82} INFO - Running: ['***', 'tasks', 'run', 'refresh_token', 'fresh', 'manual__2023-05-23T17:36:29.595804+00:00', '--job-id', '54', '--raw', '--subdir', 'DAGS_FOLDER/refresh_token_DAG.py', '--cfg-path', '/tmp/tmpw2gofugj']
[2023-05-23T17:36:30.248+0000] {standard_task_runner.py:83} INFO - Job 54: Subtask fresh
[2023-05-23T17:36:30.371+0000] {task_command.py:388} INFO - Running <TaskInstance: refresh_token.fresh manual__2023-05-23T17:36:29.595804+00:00 [running]> on host 2a789c3fa429
[2023-05-23T17:36:30.575+0000] {taskinstance.py:1511} INFO - Exporting the following env vars:
AIRFLOW_CTX_DAG_OWNER=fox
AIRFLOW_CTX_DAG_ID=refresh_token
AIRFLOW_CTX_TASK_ID=fresh
AIRFLOW_CTX_EXECUTION_DATE=2023-05-23T17:36:29.595804+00:00
AIRFLOW_CTX_TRY_NUMBER=1
AIRFLOW_CTX_DAG_RUN_ID=manual__2023-05-23T17:36:29.595804+00:00
[2023-05-23T17:36:30.778+0000] {python.py:177} INFO - Done. Returned value was: BQApZUSQhGOa13E90KANdd1FjfDHP-kBHD55-b5XeQouV86Hb3Ohm44hLsyWltZfvpwPaP4rYGGD4OVBSNMZFMiLFf2YR3dbwG96M-qCBrCioOX16gmSN_LUKfmD7IVwM4InRomWNozUAQNt5DdOWhYBCTljAp_o7Lc4M31K0QigK5KhxbyjCAQZCHPxoXl_oT_Xtimb0adPHkE
[2023-05-23T17:36:30.823+0000] {taskinstance.py:1326} INFO - Marking task as SUCCESS. dag_id=refresh_token, task_id=fresh, execution_date=20230523T173629, start_date=20230523T173630, end_date=20230523T173630
[2023-05-23T17:36:30.916+0000] {local_task_job.py:212} INFO - Task exited with return code 0
[2023-05-23T17:36:30.944+0000] {taskinstance.py:2585} INFO - 0 downstream tasks scheduled from follow-on schedule check
