[2023-05-23T17:49:20.484+0000] {taskinstance.py:1084} INFO - Dependencies all met for dep_context=non-requeueable deps ti=<TaskInstance: refresh_token.fresh manual__2023-05-23T17:36:29.595804+00:00 [queued]>
[2023-05-23T17:49:20.497+0000] {taskinstance.py:1084} INFO - Dependencies all met for dep_context=requeueable deps ti=<TaskInstance: refresh_token.fresh manual__2023-05-23T17:36:29.595804+00:00 [queued]>
[2023-05-23T17:49:20.497+0000] {taskinstance.py:1282} INFO - 
--------------------------------------------------------------------------------
[2023-05-23T17:49:20.498+0000] {taskinstance.py:1283} INFO - Starting attempt 2 of 7
[2023-05-23T17:49:20.498+0000] {taskinstance.py:1284} INFO - 
--------------------------------------------------------------------------------
[2023-05-23T17:49:20.545+0000] {taskinstance.py:1303} INFO - Executing <Task(PythonOperator): fresh> on 2023-05-23 17:36:29.595804+00:00
[2023-05-23T17:49:20.563+0000] {standard_task_runner.py:55} INFO - Started process 3254 to run task
[2023-05-23T17:49:20.571+0000] {standard_task_runner.py:82} INFO - Running: ['***', 'tasks', 'run', 'refresh_token', 'fresh', 'manual__2023-05-23T17:36:29.595804+00:00', '--job-id', '56', '--raw', '--subdir', 'DAGS_FOLDER/refresh_token_DAG.py', '--cfg-path', '/tmp/tmpubxi1h5j']
[2023-05-23T17:49:20.576+0000] {standard_task_runner.py:83} INFO - Job 56: Subtask fresh
[2023-05-23T17:49:20.692+0000] {task_command.py:388} INFO - Running <TaskInstance: refresh_token.fresh manual__2023-05-23T17:36:29.595804+00:00 [running]> on host 2a789c3fa429
[2023-05-23T17:49:20.818+0000] {taskinstance.py:1511} INFO - Exporting the following env vars:
AIRFLOW_CTX_DAG_OWNER=fox
AIRFLOW_CTX_DAG_ID=refresh_token
AIRFLOW_CTX_TASK_ID=fresh
AIRFLOW_CTX_EXECUTION_DATE=2023-05-23T17:36:29.595804+00:00
AIRFLOW_CTX_TRY_NUMBER=2
AIRFLOW_CTX_DAG_RUN_ID=manual__2023-05-23T17:36:29.595804+00:00
[2023-05-23T17:49:21.213+0000] {python.py:177} INFO - Done. Returned value was: BQBszndgfIEtYwo0cxdzodxHA5HkWGvxQKHy6ZHoDk4MVVsmCAhV-fMs9jtiSi1PhVNm5WMv3pQvXbuIm4wQBmtSz9CCv3UEN-8574w0iTxSPBRh5rakT9sCA7di0LLwn6yp4gHg32O_Vb1LoZqzVAb_o3eA-MYw0l3kSyg4loNCl__6kUlMBIYKR_pcq44kcLqtemcloNpgGiE
[2023-05-23T17:49:21.251+0000] {taskinstance.py:1326} INFO - Marking task as SUCCESS. dag_id=refresh_token, task_id=fresh, execution_date=20230523T173629, start_date=20230523T174920, end_date=20230523T174921
[2023-05-23T17:49:21.279+0000] {local_task_job.py:212} INFO - Task exited with return code 0
[2023-05-23T17:49:21.329+0000] {taskinstance.py:2585} INFO - 1 downstream tasks scheduled from follow-on schedule check
