[2023-05-23T17:08:40.706+0000] {taskinstance.py:1084} INFO - Dependencies all met for dep_context=non-requeueable deps ti=<TaskInstance: refresh_token.fresh manual__2023-05-23T17:08:39.471898+00:00 [queued]>
[2023-05-23T17:08:40.745+0000] {taskinstance.py:1084} INFO - Dependencies all met for dep_context=requeueable deps ti=<TaskInstance: refresh_token.fresh manual__2023-05-23T17:08:39.471898+00:00 [queued]>
[2023-05-23T17:08:40.746+0000] {taskinstance.py:1282} INFO - 
--------------------------------------------------------------------------------
[2023-05-23T17:08:40.746+0000] {taskinstance.py:1283} INFO - Starting attempt 1 of 6
[2023-05-23T17:08:40.746+0000] {taskinstance.py:1284} INFO - 
--------------------------------------------------------------------------------
[2023-05-23T17:08:40.800+0000] {taskinstance.py:1303} INFO - Executing <Task(PythonOperator): fresh> on 2023-05-23 17:08:39.471898+00:00
[2023-05-23T17:08:40.809+0000] {standard_task_runner.py:55} INFO - Started process 2237 to run task
[2023-05-23T17:08:40.812+0000] {standard_task_runner.py:82} INFO - Running: ['***', 'tasks', 'run', 'refresh_token', 'fresh', 'manual__2023-05-23T17:08:39.471898+00:00', '--job-id', '45', '--raw', '--subdir', 'DAGS_FOLDER/refresh_token_DAG.py', '--cfg-path', '/tmp/tmp6txqt0tq']
[2023-05-23T17:08:40.819+0000] {standard_task_runner.py:83} INFO - Job 45: Subtask fresh
[2023-05-23T17:08:40.941+0000] {task_command.py:388} INFO - Running <TaskInstance: refresh_token.fresh manual__2023-05-23T17:08:39.471898+00:00 [running]> on host 2a789c3fa429
[2023-05-23T17:08:41.139+0000] {taskinstance.py:1511} INFO - Exporting the following env vars:
AIRFLOW_CTX_DAG_OWNER=fox
AIRFLOW_CTX_DAG_ID=refresh_token
AIRFLOW_CTX_TASK_ID=fresh
AIRFLOW_CTX_EXECUTION_DATE=2023-05-23T17:08:39.471898+00:00
AIRFLOW_CTX_TRY_NUMBER=1
AIRFLOW_CTX_DAG_RUN_ID=manual__2023-05-23T17:08:39.471898+00:00
[2023-05-23T17:08:41.670+0000] {python.py:177} INFO - Done. Returned value was: BQDJLu9uoDsM8kXV1W7f1Rr4Kwi-1WRRf5Ua3nHnja_PWHndUj5mim48BZvRU3Sas_rSIFnFHgJbIW5NWSQb38V2pbYmn-pQtLtNaFO4Nujt7y_QEmTHeZ2Ip6oGmUqIlb4VAQpsEs31hRpPu6ndFOwVIaTLw_blcv0oT0cfaQd-cJIXDODRAY9hwxejQ9wth2mNXgaOsZa6QlM
[2023-05-23T17:08:41.712+0000] {taskinstance.py:1326} INFO - Marking task as SUCCESS. dag_id=refresh_token, task_id=fresh, execution_date=20230523T170839, start_date=20230523T170840, end_date=20230523T170841
[2023-05-23T17:08:41.758+0000] {local_task_job.py:212} INFO - Task exited with return code 0
[2023-05-23T17:08:41.787+0000] {taskinstance.py:2585} INFO - 0 downstream tasks scheduled from follow-on schedule check
