[2023-05-28T17:00:02.187+0000] {taskinstance.py:1084} INFO - Dependencies all met for dep_context=non-requeueable deps ti=<TaskInstance: ETL.ETL scheduled__2023-05-27T17:00:00+00:00 [queued]>
[2023-05-28T17:00:02.199+0000] {taskinstance.py:1084} INFO - Dependencies all met for dep_context=requeueable deps ti=<TaskInstance: ETL.ETL scheduled__2023-05-27T17:00:00+00:00 [queued]>
[2023-05-28T17:00:02.199+0000] {taskinstance.py:1282} INFO - 
--------------------------------------------------------------------------------
[2023-05-28T17:00:02.199+0000] {taskinstance.py:1283} INFO - Starting attempt 1 of 6
[2023-05-28T17:00:02.199+0000] {taskinstance.py:1284} INFO - 
--------------------------------------------------------------------------------
[2023-05-28T17:00:02.219+0000] {taskinstance.py:1303} INFO - Executing <Task(PythonOperator): ETL> on 2023-05-27 17:00:00+00:00
[2023-05-28T17:00:02.224+0000] {standard_task_runner.py:55} INFO - Started process 18855 to run task
[2023-05-28T17:00:02.231+0000] {standard_task_runner.py:82} INFO - Running: ['***', 'tasks', 'run', 'ETL', 'ETL', 'scheduled__2023-05-27T17:00:00+00:00', '--job-id', '392', '--raw', '--subdir', 'DAGS_FOLDER/ETL_spotify_DAG.py', '--cfg-path', '/tmp/tmpq51asyb_']
[2023-05-28T17:00:02.233+0000] {standard_task_runner.py:83} INFO - Job 392: Subtask ETL
[2023-05-28T17:00:02.316+0000] {task_command.py:388} INFO - Running <TaskInstance: ETL.ETL scheduled__2023-05-27T17:00:00+00:00 [running]> on host 05172cfd5782
[2023-05-28T17:00:02.413+0000] {taskinstance.py:1511} INFO - Exporting the following env vars:
AIRFLOW_CTX_DAG_OWNER=fox
AIRFLOW_CTX_DAG_ID=ETL
AIRFLOW_CTX_TASK_ID=ETL
AIRFLOW_CTX_EXECUTION_DATE=2023-05-27T17:00:00+00:00
AIRFLOW_CTX_TRY_NUMBER=1
AIRFLOW_CTX_DAG_RUN_ID=scheduled__2023-05-27T17:00:00+00:00
[2023-05-28T17:00:03.039+0000] {python.py:177} INFO - Done. Returned value was: {'played_at': ['2023-05-28T08:51:34.664Z', '2023-05-28T08:47:57.466Z', '2023-05-28T08:44:14.762Z', '2023-05-28T08:39:22.747Z', '2023-05-28T08:35:21.415Z', '2023-05-28T08:31:54.031Z', '2023-05-28T08:29:03.072Z', '2023-05-28T08:26:46.767Z', '2023-05-28T08:22:54.753Z', '2023-05-28T08:19:15.467Z'], 'artist': ['Linkin Park', 'Airbourne', 'Bullet For My Valentine', 'Parkway Drive', 'Sabaton', 'Ashes Remain', 'Suicide Silence', 'Three Days Grace', 'System Of A Down', 'Saliva'], 'name_track': ['In the End', 'Runnin* Wild', 'Your Betrayal', 'A Deathless Song (feat. Jenna McDougall)', 'Resist and Bite', 'End of Me', 'Unanswered', 'Animal I Have Become', 'Toxicity', 'They Don*t Care About Us'], 'timestamps': ['2023-05-28', '2023-05-28', '2023-05-28', '2023-05-28', '2023-05-28', '2023-05-28', '2023-05-28', '2023-05-28', '2023-05-28', '2023-05-28']}
[2023-05-28T17:00:03.091+0000] {taskinstance.py:1326} INFO - Marking task as SUCCESS. dag_id=ETL, task_id=ETL, execution_date=20230527T170000, start_date=20230528T170002, end_date=20230528T170003
[2023-05-28T17:00:03.128+0000] {local_task_job.py:212} INFO - Task exited with return code 0
[2023-05-28T17:00:03.167+0000] {taskinstance.py:2585} INFO - 1 downstream tasks scheduled from follow-on schedule check
