[2023-05-25T17:29:16.899+0000] {taskinstance.py:1084} INFO - Dependencies all met for dep_context=non-requeueable deps ti=<TaskInstance: ETL.add_data manual__2023-05-24T17:09:20.161548+00:00 [queued]>
[2023-05-25T17:29:16.924+0000] {taskinstance.py:1084} INFO - Dependencies all met for dep_context=requeueable deps ti=<TaskInstance: ETL.add_data manual__2023-05-24T17:09:20.161548+00:00 [queued]>
[2023-05-25T17:29:16.925+0000] {taskinstance.py:1282} INFO - 
--------------------------------------------------------------------------------
[2023-05-25T17:29:16.925+0000] {taskinstance.py:1283} INFO - Starting attempt 43 of 48
[2023-05-25T17:29:16.925+0000] {taskinstance.py:1284} INFO - 
--------------------------------------------------------------------------------
[2023-05-25T17:29:16.988+0000] {taskinstance.py:1303} INFO - Executing <Task(PostgresOperator): add_data> on 2023-05-24 17:09:20.161548+00:00
[2023-05-25T17:29:17.026+0000] {standard_task_runner.py:55} INFO - Started process 3748 to run task
[2023-05-25T17:29:17.033+0000] {standard_task_runner.py:82} INFO - Running: ['***', 'tasks', 'run', 'ETL', 'add_data', 'manual__2023-05-24T17:09:20.161548+00:00', '--job-id', '240', '--raw', '--subdir', 'DAGS_FOLDER/refresh_token_DAG.py', '--cfg-path', '/tmp/tmpzr11tkih']
[2023-05-25T17:29:17.040+0000] {standard_task_runner.py:83} INFO - Job 240: Subtask add_data
[2023-05-25T17:29:17.560+0000] {task_command.py:388} INFO - Running <TaskInstance: ETL.add_data manual__2023-05-24T17:09:20.161548+00:00 [running]> on host 2fa3ade57007
[2023-05-25T17:29:17.906+0000] {taskinstance.py:1511} INFO - Exporting the following env vars:
AIRFLOW_CTX_DAG_OWNER=fox
AIRFLOW_CTX_DAG_ID=ETL
AIRFLOW_CTX_TASK_ID=add_data
AIRFLOW_CTX_EXECUTION_DATE=2023-05-24T17:09:20.161548+00:00
AIRFLOW_CTX_TRY_NUMBER=43
AIRFLOW_CTX_DAG_RUN_ID=manual__2023-05-24T17:09:20.161548+00:00
[2023-05-25T17:29:17.907+0000] {sql.py:254} INFO - Executing: 
            insert into spotify_data (played_at) values ('2023-05-24T09:13:18.726Z')
        
[2023-05-25T17:29:17.947+0000] {base.py:73} INFO - Using connection ID 'postgres_localhost' for task execution.
[2023-05-25T17:29:18.374+0000] {base.py:73} INFO - Using connection ID 'postgres_localhost' for task execution.
[2023-05-25T17:29:18.378+0000] {sql.py:375} INFO - Running statement: 
            insert into spotify_data (played_at) values ('2023-05-24T09:13:18.726Z')
        , parameters: None
[2023-05-25T17:29:18.379+0000] {sql.py:384} INFO - Rows affected: 1
[2023-05-25T17:29:18.397+0000] {taskinstance.py:1326} INFO - Marking task as SUCCESS. dag_id=ETL, task_id=add_data, execution_date=20230524T170920, start_date=20230525T172916, end_date=20230525T172918
[2023-05-25T17:29:18.434+0000] {local_task_job.py:212} INFO - Task exited with return code 0
[2023-05-25T17:29:18.463+0000] {taskinstance.py:2585} INFO - 0 downstream tasks scheduled from follow-on schedule check
