[2023-05-24T17:09:41.701+0000] {taskinstance.py:1084} INFO - Dependencies all met for dep_context=non-requeueable deps ti=<TaskInstance: ETL.add_data manual__2023-05-24T17:09:20.161548+00:00 [queued]>
[2023-05-24T17:09:41.717+0000] {taskinstance.py:1084} INFO - Dependencies all met for dep_context=requeueable deps ti=<TaskInstance: ETL.add_data manual__2023-05-24T17:09:20.161548+00:00 [queued]>
[2023-05-24T17:09:41.717+0000] {taskinstance.py:1282} INFO - 
--------------------------------------------------------------------------------
[2023-05-24T17:09:41.718+0000] {taskinstance.py:1283} INFO - Starting attempt 1 of 6
[2023-05-24T17:09:41.718+0000] {taskinstance.py:1284} INFO - 
--------------------------------------------------------------------------------
[2023-05-24T17:09:41.746+0000] {taskinstance.py:1303} INFO - Executing <Task(PostgresOperator): add_data> on 2023-05-24 17:09:20.161548+00:00
[2023-05-24T17:09:41.753+0000] {standard_task_runner.py:55} INFO - Started process 3425 to run task
[2023-05-24T17:09:41.756+0000] {standard_task_runner.py:82} INFO - Running: ['***', 'tasks', 'run', 'ETL', 'add_data', 'manual__2023-05-24T17:09:20.161548+00:00', '--job-id', '148', '--raw', '--subdir', 'DAGS_FOLDER/refresh_token_DAG.py', '--cfg-path', '/tmp/tmpzqqw0gwc']
[2023-05-24T17:09:41.763+0000] {standard_task_runner.py:83} INFO - Job 148: Subtask add_data
[2023-05-24T17:09:41.893+0000] {task_command.py:388} INFO - Running <TaskInstance: ETL.add_data manual__2023-05-24T17:09:20.161548+00:00 [running]> on host 2fa3ade57007
[2023-05-24T17:09:42.038+0000] {taskinstance.py:1511} INFO - Exporting the following env vars:
AIRFLOW_CTX_DAG_OWNER=fox
AIRFLOW_CTX_DAG_ID=ETL
AIRFLOW_CTX_TASK_ID=add_data
AIRFLOW_CTX_EXECUTION_DATE=2023-05-24T17:09:20.161548+00:00
AIRFLOW_CTX_TRY_NUMBER=1
AIRFLOW_CTX_DAG_RUN_ID=manual__2023-05-24T17:09:20.161548+00:00
[2023-05-24T17:09:42.040+0000] {sql.py:254} INFO - Executing: 
            insert into spotify_data (played_at, artist, name_track, timestamps) 
            values (spotify_df['played_at'], spotify_df['artist'], spotify_df['name_track'], spotify_df['timestamps'])
        
[2023-05-24T17:09:42.055+0000] {base.py:73} INFO - Using connection ID 'postgres_localhost' for task execution.
[2023-05-24T17:09:42.463+0000] {base.py:73} INFO - Using connection ID 'postgres_localhost' for task execution.
[2023-05-24T17:09:42.468+0000] {sql.py:375} INFO - Running statement: 
            insert into spotify_data (played_at, artist, name_track, timestamps) 
            values (spotify_df['played_at'], spotify_df['artist'], spotify_df['name_track'], spotify_df['timestamps'])
        , parameters: None
[2023-05-24T17:09:42.469+0000] {taskinstance.py:1775} ERROR - Task failed with exception
Traceback (most recent call last):
  File "/home/airflow/.local/lib/python3.7/site-packages/airflow/providers/common/sql/operators/sql.py", line 266, in execute
    **extra_kwargs,
  File "/home/airflow/.local/lib/python3.7/site-packages/airflow/providers/common/sql/hooks/sql.py", line 349, in run
    self._run_command(cur, sql_statement, parameters)
  File "/home/airflow/.local/lib/python3.7/site-packages/airflow/providers/common/sql/hooks/sql.py", line 380, in _run_command
    cur.execute(sql_statement)
psycopg2.errors.UndefinedColumn: column "spotify_df" does not exist
LINE 3:             values (spotify_df['played_at'], spotify_df['art...
                            ^

[2023-05-24T17:09:42.481+0000] {taskinstance.py:1326} INFO - Marking task as UP_FOR_RETRY. dag_id=ETL, task_id=add_data, execution_date=20230524T170920, start_date=20230524T170941, end_date=20230524T170942
[2023-05-24T17:09:42.502+0000] {standard_task_runner.py:105} ERROR - Failed to execute job 148 for task add_data (column "spotify_df" does not exist
LINE 3:             values (spotify_df['played_at'], spotify_df['art...
                            ^
; 3425)
[2023-05-24T17:09:42.544+0000] {local_task_job.py:212} INFO - Task exited with return code 1
[2023-05-24T17:09:42.586+0000] {taskinstance.py:2585} INFO - 0 downstream tasks scheduled from follow-on schedule check
