[2023-06-01T17:00:06.037+0000] {taskinstance.py:1084} INFO - Dependencies all met for dep_context=non-requeueable deps ti=<TaskInstance: ETL.add_data_in_database scheduled__2023-05-31T17:00:00+00:00 [queued]>
[2023-06-01T17:00:06.053+0000] {taskinstance.py:1084} INFO - Dependencies all met for dep_context=requeueable deps ti=<TaskInstance: ETL.add_data_in_database scheduled__2023-05-31T17:00:00+00:00 [queued]>
[2023-06-01T17:00:06.054+0000] {taskinstance.py:1282} INFO - 
--------------------------------------------------------------------------------
[2023-06-01T17:00:06.054+0000] {taskinstance.py:1283} INFO - Starting attempt 1 of 6
[2023-06-01T17:00:06.054+0000] {taskinstance.py:1284} INFO - 
--------------------------------------------------------------------------------
[2023-06-01T17:00:06.077+0000] {taskinstance.py:1303} INFO - Executing <Task(PostgresOperator): add_data_in_database> on 2023-05-31 17:00:00+00:00
[2023-06-01T17:00:06.084+0000] {standard_task_runner.py:55} INFO - Started process 143910 to run task
[2023-06-01T17:00:06.087+0000] {standard_task_runner.py:82} INFO - Running: ['***', 'tasks', 'run', 'ETL', 'add_data_in_database', 'scheduled__2023-05-31T17:00:00+00:00', '--job-id', '418', '--raw', '--subdir', 'DAGS_FOLDER/ETL_spotify_DAG.py', '--cfg-path', '/tmp/tmp4zrgwjby']
[2023-06-01T17:00:06.089+0000] {standard_task_runner.py:83} INFO - Job 418: Subtask add_data_in_database
[2023-06-01T17:00:06.187+0000] {task_command.py:388} INFO - Running <TaskInstance: ETL.add_data_in_database scheduled__2023-05-31T17:00:00+00:00 [running]> on host 05172cfd5782
[2023-06-01T17:00:06.835+0000] {taskinstance.py:1511} INFO - Exporting the following env vars:
AIRFLOW_CTX_DAG_OWNER=fox
AIRFLOW_CTX_DAG_ID=ETL
AIRFLOW_CTX_TASK_ID=add_data_in_database
AIRFLOW_CTX_EXECUTION_DATE=2023-05-31T17:00:00+00:00
AIRFLOW_CTX_TRY_NUMBER=1
AIRFLOW_CTX_DAG_RUN_ID=scheduled__2023-05-31T17:00:00+00:00
[2023-06-01T17:00:06.835+0000] {sql.py:254} INFO - Executing: 
            insert into spotify_data (played_at, artist, name_track, timestamps) values 
            ('2023-05-31T15:08:05.289Z',
            'SadSvit',
            'Касета',
            '2023-05-31'
            );
            insert into spotify_data (played_at, artist, name_track, timestamps) values 
            ('2023-05-31T15:04:45.479Z',
            'Andreea Banica',
            'Love in Brasil',
            '2023-05-31'
            );
            insert into spotify_data (played_at, artist, name_track, timestamps) values 
            ('2023-05-31T15:01:04.625Z',
            'Skryabin',
            'Квінти',
            '2023-05-31'
            );
            insert into spotify_data (played_at, artist, name_track, timestamps) values 
            ('2023-05-31T11:52:28.949Z',
            'Rammstein',
            'Du hast',
            '2023-05-31'
            );
            insert into spotify_data (played_at, artist, name_track, timestamps) values 
            ('2023-05-31T11:40:00.097Z',
            'Alter Bridge',
            'Metalingus',
            '2023-05-31'
            );
            insert into spotify_data (played_at, artist, name_track, timestamps) values 
            ('2023-05-31T11:35:40.051Z',
            'Adelitas Way',
            'Invincible',
            '2023-05-31'
            );
            insert into spotify_data (played_at, artist, name_track, timestamps) values 
            ('2023-05-31T11:32:28.624Z',
            'Five Finger Death Punch',
            'Bad Company',
            '2023-05-31'
            );
            insert into spotify_data (played_at, artist, name_track, timestamps) values 
            ('2023-05-31T11:30:05.769Z',
            'Five Finger Death Punch',
            'Bad Company',
            '2023-05-31'
            );
            insert into spotify_data (played_at, artist, name_track, timestamps) values 
            ('2023-05-31T11:27:37.200Z',
            'Після Дощу',
            'Хочеш',
            '2023-05-31'
            );
            insert into spotify_data (played_at, artist, name_track, timestamps) values 
            ('2023-05-31T11:25:08.737Z',
            'Evanescence',
            'Going Under',
            '2023-05-31'
            )
            
[2023-06-01T17:00:06.847+0000] {base.py:73} INFO - Using connection ID 'postgres_localhost' for task execution.
[2023-06-01T17:00:07.272+0000] {base.py:73} INFO - Using connection ID 'postgres_localhost' for task execution.
[2023-06-01T17:00:07.276+0000] {sql.py:375} INFO - Running statement: 
            insert into spotify_data (played_at, artist, name_track, timestamps) values 
            ('2023-05-31T15:08:05.289Z',
            'SadSvit',
            'Касета',
            '2023-05-31'
            );
            insert into spotify_data (played_at, artist, name_track, timestamps) values 
            ('2023-05-31T15:04:45.479Z',
            'Andreea Banica',
            'Love in Brasil',
            '2023-05-31'
            );
            insert into spotify_data (played_at, artist, name_track, timestamps) values 
            ('2023-05-31T15:01:04.625Z',
            'Skryabin',
            'Квінти',
            '2023-05-31'
            );
            insert into spotify_data (played_at, artist, name_track, timestamps) values 
            ('2023-05-31T11:52:28.949Z',
            'Rammstein',
            'Du hast',
            '2023-05-31'
            );
            insert into spotify_data (played_at, artist, name_track, timestamps) values 
            ('2023-05-31T11:40:00.097Z',
            'Alter Bridge',
            'Metalingus',
            '2023-05-31'
            );
            insert into spotify_data (played_at, artist, name_track, timestamps) values 
            ('2023-05-31T11:35:40.051Z',
            'Adelitas Way',
            'Invincible',
            '2023-05-31'
            );
            insert into spotify_data (played_at, artist, name_track, timestamps) values 
            ('2023-05-31T11:32:28.624Z',
            'Five Finger Death Punch',
            'Bad Company',
            '2023-05-31'
            );
            insert into spotify_data (played_at, artist, name_track, timestamps) values 
            ('2023-05-31T11:30:05.769Z',
            'Five Finger Death Punch',
            'Bad Company',
            '2023-05-31'
            );
            insert into spotify_data (played_at, artist, name_track, timestamps) values 
            ('2023-05-31T11:27:37.200Z',
            'Після Дощу',
            'Хочеш',
            '2023-05-31'
            );
            insert into spotify_data (played_at, artist, name_track, timestamps) values 
            ('2023-05-31T11:25:08.737Z',
            'Evanescence',
            'Going Under',
            '2023-05-31'
            )
            , parameters: None
[2023-06-01T17:00:07.283+0000] {sql.py:384} INFO - Rows affected: 1
[2023-06-01T17:00:07.300+0000] {taskinstance.py:1326} INFO - Marking task as SUCCESS. dag_id=ETL, task_id=add_data_in_database, execution_date=20230531T170000, start_date=20230601T170006, end_date=20230601T170007
[2023-06-01T17:00:07.357+0000] {local_task_job.py:212} INFO - Task exited with return code 0
[2023-06-01T17:00:07.384+0000] {taskinstance.py:2585} INFO - 0 downstream tasks scheduled from follow-on schedule check
