[2023-05-24T16:02:10.560+0000] {taskinstance.py:1084} INFO - Dependencies all met for dep_context=non-requeueable deps ti=<TaskInstance: refresh_token.token manual__2023-05-23T17:54:32.171118+00:00 [queued]>
[2023-05-24T16:02:10.576+0000] {taskinstance.py:1084} INFO - Dependencies all met for dep_context=requeueable deps ti=<TaskInstance: refresh_token.token manual__2023-05-23T17:54:32.171118+00:00 [queued]>
[2023-05-24T16:02:10.577+0000] {taskinstance.py:1282} INFO - 
--------------------------------------------------------------------------------
[2023-05-24T16:02:10.577+0000] {taskinstance.py:1283} INFO - Starting attempt 21 of 26
[2023-05-24T16:02:10.577+0000] {taskinstance.py:1284} INFO - 
--------------------------------------------------------------------------------
[2023-05-24T16:02:10.603+0000] {taskinstance.py:1303} INFO - Executing <Task(PythonOperator): token> on 2023-05-23 17:54:32.171118+00:00
[2023-05-24T16:02:10.611+0000] {standard_task_runner.py:55} INFO - Started process 1555 to run task
[2023-05-24T16:02:10.614+0000] {standard_task_runner.py:82} INFO - Running: ['***', 'tasks', 'run', 'refresh_token', 'token', 'manual__2023-05-23T17:54:32.171118+00:00', '--job-id', '104', '--raw', '--subdir', 'DAGS_FOLDER/refresh_token_DAG.py', '--cfg-path', '/tmp/tmpyn7guwow']
[2023-05-24T16:02:10.617+0000] {standard_task_runner.py:83} INFO - Job 104: Subtask token
[2023-05-24T16:02:10.707+0000] {task_command.py:388} INFO - Running <TaskInstance: refresh_token.token manual__2023-05-23T17:54:32.171118+00:00 [running]> on host 2fa3ade57007
[2023-05-24T16:02:10.827+0000] {taskinstance.py:1511} INFO - Exporting the following env vars:
AIRFLOW_CTX_DAG_OWNER=fox
AIRFLOW_CTX_DAG_ID=refresh_token
AIRFLOW_CTX_TASK_ID=token
AIRFLOW_CTX_EXECUTION_DATE=2023-05-23T17:54:32.171118+00:00
AIRFLOW_CTX_TRY_NUMBER=21
AIRFLOW_CTX_DAG_RUN_ID=manual__2023-05-23T17:54:32.171118+00:00
[2023-05-24T16:02:10.843+0000] {python.py:177} INFO - Done. Returned value was: None
[2023-05-24T16:02:10.857+0000] {taskinstance.py:1326} INFO - Marking task as SUCCESS. dag_id=refresh_token, task_id=token, execution_date=20230523T175432, start_date=20230524T160210, end_date=20230524T160210
[2023-05-24T16:02:10.908+0000] {local_task_job.py:212} INFO - Task exited with return code 0
[2023-05-24T16:02:10.941+0000] {taskinstance.py:2585} INFO - 1 downstream tasks scheduled from follow-on schedule check
