[2023-05-24T15:26:44.596+0000] {taskinstance.py:1084} INFO - Dependencies all met for dep_context=non-requeueable deps ti=<TaskInstance: refresh_token.token manual__2023-05-23T17:54:32.171118+00:00 [queued]>
[2023-05-24T15:26:44.615+0000] {taskinstance.py:1084} INFO - Dependencies all met for dep_context=requeueable deps ti=<TaskInstance: refresh_token.token manual__2023-05-23T17:54:32.171118+00:00 [queued]>
[2023-05-24T15:26:44.615+0000] {taskinstance.py:1282} INFO - 
--------------------------------------------------------------------------------
[2023-05-24T15:26:44.616+0000] {taskinstance.py:1283} INFO - Starting attempt 5 of 10
[2023-05-24T15:26:44.616+0000] {taskinstance.py:1284} INFO - 
--------------------------------------------------------------------------------
[2023-05-24T15:26:44.658+0000] {taskinstance.py:1303} INFO - Executing <Task(PythonOperator): token> on 2023-05-23 17:54:32.171118+00:00
[2023-05-24T15:26:44.666+0000] {standard_task_runner.py:55} INFO - Started process 573 to run task
[2023-05-24T15:26:44.669+0000] {standard_task_runner.py:82} INFO - Running: ['***', 'tasks', 'run', 'refresh_token', 'token', 'manual__2023-05-23T17:54:32.171118+00:00', '--job-id', '84', '--raw', '--subdir', 'DAGS_FOLDER/refresh_token_DAG.py', '--cfg-path', '/tmp/tmpvt2uuooz']
[2023-05-24T15:26:44.671+0000] {standard_task_runner.py:83} INFO - Job 84: Subtask token
[2023-05-24T15:26:44.782+0000] {task_command.py:388} INFO - Running <TaskInstance: refresh_token.token manual__2023-05-23T17:54:32.171118+00:00 [running]> on host 2fa3ade57007
[2023-05-24T15:26:44.969+0000] {taskinstance.py:1511} INFO - Exporting the following env vars:
AIRFLOW_CTX_DAG_OWNER=fox
AIRFLOW_CTX_DAG_ID=refresh_token
AIRFLOW_CTX_TASK_ID=token
AIRFLOW_CTX_EXECUTION_DATE=2023-05-23T17:54:32.171118+00:00
AIRFLOW_CTX_TRY_NUMBER=5
AIRFLOW_CTX_DAG_RUN_ID=manual__2023-05-23T17:54:32.171118+00:00
[2023-05-24T15:26:45.364+0000] {taskinstance.py:1775} ERROR - Task failed with exception
Traceback (most recent call last):
  File "/home/airflow/.local/lib/python3.7/site-packages/airflow/operators/python.py", line 175, in execute
    return_value = self.execute_callable()
  File "/home/airflow/.local/lib/python3.7/site-packages/airflow/operators/python.py", line 192, in execute_callable
    return self.python_callable(*self.op_args, **self.op_kwargs)
  File "/opt/airflow/dags/Spotify_ETL.py", line 60, in run_spotify_etl
    for song in resource['items']:
KeyError: 'items'
[2023-05-24T15:26:45.375+0000] {taskinstance.py:1326} INFO - Marking task as UP_FOR_RETRY. dag_id=refresh_token, task_id=token, execution_date=20230523T175432, start_date=20230524T152644, end_date=20230524T152645
[2023-05-24T15:26:45.408+0000] {standard_task_runner.py:105} ERROR - Failed to execute job 84 for task token ('items'; 573)
[2023-05-24T15:26:45.429+0000] {local_task_job.py:212} INFO - Task exited with return code 1
[2023-05-24T15:26:45.466+0000] {taskinstance.py:2585} INFO - 0 downstream tasks scheduled from follow-on schedule check
