[2023-05-24T15:42:09.516+0000] {taskinstance.py:1084} INFO - Dependencies all met for dep_context=non-requeueable deps ti=<TaskInstance: refresh_token.token manual__2023-05-23T17:54:32.171118+00:00 [queued]>
[2023-05-24T15:42:09.532+0000] {taskinstance.py:1084} INFO - Dependencies all met for dep_context=requeueable deps ti=<TaskInstance: refresh_token.token manual__2023-05-23T17:54:32.171118+00:00 [queued]>
[2023-05-24T15:42:09.532+0000] {taskinstance.py:1282} INFO - 
--------------------------------------------------------------------------------
[2023-05-24T15:42:09.532+0000] {taskinstance.py:1283} INFO - Starting attempt 12 of 17
[2023-05-24T15:42:09.532+0000] {taskinstance.py:1284} INFO - 
--------------------------------------------------------------------------------
[2023-05-24T15:42:09.554+0000] {taskinstance.py:1303} INFO - Executing <Task(PythonOperator): token> on 2023-05-23 17:54:32.171118+00:00
[2023-05-24T15:42:09.561+0000] {standard_task_runner.py:55} INFO - Started process 1000 to run task
[2023-05-24T15:42:09.564+0000] {standard_task_runner.py:82} INFO - Running: ['***', 'tasks', 'run', 'refresh_token', 'token', 'manual__2023-05-23T17:54:32.171118+00:00', '--job-id', '93', '--raw', '--subdir', 'DAGS_FOLDER/refresh_token_DAG.py', '--cfg-path', '/tmp/tmpfv5bqfqb']
[2023-05-24T15:42:09.566+0000] {standard_task_runner.py:83} INFO - Job 93: Subtask token
[2023-05-24T15:42:09.653+0000] {task_command.py:388} INFO - Running <TaskInstance: refresh_token.token manual__2023-05-23T17:54:32.171118+00:00 [running]> on host 2fa3ade57007
[2023-05-24T15:42:09.774+0000] {taskinstance.py:1511} INFO - Exporting the following env vars:
AIRFLOW_CTX_DAG_OWNER=fox
AIRFLOW_CTX_DAG_ID=refresh_token
AIRFLOW_CTX_TASK_ID=token
AIRFLOW_CTX_EXECUTION_DATE=2023-05-23T17:54:32.171118+00:00
AIRFLOW_CTX_TRY_NUMBER=12
AIRFLOW_CTX_DAG_RUN_ID=manual__2023-05-23T17:54:32.171118+00:00
[2023-05-24T15:42:09.790+0000] {logging_mixin.py:137} INFO - None
[2023-05-24T15:42:10.136+0000] {taskinstance.py:1775} ERROR - Task failed with exception
Traceback (most recent call last):
  File "/home/airflow/.local/lib/python3.7/site-packages/airflow/operators/python.py", line 175, in execute
    return_value = self.execute_callable()
  File "/home/airflow/.local/lib/python3.7/site-packages/airflow/operators/python.py", line 192, in execute_callable
    return self.python_callable(*self.op_args, **self.op_kwargs)
  File "/opt/airflow/dags/Spotify_ETL.py", line 62, in run_spotify_etl
    for song in resource['items']:
KeyError: 'items'
[2023-05-24T15:42:10.150+0000] {taskinstance.py:1326} INFO - Marking task as UP_FOR_RETRY. dag_id=refresh_token, task_id=token, execution_date=20230523T175432, start_date=20230524T154209, end_date=20230524T154210
[2023-05-24T15:42:10.177+0000] {standard_task_runner.py:105} ERROR - Failed to execute job 93 for task token ('items'; 1000)
[2023-05-24T15:42:10.218+0000] {local_task_job.py:212} INFO - Task exited with return code 1
[2023-05-24T15:42:10.259+0000] {taskinstance.py:2585} INFO - 0 downstream tasks scheduled from follow-on schedule check
