[2023-05-24T16:09:22.414+0000] {taskinstance.py:1084} INFO - Dependencies all met for dep_context=non-requeueable deps ti=<TaskInstance: refresh_token.token manual__2023-05-23T17:54:32.171118+00:00 [queued]>
[2023-05-24T16:09:22.427+0000] {taskinstance.py:1084} INFO - Dependencies all met for dep_context=requeueable deps ti=<TaskInstance: refresh_token.token manual__2023-05-23T17:54:32.171118+00:00 [queued]>
[2023-05-24T16:09:22.427+0000] {taskinstance.py:1282} INFO - 
--------------------------------------------------------------------------------
[2023-05-24T16:09:22.427+0000] {taskinstance.py:1283} INFO - Starting attempt 23 of 28
[2023-05-24T16:09:22.428+0000] {taskinstance.py:1284} INFO - 
--------------------------------------------------------------------------------
[2023-05-24T16:09:22.450+0000] {taskinstance.py:1303} INFO - Executing <Task(PythonOperator): token> on 2023-05-23 17:54:32.171118+00:00
[2023-05-24T16:09:22.457+0000] {standard_task_runner.py:55} INFO - Started process 1773 to run task
[2023-05-24T16:09:22.462+0000] {standard_task_runner.py:82} INFO - Running: ['***', 'tasks', 'run', 'refresh_token', 'token', 'manual__2023-05-23T17:54:32.171118+00:00', '--job-id', '110', '--raw', '--subdir', 'DAGS_FOLDER/refresh_token_DAG.py', '--cfg-path', '/tmp/tmpv5q28vt7']
[2023-05-24T16:09:22.465+0000] {standard_task_runner.py:83} INFO - Job 110: Subtask token
[2023-05-24T16:09:22.538+0000] {task_command.py:388} INFO - Running <TaskInstance: refresh_token.token manual__2023-05-23T17:54:32.171118+00:00 [running]> on host 2fa3ade57007
[2023-05-24T16:09:22.664+0000] {taskinstance.py:1511} INFO - Exporting the following env vars:
AIRFLOW_CTX_DAG_OWNER=fox
AIRFLOW_CTX_DAG_ID=refresh_token
AIRFLOW_CTX_TASK_ID=token
AIRFLOW_CTX_EXECUTION_DATE=2023-05-23T17:54:32.171118+00:00
AIRFLOW_CTX_TRY_NUMBER=23
AIRFLOW_CTX_DAG_RUN_ID=manual__2023-05-23T17:54:32.171118+00:00
[2023-05-24T16:09:22.682+0000] {logging_mixin.py:137} INFO - None
[2023-05-24T16:09:22.683+0000] {python.py:177} INFO - Done. Returned value was: None
[2023-05-24T16:09:22.700+0000] {taskinstance.py:1326} INFO - Marking task as SUCCESS. dag_id=refresh_token, task_id=token, execution_date=20230523T175432, start_date=20230524T160922, end_date=20230524T160922
[2023-05-24T16:09:22.759+0000] {local_task_job.py:212} INFO - Task exited with return code 0
[2023-05-24T16:09:22.799+0000] {taskinstance.py:2585} INFO - 1 downstream tasks scheduled from follow-on schedule check
