[2023-05-24T15:24:40.017+0000] {taskinstance.py:1084} INFO - Dependencies all met for dep_context=non-requeueable deps ti=<TaskInstance: refresh_token.token manual__2023-05-23T17:54:32.171118+00:00 [queued]>
[2023-05-24T15:24:40.039+0000] {taskinstance.py:1084} INFO - Dependencies all met for dep_context=requeueable deps ti=<TaskInstance: refresh_token.token manual__2023-05-23T17:54:32.171118+00:00 [queued]>
[2023-05-24T15:24:40.039+0000] {taskinstance.py:1282} INFO - 
--------------------------------------------------------------------------------
[2023-05-24T15:24:40.040+0000] {taskinstance.py:1283} INFO - Starting attempt 4 of 7
[2023-05-24T15:24:40.040+0000] {taskinstance.py:1284} INFO - 
--------------------------------------------------------------------------------
[2023-05-24T15:24:40.074+0000] {taskinstance.py:1303} INFO - Executing <Task(PythonOperator): token> on 2023-05-23 17:54:32.171118+00:00
[2023-05-24T15:24:40.084+0000] {standard_task_runner.py:55} INFO - Started process 513 to run task
[2023-05-24T15:24:40.089+0000] {standard_task_runner.py:82} INFO - Running: ['***', 'tasks', 'run', 'refresh_token', 'token', 'manual__2023-05-23T17:54:32.171118+00:00', '--job-id', '81', '--raw', '--subdir', 'DAGS_FOLDER/refresh_token_DAG.py', '--cfg-path', '/tmp/tmph1vjpydl']
[2023-05-24T15:24:40.089+0000] {standard_task_runner.py:83} INFO - Job 81: Subtask token
[2023-05-24T15:24:40.166+0000] {task_command.py:388} INFO - Running <TaskInstance: refresh_token.token manual__2023-05-23T17:54:32.171118+00:00 [running]> on host 2fa3ade57007
[2023-05-24T15:24:40.266+0000] {taskinstance.py:1511} INFO - Exporting the following env vars:
AIRFLOW_CTX_DAG_OWNER=fox
AIRFLOW_CTX_DAG_ID=refresh_token
AIRFLOW_CTX_TASK_ID=token
AIRFLOW_CTX_EXECUTION_DATE=2023-05-23T17:54:32.171118+00:00
AIRFLOW_CTX_TRY_NUMBER=4
AIRFLOW_CTX_DAG_RUN_ID=manual__2023-05-23T17:54:32.171118+00:00
[2023-05-24T15:24:40.628+0000] {logging_mixin.py:137} INFO -                   played_at  ...  timestamps
0  2023-05-23T14:23:49.778Z  ...  2023-05-23
1  2023-05-23T14:19:57.780Z  ...  2023-05-23
2  2023-05-23T14:17:55.047Z  ...  2023-05-23
3  2023-05-23T14:13:58.752Z  ...  2023-05-23
4  2023-05-23T09:36:44.159Z  ...  2023-05-23
5  2023-05-23T09:23:55.397Z  ...  2023-05-23
6  2023-05-23T09:20:34.517Z  ...  2023-05-23
7  2023-05-23T09:17:05.641Z  ...  2023-05-23
8  2023-05-23T09:11:53.480Z  ...  2023-05-23
9  2023-05-23T09:07:38.712Z  ...  2023-05-23

[10 rows x 4 columns]
[2023-05-24T15:24:40.629+0000] {python.py:177} INFO - Done. Returned value was:                   played_at  ...  timestamps
0  2023-05-23T14:23:49.778Z  ...  2023-05-23
1  2023-05-23T14:19:57.780Z  ...  2023-05-23
2  2023-05-23T14:17:55.047Z  ...  2023-05-23
3  2023-05-23T14:13:58.752Z  ...  2023-05-23
4  2023-05-23T09:36:44.159Z  ...  2023-05-23
5  2023-05-23T09:23:55.397Z  ...  2023-05-23
6  2023-05-23T09:20:34.517Z  ...  2023-05-23
7  2023-05-23T09:17:05.641Z  ...  2023-05-23
8  2023-05-23T09:11:53.480Z  ...  2023-05-23
9  2023-05-23T09:07:38.712Z  ...  2023-05-23

[10 rows x 4 columns]
[2023-05-24T15:24:40.642+0000] {xcom.py:635} ERROR - Object of type DataFrame is not JSON serializable. If you are using pickle instead of JSON for XCom, then you need to enable pickle support for XCom in your *** config or make sure to decorate your object with attr.
[2023-05-24T15:24:40.643+0000] {taskinstance.py:1775} ERROR - Task failed with exception
Traceback (most recent call last):
  File "/home/airflow/.local/lib/python3.7/site-packages/airflow/utils/session.py", line 72, in wrapper
    return func(*args, **kwargs)
  File "/home/airflow/.local/lib/python3.7/site-packages/airflow/models/taskinstance.py", line 2304, in xcom_push
    session=session,
  File "/home/airflow/.local/lib/python3.7/site-packages/airflow/utils/session.py", line 72, in wrapper
    return func(*args, **kwargs)
  File "/home/airflow/.local/lib/python3.7/site-packages/airflow/models/xcom.py", line 240, in set
    map_index=map_index,
  File "/home/airflow/.local/lib/python3.7/site-packages/airflow/models/xcom.py", line 627, in serialize_value
    return json.dumps(value, cls=XComEncoder).encode("UTF-8")
  File "/usr/local/lib/python3.7/json/__init__.py", line 238, in dumps
    **kw).encode(obj)
  File "/home/airflow/.local/lib/python3.7/site-packages/airflow/utils/json.py", line 176, in encode
    return super().encode(o)
  File "/usr/local/lib/python3.7/json/encoder.py", line 199, in encode
    chunks = self.iterencode(o, _one_shot=True)
  File "/usr/local/lib/python3.7/json/encoder.py", line 257, in iterencode
    return _iterencode(o, 0)
  File "/home/airflow/.local/lib/python3.7/site-packages/airflow/utils/json.py", line 170, in default
    return super().default(o)
  File "/usr/local/lib/python3.7/json/encoder.py", line 179, in default
    raise TypeError(f'Object of type {o.__class__.__name__} '
TypeError: Object of type DataFrame is not JSON serializable
[2023-05-24T15:24:40.654+0000] {taskinstance.py:1326} INFO - Marking task as UP_FOR_RETRY. dag_id=refresh_token, task_id=token, execution_date=20230523T175432, start_date=20230524T152440, end_date=20230524T152440
[2023-05-24T15:24:40.672+0000] {standard_task_runner.py:105} ERROR - Failed to execute job 81 for task token (Object of type DataFrame is not JSON serializable; 513)
[2023-05-24T15:24:40.700+0000] {local_task_job.py:212} INFO - Task exited with return code 1
[2023-05-24T15:24:40.724+0000] {taskinstance.py:2585} INFO - 0 downstream tasks scheduled from follow-on schedule check
