[2023-06-06T15:03:15.492+0000] {taskinstance.py:1084} INFO - Dependencies all met for dep_context=non-requeueable deps ti=<TaskInstance: weather.scraping_weather scheduled__2023-06-06T14:01:00+00:00 [queued]>
[2023-06-06T15:03:15.507+0000] {taskinstance.py:1084} INFO - Dependencies all met for dep_context=requeueable deps ti=<TaskInstance: weather.scraping_weather scheduled__2023-06-06T14:01:00+00:00 [queued]>
[2023-06-06T15:03:15.507+0000] {taskinstance.py:1282} INFO - 
--------------------------------------------------------------------------------
[2023-06-06T15:03:15.508+0000] {taskinstance.py:1283} INFO - Starting attempt 2 of 6
[2023-06-06T15:03:15.508+0000] {taskinstance.py:1284} INFO - 
--------------------------------------------------------------------------------
[2023-06-06T15:03:15.532+0000] {taskinstance.py:1303} INFO - Executing <Task(PythonOperator): scraping_weather> on 2023-06-06 14:01:00+00:00
[2023-06-06T15:03:15.538+0000] {standard_task_runner.py:55} INFO - Started process 17776 to run task
[2023-06-06T15:03:15.543+0000] {standard_task_runner.py:82} INFO - Running: ['***', 'tasks', 'run', 'weather', 'scraping_weather', 'scheduled__2023-06-06T14:01:00+00:00', '--job-id', '940', '--raw', '--subdir', 'DAGS_FOLDER/weather_DAG.py', '--cfg-path', '/tmp/tmpzjizudfl']
[2023-06-06T15:03:15.546+0000] {standard_task_runner.py:83} INFO - Job 940: Subtask scraping_weather
[2023-06-06T15:03:15.628+0000] {task_command.py:388} INFO - Running <TaskInstance: weather.scraping_weather scheduled__2023-06-06T14:01:00+00:00 [running]> on host 05172cfd5782
[2023-06-06T15:03:15.737+0000] {taskinstance.py:1511} INFO - Exporting the following env vars:
AIRFLOW_CTX_DAG_OWNER=fox
AIRFLOW_CTX_DAG_ID=weather
AIRFLOW_CTX_TASK_ID=scraping_weather
AIRFLOW_CTX_EXECUTION_DATE=2023-06-06T14:01:00+00:00
AIRFLOW_CTX_TRY_NUMBER=2
AIRFLOW_CTX_DAG_RUN_ID=scheduled__2023-06-06T14:01:00+00:00
[2023-06-06T15:03:17.232+0000] {python.py:177} INFO - Done. Returned value was: {'time': '2023-06-06T17:03:16+02:00', 'current_temperature': '+18°', 'feels_like': '+19°C', 'sky': 'Overcast, light rain', 'chance_of_precipitation': '50', 'wind': '2', 'pressure': '739', 'uv_index': '4/12', 'humidity': '76', 'precipitation': '0.2', 'timestamps': '2023-06-06'}
[2023-06-06T15:03:17.264+0000] {taskinstance.py:1326} INFO - Marking task as SUCCESS. dag_id=weather, task_id=scraping_weather, execution_date=20230606T140100, start_date=20230606T150315, end_date=20230606T150317
[2023-06-06T15:03:17.318+0000] {local_task_job.py:212} INFO - Task exited with return code 0
[2023-06-06T15:03:17.359+0000] {taskinstance.py:2585} INFO - 0 downstream tasks scheduled from follow-on schedule check
