[2023-05-25T15:18:24.003+0000] {taskinstance.py:1084} INFO - Dependencies all met for dep_context=non-requeueable deps ti=<TaskInstance: ETL.fresh scheduled__2023-05-24T00:00:00+00:00 [queued]>
[2023-05-25T15:18:24.032+0000] {taskinstance.py:1084} INFO - Dependencies all met for dep_context=requeueable deps ti=<TaskInstance: ETL.fresh scheduled__2023-05-24T00:00:00+00:00 [queued]>
[2023-05-25T15:18:24.032+0000] {taskinstance.py:1282} INFO - 
--------------------------------------------------------------------------------
[2023-05-25T15:18:24.032+0000] {taskinstance.py:1283} INFO - Starting attempt 1 of 6
[2023-05-25T15:18:24.032+0000] {taskinstance.py:1284} INFO - 
--------------------------------------------------------------------------------
[2023-05-25T15:18:24.079+0000] {taskinstance.py:1303} INFO - Executing <Task(PythonOperator): fresh> on 2023-05-24 00:00:00+00:00
[2023-05-25T15:18:24.085+0000] {standard_task_runner.py:55} INFO - Started process 173 to run task
[2023-05-25T15:18:24.088+0000] {standard_task_runner.py:82} INFO - Running: ['***', 'tasks', 'run', 'ETL', 'fresh', 'scheduled__2023-05-24T00:00:00+00:00', '--job-id', '176', '--raw', '--subdir', 'DAGS_FOLDER/refresh_token_DAG.py', '--cfg-path', '/tmp/tmprm16fgc9']
[2023-05-25T15:18:24.098+0000] {standard_task_runner.py:83} INFO - Job 176: Subtask fresh
[2023-05-25T15:18:24.594+0000] {task_command.py:388} INFO - Running <TaskInstance: ETL.fresh scheduled__2023-05-24T00:00:00+00:00 [running]> on host 2fa3ade57007
[2023-05-25T15:18:24.861+0000] {taskinstance.py:1511} INFO - Exporting the following env vars:
AIRFLOW_CTX_DAG_OWNER=fox
AIRFLOW_CTX_DAG_ID=ETL
AIRFLOW_CTX_TASK_ID=fresh
AIRFLOW_CTX_EXECUTION_DATE=2023-05-24T00:00:00+00:00
AIRFLOW_CTX_TRY_NUMBER=1
AIRFLOW_CTX_DAG_RUN_ID=scheduled__2023-05-24T00:00:00+00:00
[2023-05-25T15:18:25.308+0000] {python.py:177} INFO - Done. Returned value was: BQC26QqKSB6rV88G7ll-p9DNhc_B4IQ7mBy74TNB8jETSxSBT1bFbyt3R23TupP0pmeXYhfaAf3WSilctF6XVvkUZ0nxI17eLDiSUWlOjZRoBN7aahBbVmh8FAa2qws5JKXzsOz1bK9oj01FVuVGIpALNFf0DoLLht8tq_hru8qAgdJHDWn-zzEcolL55iw0fysoDLk7AACDXGw
[2023-05-25T15:18:25.352+0000] {taskinstance.py:1326} INFO - Marking task as SUCCESS. dag_id=ETL, task_id=fresh, execution_date=20230524T000000, start_date=20230525T151824, end_date=20230525T151825
[2023-05-25T15:18:25.437+0000] {local_task_job.py:212} INFO - Task exited with return code 0
[2023-05-25T15:18:25.633+0000] {taskinstance.py:2585} INFO - 1 downstream tasks scheduled from follow-on schedule check
