[2023-06-05T17:54:54.864+0000] {taskinstance.py:1084} INFO - Dependencies all met for dep_context=non-requeueable deps ti=<TaskInstance: weather.add_data_in_weather scheduled__2023-05-22T14:01:00+00:00 [queued]>
[2023-06-05T17:54:54.883+0000] {taskinstance.py:1084} INFO - Dependencies all met for dep_context=requeueable deps ti=<TaskInstance: weather.add_data_in_weather scheduled__2023-05-22T14:01:00+00:00 [queued]>
[2023-06-05T17:54:54.883+0000] {taskinstance.py:1282} INFO - 
--------------------------------------------------------------------------------
[2023-06-05T17:54:54.883+0000] {taskinstance.py:1283} INFO - Starting attempt 1 of 6
[2023-06-05T17:54:54.883+0000] {taskinstance.py:1284} INFO - 
--------------------------------------------------------------------------------
[2023-06-05T17:54:54.907+0000] {taskinstance.py:1303} INFO - Executing <Task(PostgresOperator): add_data_in_weather> on 2023-05-22 14:01:00+00:00
[2023-06-05T17:54:54.912+0000] {standard_task_runner.py:55} INFO - Started process 12217 to run task
[2023-06-05T17:54:54.918+0000] {standard_task_runner.py:82} INFO - Running: ['***', 'tasks', 'run', 'weather', 'add_data_in_weather', 'scheduled__2023-05-22T14:01:00+00:00', '--job-id', '709', '--raw', '--subdir', 'DAGS_FOLDER/weather_DAG.py', '--cfg-path', '/tmp/tmpaqme53i3']
[2023-06-05T17:54:54.921+0000] {standard_task_runner.py:83} INFO - Job 709: Subtask add_data_in_weather
[2023-06-05T17:54:55.012+0000] {task_command.py:388} INFO - Running <TaskInstance: weather.add_data_in_weather scheduled__2023-05-22T14:01:00+00:00 [running]> on host 05172cfd5782
[2023-06-05T17:54:55.277+0000] {taskinstance.py:1511} INFO - Exporting the following env vars:
AIRFLOW_CTX_DAG_OWNER=fox
AIRFLOW_CTX_DAG_ID=weather
AIRFLOW_CTX_TASK_ID=add_data_in_weather
AIRFLOW_CTX_EXECUTION_DATE=2023-05-22T14:01:00+00:00
AIRFLOW_CTX_TRY_NUMBER=1
AIRFLOW_CTX_DAG_RUN_ID=scheduled__2023-05-22T14:01:00+00:00
[2023-06-05T17:54:55.281+0000] {sql.py:254} INFO - Executing: 
            insert into weather_data (date, current_temperature, feels_like, sky, chance_of_precipitation, wind, 
            pressure, uv_index, humidity, precipitation) values 
            ('2023-06-05T19:53:18+02:00',
            '+17째',
            '+19째C',
            'Overcast, no precipitation',
            '40',
            '1',
            '741',
            '1/12',
            '69',
            '0.05'
            )
            
[2023-06-05T17:54:55.296+0000] {base.py:73} INFO - Using connection ID 'postgres_localhost' for task execution.
[2023-06-05T17:54:55.719+0000] {base.py:73} INFO - Using connection ID 'postgres_localhost' for task execution.
[2023-06-05T17:54:55.724+0000] {sql.py:375} INFO - Running statement: 
            insert into weather_data (date, current_temperature, feels_like, sky, chance_of_precipitation, wind, 
            pressure, uv_index, humidity, precipitation) values 
            ('2023-06-05T19:53:18+02:00',
            '+17째',
            '+19째C',
            'Overcast, no precipitation',
            '40',
            '1',
            '741',
            '1/12',
            '69',
            '0.05'
            )
            , parameters: None
[2023-06-05T17:54:55.726+0000] {sql.py:384} INFO - Rows affected: 1
[2023-06-05T17:54:55.746+0000] {taskinstance.py:1326} INFO - Marking task as SUCCESS. dag_id=weather, task_id=add_data_in_weather, execution_date=20230522T140100, start_date=20230605T175454, end_date=20230605T175455
[2023-06-05T17:54:55.812+0000] {local_task_job.py:212} INFO - Task exited with return code 0
[2023-06-05T17:54:56.006+0000] {taskinstance.py:2585} INFO - 0 downstream tasks scheduled from follow-on schedule check
