[2023-06-03T17:00:01.646+0000] {taskinstance.py:1084} INFO - Dependencies all met for dep_context=non-requeueable deps ti=<TaskInstance: ETL.ETL scheduled__2023-06-02T17:00:00+00:00 [queued]>
[2023-06-03T17:00:01.662+0000] {taskinstance.py:1084} INFO - Dependencies all met for dep_context=requeueable deps ti=<TaskInstance: ETL.ETL scheduled__2023-06-02T17:00:00+00:00 [queued]>
[2023-06-03T17:00:01.662+0000] {taskinstance.py:1282} INFO - 
--------------------------------------------------------------------------------
[2023-06-03T17:00:01.663+0000] {taskinstance.py:1283} INFO - Starting attempt 1 of 6
[2023-06-03T17:00:01.663+0000] {taskinstance.py:1284} INFO - 
--------------------------------------------------------------------------------
[2023-06-03T17:00:01.706+0000] {taskinstance.py:1303} INFO - Executing <Task(PythonOperator): ETL> on 2023-06-02 17:00:00+00:00
[2023-06-03T17:00:01.712+0000] {standard_task_runner.py:55} INFO - Started process 30203 to run task
[2023-06-03T17:00:01.715+0000] {standard_task_runner.py:82} INFO - Running: ['***', 'tasks', 'run', 'ETL', 'ETL', 'scheduled__2023-06-02T17:00:00+00:00', '--job-id', '426', '--raw', '--subdir', 'DAGS_FOLDER/ETL_spotify_DAG.py', '--cfg-path', '/tmp/tmp_lyk9ex4']
[2023-06-03T17:00:01.716+0000] {standard_task_runner.py:83} INFO - Job 426: Subtask ETL
[2023-06-03T17:00:01.787+0000] {task_command.py:388} INFO - Running <TaskInstance: ETL.ETL scheduled__2023-06-02T17:00:00+00:00 [running]> on host 05172cfd5782
[2023-06-03T17:00:01.878+0000] {taskinstance.py:1511} INFO - Exporting the following env vars:
AIRFLOW_CTX_DAG_OWNER=fox
AIRFLOW_CTX_DAG_ID=ETL
AIRFLOW_CTX_TASK_ID=ETL
AIRFLOW_CTX_EXECUTION_DATE=2023-06-02T17:00:00+00:00
AIRFLOW_CTX_TRY_NUMBER=1
AIRFLOW_CTX_DAG_RUN_ID=scheduled__2023-06-02T17:00:00+00:00
[2023-06-03T17:00:02.512+0000] {python.py:177} INFO - Done. Returned value was: {'played_at': ['2023-06-03T10:15:03.010Z', '2023-06-03T10:10:55.134Z', '2023-06-03T10:06:37.685Z', '2023-06-03T10:04:13.361Z', '2023-06-03T10:00:53.146Z', '2023-06-03T09:53:03.530Z', '2023-06-03T09:49:37.419Z', '2023-06-03T09:45:45.565Z', '2023-06-03T09:40:57.121Z', '2023-06-03T09:37:05.863Z'], 'artist': ['Rev Theory', 'Saliva', 'SadSvit', 'Breaking Benjamin', 'Tristan Garner', 'Stromae', 'Thirty Seconds To Mars', 'STARSET', 'Three Days Grace', 'Apocalyptica'], 'name_track': ['Hell Yeah', 'They Don*t Care About Us', 'Касета', 'The Diary of Jane - Single Version', 'Give Love - Arias Radio Edit', 'Alors on danse - Radio Edit', 'The Kill', 'My Demons', 'Animal I Have Become', 'Not Strong Enough'], 'timestamps': ['2023-06-03', '2023-06-03', '2023-06-03', '2023-06-03', '2023-06-03', '2023-06-03', '2023-06-03', '2023-06-03', '2023-06-03', '2023-06-03']}
[2023-06-03T17:00:02.549+0000] {taskinstance.py:1326} INFO - Marking task as SUCCESS. dag_id=ETL, task_id=ETL, execution_date=20230602T170000, start_date=20230603T170001, end_date=20230603T170002
[2023-06-03T17:00:02.577+0000] {local_task_job.py:212} INFO - Task exited with return code 0
[2023-06-03T17:00:02.619+0000] {taskinstance.py:2585} INFO - 1 downstream tasks scheduled from follow-on schedule check
