[2023-05-31T17:00:06.204+0000] {taskinstance.py:1084} INFO - Dependencies all met for dep_context=non-requeueable deps ti=<TaskInstance: ETL.add_data_in_database scheduled__2023-05-30T17:00:00+00:00 [queued]>
[2023-05-31T17:00:06.217+0000] {taskinstance.py:1084} INFO - Dependencies all met for dep_context=requeueable deps ti=<TaskInstance: ETL.add_data_in_database scheduled__2023-05-30T17:00:00+00:00 [queued]>
[2023-05-31T17:00:06.217+0000] {taskinstance.py:1282} INFO - 
--------------------------------------------------------------------------------
[2023-05-31T17:00:06.218+0000] {taskinstance.py:1283} INFO - Starting attempt 1 of 6
[2023-05-31T17:00:06.218+0000] {taskinstance.py:1284} INFO - 
--------------------------------------------------------------------------------
[2023-05-31T17:00:06.236+0000] {taskinstance.py:1303} INFO - Executing <Task(PostgresOperator): add_data_in_database> on 2023-05-30 17:00:00+00:00
[2023-05-31T17:00:06.241+0000] {standard_task_runner.py:55} INFO - Started process 99707 to run task
[2023-05-31T17:00:06.247+0000] {standard_task_runner.py:82} INFO - Running: ['***', 'tasks', 'run', 'ETL', 'add_data_in_database', 'scheduled__2023-05-30T17:00:00+00:00', '--job-id', '412', '--raw', '--subdir', 'DAGS_FOLDER/ETL_spotify_DAG.py', '--cfg-path', '/tmp/tmpwhv5wuah']
[2023-05-31T17:00:06.248+0000] {standard_task_runner.py:83} INFO - Job 412: Subtask add_data_in_database
[2023-05-31T17:00:06.318+0000] {task_command.py:388} INFO - Running <TaskInstance: ETL.add_data_in_database scheduled__2023-05-30T17:00:00+00:00 [running]> on host 05172cfd5782
[2023-05-31T17:00:06.776+0000] {taskinstance.py:1511} INFO - Exporting the following env vars:
AIRFLOW_CTX_DAG_OWNER=fox
AIRFLOW_CTX_DAG_ID=ETL
AIRFLOW_CTX_TASK_ID=add_data_in_database
AIRFLOW_CTX_EXECUTION_DATE=2023-05-30T17:00:00+00:00
AIRFLOW_CTX_TRY_NUMBER=1
AIRFLOW_CTX_DAG_RUN_ID=scheduled__2023-05-30T17:00:00+00:00
[2023-05-31T17:00:06.776+0000] {sql.py:254} INFO - Executing: 
            insert into spotify_data (played_at, artist, name_track, timestamps) values 
            ('2023-05-30T19:32:33.030Z',
            'Motionless In White',
            'Contemptress',
            '2023-05-30'
            );
            insert into spotify_data (played_at, artist, name_track, timestamps) values 
            ('2023-05-30T19:21:24.426Z',
            'Linkin Park',
            'Faint',
            '2023-05-30'
            );
            insert into spotify_data (played_at, artist, name_track, timestamps) values 
            ('2023-05-30T18:54:51.599Z',
            'Suicide Silence',
            'You Only Live Once',
            '2023-05-30'
            );
            insert into spotify_data (played_at, artist, name_track, timestamps) values 
            ('2023-05-30T18:51:38.217Z',
            'Motionless In White',
            'Another Life',
            '2023-05-30'
            );
            insert into spotify_data (played_at, artist, name_track, timestamps) values 
            ('2023-05-30T18:45:53.755Z',
            'Skillet',
            'I Want to Live',
            '2023-05-30'
            );
            insert into spotify_data (played_at, artist, name_track, timestamps) values 
            ('2023-05-30T18:42:23.967Z',
            'R.I.O.',
            'Party Shaker - Video Edit',
            '2023-05-30'
            );
            insert into spotify_data (played_at, artist, name_track, timestamps) values 
            ('2023-05-30T18:38:57.198Z',
            'Skillet',
            'Dead Inside',
            '2023-05-30'
            );
            insert into spotify_data (played_at, artist, name_track, timestamps) values 
            ('2023-05-30T18:34:52.073Z',
            'Morandi',
            'Midnight Train',
            '2023-05-30'
            );
            insert into spotify_data (played_at, artist, name_track, timestamps) values 
            ('2023-05-30T18:29:01.561Z',
            'Adelitas Way',
            'Invincible',
            '2023-05-30'
            );
            insert into spotify_data (played_at, artist, name_track, timestamps) values 
            ('2023-05-30T18:24:12.593Z',
            'Thousand Foot Krutch',
            'War of Change',
            '2023-05-30'
            )
            
[2023-05-31T17:00:06.786+0000] {base.py:73} INFO - Using connection ID 'postgres_localhost' for task execution.
[2023-05-31T17:00:07.061+0000] {base.py:73} INFO - Using connection ID 'postgres_localhost' for task execution.
[2023-05-31T17:00:07.065+0000] {sql.py:375} INFO - Running statement: 
            insert into spotify_data (played_at, artist, name_track, timestamps) values 
            ('2023-05-30T19:32:33.030Z',
            'Motionless In White',
            'Contemptress',
            '2023-05-30'
            );
            insert into spotify_data (played_at, artist, name_track, timestamps) values 
            ('2023-05-30T19:21:24.426Z',
            'Linkin Park',
            'Faint',
            '2023-05-30'
            );
            insert into spotify_data (played_at, artist, name_track, timestamps) values 
            ('2023-05-30T18:54:51.599Z',
            'Suicide Silence',
            'You Only Live Once',
            '2023-05-30'
            );
            insert into spotify_data (played_at, artist, name_track, timestamps) values 
            ('2023-05-30T18:51:38.217Z',
            'Motionless In White',
            'Another Life',
            '2023-05-30'
            );
            insert into spotify_data (played_at, artist, name_track, timestamps) values 
            ('2023-05-30T18:45:53.755Z',
            'Skillet',
            'I Want to Live',
            '2023-05-30'
            );
            insert into spotify_data (played_at, artist, name_track, timestamps) values 
            ('2023-05-30T18:42:23.967Z',
            'R.I.O.',
            'Party Shaker - Video Edit',
            '2023-05-30'
            );
            insert into spotify_data (played_at, artist, name_track, timestamps) values 
            ('2023-05-30T18:38:57.198Z',
            'Skillet',
            'Dead Inside',
            '2023-05-30'
            );
            insert into spotify_data (played_at, artist, name_track, timestamps) values 
            ('2023-05-30T18:34:52.073Z',
            'Morandi',
            'Midnight Train',
            '2023-05-30'
            );
            insert into spotify_data (played_at, artist, name_track, timestamps) values 
            ('2023-05-30T18:29:01.561Z',
            'Adelitas Way',
            'Invincible',
            '2023-05-30'
            );
            insert into spotify_data (played_at, artist, name_track, timestamps) values 
            ('2023-05-30T18:24:12.593Z',
            'Thousand Foot Krutch',
            'War of Change',
            '2023-05-30'
            )
            , parameters: None
[2023-05-31T17:00:07.072+0000] {sql.py:384} INFO - Rows affected: 1
[2023-05-31T17:00:07.087+0000] {taskinstance.py:1326} INFO - Marking task as SUCCESS. dag_id=ETL, task_id=add_data_in_database, execution_date=20230530T170000, start_date=20230531T170006, end_date=20230531T170007
[2023-05-31T17:00:07.137+0000] {local_task_job.py:212} INFO - Task exited with return code 0
[2023-05-31T17:00:07.160+0000] {taskinstance.py:2585} INFO - 0 downstream tasks scheduled from follow-on schedule check
