[2023-06-05T18:03:14.802+0000] {taskinstance.py:1084} INFO - Dependencies all met for dep_context=non-requeueable deps ti=<TaskInstance: weather.add_data_in_weather scheduled__2023-05-23T14:01:00+00:00 [queued]>
[2023-06-05T18:03:14.994+0000] {taskinstance.py:1084} INFO - Dependencies all met for dep_context=requeueable deps ti=<TaskInstance: weather.add_data_in_weather scheduled__2023-05-23T14:01:00+00:00 [queued]>
[2023-06-05T18:03:15.004+0000] {taskinstance.py:1282} INFO - 
--------------------------------------------------------------------------------
[2023-06-05T18:03:15.005+0000] {taskinstance.py:1283} INFO - Starting attempt 1 of 6
[2023-06-05T18:03:15.005+0000] {taskinstance.py:1284} INFO - 
--------------------------------------------------------------------------------
[2023-06-05T18:03:15.264+0000] {taskinstance.py:1303} INFO - Executing <Task(PostgresOperator): add_data_in_weather> on 2023-05-23 14:01:00+00:00
[2023-06-05T18:03:15.317+0000] {standard_task_runner.py:55} INFO - Started process 12786 to run task
[2023-06-05T18:03:15.335+0000] {standard_task_runner.py:82} INFO - Running: ['***', 'tasks', 'run', 'weather', 'add_data_in_weather', 'scheduled__2023-05-23T14:01:00+00:00', '--job-id', '852', '--raw', '--subdir', 'DAGS_FOLDER/weather_DAG.py', '--cfg-path', '/tmp/tmptk8bb6dx']
[2023-06-05T18:03:15.359+0000] {standard_task_runner.py:83} INFO - Job 852: Subtask add_data_in_weather
[2023-06-05T18:03:16.203+0000] {task_command.py:388} INFO - Running <TaskInstance: weather.add_data_in_weather scheduled__2023-05-23T14:01:00+00:00 [running]> on host 05172cfd5782
[2023-06-05T18:03:18.549+0000] {taskinstance.py:1511} INFO - Exporting the following env vars:
AIRFLOW_CTX_DAG_OWNER=fox
AIRFLOW_CTX_DAG_ID=weather
AIRFLOW_CTX_TASK_ID=add_data_in_weather
AIRFLOW_CTX_EXECUTION_DATE=2023-05-23T14:01:00+00:00
AIRFLOW_CTX_TRY_NUMBER=1
AIRFLOW_CTX_DAG_RUN_ID=scheduled__2023-05-23T14:01:00+00:00
[2023-06-05T18:03:18.550+0000] {sql.py:254} INFO - Executing: 
            insert into weather_data (date, current_temperature, feels_like, sky, chance_of_precipitation, wind, 
            pressure, uv_index, humidity, precipitation) values 
            ('2023-06-05T19:58:24+02:00',
            '+17째',
            '+19째C',
            'Overcast, no precipitation',
            '40',
            '1',
            '741',
            '1/12',
            '69',
            '0.05'
            )
            
[2023-06-05T18:03:18.606+0000] {base.py:73} INFO - Using connection ID 'postgres_localhost' for task execution.
[2023-06-05T18:03:22.011+0000] {base.py:73} INFO - Using connection ID 'postgres_localhost' for task execution.
[2023-06-05T18:03:22.027+0000] {sql.py:375} INFO - Running statement: 
            insert into weather_data (date, current_temperature, feels_like, sky, chance_of_precipitation, wind, 
            pressure, uv_index, humidity, precipitation) values 
            ('2023-06-05T19:58:24+02:00',
            '+17째',
            '+19째C',
            'Overcast, no precipitation',
            '40',
            '1',
            '741',
            '1/12',
            '69',
            '0.05'
            )
            , parameters: None
[2023-06-05T18:03:22.028+0000] {sql.py:384} INFO - Rows affected: 1
[2023-06-05T18:03:22.070+0000] {taskinstance.py:1326} INFO - Marking task as SUCCESS. dag_id=weather, task_id=add_data_in_weather, execution_date=20230523T140100, start_date=20230605T180314, end_date=20230605T180322
[2023-06-05T18:03:22.174+0000] {local_task_job.py:212} INFO - Task exited with return code 0
[2023-06-05T18:03:22.248+0000] {taskinstance.py:2585} INFO - 0 downstream tasks scheduled from follow-on schedule check
