[2023-05-24T17:09:24.297+0000] {taskinstance.py:1084} INFO - Dependencies all met for dep_context=non-requeueable deps ti=<TaskInstance: ETL.fresh scheduled__2023-05-23T00:00:00+00:00 [queued]>
[2023-05-24T17:09:24.404+0000] {taskinstance.py:1084} INFO - Dependencies all met for dep_context=requeueable deps ti=<TaskInstance: ETL.fresh scheduled__2023-05-23T00:00:00+00:00 [queued]>
[2023-05-24T17:09:24.404+0000] {taskinstance.py:1282} INFO - 
--------------------------------------------------------------------------------
[2023-05-24T17:09:24.405+0000] {taskinstance.py:1283} INFO - Starting attempt 1 of 6
[2023-05-24T17:09:24.405+0000] {taskinstance.py:1284} INFO - 
--------------------------------------------------------------------------------
[2023-05-24T17:09:24.611+0000] {taskinstance.py:1303} INFO - Executing <Task(PythonOperator): fresh> on 2023-05-23 00:00:00+00:00
[2023-05-24T17:09:24.708+0000] {standard_task_runner.py:55} INFO - Started process 3401 to run task
[2023-05-24T17:09:24.738+0000] {standard_task_runner.py:82} INFO - Running: ['***', 'tasks', 'run', 'ETL', 'fresh', 'scheduled__2023-05-23T00:00:00+00:00', '--job-id', '142', '--raw', '--subdir', 'DAGS_FOLDER/refresh_token_DAG.py', '--cfg-path', '/tmp/tmp05n64z82']
[2023-05-24T17:09:24.740+0000] {standard_task_runner.py:83} INFO - Job 142: Subtask fresh
[2023-05-24T17:09:25.288+0000] {task_command.py:388} INFO - Running <TaskInstance: ETL.fresh scheduled__2023-05-23T00:00:00+00:00 [running]> on host 2fa3ade57007
[2023-05-24T17:09:25.810+0000] {taskinstance.py:1511} INFO - Exporting the following env vars:
AIRFLOW_CTX_DAG_OWNER=fox
AIRFLOW_CTX_DAG_ID=ETL
AIRFLOW_CTX_TASK_ID=fresh
AIRFLOW_CTX_EXECUTION_DATE=2023-05-23T00:00:00+00:00
AIRFLOW_CTX_TRY_NUMBER=1
AIRFLOW_CTX_DAG_RUN_ID=scheduled__2023-05-23T00:00:00+00:00
[2023-05-24T17:09:26.137+0000] {python.py:177} INFO - Done. Returned value was: BQAMYtjUvM5bbEphRpkgpHXHGax9qfRblTYxMbf1QsrRg6HOP2OI8aowbUPE7bAtZ-SetyFcsco35CmYk_agPSevBmTYyLmxkfV5l0co1jLAraR5Fg71tYSpEx0TCRl8v80lFpKfkU64MrDvjnyYfD0T_gAgwhC6mxbLdwSN2mI042AhCgawZYvker2mTD2Hl79ozO2igkP4zAQ
[2023-05-24T17:09:26.273+0000] {taskinstance.py:1326} INFO - Marking task as SUCCESS. dag_id=ETL, task_id=fresh, execution_date=20230523T000000, start_date=20230524T170924, end_date=20230524T170926
[2023-05-24T17:09:26.564+0000] {local_task_job.py:212} INFO - Task exited with return code 0
[2023-05-24T17:09:26.734+0000] {taskinstance.py:2585} INFO - 1 downstream tasks scheduled from follow-on schedule check
