[2023-05-26T16:32:25.879+0000] {taskinstance.py:1084} INFO - Dependencies all met for dep_context=non-requeueable deps ti=<TaskInstance: ETL.load_date scheduled__2023-05-25T00:00:00+00:00 [queued]>
[2023-05-26T16:32:25.900+0000] {taskinstance.py:1084} INFO - Dependencies all met for dep_context=requeueable deps ti=<TaskInstance: ETL.load_date scheduled__2023-05-25T00:00:00+00:00 [queued]>
[2023-05-26T16:32:25.901+0000] {taskinstance.py:1282} INFO - 
--------------------------------------------------------------------------------
[2023-05-26T16:32:25.901+0000] {taskinstance.py:1283} INFO - Starting attempt 10 of 15
[2023-05-26T16:32:25.901+0000] {taskinstance.py:1284} INFO - 
--------------------------------------------------------------------------------
[2023-05-26T16:32:25.973+0000] {taskinstance.py:1303} INFO - Executing <Task(PythonOperator): load_date> on 2023-05-25 00:00:00+00:00
[2023-05-26T16:32:25.999+0000] {standard_task_runner.py:55} INFO - Started process 2410 to run task
[2023-05-26T16:32:26.009+0000] {standard_task_runner.py:82} INFO - Running: ['***', 'tasks', 'run', 'ETL', 'load_date', 'scheduled__2023-05-25T00:00:00+00:00', '--job-id', '332', '--raw', '--subdir', 'DAGS_FOLDER/refresh_token_DAG.py', '--cfg-path', '/tmp/tmpvuc2ptlk']
[2023-05-26T16:32:26.014+0000] {standard_task_runner.py:83} INFO - Job 332: Subtask load_date
[2023-05-26T16:32:26.176+0000] {task_command.py:388} INFO - Running <TaskInstance: ETL.load_date scheduled__2023-05-25T00:00:00+00:00 [running]> on host 05172cfd5782
[2023-05-26T16:32:26.321+0000] {taskinstance.py:1511} INFO - Exporting the following env vars:
AIRFLOW_CTX_DAG_OWNER=fox
AIRFLOW_CTX_DAG_ID=ETL
AIRFLOW_CTX_TASK_ID=load_date
AIRFLOW_CTX_EXECUTION_DATE=2023-05-25T00:00:00+00:00
AIRFLOW_CTX_TRY_NUMBER=10
AIRFLOW_CTX_DAG_RUN_ID=scheduled__2023-05-25T00:00:00+00:00
[2023-05-26T16:32:26.630+0000] {python.py:177} INFO - Done. Returned value was: {'played_at': ['2023-05-25T09:30:54.240Z', '2023-05-25T09:27:44.769Z', '2023-05-25T09:24:14.466Z', '2023-05-25T09:21:02.777Z', '2023-05-25T09:18:01.673Z', '2023-05-25T09:09:06.935Z', '2023-05-25T09:04:58.448Z', '2023-05-25T09:01:20.326Z', '2023-05-25T08:48:00.134Z', '2023-05-25T08:40:59.659Z'], 'artist': ['Karna', 'PROBASS ∆ HARDI', 'Bring Me The Horizon', 'Kataklysm', 'YAKTAK', 'Rev Theory', 'Metalocalypse: Dethklok', 'Suicide Silence', 'Judas Priest', 'Volbeat'], 'name_track': ['Вітролом', 'Козаки йдуть', 'Throne', 'Guillotine', 'Чекає вдома (feat. DOVI)', 'Hell Yeah', 'Awaken', 'Disengage', 'Breaking the Law', 'none'], 'timestamps': ['2023-05-25', '2023-05-25', '2023-05-25', '2023-05-25', '2023-05-25', '2023-05-25', '2023-05-25', '2023-05-25', '2023-05-25', '2023-05-25']}
[2023-05-26T16:32:26.673+0000] {taskinstance.py:1326} INFO - Marking task as SUCCESS. dag_id=ETL, task_id=load_date, execution_date=20230525T000000, start_date=20230526T163225, end_date=20230526T163226
[2023-05-26T16:32:26.712+0000] {local_task_job.py:212} INFO - Task exited with return code 0
[2023-05-26T16:32:26.760+0000] {taskinstance.py:2585} INFO - 1 downstream tasks scheduled from follow-on schedule check
