[2023-05-26T16:55:36.253+0000] {taskinstance.py:1084} INFO - Dependencies all met for dep_context=non-requeueable deps ti=<TaskInstance: ETL.load_date scheduled__2023-05-25T00:00:00+00:00 [queued]>
[2023-05-26T16:55:36.268+0000] {taskinstance.py:1084} INFO - Dependencies all met for dep_context=requeueable deps ti=<TaskInstance: ETL.load_date scheduled__2023-05-25T00:00:00+00:00 [queued]>
[2023-05-26T16:55:36.268+0000] {taskinstance.py:1282} INFO - 
--------------------------------------------------------------------------------
[2023-05-26T16:55:36.268+0000] {taskinstance.py:1283} INFO - Starting attempt 15 of 20
[2023-05-26T16:55:36.269+0000] {taskinstance.py:1284} INFO - 
--------------------------------------------------------------------------------
[2023-05-26T16:55:36.291+0000] {taskinstance.py:1303} INFO - Executing <Task(PythonOperator): load_date> on 2023-05-25 00:00:00+00:00
[2023-05-26T16:55:36.299+0000] {standard_task_runner.py:55} INFO - Started process 3082 to run task
[2023-05-26T16:55:36.308+0000] {standard_task_runner.py:82} INFO - Running: ['***', 'tasks', 'run', 'ETL', 'load_date', 'scheduled__2023-05-25T00:00:00+00:00', '--job-id', '359', '--raw', '--subdir', 'DAGS_FOLDER/refresh_token_DAG.py', '--cfg-path', '/tmp/tmpau8z7rmt']
[2023-05-26T16:55:36.309+0000] {standard_task_runner.py:83} INFO - Job 359: Subtask load_date
[2023-05-26T16:55:36.395+0000] {task_command.py:388} INFO - Running <TaskInstance: ETL.load_date scheduled__2023-05-25T00:00:00+00:00 [running]> on host 05172cfd5782
[2023-05-26T16:55:36.537+0000] {taskinstance.py:1511} INFO - Exporting the following env vars:
AIRFLOW_CTX_DAG_OWNER=fox
AIRFLOW_CTX_DAG_ID=ETL
AIRFLOW_CTX_TASK_ID=load_date
AIRFLOW_CTX_EXECUTION_DATE=2023-05-25T00:00:00+00:00
AIRFLOW_CTX_TRY_NUMBER=15
AIRFLOW_CTX_DAG_RUN_ID=scheduled__2023-05-25T00:00:00+00:00
[2023-05-26T16:55:37.220+0000] {python.py:177} INFO - Done. Returned value was: {'played_at': ['2023-05-26T16:53:48.314Z', '2023-05-26T16:49:50.765Z', '2023-05-26T16:45:49.418Z', '2023-05-26T16:42:33.293Z', '2023-05-26T16:40:04.443Z', '2023-05-26T16:34:43.515Z', '2023-05-26T16:31:23.014Z', '2023-05-26T16:27:39.569Z', '2023-05-26T16:22:17.380Z', '2023-05-26T16:18:21.511Z', '2023-05-26T16:15:43.550Z', '2023-05-26T16:12:01.077Z', '2023-05-26T16:08:02.808Z', '2023-05-26T16:04:19.983Z', '2023-05-26T16:00:53.810Z', '2023-05-26T15:55:39.862Z', '2023-05-26T15:51:39.533Z', '2023-05-26T15:47:36.417Z', '2023-05-26T15:44:42.830Z', '2023-05-26T15:41:21.030Z', '2023-05-26T15:36:44.006Z', '2023-05-26T15:32:54.439Z', '2023-05-26T15:28:01.286Z', '2023-05-25T17:40:32.057Z', '2023-05-25T17:36:32.771Z', '2023-05-25T17:32:16.489Z', '2023-05-25T17:27:59.704Z', '2023-05-25T17:22:46.224Z', '2023-05-25T17:18:23.154Z', '2023-05-25T17:15:28.377Z', '2023-05-25T17:12:36.173Z', '2023-05-25T17:09:04.836Z', '2023-05-25T17:04:02.260Z', '2023-05-25T16:59:52.603Z', '2023-05-25T16:56:10.290Z', '2023-05-25T16:53:23.657Z', '2023-05-25T16:49:01.388Z', '2023-05-25T16:45:20.131Z', '2023-05-25T16:40:43.778Z', '2023-05-25T16:36:51.704Z', '2023-05-25T10:04:04.448Z', '2023-05-25T09:59:02.505Z', '2023-05-25T09:55:33.128Z', '2023-05-25T09:51:11.222Z', '2023-05-25T09:47:31.384Z', '2023-05-25T09:40:41.328Z', '2023-05-25T09:30:54.240Z', '2023-05-25T09:27:44.769Z', '2023-05-25T09:24:14.466Z', '2023-05-25T09:21:02.777Z'], 'artist': ['Lady Gaga', 'Miracle Of Sound', 'Example', 'Basshunter', 'Giorgos Mazonakis', 'Three Days Grace', 'Nelly Furtado', 'MIRE', 'Cryoshell', 'Eric Prydz', 'Samantha Fox', 'Dead by April', 'Calvin Harris', 'Linkin Park', 'Rage Against The Machine', 'Ozzy Osbourne', 'Motionless In White', 'Ashes Remain', 'Maroon 5', 'Boombox', 'Fivefold', 'Timbaland', 'Alex C.', 'ZAYN', 'System Of A Down', 'Heavenly', 'Within Temptation', 'LMFAO', 'Egypt Central', 'Static-X', 'Nicki Minaj', 'Leo', 'Kalwi & Remi', 'My Darkest Days', 'Motörhead', 'Five Finger Death Punch', 'Katy Perry', 'Nightwish', 'Thirty Seconds To Mars', 'Rammstein', 'Lady Gaga', 'Skillet', 'The Qemists', 'DJ Layla', 'Thousand Foot Krutch', 'Taio Cruz', 'Karna', 'PROBASS ∆ HARDI', 'Bring Me The Horizon', 'Kataklysm'], 'name_track': ['Poker Face', 'Valhalla Calling - Duet Version', 'Changed the Way You Kiss Me - Radio Edit', "Now You're Gone (feat. DJ Mental Theo's Bazzheadz) - Video Edit", 'To Gucci Forema', 'I Am Machine', 'Say It Right', 'Lightless', 'Creeping in My Soul', 'Pjanoo - Radio Edit', 'Touch Me (I Want Your Body)', 'Losing You', 'This Is What You Came For', "What I've Done", 'Killing In The Name', "I Don't Wanna Stop", 'Contemptress', 'On My Own', 'Moves Like Jagger - Studio Recording From "The Voice" Performance', 'Хоттабыч', 'Lost Within', 'If We Ever Meet Again (Featuring Katy Perry)', 'Sweetest Ass in the World - Radio Version English', 'Dusk Till Dawn (feat. Sia) - Radio Edit', 'B.Y.O.B.', 'When the Rain Begins to Fall', 'What Have You Done (feat. Keith Caputo)', 'Party Rock Anthem', 'Over And Under', 'The Only', 'Starships', 'Listen to Your Heart (Metal Version)', 'Explosion', 'Save Yourself', 'Ace of Spades', 'Bad Company', 'Hot N Cold', 'Nemo', 'The Kill', 'Feuer frei!', 'Poker Face', 'I Want to Live', 'Run You', 'Single Lady', 'Courtesy Call', 'Dynamite', 'Вітролом', 'Козаки йдуть', 'Throne', 'Guillotine'], 'timestamps': ['2023-05-26', '2023-05-26', '2023-05-26', '2023-05-26', '2023-05-26', '2023-05-26', '2023-05-26', '2023-05-26', '2023-05-26', '2023-05-26', '2023-05-26', '2023-05-26', '2023-05-26', '2023-05-26', '2023-05-26', '2023-05-26', '2023-05-26', '2023-05-26', '2023-05-26', '2023-05-26', '2023-05-26', '2023-05-26', '2023-05-26', '2023-05-25', '2023-05-25', '2023-05-25', '2023-05-25', '2023-05-25', '2023-05-25', '2023-05-25', '2023-05-25', '2023-05-25', '2023-05-25', '2023-05-25', '2023-05-25', '2023-05-25', '2023-05-25', '2023-05-25', '2023-05-25', '2023-05-25', '2023-05-25', '2023-05-25', '2023-05-25', '2023-05-25', '2023-05-25', '2023-05-25', '2023-05-25', '2023-05-25', '2023-05-25', '2023-05-25']}
[2023-05-26T16:55:37.255+0000] {taskinstance.py:1326} INFO - Marking task as SUCCESS. dag_id=ETL, task_id=load_date, execution_date=20230525T000000, start_date=20230526T165536, end_date=20230526T165537
[2023-05-26T16:55:37.285+0000] {local_task_job.py:212} INFO - Task exited with return code 0
[2023-05-26T16:55:37.336+0000] {taskinstance.py:2585} INFO - 1 downstream tasks scheduled from follow-on schedule check
