[2023-05-26T17:11:32.219+0000] {taskinstance.py:1084} INFO - Dependencies all met for dep_context=non-requeueable deps ti=<TaskInstance: ETL.load_date scheduled__2023-05-25T00:00:00+00:00 [queued]>
[2023-05-26T17:11:32.236+0000] {taskinstance.py:1084} INFO - Dependencies all met for dep_context=requeueable deps ti=<TaskInstance: ETL.load_date scheduled__2023-05-25T00:00:00+00:00 [queued]>
[2023-05-26T17:11:32.236+0000] {taskinstance.py:1282} INFO - 
--------------------------------------------------------------------------------
[2023-05-26T17:11:32.236+0000] {taskinstance.py:1283} INFO - Starting attempt 18 of 23
[2023-05-26T17:11:32.236+0000] {taskinstance.py:1284} INFO - 
--------------------------------------------------------------------------------
[2023-05-26T17:11:32.254+0000] {taskinstance.py:1303} INFO - Executing <Task(PythonOperator): load_date> on 2023-05-25 00:00:00+00:00
[2023-05-26T17:11:32.259+0000] {standard_task_runner.py:55} INFO - Started process 3532 to run task
[2023-05-26T17:11:32.264+0000] {standard_task_runner.py:82} INFO - Running: ['***', 'tasks', 'run', 'ETL', 'load_date', 'scheduled__2023-05-25T00:00:00+00:00', '--job-id', '376', '--raw', '--subdir', 'DAGS_FOLDER/refresh_token_DAG.py', '--cfg-path', '/tmp/tmphyyyjs9o']
[2023-05-26T17:11:32.268+0000] {standard_task_runner.py:83} INFO - Job 376: Subtask load_date
[2023-05-26T17:11:32.334+0000] {task_command.py:388} INFO - Running <TaskInstance: ETL.load_date scheduled__2023-05-25T00:00:00+00:00 [running]> on host 05172cfd5782
[2023-05-26T17:11:32.426+0000] {taskinstance.py:1511} INFO - Exporting the following env vars:
AIRFLOW_CTX_DAG_OWNER=fox
AIRFLOW_CTX_DAG_ID=ETL
AIRFLOW_CTX_TASK_ID=load_date
AIRFLOW_CTX_EXECUTION_DATE=2023-05-25T00:00:00+00:00
AIRFLOW_CTX_TRY_NUMBER=18
AIRFLOW_CTX_DAG_RUN_ID=scheduled__2023-05-25T00:00:00+00:00
[2023-05-26T17:11:32.727+0000] {python.py:177} INFO - Done. Returned value was: {'played_at': ['2023-05-25T16:49:01.388Z', '2023-05-25T16:45:20.131Z', '2023-05-25T16:40:43.778Z', '2023-05-25T16:36:51.704Z', '2023-05-25T10:04:04.448Z', '2023-05-25T09:59:02.505Z', '2023-05-25T09:55:33.128Z', '2023-05-25T09:51:11.222Z', '2023-05-25T09:47:31.384Z', '2023-05-25T09:40:41.328Z'], 'artist': ['Katy Perry', 'Nightwish', 'Thirty Seconds To Mars', 'Rammstein', 'Lady Gaga', 'Skillet', 'The Qemists', 'DJ Layla', 'Thousand Foot Krutch', 'Taio Cruz'], 'name_track': ['Hot N Cold', 'Nemo', 'The Kill', 'Feuer frei!', 'Poker Face', 'I Want to Live', 'Run You', 'Single Lady', 'Courtesy Call', 'Dynamite'], 'timestamps': ['2023-05-25', '2023-05-25', '2023-05-25', '2023-05-25', '2023-05-25', '2023-05-25', '2023-05-25', '2023-05-25', '2023-05-25', '2023-05-25']}
[2023-05-26T17:11:32.754+0000] {taskinstance.py:1326} INFO - Marking task as SUCCESS. dag_id=ETL, task_id=load_date, execution_date=20230525T000000, start_date=20230526T171132, end_date=20230526T171132
[2023-05-26T17:11:32.797+0000] {local_task_job.py:212} INFO - Task exited with return code 0
[2023-05-26T17:11:32.839+0000] {taskinstance.py:2585} INFO - 1 downstream tasks scheduled from follow-on schedule check
