[2023-05-26T16:36:50.510+0000] {taskinstance.py:1084} INFO - Dependencies all met for dep_context=non-requeueable deps ti=<TaskInstance: ETL.load_date scheduled__2023-05-25T00:00:00+00:00 [queued]>
[2023-05-26T16:36:50.525+0000] {taskinstance.py:1084} INFO - Dependencies all met for dep_context=requeueable deps ti=<TaskInstance: ETL.load_date scheduled__2023-05-25T00:00:00+00:00 [queued]>
[2023-05-26T16:36:50.525+0000] {taskinstance.py:1282} INFO - 
--------------------------------------------------------------------------------
[2023-05-26T16:36:50.525+0000] {taskinstance.py:1283} INFO - Starting attempt 11 of 16
[2023-05-26T16:36:50.526+0000] {taskinstance.py:1284} INFO - 
--------------------------------------------------------------------------------
[2023-05-26T16:36:50.551+0000] {taskinstance.py:1303} INFO - Executing <Task(PythonOperator): load_date> on 2023-05-25 00:00:00+00:00
[2023-05-26T16:36:50.559+0000] {standard_task_runner.py:55} INFO - Started process 2533 to run task
[2023-05-26T16:36:50.562+0000] {standard_task_runner.py:82} INFO - Running: ['***', 'tasks', 'run', 'ETL', 'load_date', 'scheduled__2023-05-25T00:00:00+00:00', '--job-id', '336', '--raw', '--subdir', 'DAGS_FOLDER/refresh_token_DAG.py', '--cfg-path', '/tmp/tmpnmrno_ko']
[2023-05-26T16:36:50.563+0000] {standard_task_runner.py:83} INFO - Job 336: Subtask load_date
[2023-05-26T16:36:50.643+0000] {task_command.py:388} INFO - Running <TaskInstance: ETL.load_date scheduled__2023-05-25T00:00:00+00:00 [running]> on host 05172cfd5782
[2023-05-26T16:36:50.755+0000] {taskinstance.py:1511} INFO - Exporting the following env vars:
AIRFLOW_CTX_DAG_OWNER=fox
AIRFLOW_CTX_DAG_ID=ETL
AIRFLOW_CTX_TASK_ID=load_date
AIRFLOW_CTX_EXECUTION_DATE=2023-05-25T00:00:00+00:00
AIRFLOW_CTX_TRY_NUMBER=11
AIRFLOW_CTX_DAG_RUN_ID=scheduled__2023-05-25T00:00:00+00:00
[2023-05-26T16:36:51.223+0000] {python.py:177} INFO - Done. Returned value was: {'played_at': ['2023-05-25T09:40:41.328Z', '2023-05-25T09:30:54.240Z', '2023-05-25T09:27:44.769Z', '2023-05-25T09:24:14.466Z', '2023-05-25T09:21:02.777Z', '2023-05-25T09:18:01.673Z', '2023-05-25T09:09:06.935Z', '2023-05-25T09:04:58.448Z', '2023-05-25T09:01:20.326Z', '2023-05-25T08:48:00.134Z'], 'artist': ['Taio Cruz', 'Karna', 'PROBASS ∆ HARDI', 'Bring Me The Horizon', 'Kataklysm', 'YAKTAK', 'Rev Theory', 'Metalocalypse: Dethklok', 'Suicide Silence', 'Judas Priest'], 'name_track': ['Dynamite', 'Вітролом', 'Козаки йдуть', 'Throne', 'Guillotine', 'Чекає вдома (feat. DOVI)', 'Hell Yeah', 'Awaken', 'Disengage', 'Breaking the Law'], 'timestamps': ['2023-05-25', '2023-05-25', '2023-05-25', '2023-05-25', '2023-05-25', '2023-05-25', '2023-05-25', '2023-05-25', '2023-05-25', '2023-05-25']}
[2023-05-26T16:36:51.258+0000] {taskinstance.py:1326} INFO - Marking task as SUCCESS. dag_id=ETL, task_id=load_date, execution_date=20230525T000000, start_date=20230526T163650, end_date=20230526T163651
[2023-05-26T16:36:51.297+0000] {local_task_job.py:212} INFO - Task exited with return code 0
[2023-05-26T16:36:51.339+0000] {taskinstance.py:2585} INFO - 1 downstream tasks scheduled from follow-on schedule check
