[2023-05-26T16:17:22.064+0000] {taskinstance.py:1084} INFO - Dependencies all met for dep_context=non-requeueable deps ti=<TaskInstance: ETL.load_date scheduled__2023-05-25T00:00:00+00:00 [queued]>
[2023-05-26T16:17:22.080+0000] {taskinstance.py:1084} INFO - Dependencies all met for dep_context=requeueable deps ti=<TaskInstance: ETL.load_date scheduled__2023-05-25T00:00:00+00:00 [queued]>
[2023-05-26T16:17:22.080+0000] {taskinstance.py:1282} INFO - 
--------------------------------------------------------------------------------
[2023-05-26T16:17:22.080+0000] {taskinstance.py:1283} INFO - Starting attempt 6 of 11
[2023-05-26T16:17:22.080+0000] {taskinstance.py:1284} INFO - 
--------------------------------------------------------------------------------
[2023-05-26T16:17:22.106+0000] {taskinstance.py:1303} INFO - Executing <Task(PythonOperator): load_date> on 2023-05-25 00:00:00+00:00
[2023-05-26T16:17:22.113+0000] {standard_task_runner.py:55} INFO - Started process 1945 to run task
[2023-05-26T16:17:22.117+0000] {standard_task_runner.py:82} INFO - Running: ['***', 'tasks', 'run', 'ETL', 'load_date', 'scheduled__2023-05-25T00:00:00+00:00', '--job-id', '310', '--raw', '--subdir', 'DAGS_FOLDER/refresh_token_DAG.py', '--cfg-path', '/tmp/tmpyp3ywh6c']
[2023-05-26T16:17:22.119+0000] {standard_task_runner.py:83} INFO - Job 310: Subtask load_date
[2023-05-26T16:17:22.203+0000] {task_command.py:388} INFO - Running <TaskInstance: ETL.load_date scheduled__2023-05-25T00:00:00+00:00 [running]> on host 05172cfd5782
[2023-05-26T16:17:22.315+0000] {taskinstance.py:1511} INFO - Exporting the following env vars:
AIRFLOW_CTX_DAG_OWNER=fox
AIRFLOW_CTX_DAG_ID=ETL
AIRFLOW_CTX_TASK_ID=load_date
AIRFLOW_CTX_EXECUTION_DATE=2023-05-25T00:00:00+00:00
AIRFLOW_CTX_TRY_NUMBER=6
AIRFLOW_CTX_DAG_RUN_ID=scheduled__2023-05-25T00:00:00+00:00
[2023-05-26T16:17:22.567+0000] {python.py:177} INFO - Done. Returned value was: {'played_at': ['2023-05-25T09:21:02.777Z', '2023-05-25T09:18:01.673Z', '2023-05-25T09:09:06.935Z', '2023-05-25T09:04:58.448Z', '2023-05-25T09:01:20.326Z', '2023-05-25T08:48:00.134Z', '2023-05-25T08:40:59.659Z', '2023-05-25T08:37:00.570Z', '2023-05-25T08:32:14.534Z', '2023-05-25T08:27:58.465Z'], 'artist': ['Kataklysm', 'YAKTAK', 'Rev Theory', 'Metalocalypse: Dethklok', 'Suicide Silence', 'Judas Priest', 'Volbeat', 'Trapt', 'System Of A Down', 'Motionless In White'], 'name_track': ['Guillotine', 'Чекає вдома (feat. DOVI)', 'Hell Yeah', 'Awaken', 'Disengage', 'Breaking the Law', "The Devil's Bleeding Crown", 'Headstrong', 'B.Y.O.B.', 'Voices'], 'timestamps': ['2023-05-25', '2023-05-25', '2023-05-25', '2023-05-25', '2023-05-25', '2023-05-25', '2023-05-25', '2023-05-25', '2023-05-25', '2023-05-25']}
[2023-05-26T16:17:22.600+0000] {taskinstance.py:1326} INFO - Marking task as SUCCESS. dag_id=ETL, task_id=load_date, execution_date=20230525T000000, start_date=20230526T161722, end_date=20230526T161722
[2023-05-26T16:17:22.649+0000] {local_task_job.py:212} INFO - Task exited with return code 0
[2023-05-26T16:17:22.709+0000] {taskinstance.py:2585} INFO - 1 downstream tasks scheduled from follow-on schedule check
