[2023-05-26T16:31:14.034+0000] {taskinstance.py:1084} INFO - Dependencies all met for dep_context=non-requeueable deps ti=<TaskInstance: ETL.load_date scheduled__2023-05-25T00:00:00+00:00 [queued]>
[2023-05-26T16:31:14.046+0000] {taskinstance.py:1084} INFO - Dependencies all met for dep_context=requeueable deps ti=<TaskInstance: ETL.load_date scheduled__2023-05-25T00:00:00+00:00 [queued]>
[2023-05-26T16:31:14.046+0000] {taskinstance.py:1282} INFO - 
--------------------------------------------------------------------------------
[2023-05-26T16:31:14.046+0000] {taskinstance.py:1283} INFO - Starting attempt 9 of 14
[2023-05-26T16:31:14.047+0000] {taskinstance.py:1284} INFO - 
--------------------------------------------------------------------------------
[2023-05-26T16:31:14.064+0000] {taskinstance.py:1303} INFO - Executing <Task(PythonOperator): load_date> on 2023-05-25 00:00:00+00:00
[2023-05-26T16:31:14.070+0000] {standard_task_runner.py:55} INFO - Started process 2367 to run task
[2023-05-26T16:31:14.075+0000] {standard_task_runner.py:82} INFO - Running: ['***', 'tasks', 'run', 'ETL', 'load_date', 'scheduled__2023-05-25T00:00:00+00:00', '--job-id', '328', '--raw', '--subdir', 'DAGS_FOLDER/refresh_token_DAG.py', '--cfg-path', '/tmp/tmp18epwzyo']
[2023-05-26T16:31:14.077+0000] {standard_task_runner.py:83} INFO - Job 328: Subtask load_date
[2023-05-26T16:31:14.145+0000] {task_command.py:388} INFO - Running <TaskInstance: ETL.load_date scheduled__2023-05-25T00:00:00+00:00 [running]> on host 05172cfd5782
[2023-05-26T16:31:14.234+0000] {taskinstance.py:1511} INFO - Exporting the following env vars:
AIRFLOW_CTX_DAG_OWNER=fox
AIRFLOW_CTX_DAG_ID=ETL
AIRFLOW_CTX_TASK_ID=load_date
AIRFLOW_CTX_EXECUTION_DATE=2023-05-25T00:00:00+00:00
AIRFLOW_CTX_TRY_NUMBER=9
AIRFLOW_CTX_DAG_RUN_ID=scheduled__2023-05-25T00:00:00+00:00
[2023-05-26T16:31:14.561+0000] {python.py:177} INFO - Done. Returned value was: {'played_at': ['2023-05-25T09:27:44.769Z', '2023-05-25T09:24:14.466Z', '2023-05-25T09:21:02.777Z', '2023-05-25T09:18:01.673Z', '2023-05-25T09:09:06.935Z', '2023-05-25T09:04:58.448Z', '2023-05-25T09:01:20.326Z', '2023-05-25T08:48:00.134Z', '2023-05-25T08:40:59.659Z', '2023-05-25T08:37:00.570Z'], 'artist': ['PROBASS ∆ HARDI', 'Bring Me The Horizon', 'Kataklysm', 'YAKTAK', 'Rev Theory', 'Metalocalypse: Dethklok', 'Suicide Silence', 'Judas Priest', 'Volbeat', 'Trapt'], 'name_track': ['Козаки йдуть', 'Throne', 'Guillotine', 'Чекає вдома (feat. DOVI)', 'Hell Yeah', 'Awaken', 'Disengage', 'Breaking the Law', 'Headstrong'], 'timestamps': ['2023-05-25', '2023-05-25', '2023-05-25', '2023-05-25', '2023-05-25', '2023-05-25', '2023-05-25', '2023-05-25', '2023-05-25', '2023-05-25']}
[2023-05-26T16:31:14.603+0000] {taskinstance.py:1326} INFO - Marking task as SUCCESS. dag_id=ETL, task_id=load_date, execution_date=20230525T000000, start_date=20230526T163114, end_date=20230526T163114
[2023-05-26T16:31:14.646+0000] {local_task_job.py:212} INFO - Task exited with return code 0
[2023-05-26T16:31:14.689+0000] {taskinstance.py:2585} INFO - 1 downstream tasks scheduled from follow-on schedule check
