[2023-06-06T15:03:18.919+0000] {taskinstance.py:1084} INFO - Dependencies all met for dep_context=non-requeueable deps ti=<TaskInstance: weather.add_data_in_weather scheduled__2023-06-06T14:01:00+00:00 [queued]>
[2023-06-06T15:03:18.937+0000] {taskinstance.py:1084} INFO - Dependencies all met for dep_context=requeueable deps ti=<TaskInstance: weather.add_data_in_weather scheduled__2023-06-06T14:01:00+00:00 [queued]>
[2023-06-06T15:03:18.937+0000] {taskinstance.py:1282} INFO - 
--------------------------------------------------------------------------------
[2023-06-06T15:03:18.937+0000] {taskinstance.py:1283} INFO - Starting attempt 1 of 6
[2023-06-06T15:03:18.937+0000] {taskinstance.py:1284} INFO - 
--------------------------------------------------------------------------------
[2023-06-06T15:03:18.961+0000] {taskinstance.py:1303} INFO - Executing <Task(PostgresOperator): add_data_in_weather> on 2023-06-06 14:01:00+00:00
[2023-06-06T15:03:18.969+0000] {standard_task_runner.py:55} INFO - Started process 17780 to run task
[2023-06-06T15:03:18.971+0000] {standard_task_runner.py:82} INFO - Running: ['***', 'tasks', 'run', 'weather', 'add_data_in_weather', 'scheduled__2023-06-06T14:01:00+00:00', '--job-id', '942', '--raw', '--subdir', 'DAGS_FOLDER/weather_DAG.py', '--cfg-path', '/tmp/tmp57mxe2hr']
[2023-06-06T15:03:18.973+0000] {standard_task_runner.py:83} INFO - Job 942: Subtask add_data_in_weather
[2023-06-06T15:03:19.054+0000] {task_command.py:388} INFO - Running <TaskInstance: weather.add_data_in_weather scheduled__2023-06-06T14:01:00+00:00 [running]> on host 05172cfd5782
[2023-06-06T15:03:19.289+0000] {taskinstance.py:1511} INFO - Exporting the following env vars:
AIRFLOW_CTX_DAG_OWNER=fox
AIRFLOW_CTX_DAG_ID=weather
AIRFLOW_CTX_TASK_ID=add_data_in_weather
AIRFLOW_CTX_EXECUTION_DATE=2023-06-06T14:01:00+00:00
AIRFLOW_CTX_TRY_NUMBER=1
AIRFLOW_CTX_DAG_RUN_ID=scheduled__2023-06-06T14:01:00+00:00
[2023-06-06T15:03:19.290+0000] {sql.py:254} INFO - Executing: 
            insert into weather_data (date, current_temperature, feels_like, sky, chance_of_precipitation, wind, 
            pressure, uv_index, humidity, precipitation, timestamps) values 
            ('2023-06-06T17:03:16+02:00',
            '+18째',
            '+19째C',
            'Overcast, light rain',
            '50',
            '2',
            '739',
            '4/12',
            '76',
            '0.2',
            '2023-06-06'
            )
            
[2023-06-06T15:03:19.302+0000] {base.py:73} INFO - Using connection ID 'postgres_localhost' for task execution.
[2023-06-06T15:03:19.679+0000] {base.py:73} INFO - Using connection ID 'postgres_localhost' for task execution.
[2023-06-06T15:03:19.683+0000] {sql.py:375} INFO - Running statement: 
            insert into weather_data (date, current_temperature, feels_like, sky, chance_of_precipitation, wind, 
            pressure, uv_index, humidity, precipitation, timestamps) values 
            ('2023-06-06T17:03:16+02:00',
            '+18째',
            '+19째C',
            'Overcast, light rain',
            '50',
            '2',
            '739',
            '4/12',
            '76',
            '0.2',
            '2023-06-06'
            )
            , parameters: None
[2023-06-06T15:03:19.684+0000] {sql.py:384} INFO - Rows affected: 1
[2023-06-06T15:03:19.701+0000] {taskinstance.py:1326} INFO - Marking task as SUCCESS. dag_id=weather, task_id=add_data_in_weather, execution_date=20230606T140100, start_date=20230606T150318, end_date=20230606T150319
[2023-06-06T15:03:19.745+0000] {local_task_job.py:212} INFO - Task exited with return code 0
[2023-06-06T15:03:19.769+0000] {taskinstance.py:2585} INFO - 0 downstream tasks scheduled from follow-on schedule check
