[2023-06-03T17:00:05.021+0000] {taskinstance.py:1084} INFO - Dependencies all met for dep_context=non-requeueable deps ti=<TaskInstance: ETL.add_data_in_database scheduled__2023-06-02T17:00:00+00:00 [queued]>
[2023-06-03T17:00:05.033+0000] {taskinstance.py:1084} INFO - Dependencies all met for dep_context=requeueable deps ti=<TaskInstance: ETL.add_data_in_database scheduled__2023-06-02T17:00:00+00:00 [queued]>
[2023-06-03T17:00:05.033+0000] {taskinstance.py:1282} INFO - 
--------------------------------------------------------------------------------
[2023-06-03T17:00:05.034+0000] {taskinstance.py:1283} INFO - Starting attempt 1 of 6
[2023-06-03T17:00:05.034+0000] {taskinstance.py:1284} INFO - 
--------------------------------------------------------------------------------
[2023-06-03T17:00:05.051+0000] {taskinstance.py:1303} INFO - Executing <Task(PostgresOperator): add_data_in_database> on 2023-06-02 17:00:00+00:00
[2023-06-03T17:00:05.056+0000] {standard_task_runner.py:55} INFO - Started process 30207 to run task
[2023-06-03T17:00:05.061+0000] {standard_task_runner.py:82} INFO - Running: ['***', 'tasks', 'run', 'ETL', 'add_data_in_database', 'scheduled__2023-06-02T17:00:00+00:00', '--job-id', '428', '--raw', '--subdir', 'DAGS_FOLDER/ETL_spotify_DAG.py', '--cfg-path', '/tmp/tmpvt69p6ka']
[2023-06-03T17:00:05.063+0000] {standard_task_runner.py:83} INFO - Job 428: Subtask add_data_in_database
[2023-06-03T17:00:05.134+0000] {task_command.py:388} INFO - Running <TaskInstance: ETL.add_data_in_database scheduled__2023-06-02T17:00:00+00:00 [running]> on host 05172cfd5782
[2023-06-03T17:00:05.565+0000] {taskinstance.py:1511} INFO - Exporting the following env vars:
AIRFLOW_CTX_DAG_OWNER=fox
AIRFLOW_CTX_DAG_ID=ETL
AIRFLOW_CTX_TASK_ID=add_data_in_database
AIRFLOW_CTX_EXECUTION_DATE=2023-06-02T17:00:00+00:00
AIRFLOW_CTX_TRY_NUMBER=1
AIRFLOW_CTX_DAG_RUN_ID=scheduled__2023-06-02T17:00:00+00:00
[2023-06-03T17:00:05.565+0000] {sql.py:254} INFO - Executing: 
            insert into spotify_data (played_at, artist, name_track, timestamps) values 
            ('2023-06-03T10:15:03.010Z',
            'Rev Theory',
            'Hell Yeah',
            '2023-06-03'
            );
            insert into spotify_data (played_at, artist, name_track, timestamps) values 
            ('2023-06-03T10:10:55.134Z',
            'Saliva',
            'They Don*t Care About Us',
            '2023-06-03'
            );
            insert into spotify_data (played_at, artist, name_track, timestamps) values 
            ('2023-06-03T10:06:37.685Z',
            'SadSvit',
            'Касета',
            '2023-06-03'
            );
            insert into spotify_data (played_at, artist, name_track, timestamps) values 
            ('2023-06-03T10:04:13.361Z',
            'Breaking Benjamin',
            'The Diary of Jane - Single Version',
            '2023-06-03'
            );
            insert into spotify_data (played_at, artist, name_track, timestamps) values 
            ('2023-06-03T10:00:53.146Z',
            'Tristan Garner',
            'Give Love - Arias Radio Edit',
            '2023-06-03'
            );
            insert into spotify_data (played_at, artist, name_track, timestamps) values 
            ('2023-06-03T09:53:03.530Z',
            'Stromae',
            'Alors on danse - Radio Edit',
            '2023-06-03'
            );
            insert into spotify_data (played_at, artist, name_track, timestamps) values 
            ('2023-06-03T09:49:37.419Z',
            'Thirty Seconds To Mars',
            'The Kill',
            '2023-06-03'
            );
            insert into spotify_data (played_at, artist, name_track, timestamps) values 
            ('2023-06-03T09:45:45.565Z',
            'STARSET',
            'My Demons',
            '2023-06-03'
            );
            insert into spotify_data (played_at, artist, name_track, timestamps) values 
            ('2023-06-03T09:40:57.121Z',
            'Three Days Grace',
            'Animal I Have Become',
            '2023-06-03'
            );
            insert into spotify_data (played_at, artist, name_track, timestamps) values 
            ('2023-06-03T09:37:05.863Z',
            'Apocalyptica',
            'Not Strong Enough',
            '2023-06-03'
            )
            
[2023-06-03T17:00:05.574+0000] {base.py:73} INFO - Using connection ID 'postgres_localhost' for task execution.
[2023-06-03T17:00:05.846+0000] {base.py:73} INFO - Using connection ID 'postgres_localhost' for task execution.
[2023-06-03T17:00:05.849+0000] {sql.py:375} INFO - Running statement: 
            insert into spotify_data (played_at, artist, name_track, timestamps) values 
            ('2023-06-03T10:15:03.010Z',
            'Rev Theory',
            'Hell Yeah',
            '2023-06-03'
            );
            insert into spotify_data (played_at, artist, name_track, timestamps) values 
            ('2023-06-03T10:10:55.134Z',
            'Saliva',
            'They Don*t Care About Us',
            '2023-06-03'
            );
            insert into spotify_data (played_at, artist, name_track, timestamps) values 
            ('2023-06-03T10:06:37.685Z',
            'SadSvit',
            'Касета',
            '2023-06-03'
            );
            insert into spotify_data (played_at, artist, name_track, timestamps) values 
            ('2023-06-03T10:04:13.361Z',
            'Breaking Benjamin',
            'The Diary of Jane - Single Version',
            '2023-06-03'
            );
            insert into spotify_data (played_at, artist, name_track, timestamps) values 
            ('2023-06-03T10:00:53.146Z',
            'Tristan Garner',
            'Give Love - Arias Radio Edit',
            '2023-06-03'
            );
            insert into spotify_data (played_at, artist, name_track, timestamps) values 
            ('2023-06-03T09:53:03.530Z',
            'Stromae',
            'Alors on danse - Radio Edit',
            '2023-06-03'
            );
            insert into spotify_data (played_at, artist, name_track, timestamps) values 
            ('2023-06-03T09:49:37.419Z',
            'Thirty Seconds To Mars',
            'The Kill',
            '2023-06-03'
            );
            insert into spotify_data (played_at, artist, name_track, timestamps) values 
            ('2023-06-03T09:45:45.565Z',
            'STARSET',
            'My Demons',
            '2023-06-03'
            );
            insert into spotify_data (played_at, artist, name_track, timestamps) values 
            ('2023-06-03T09:40:57.121Z',
            'Three Days Grace',
            'Animal I Have Become',
            '2023-06-03'
            );
            insert into spotify_data (played_at, artist, name_track, timestamps) values 
            ('2023-06-03T09:37:05.863Z',
            'Apocalyptica',
            'Not Strong Enough',
            '2023-06-03'
            )
            , parameters: None
[2023-06-03T17:00:05.851+0000] {sql.py:384} INFO - Rows affected: 1
[2023-06-03T17:00:05.862+0000] {taskinstance.py:1326} INFO - Marking task as SUCCESS. dag_id=ETL, task_id=add_data_in_database, execution_date=20230602T170000, start_date=20230603T170005, end_date=20230603T170005
[2023-06-03T17:00:05.917+0000] {local_task_job.py:212} INFO - Task exited with return code 0
[2023-06-03T17:00:05.959+0000] {taskinstance.py:2585} INFO - 0 downstream tasks scheduled from follow-on schedule check
