[2023-05-26T17:22:56.783+0000] {taskinstance.py:1084} INFO - Dependencies all met for dep_context=non-requeueable deps ti=<TaskInstance: ETL.ETL manual__2023-05-26T17:22:53.906796+00:00 [queued]>
[2023-05-26T17:22:56.795+0000] {taskinstance.py:1084} INFO - Dependencies all met for dep_context=requeueable deps ti=<TaskInstance: ETL.ETL manual__2023-05-26T17:22:53.906796+00:00 [queued]>
[2023-05-26T17:22:56.795+0000] {taskinstance.py:1282} INFO - 
--------------------------------------------------------------------------------
[2023-05-26T17:22:56.795+0000] {taskinstance.py:1283} INFO - Starting attempt 1 of 6
[2023-05-26T17:22:56.795+0000] {taskinstance.py:1284} INFO - 
--------------------------------------------------------------------------------
[2023-05-26T17:22:56.817+0000] {taskinstance.py:1303} INFO - Executing <Task(PythonOperator): ETL> on 2023-05-26 17:22:53.906796+00:00
[2023-05-26T17:22:56.822+0000] {standard_task_runner.py:55} INFO - Started process 3837 to run task
[2023-05-26T17:22:56.825+0000] {standard_task_runner.py:82} INFO - Running: ['***', 'tasks', 'run', 'ETL', 'ETL', 'manual__2023-05-26T17:22:53.906796+00:00', '--job-id', '384', '--raw', '--subdir', 'DAGS_FOLDER/refresh_token_DAG.py', '--cfg-path', '/tmp/tmpu09p45bq']
[2023-05-26T17:22:56.826+0000] {standard_task_runner.py:83} INFO - Job 384: Subtask ETL
[2023-05-26T17:22:56.938+0000] {task_command.py:388} INFO - Running <TaskInstance: ETL.ETL manual__2023-05-26T17:22:53.906796+00:00 [running]> on host 05172cfd5782
[2023-05-26T17:22:57.072+0000] {taskinstance.py:1511} INFO - Exporting the following env vars:
AIRFLOW_CTX_DAG_OWNER=fox
AIRFLOW_CTX_DAG_ID=ETL
AIRFLOW_CTX_TASK_ID=ETL
AIRFLOW_CTX_EXECUTION_DATE=2023-05-26T17:22:53.906796+00:00
AIRFLOW_CTX_TRY_NUMBER=1
AIRFLOW_CTX_DAG_RUN_ID=manual__2023-05-26T17:22:53.906796+00:00
[2023-05-26T17:22:57.543+0000] {python.py:177} INFO - Done. Returned value was: {'played_at': ['2023-05-25T16:59:52.603Z', '2023-05-25T16:56:10.290Z', '2023-05-25T16:53:23.657Z', '2023-05-25T16:49:01.388Z', '2023-05-25T16:45:20.131Z', '2023-05-25T16:40:43.778Z', '2023-05-25T16:36:51.704Z', '2023-05-25T10:04:04.448Z', '2023-05-25T09:59:02.505Z', '2023-05-25T09:55:33.128Z'], 'artist': ['My Darkest Days', 'Motörhead', 'Five Finger Death Punch', 'Katy Perry', 'Nightwish', 'Thirty Seconds To Mars', 'Rammstein', 'Lady Gaga', 'Skillet', 'The Qemists'], 'name_track': ['Save Yourself', 'Ace of Spades', 'Bad Company', 'Hot N Cold', 'Nemo', 'The Kill', 'Feuer frei!', 'Poker Face', 'I Want to Live', 'Run You'], 'timestamps': ['2023-05-25', '2023-05-25', '2023-05-25', '2023-05-25', '2023-05-25', '2023-05-25', '2023-05-25', '2023-05-25', '2023-05-25', '2023-05-25']}
[2023-05-26T17:22:57.580+0000] {taskinstance.py:1326} INFO - Marking task as SUCCESS. dag_id=ETL, task_id=ETL, execution_date=20230526T172253, start_date=20230526T172256, end_date=20230526T172257
[2023-05-26T17:22:57.614+0000] {local_task_job.py:212} INFO - Task exited with return code 0
[2023-05-26T17:22:57.651+0000] {taskinstance.py:2585} INFO - 0 downstream tasks scheduled from follow-on schedule check
