[2023-05-24T17:09:23.465+0000] {taskinstance.py:1084} INFO - Dependencies all met for dep_context=non-requeueable deps ti=<TaskInstance: ETL.fresh scheduled__2023-05-21T00:00:00+00:00 [queued]>
[2023-05-24T17:09:23.534+0000] {taskinstance.py:1084} INFO - Dependencies all met for dep_context=requeueable deps ti=<TaskInstance: ETL.fresh scheduled__2023-05-21T00:00:00+00:00 [queued]>
[2023-05-24T17:09:23.534+0000] {taskinstance.py:1282} INFO - 
--------------------------------------------------------------------------------
[2023-05-24T17:09:23.534+0000] {taskinstance.py:1283} INFO - Starting attempt 1 of 6
[2023-05-24T17:09:23.535+0000] {taskinstance.py:1284} INFO - 
--------------------------------------------------------------------------------
[2023-05-24T17:09:23.686+0000] {taskinstance.py:1303} INFO - Executing <Task(PythonOperator): fresh> on 2023-05-21 00:00:00+00:00
[2023-05-24T17:09:23.703+0000] {standard_task_runner.py:55} INFO - Started process 3399 to run task
[2023-05-24T17:09:23.749+0000] {standard_task_runner.py:82} INFO - Running: ['***', 'tasks', 'run', 'ETL', 'fresh', 'scheduled__2023-05-21T00:00:00+00:00', '--job-id', '140', '--raw', '--subdir', 'DAGS_FOLDER/refresh_token_DAG.py', '--cfg-path', '/tmp/tmp3rgxcmf3']
[2023-05-24T17:09:23.761+0000] {standard_task_runner.py:83} INFO - Job 140: Subtask fresh
[2023-05-24T17:09:24.016+0000] {task_command.py:388} INFO - Running <TaskInstance: ETL.fresh scheduled__2023-05-21T00:00:00+00:00 [running]> on host 2fa3ade57007
[2023-05-24T17:09:24.214+0000] {taskinstance.py:1511} INFO - Exporting the following env vars:
AIRFLOW_CTX_DAG_OWNER=fox
AIRFLOW_CTX_DAG_ID=ETL
AIRFLOW_CTX_TASK_ID=fresh
AIRFLOW_CTX_EXECUTION_DATE=2023-05-21T00:00:00+00:00
AIRFLOW_CTX_TRY_NUMBER=1
AIRFLOW_CTX_DAG_RUN_ID=scheduled__2023-05-21T00:00:00+00:00
[2023-05-24T17:09:24.565+0000] {python.py:177} INFO - Done. Returned value was: BQBdij72wwR92aaadtQn2tR5AxXcfsm4ZB7rKpv3fyVRSEhDt5uM_DSJjfUIPfliqbvMGOMNVlOdK3cAHzOL2iChzQBDYlEJDVbXhPpUMrloQz6Leq8NEdabaAxp0n-23NRkyI2qc-xXn0M2zZNs-sVZCaytd-1XOklMuhS2KT-DbbzlPgt49U-lCE2vCWquXjC-3Fwhj7BiyfI
[2023-05-24T17:09:24.815+0000] {taskinstance.py:1326} INFO - Marking task as SUCCESS. dag_id=ETL, task_id=fresh, execution_date=20230521T000000, start_date=20230524T170923, end_date=20230524T170924
[2023-05-24T17:09:25.009+0000] {local_task_job.py:212} INFO - Task exited with return code 0
[2023-05-24T17:09:25.269+0000] {taskinstance.py:2585} INFO - 1 downstream tasks scheduled from follow-on schedule check
