[2023-05-23T17:35:07.698+0000] {taskinstance.py:1084} INFO - Dependencies all met for dep_context=non-requeueable deps ti=<TaskInstance: refresh_token.token manual__2023-05-23T17:10:43.672559+00:00 [queued]>
[2023-05-23T17:35:07.714+0000] {taskinstance.py:1084} INFO - Dependencies all met for dep_context=requeueable deps ti=<TaskInstance: refresh_token.token manual__2023-05-23T17:10:43.672559+00:00 [queued]>
[2023-05-23T17:35:07.714+0000] {taskinstance.py:1282} INFO - 
--------------------------------------------------------------------------------
[2023-05-23T17:35:07.714+0000] {taskinstance.py:1283} INFO - Starting attempt 2 of 6
[2023-05-23T17:35:07.714+0000] {taskinstance.py:1284} INFO - 
--------------------------------------------------------------------------------
[2023-05-23T17:35:07.741+0000] {taskinstance.py:1303} INFO - Executing <Task(PythonOperator): token> on 2023-05-23 17:10:43.672559+00:00
[2023-05-23T17:35:07.746+0000] {standard_task_runner.py:55} INFO - Started process 2891 to run task
[2023-05-23T17:35:07.749+0000] {standard_task_runner.py:82} INFO - Running: ['***', 'tasks', 'run', 'refresh_token', 'token', 'manual__2023-05-23T17:10:43.672559+00:00', '--job-id', '51', '--raw', '--subdir', 'DAGS_FOLDER/refresh_token_DAG.py', '--cfg-path', '/tmp/tmp3ywmu3qk']
[2023-05-23T17:35:07.751+0000] {standard_task_runner.py:83} INFO - Job 51: Subtask token
[2023-05-23T17:35:07.845+0000] {task_command.py:388} INFO - Running <TaskInstance: refresh_token.token manual__2023-05-23T17:10:43.672559+00:00 [running]> on host 2a789c3fa429
[2023-05-23T17:35:07.986+0000] {taskinstance.py:1511} INFO - Exporting the following env vars:
AIRFLOW_CTX_DAG_OWNER=fox
AIRFLOW_CTX_DAG_ID=refresh_token
AIRFLOW_CTX_TASK_ID=token
AIRFLOW_CTX_EXECUTION_DATE=2023-05-23T17:10:43.672559+00:00
AIRFLOW_CTX_TRY_NUMBER=2
AIRFLOW_CTX_DAG_RUN_ID=manual__2023-05-23T17:10:43.672559+00:00
[2023-05-23T17:35:08.002+0000] {python.py:177} INFO - Done. Returned value was: None
[2023-05-23T17:35:08.016+0000] {taskinstance.py:1326} INFO - Marking task as SUCCESS. dag_id=refresh_token, task_id=token, execution_date=20230523T171043, start_date=20230523T173507, end_date=20230523T173508
[2023-05-23T17:35:08.042+0000] {local_task_job.py:212} INFO - Task exited with return code 0
[2023-05-23T17:35:08.072+0000] {taskinstance.py:2585} INFO - 0 downstream tasks scheduled from follow-on schedule check
