[2023-05-26T17:10:38.769+0000] {taskinstance.py:1084} INFO - Dependencies all met for dep_context=non-requeueable deps ti=<TaskInstance: ETL.create_table scheduled__2023-05-25T17:00:00+00:00 [queued]>
[2023-05-26T17:10:38.784+0000] {taskinstance.py:1084} INFO - Dependencies all met for dep_context=requeueable deps ti=<TaskInstance: ETL.create_table scheduled__2023-05-25T17:00:00+00:00 [queued]>
[2023-05-26T17:10:38.785+0000] {taskinstance.py:1282} INFO - 
--------------------------------------------------------------------------------
[2023-05-26T17:10:38.785+0000] {taskinstance.py:1283} INFO - Starting attempt 1 of 6
[2023-05-26T17:10:38.785+0000] {taskinstance.py:1284} INFO - 
--------------------------------------------------------------------------------
[2023-05-26T17:10:38.808+0000] {taskinstance.py:1303} INFO - Executing <Task(PostgresOperator): create_table> on 2023-05-25 17:00:00+00:00
[2023-05-26T17:10:38.813+0000] {standard_task_runner.py:55} INFO - Started process 3507 to run task
[2023-05-26T17:10:38.818+0000] {standard_task_runner.py:82} INFO - Running: ['***', 'tasks', 'run', 'ETL', 'create_table', 'scheduled__2023-05-25T17:00:00+00:00', '--job-id', '373', '--raw', '--subdir', 'DAGS_FOLDER/refresh_token_DAG.py', '--cfg-path', '/tmp/tmpbp3wav50']
[2023-05-26T17:10:38.820+0000] {standard_task_runner.py:83} INFO - Job 373: Subtask create_table
[2023-05-26T17:10:38.919+0000] {task_command.py:388} INFO - Running <TaskInstance: ETL.create_table scheduled__2023-05-25T17:00:00+00:00 [running]> on host 05172cfd5782
[2023-05-26T17:10:39.088+0000] {taskinstance.py:1511} INFO - Exporting the following env vars:
AIRFLOW_CTX_DAG_OWNER=fox
AIRFLOW_CTX_DAG_ID=ETL
AIRFLOW_CTX_TASK_ID=create_table
AIRFLOW_CTX_EXECUTION_DATE=2023-05-25T17:00:00+00:00
AIRFLOW_CTX_TRY_NUMBER=1
AIRFLOW_CTX_DAG_RUN_ID=scheduled__2023-05-25T17:00:00+00:00
[2023-05-26T17:10:39.089+0000] {sql.py:254} INFO - Executing: 
            CREATE TABLE IF NOT EXISTS spotify_data (
                played_at VARCHAR(200),
                artist VARCHAR(200),
                name_track VARCHAR(200),
                timestamps VARCHAR(200),
                CONSTRAINT primary_key_constraint PRIMARY KEY (played_at)
        )
        
[2023-05-26T17:10:39.102+0000] {base.py:73} INFO - Using connection ID 'postgres_localhost' for task execution.
[2023-05-26T17:10:39.614+0000] {base.py:73} INFO - Using connection ID 'postgres_localhost' for task execution.
[2023-05-26T17:10:39.619+0000] {sql.py:375} INFO - Running statement: 
            CREATE TABLE IF NOT EXISTS spotify_data (
                played_at VARCHAR(200),
                artist VARCHAR(200),
                name_track VARCHAR(200),
                timestamps VARCHAR(200),
                CONSTRAINT primary_key_constraint PRIMARY KEY (played_at)
        )
        , parameters: None
[2023-05-26T17:10:39.634+0000] {taskinstance.py:1326} INFO - Marking task as SUCCESS. dag_id=ETL, task_id=create_table, execution_date=20230525T170000, start_date=20230526T171038, end_date=20230526T171039
[2023-05-26T17:10:39.669+0000] {local_task_job.py:212} INFO - Task exited with return code 0
[2023-05-26T17:10:39.706+0000] {taskinstance.py:2585} INFO - 1 downstream tasks scheduled from follow-on schedule check
