[2023-05-24T15:17:36.694+0000] {taskinstance.py:1084} INFO - Dependencies all met for dep_context=non-requeueable deps ti=<TaskInstance: refresh_token.fresh scheduled__2023-05-23T00:00:00+00:00 [queued]>
[2023-05-24T15:17:36.707+0000] {taskinstance.py:1084} INFO - Dependencies all met for dep_context=requeueable deps ti=<TaskInstance: refresh_token.fresh scheduled__2023-05-23T00:00:00+00:00 [queued]>
[2023-05-24T15:17:36.707+0000] {taskinstance.py:1282} INFO - 
--------------------------------------------------------------------------------
[2023-05-24T15:17:36.707+0000] {taskinstance.py:1283} INFO - Starting attempt 2 of 6
[2023-05-24T15:17:36.707+0000] {taskinstance.py:1284} INFO - 
--------------------------------------------------------------------------------
[2023-05-24T15:17:36.728+0000] {taskinstance.py:1303} INFO - Executing <Task(PythonOperator): fresh> on 2023-05-23 00:00:00+00:00
[2023-05-24T15:17:36.734+0000] {standard_task_runner.py:55} INFO - Started process 313 to run task
[2023-05-24T15:17:36.739+0000] {standard_task_runner.py:82} INFO - Running: ['***', 'tasks', 'run', 'refresh_token', 'fresh', 'scheduled__2023-05-23T00:00:00+00:00', '--job-id', '72', '--raw', '--subdir', 'DAGS_FOLDER/refresh_token_DAG.py', '--cfg-path', '/tmp/tmp6gzle1_f']
[2023-05-24T15:17:36.740+0000] {standard_task_runner.py:83} INFO - Job 72: Subtask fresh
[2023-05-24T15:17:36.827+0000] {task_command.py:388} INFO - Running <TaskInstance: refresh_token.fresh scheduled__2023-05-23T00:00:00+00:00 [running]> on host 2fa3ade57007
[2023-05-24T15:17:36.943+0000] {taskinstance.py:1511} INFO - Exporting the following env vars:
AIRFLOW_CTX_DAG_OWNER=fox
AIRFLOW_CTX_DAG_ID=refresh_token
AIRFLOW_CTX_TASK_ID=fresh
AIRFLOW_CTX_EXECUTION_DATE=2023-05-23T00:00:00+00:00
AIRFLOW_CTX_TRY_NUMBER=2
AIRFLOW_CTX_DAG_RUN_ID=scheduled__2023-05-23T00:00:00+00:00
[2023-05-24T15:17:37.491+0000] {python.py:177} INFO - Done. Returned value was: BQBMiYUr6SKGVkMLQmtWZ-ywqgqckhg8puytZnQg9DxGDywXm1PRmcCpLuTLtye1J7NESvloE0n9aWl77aQYdtgRhPzbx6bCof6EYNWr4TZfaLQTcXPn_wlJ7ot4jMKK3OyShCmiiqqyw6tOwF2xrTv-918LDd3Uo8zlOHhA-gUVD7VytojKuQPCnFDkDCz97r-UiHS_indWQ3w
[2023-05-24T15:17:37.524+0000] {taskinstance.py:1326} INFO - Marking task as SUCCESS. dag_id=refresh_token, task_id=fresh, execution_date=20230523T000000, start_date=20230524T151736, end_date=20230524T151737
[2023-05-24T15:17:37.554+0000] {local_task_job.py:212} INFO - Task exited with return code 0
[2023-05-24T15:17:37.581+0000] {taskinstance.py:2585} INFO - 0 downstream tasks scheduled from follow-on schedule check
