[2023-05-24T15:18:31.784+0000] {taskinstance.py:1084} INFO - Dependencies all met for dep_context=non-requeueable deps ti=<TaskInstance: refresh_token.fresh scheduled__2023-05-23T00:00:00+00:00 [queued]>
[2023-05-24T15:18:31.800+0000] {taskinstance.py:1084} INFO - Dependencies all met for dep_context=requeueable deps ti=<TaskInstance: refresh_token.fresh scheduled__2023-05-23T00:00:00+00:00 [queued]>
[2023-05-24T15:18:31.801+0000] {taskinstance.py:1282} INFO - 
--------------------------------------------------------------------------------
[2023-05-24T15:18:31.801+0000] {taskinstance.py:1283} INFO - Starting attempt 3 of 8
[2023-05-24T15:18:31.801+0000] {taskinstance.py:1284} INFO - 
--------------------------------------------------------------------------------
[2023-05-24T15:18:31.832+0000] {taskinstance.py:1303} INFO - Executing <Task(PythonOperator): fresh> on 2023-05-23 00:00:00+00:00
[2023-05-24T15:18:31.849+0000] {standard_task_runner.py:55} INFO - Started process 335 to run task
[2023-05-24T15:18:31.853+0000] {standard_task_runner.py:82} INFO - Running: ['***', 'tasks', 'run', 'refresh_token', 'fresh', 'scheduled__2023-05-23T00:00:00+00:00', '--job-id', '73', '--raw', '--subdir', 'DAGS_FOLDER/refresh_token_DAG.py', '--cfg-path', '/tmp/tmpmuqwlj74']
[2023-05-24T15:18:31.855+0000] {standard_task_runner.py:83} INFO - Job 73: Subtask fresh
[2023-05-24T15:18:31.944+0000] {task_command.py:388} INFO - Running <TaskInstance: refresh_token.fresh scheduled__2023-05-23T00:00:00+00:00 [running]> on host 2fa3ade57007
[2023-05-24T15:18:32.050+0000] {taskinstance.py:1511} INFO - Exporting the following env vars:
AIRFLOW_CTX_DAG_OWNER=fox
AIRFLOW_CTX_DAG_ID=refresh_token
AIRFLOW_CTX_TASK_ID=fresh
AIRFLOW_CTX_EXECUTION_DATE=2023-05-23T00:00:00+00:00
AIRFLOW_CTX_TRY_NUMBER=3
AIRFLOW_CTX_DAG_RUN_ID=scheduled__2023-05-23T00:00:00+00:00
[2023-05-24T15:18:32.238+0000] {python.py:177} INFO - Done. Returned value was: BQAMASx_eDd3HEaXJvwWSthGGCPCMAT-DzjVveWmUjpBDTbhiWzNf5Rh4879j8Bnu9y1wbngPPAPzyeVc7GVpC8tVP4_s9NHCQxQa5l6NyDPFvBaU4xvyWLqFDkYfWOC9NIvcshMvxus9h4HqUcGvukWHiKysq9VslIJsvepuwGmyjiqRJDvz03Yk-IWzi_AsQmhXQ9rXh1YPWQ
[2023-05-24T15:18:32.267+0000] {taskinstance.py:1326} INFO - Marking task as SUCCESS. dag_id=refresh_token, task_id=fresh, execution_date=20230523T000000, start_date=20230524T151831, end_date=20230524T151832
[2023-05-24T15:18:32.312+0000] {local_task_job.py:212} INFO - Task exited with return code 0
[2023-05-24T15:18:32.347+0000] {taskinstance.py:2585} INFO - 1 downstream tasks scheduled from follow-on schedule check
