[2023-06-06T12:56:12.959+0000] {taskinstance.py:1084} INFO - Dependencies all met for dep_context=non-requeueable deps ti=<TaskInstance: weather.scraping_weather scheduled__2023-06-06T06:01:00+00:00 [queued]>
[2023-06-06T12:56:13.004+0000] {taskinstance.py:1084} INFO - Dependencies all met for dep_context=requeueable deps ti=<TaskInstance: weather.scraping_weather scheduled__2023-06-06T06:01:00+00:00 [queued]>
[2023-06-06T12:56:13.004+0000] {taskinstance.py:1282} INFO - 
--------------------------------------------------------------------------------
[2023-06-06T12:56:13.004+0000] {taskinstance.py:1283} INFO - Starting attempt 1 of 6
[2023-06-06T12:56:13.005+0000] {taskinstance.py:1284} INFO - 
--------------------------------------------------------------------------------
[2023-06-06T12:56:13.048+0000] {taskinstance.py:1303} INFO - Executing <Task(PythonOperator): scraping_weather> on 2023-06-06 06:01:00+00:00
[2023-06-06T12:56:13.061+0000] {standard_task_runner.py:55} INFO - Started process 13449 to run task
[2023-06-06T12:56:13.076+0000] {standard_task_runner.py:82} INFO - Running: ['***', 'tasks', 'run', 'weather', 'scraping_weather', 'scheduled__2023-06-06T06:01:00+00:00', '--job-id', '883', '--raw', '--subdir', 'DAGS_FOLDER/weather_DAG.py', '--cfg-path', '/tmp/tmp5k2bj5le']
[2023-06-06T12:56:13.080+0000] {standard_task_runner.py:83} INFO - Job 883: Subtask scraping_weather
[2023-06-06T12:56:13.576+0000] {task_command.py:388} INFO - Running <TaskInstance: weather.scraping_weather scheduled__2023-06-06T06:01:00+00:00 [running]> on host 05172cfd5782
[2023-06-06T12:56:15.218+0000] {taskinstance.py:1511} INFO - Exporting the following env vars:
AIRFLOW_CTX_DAG_OWNER=fox
AIRFLOW_CTX_DAG_ID=weather
AIRFLOW_CTX_TASK_ID=scraping_weather
AIRFLOW_CTX_EXECUTION_DATE=2023-06-06T06:01:00+00:00
AIRFLOW_CTX_TRY_NUMBER=1
AIRFLOW_CTX_DAG_RUN_ID=scheduled__2023-06-06T06:01:00+00:00
[2023-06-06T12:56:17.581+0000] {python.py:177} INFO - Done. Returned value was: {'time': '2023-06-06T14:56:14+02:00', 'current_temperature': '+21°', 'feels_like': '+23°C', 'sky': 'Overcast, light rain', 'chance_of_precipitation': '30', 'wind': '2', 'pressure': '739', 'uv_index': '9/12', 'humidity': '60', 'precipitation': '0.22', 'timestamps': '2023-06-06'}
[2023-06-06T12:56:17.711+0000] {taskinstance.py:1326} INFO - Marking task as SUCCESS. dag_id=weather, task_id=scraping_weather, execution_date=20230606T060100, start_date=20230606T125612, end_date=20230606T125617
[2023-06-06T12:56:18.217+0000] {local_task_job.py:212} INFO - Task exited with return code 0
[2023-06-06T12:56:18.673+0000] {taskinstance.py:2585} INFO - 1 downstream tasks scheduled from follow-on schedule check
