[2023-06-05T17:36:34.219+0000] {taskinstance.py:1084} INFO - Dependencies all met for dep_context=non-requeueable deps ti=<TaskInstance: weather.create_table_weather scheduled__2023-05-21T01:01:00+00:00 [queued]>
[2023-06-05T17:36:34.274+0000] {taskinstance.py:1084} INFO - Dependencies all met for dep_context=requeueable deps ti=<TaskInstance: weather.create_table_weather scheduled__2023-05-21T01:01:00+00:00 [queued]>
[2023-06-05T17:36:34.274+0000] {taskinstance.py:1282} INFO - 
--------------------------------------------------------------------------------
[2023-06-05T17:36:34.274+0000] {taskinstance.py:1283} INFO - Starting attempt 2 of 6
[2023-06-05T17:36:34.274+0000] {taskinstance.py:1284} INFO - 
--------------------------------------------------------------------------------
[2023-06-05T17:36:34.947+0000] {taskinstance.py:1303} INFO - Executing <Task(PostgresOperator): create_table_weather> on 2023-05-21 01:01:00+00:00
[2023-06-05T17:36:35.024+0000] {standard_task_runner.py:55} INFO - Started process 11149 to run task
[2023-06-05T17:36:35.077+0000] {standard_task_runner.py:82} INFO - Running: ['***', 'tasks', 'run', 'weather', 'create_table_weather', 'scheduled__2023-05-21T01:01:00+00:00', '--job-id', '476', '--raw', '--subdir', 'DAGS_FOLDER/weather_DAG.py', '--cfg-path', '/tmp/tmprf14hq4j']
[2023-06-05T17:36:35.119+0000] {standard_task_runner.py:83} INFO - Job 476: Subtask create_table_weather
[2023-06-05T17:36:35.892+0000] {task_command.py:388} INFO - Running <TaskInstance: weather.create_table_weather scheduled__2023-05-21T01:01:00+00:00 [running]> on host 05172cfd5782
[2023-06-05T17:36:37.036+0000] {taskinstance.py:1511} INFO - Exporting the following env vars:
AIRFLOW_CTX_DAG_OWNER=fox
AIRFLOW_CTX_DAG_ID=weather
AIRFLOW_CTX_TASK_ID=create_table_weather
AIRFLOW_CTX_EXECUTION_DATE=2023-05-21T01:01:00+00:00
AIRFLOW_CTX_TRY_NUMBER=2
AIRFLOW_CTX_DAG_RUN_ID=scheduled__2023-05-21T01:01:00+00:00
[2023-06-05T17:36:37.037+0000] {sql.py:254} INFO - Executing: 
                CREATE TABLE IF NOT EXISTS weather_data (
                    date VARCHAR(200),
                    current_temperature VARCHAR(200),
                    feels_like VARCHAR(200),
                    sky VARCHAR(200),
                    chance_of_precipitation VARCHAR(200),
                    wind VARCHAR(200), 
                    pressure VARCHAR(200), 
                    uv_index VARCHAR(200), 
                    humidity VARCHAR(200), 
                    precipitation VARCHAR(200)
            )
            
[2023-06-05T17:36:37.191+0000] {base.py:73} INFO - Using connection ID 'postgres_localhost' for task execution.
[2023-06-05T17:36:39.934+0000] {base.py:73} INFO - Using connection ID 'postgres_localhost' for task execution.
[2023-06-05T17:36:39.953+0000] {sql.py:375} INFO - Running statement: 
                CREATE TABLE IF NOT EXISTS weather_data (
                    date VARCHAR(200),
                    current_temperature VARCHAR(200),
                    feels_like VARCHAR(200),
                    sky VARCHAR(200),
                    chance_of_precipitation VARCHAR(200),
                    wind VARCHAR(200), 
                    pressure VARCHAR(200), 
                    uv_index VARCHAR(200), 
                    humidity VARCHAR(200), 
                    precipitation VARCHAR(200)
            )
            , parameters: None
[2023-06-05T17:36:40.082+0000] {taskinstance.py:1326} INFO - Marking task as SUCCESS. dag_id=weather, task_id=create_table_weather, execution_date=20230521T010100, start_date=20230605T173634, end_date=20230605T173640
[2023-06-05T17:36:41.070+0000] {local_task_job.py:212} INFO - Task exited with return code 0
[2023-06-05T17:36:41.430+0000] {taskinstance.py:2585} INFO - 1 downstream tasks scheduled from follow-on schedule check
