[2023-06-01T17:00:03.015+0000] {taskinstance.py:1084} INFO - Dependencies all met for dep_context=non-requeueable deps ti=<TaskInstance: ETL.ETL scheduled__2023-05-31T17:00:00+00:00 [queued]>
[2023-06-01T17:00:03.031+0000] {taskinstance.py:1084} INFO - Dependencies all met for dep_context=requeueable deps ti=<TaskInstance: ETL.ETL scheduled__2023-05-31T17:00:00+00:00 [queued]>
[2023-06-01T17:00:03.032+0000] {taskinstance.py:1282} INFO - 
--------------------------------------------------------------------------------
[2023-06-01T17:00:03.032+0000] {taskinstance.py:1283} INFO - Starting attempt 1 of 6
[2023-06-01T17:00:03.032+0000] {taskinstance.py:1284} INFO - 
--------------------------------------------------------------------------------
[2023-06-01T17:00:03.058+0000] {taskinstance.py:1303} INFO - Executing <Task(PythonOperator): ETL> on 2023-05-31 17:00:00+00:00
[2023-06-01T17:00:03.064+0000] {standard_task_runner.py:55} INFO - Started process 143881 to run task
[2023-06-01T17:00:03.070+0000] {standard_task_runner.py:82} INFO - Running: ['***', 'tasks', 'run', 'ETL', 'ETL', 'scheduled__2023-05-31T17:00:00+00:00', '--job-id', '416', '--raw', '--subdir', 'DAGS_FOLDER/ETL_spotify_DAG.py', '--cfg-path', '/tmp/tmpqjzgjvmf']
[2023-06-01T17:00:03.072+0000] {standard_task_runner.py:83} INFO - Job 416: Subtask ETL
[2023-06-01T17:00:03.161+0000] {task_command.py:388} INFO - Running <TaskInstance: ETL.ETL scheduled__2023-05-31T17:00:00+00:00 [running]> on host 05172cfd5782
[2023-06-01T17:00:03.288+0000] {taskinstance.py:1511} INFO - Exporting the following env vars:
AIRFLOW_CTX_DAG_OWNER=fox
AIRFLOW_CTX_DAG_ID=ETL
AIRFLOW_CTX_TASK_ID=ETL
AIRFLOW_CTX_EXECUTION_DATE=2023-05-31T17:00:00+00:00
AIRFLOW_CTX_TRY_NUMBER=1
AIRFLOW_CTX_DAG_RUN_ID=scheduled__2023-05-31T17:00:00+00:00
[2023-06-01T17:00:03.845+0000] {python.py:177} INFO - Done. Returned value was: {'played_at': ['2023-05-31T15:08:05.289Z', '2023-05-31T15:04:45.479Z', '2023-05-31T15:01:04.625Z', '2023-05-31T11:52:28.949Z', '2023-05-31T11:40:00.097Z', '2023-05-31T11:35:40.051Z', '2023-05-31T11:32:28.624Z', '2023-05-31T11:30:05.769Z', '2023-05-31T11:27:37.200Z', '2023-05-31T11:25:08.737Z'], 'artist': ['SadSvit', 'Andreea Banica', 'Skryabin', 'Rammstein', 'Alter Bridge', 'Adelitas Way', 'Five Finger Death Punch', 'Five Finger Death Punch', 'Після Дощу', 'Evanescence'], 'name_track': ['Касета', 'Love in Brasil', 'Квінти', 'Du hast', 'Metalingus', 'Invincible', 'Bad Company', 'Bad Company', 'Хочеш', 'Going Under'], 'timestamps': ['2023-05-31', '2023-05-31', '2023-05-31', '2023-05-31', '2023-05-31', '2023-05-31', '2023-05-31', '2023-05-31', '2023-05-31', '2023-05-31']}
[2023-06-01T17:00:03.888+0000] {taskinstance.py:1326} INFO - Marking task as SUCCESS. dag_id=ETL, task_id=ETL, execution_date=20230531T170000, start_date=20230601T170003, end_date=20230601T170003
[2023-06-01T17:00:03.934+0000] {local_task_job.py:212} INFO - Task exited with return code 0
[2023-06-01T17:00:03.980+0000] {taskinstance.py:2585} INFO - 1 downstream tasks scheduled from follow-on schedule check
