[2023-06-05T17:00:04.730+0000] {taskinstance.py:1084} INFO - Dependencies all met for dep_context=non-requeueable deps ti=<TaskInstance: ETL.add_data_in_database scheduled__2023-06-04T17:00:00+00:00 [queued]>
[2023-06-05T17:00:04.742+0000] {taskinstance.py:1084} INFO - Dependencies all met for dep_context=requeueable deps ti=<TaskInstance: ETL.add_data_in_database scheduled__2023-06-04T17:00:00+00:00 [queued]>
[2023-06-05T17:00:04.742+0000] {taskinstance.py:1282} INFO - 
--------------------------------------------------------------------------------
[2023-06-05T17:00:04.742+0000] {taskinstance.py:1283} INFO - Starting attempt 1 of 6
[2023-06-05T17:00:04.742+0000] {taskinstance.py:1284} INFO - 
--------------------------------------------------------------------------------
[2023-06-05T17:00:04.762+0000] {taskinstance.py:1303} INFO - Executing <Task(PostgresOperator): add_data_in_database> on 2023-06-04 17:00:00+00:00
[2023-06-05T17:00:04.766+0000] {standard_task_runner.py:55} INFO - Started process 10163 to run task
[2023-06-05T17:00:04.769+0000] {standard_task_runner.py:82} INFO - Running: ['***', 'tasks', 'run', 'ETL', 'add_data_in_database', 'scheduled__2023-06-04T17:00:00+00:00', '--job-id', '438', '--raw', '--subdir', 'DAGS_FOLDER/ETL_spotify_DAG.py', '--cfg-path', '/tmp/tmp3376ndqe']
[2023-06-05T17:00:04.771+0000] {standard_task_runner.py:83} INFO - Job 438: Subtask add_data_in_database
[2023-06-05T17:00:04.841+0000] {task_command.py:388} INFO - Running <TaskInstance: ETL.add_data_in_database scheduled__2023-06-04T17:00:00+00:00 [running]> on host 05172cfd5782
[2023-06-05T17:00:05.302+0000] {taskinstance.py:1511} INFO - Exporting the following env vars:
AIRFLOW_CTX_DAG_OWNER=fox
AIRFLOW_CTX_DAG_ID=ETL
AIRFLOW_CTX_TASK_ID=add_data_in_database
AIRFLOW_CTX_EXECUTION_DATE=2023-06-04T17:00:00+00:00
AIRFLOW_CTX_TRY_NUMBER=1
AIRFLOW_CTX_DAG_RUN_ID=scheduled__2023-06-04T17:00:00+00:00
[2023-06-05T17:00:05.303+0000] {sql.py:254} INFO - Executing: 
            insert into spotify_data (played_at, artist, name_track, timestamps) values 
            ('2023-06-05T08:45:36.719Z',
            'Apocalyptica',
            'Not Strong Enough',
            '2023-06-05'
            );
            insert into spotify_data (played_at, artist, name_track, timestamps) values 
            ('2023-06-05T08:41:59.792Z',
            'Avicii',
            'Wake Me Up',
            '2023-06-05'
            );
            insert into spotify_data (played_at, artist, name_track, timestamps) values 
            ('2023-06-05T08:33:21.272Z',
            'Dope',
            'Die MF Die',
            '2023-06-05'
            );
            insert into spotify_data (played_at, artist, name_track, timestamps) values 
            ('2023-06-05T08:26:20.788Z',
            'Hollywood Undead',
            'Undead',
            '2023-06-05'
            );
            insert into spotify_data (played_at, artist, name_track, timestamps) values 
            ('2023-06-05T08:20:24.376Z',
            'The Rasmus',
            'Livin* in a World Without You',
            '2023-06-05'
            );
            insert into spotify_data (played_at, artist, name_track, timestamps) values 
            ('2023-06-05T08:16:33.567Z',
            'Volbeat',
            'The Devil*s Bleeding Crown',
            '2023-06-05'
            );
            insert into spotify_data (played_at, artist, name_track, timestamps) values 
            ('2023-06-05T08:12:33.644Z',
            'Korn',
            'Coming Undone',
            '2023-06-05'
            );
            insert into spotify_data (played_at, artist, name_track, timestamps) values 
            ('2023-06-05T08:09:13.968Z',
            'Rammstein',
            'Amerika',
            '2023-06-05'
            );
            insert into spotify_data (played_at, artist, name_track, timestamps) values 
            ('2023-06-05T08:03:27.549Z',
            'Linkin Park',
            'One Step Closer',
            '2023-06-05'
            );
            insert into spotify_data (played_at, artist, name_track, timestamps) values 
            ('2023-06-05T07:59:29.576Z',
            'Dream Evil',
            'The Chosen Ones',
            '2023-06-05'
            )
            
[2023-06-05T17:00:05.314+0000] {base.py:73} INFO - Using connection ID 'postgres_localhost' for task execution.
[2023-06-05T17:00:05.628+0000] {base.py:73} INFO - Using connection ID 'postgres_localhost' for task execution.
[2023-06-05T17:00:05.632+0000] {sql.py:375} INFO - Running statement: 
            insert into spotify_data (played_at, artist, name_track, timestamps) values 
            ('2023-06-05T08:45:36.719Z',
            'Apocalyptica',
            'Not Strong Enough',
            '2023-06-05'
            );
            insert into spotify_data (played_at, artist, name_track, timestamps) values 
            ('2023-06-05T08:41:59.792Z',
            'Avicii',
            'Wake Me Up',
            '2023-06-05'
            );
            insert into spotify_data (played_at, artist, name_track, timestamps) values 
            ('2023-06-05T08:33:21.272Z',
            'Dope',
            'Die MF Die',
            '2023-06-05'
            );
            insert into spotify_data (played_at, artist, name_track, timestamps) values 
            ('2023-06-05T08:26:20.788Z',
            'Hollywood Undead',
            'Undead',
            '2023-06-05'
            );
            insert into spotify_data (played_at, artist, name_track, timestamps) values 
            ('2023-06-05T08:20:24.376Z',
            'The Rasmus',
            'Livin* in a World Without You',
            '2023-06-05'
            );
            insert into spotify_data (played_at, artist, name_track, timestamps) values 
            ('2023-06-05T08:16:33.567Z',
            'Volbeat',
            'The Devil*s Bleeding Crown',
            '2023-06-05'
            );
            insert into spotify_data (played_at, artist, name_track, timestamps) values 
            ('2023-06-05T08:12:33.644Z',
            'Korn',
            'Coming Undone',
            '2023-06-05'
            );
            insert into spotify_data (played_at, artist, name_track, timestamps) values 
            ('2023-06-05T08:09:13.968Z',
            'Rammstein',
            'Amerika',
            '2023-06-05'
            );
            insert into spotify_data (played_at, artist, name_track, timestamps) values 
            ('2023-06-05T08:03:27.549Z',
            'Linkin Park',
            'One Step Closer',
            '2023-06-05'
            );
            insert into spotify_data (played_at, artist, name_track, timestamps) values 
            ('2023-06-05T07:59:29.576Z',
            'Dream Evil',
            'The Chosen Ones',
            '2023-06-05'
            )
            , parameters: None
[2023-06-05T17:00:05.633+0000] {sql.py:384} INFO - Rows affected: 1
[2023-06-05T17:00:05.647+0000] {taskinstance.py:1326} INFO - Marking task as SUCCESS. dag_id=ETL, task_id=add_data_in_database, execution_date=20230604T170000, start_date=20230605T170004, end_date=20230605T170005
[2023-06-05T17:00:05.702+0000] {local_task_job.py:212} INFO - Task exited with return code 0
[2023-06-05T17:00:05.725+0000] {taskinstance.py:2585} INFO - 0 downstream tasks scheduled from follow-on schedule check
