[2023-06-02T17:00:03.452+0000] {taskinstance.py:1084} INFO - Dependencies all met for dep_context=non-requeueable deps ti=<TaskInstance: ETL.ETL scheduled__2023-06-01T17:00:00+00:00 [queued]>
[2023-06-02T17:00:03.468+0000] {taskinstance.py:1084} INFO - Dependencies all met for dep_context=requeueable deps ti=<TaskInstance: ETL.ETL scheduled__2023-06-01T17:00:00+00:00 [queued]>
[2023-06-02T17:00:03.469+0000] {taskinstance.py:1282} INFO - 
--------------------------------------------------------------------------------
[2023-06-02T17:00:03.469+0000] {taskinstance.py:1283} INFO - Starting attempt 1 of 6
[2023-06-02T17:00:03.469+0000] {taskinstance.py:1284} INFO - 
--------------------------------------------------------------------------------
[2023-06-02T17:00:03.496+0000] {taskinstance.py:1303} INFO - Executing <Task(PythonOperator): ETL> on 2023-06-01 17:00:00+00:00
[2023-06-02T17:00:03.501+0000] {standard_task_runner.py:55} INFO - Started process 12583 to run task
[2023-06-02T17:00:03.507+0000] {standard_task_runner.py:82} INFO - Running: ['***', 'tasks', 'run', 'ETL', 'ETL', 'scheduled__2023-06-01T17:00:00+00:00', '--job-id', '422', '--raw', '--subdir', 'DAGS_FOLDER/ETL_spotify_DAG.py', '--cfg-path', '/tmp/tmp1ugyj6hy']
[2023-06-02T17:00:03.509+0000] {standard_task_runner.py:83} INFO - Job 422: Subtask ETL
[2023-06-02T17:00:03.600+0000] {task_command.py:388} INFO - Running <TaskInstance: ETL.ETL scheduled__2023-06-01T17:00:00+00:00 [running]> on host 05172cfd5782
[2023-06-02T17:00:03.729+0000] {taskinstance.py:1511} INFO - Exporting the following env vars:
AIRFLOW_CTX_DAG_OWNER=fox
AIRFLOW_CTX_DAG_ID=ETL
AIRFLOW_CTX_TASK_ID=ETL
AIRFLOW_CTX_EXECUTION_DATE=2023-06-01T17:00:00+00:00
AIRFLOW_CTX_TRY_NUMBER=1
AIRFLOW_CTX_DAG_RUN_ID=scheduled__2023-06-01T17:00:00+00:00
[2023-06-02T17:00:04.286+0000] {python.py:177} INFO - Done. Returned value was: {'played_at': ['2023-06-02T12:52:46.465Z', '2023-06-02T12:48:46.513Z', '2023-06-02T12:45:26.603Z', '2023-06-02T12:41:27.399Z', '2023-06-02T11:46:35.018Z', '2023-06-02T11:31:34.944Z', '2023-06-02T11:27:47.247Z', '2023-06-02T11:22:04.784Z', '2023-06-02T10:27:45.788Z', '2023-06-02T08:41:12.142Z'], 'artist': ['Karna', 'Rise Against', 'Volbeat', 'Example', 'Dub Buk', 'Rammstein', 'Karna', 'Lyapis Trubetskoy', 'Five Finger Death Punch', 'Ludwig van Beethoven'], 'name_track': ['Моя мила', 'Prayer Of The Refugee', 'The Devil*s Bleeding Crown', 'Changed the Way You Kiss Me - Radio Edit', 'Sіawa Ukrainie!', 'Amerika', 'Вітролом', 'Гаррі', 'Jekyll and Hyde', 'Symphony No. 5 in C Minor, Op. 67: I. Allegro con brio'], 'timestamps': ['2023-06-02', '2023-06-02', '2023-06-02', '2023-06-02', '2023-06-02', '2023-06-02', '2023-06-02', '2023-06-02', '2023-06-02', '2023-06-02']}
[2023-06-02T17:00:04.324+0000] {taskinstance.py:1326} INFO - Marking task as SUCCESS. dag_id=ETL, task_id=ETL, execution_date=20230601T170000, start_date=20230602T170003, end_date=20230602T170004
[2023-06-02T17:00:04.360+0000] {local_task_job.py:212} INFO - Task exited with return code 0
[2023-06-02T17:00:04.412+0000] {taskinstance.py:2585} INFO - 0 downstream tasks scheduled from follow-on schedule check
