[2023-06-02T17:00:06.003+0000] {taskinstance.py:1084} INFO - Dependencies all met for dep_context=non-requeueable deps ti=<TaskInstance: ETL.add_data_in_database scheduled__2023-06-01T17:00:00+00:00 [queued]>
[2023-06-02T17:00:06.020+0000] {taskinstance.py:1084} INFO - Dependencies all met for dep_context=requeueable deps ti=<TaskInstance: ETL.add_data_in_database scheduled__2023-06-01T17:00:00+00:00 [queued]>
[2023-06-02T17:00:06.020+0000] {taskinstance.py:1282} INFO - 
--------------------------------------------------------------------------------
[2023-06-02T17:00:06.021+0000] {taskinstance.py:1283} INFO - Starting attempt 1 of 6
[2023-06-02T17:00:06.021+0000] {taskinstance.py:1284} INFO - 
--------------------------------------------------------------------------------
[2023-06-02T17:00:06.048+0000] {taskinstance.py:1303} INFO - Executing <Task(PostgresOperator): add_data_in_database> on 2023-06-01 17:00:00+00:00
[2023-06-02T17:00:06.055+0000] {standard_task_runner.py:55} INFO - Started process 12592 to run task
[2023-06-02T17:00:06.059+0000] {standard_task_runner.py:82} INFO - Running: ['***', 'tasks', 'run', 'ETL', 'add_data_in_database', 'scheduled__2023-06-01T17:00:00+00:00', '--job-id', '424', '--raw', '--subdir', 'DAGS_FOLDER/ETL_spotify_DAG.py', '--cfg-path', '/tmp/tmp55qaygiw']
[2023-06-02T17:00:06.061+0000] {standard_task_runner.py:83} INFO - Job 424: Subtask add_data_in_database
[2023-06-02T17:00:06.156+0000] {task_command.py:388} INFO - Running <TaskInstance: ETL.add_data_in_database scheduled__2023-06-01T17:00:00+00:00 [running]> on host 05172cfd5782
[2023-06-02T17:00:06.797+0000] {taskinstance.py:1511} INFO - Exporting the following env vars:
AIRFLOW_CTX_DAG_OWNER=fox
AIRFLOW_CTX_DAG_ID=ETL
AIRFLOW_CTX_TASK_ID=add_data_in_database
AIRFLOW_CTX_EXECUTION_DATE=2023-06-01T17:00:00+00:00
AIRFLOW_CTX_TRY_NUMBER=1
AIRFLOW_CTX_DAG_RUN_ID=scheduled__2023-06-01T17:00:00+00:00
[2023-06-02T17:00:06.798+0000] {sql.py:254} INFO - Executing: 
            insert into spotify_data (played_at, artist, name_track, timestamps) values 
            ('2023-06-02T12:52:46.465Z',
            'Karna',
            'Моя мила',
            '2023-06-02'
            );
            insert into spotify_data (played_at, artist, name_track, timestamps) values 
            ('2023-06-02T12:48:46.513Z',
            'Rise Against',
            'Prayer Of The Refugee',
            '2023-06-02'
            );
            insert into spotify_data (played_at, artist, name_track, timestamps) values 
            ('2023-06-02T12:45:26.603Z',
            'Volbeat',
            'The Devil*s Bleeding Crown',
            '2023-06-02'
            );
            insert into spotify_data (played_at, artist, name_track, timestamps) values 
            ('2023-06-02T12:41:27.399Z',
            'Example',
            'Changed the Way You Kiss Me - Radio Edit',
            '2023-06-02'
            );
            insert into spotify_data (played_at, artist, name_track, timestamps) values 
            ('2023-06-02T11:46:35.018Z',
            'Dub Buk',
            'Sіawa Ukrainie!',
            '2023-06-02'
            );
            insert into spotify_data (played_at, artist, name_track, timestamps) values 
            ('2023-06-02T11:31:34.944Z',
            'Rammstein',
            'Amerika',
            '2023-06-02'
            );
            insert into spotify_data (played_at, artist, name_track, timestamps) values 
            ('2023-06-02T11:27:47.247Z',
            'Karna',
            'Вітролом',
            '2023-06-02'
            );
            insert into spotify_data (played_at, artist, name_track, timestamps) values 
            ('2023-06-02T11:22:04.784Z',
            'Lyapis Trubetskoy',
            'Гаррі',
            '2023-06-02'
            );
            insert into spotify_data (played_at, artist, name_track, timestamps) values 
            ('2023-06-02T10:27:45.788Z',
            'Five Finger Death Punch',
            'Jekyll and Hyde',
            '2023-06-02'
            );
            insert into spotify_data (played_at, artist, name_track, timestamps) values 
            ('2023-06-02T08:41:12.142Z',
            'Ludwig van Beethoven',
            'Symphony No. 5 in C Minor, Op. 67: I. Allegro con brio',
            '2023-06-02'
            )
            
[2023-06-02T17:00:06.812+0000] {base.py:73} INFO - Using connection ID 'postgres_localhost' for task execution.
[2023-06-02T17:00:07.228+0000] {base.py:73} INFO - Using connection ID 'postgres_localhost' for task execution.
[2023-06-02T17:00:07.232+0000] {sql.py:375} INFO - Running statement: 
            insert into spotify_data (played_at, artist, name_track, timestamps) values 
            ('2023-06-02T12:52:46.465Z',
            'Karna',
            'Моя мила',
            '2023-06-02'
            );
            insert into spotify_data (played_at, artist, name_track, timestamps) values 
            ('2023-06-02T12:48:46.513Z',
            'Rise Against',
            'Prayer Of The Refugee',
            '2023-06-02'
            );
            insert into spotify_data (played_at, artist, name_track, timestamps) values 
            ('2023-06-02T12:45:26.603Z',
            'Volbeat',
            'The Devil*s Bleeding Crown',
            '2023-06-02'
            );
            insert into spotify_data (played_at, artist, name_track, timestamps) values 
            ('2023-06-02T12:41:27.399Z',
            'Example',
            'Changed the Way You Kiss Me - Radio Edit',
            '2023-06-02'
            );
            insert into spotify_data (played_at, artist, name_track, timestamps) values 
            ('2023-06-02T11:46:35.018Z',
            'Dub Buk',
            'Sіawa Ukrainie!',
            '2023-06-02'
            );
            insert into spotify_data (played_at, artist, name_track, timestamps) values 
            ('2023-06-02T11:31:34.944Z',
            'Rammstein',
            'Amerika',
            '2023-06-02'
            );
            insert into spotify_data (played_at, artist, name_track, timestamps) values 
            ('2023-06-02T11:27:47.247Z',
            'Karna',
            'Вітролом',
            '2023-06-02'
            );
            insert into spotify_data (played_at, artist, name_track, timestamps) values 
            ('2023-06-02T11:22:04.784Z',
            'Lyapis Trubetskoy',
            'Гаррі',
            '2023-06-02'
            );
            insert into spotify_data (played_at, artist, name_track, timestamps) values 
            ('2023-06-02T10:27:45.788Z',
            'Five Finger Death Punch',
            'Jekyll and Hyde',
            '2023-06-02'
            );
            insert into spotify_data (played_at, artist, name_track, timestamps) values 
            ('2023-06-02T08:41:12.142Z',
            'Ludwig van Beethoven',
            'Symphony No. 5 in C Minor, Op. 67: I. Allegro con brio',
            '2023-06-02'
            )
            , parameters: None
[2023-06-02T17:00:07.233+0000] {sql.py:384} INFO - Rows affected: 1
[2023-06-02T17:00:07.254+0000] {taskinstance.py:1326} INFO - Marking task as SUCCESS. dag_id=ETL, task_id=add_data_in_database, execution_date=20230601T170000, start_date=20230602T170006, end_date=20230602T170007
[2023-06-02T17:00:07.318+0000] {local_task_job.py:212} INFO - Task exited with return code 0
[2023-06-02T17:00:07.347+0000] {taskinstance.py:2585} INFO - 0 downstream tasks scheduled from follow-on schedule check
