[2023-05-25T15:29:47.438+0000] {taskinstance.py:1084} INFO - Dependencies all met for dep_context=non-requeueable deps ti=<TaskInstance: ETL.fresh manual__2023-05-24T17:09:20.161548+00:00 [queued]>
[2023-05-25T15:29:47.472+0000] {taskinstance.py:1084} INFO - Dependencies all met for dep_context=requeueable deps ti=<TaskInstance: ETL.fresh manual__2023-05-24T17:09:20.161548+00:00 [queued]>
[2023-05-25T15:29:47.473+0000] {taskinstance.py:1282} INFO - 
--------------------------------------------------------------------------------
[2023-05-25T15:29:47.473+0000] {taskinstance.py:1283} INFO - Starting attempt 2 of 7
[2023-05-25T15:29:47.473+0000] {taskinstance.py:1284} INFO - 
--------------------------------------------------------------------------------
[2023-05-25T15:29:47.513+0000] {taskinstance.py:1303} INFO - Executing <Task(PythonOperator): fresh> on 2023-05-24 17:09:20.161548+00:00
[2023-05-25T15:29:47.524+0000] {standard_task_runner.py:55} INFO - Started process 481 to run task
[2023-05-25T15:29:47.532+0000] {standard_task_runner.py:82} INFO - Running: ['***', 'tasks', 'run', 'ETL', 'fresh', 'manual__2023-05-24T17:09:20.161548+00:00', '--job-id', '183', '--raw', '--subdir', 'DAGS_FOLDER/refresh_token_DAG.py', '--cfg-path', '/tmp/tmplunm33kb']
[2023-05-25T15:29:47.533+0000] {standard_task_runner.py:83} INFO - Job 183: Subtask fresh
[2023-05-25T15:29:47.966+0000] {task_command.py:388} INFO - Running <TaskInstance: ETL.fresh manual__2023-05-24T17:09:20.161548+00:00 [running]> on host 2fa3ade57007
[2023-05-25T15:29:48.194+0000] {taskinstance.py:1511} INFO - Exporting the following env vars:
AIRFLOW_CTX_DAG_OWNER=fox
AIRFLOW_CTX_DAG_ID=ETL
AIRFLOW_CTX_TASK_ID=fresh
AIRFLOW_CTX_EXECUTION_DATE=2023-05-24T17:09:20.161548+00:00
AIRFLOW_CTX_TRY_NUMBER=2
AIRFLOW_CTX_DAG_RUN_ID=manual__2023-05-24T17:09:20.161548+00:00
[2023-05-25T15:29:48.450+0000] {python.py:177} INFO - Done. Returned value was: BQADht5vf0TTYuH9WE-dzuZU74mr-tkYJlfi2GOqqFv9fNQhikzOjGFpVSmrFAh8i3vE7RUJIKaV6jZvvKMDDxY5YBRm5a63V5qTa9fPKREo4KHU33MsyiDvfckXcTHaZxnlHaIoFxD54R2vE0J4_4xdHdv9URHSq3mKdsmWB_ecNOah9FJvtNOTdl_gF72GqOuTbc_s_0sOaXw
[2023-05-25T15:29:48.561+0000] {taskinstance.py:1326} INFO - Marking task as SUCCESS. dag_id=ETL, task_id=fresh, execution_date=20230524T170920, start_date=20230525T152947, end_date=20230525T152948
[2023-05-25T15:29:48.623+0000] {local_task_job.py:212} INFO - Task exited with return code 0
[2023-05-25T15:29:48.875+0000] {taskinstance.py:2585} INFO - 1 downstream tasks scheduled from follow-on schedule check
