[2023-06-05T17:32:49.159+0000] {processor.py:153} INFO - Started process (PID=10930) to work on /opt/airflow/dags/weather_DAG.py
[2023-06-05T17:32:49.159+0000] {processor.py:743} INFO - Processing file /opt/airflow/dags/weather_DAG.py for tasks to queue
[2023-06-05T17:32:49.160+0000] {logging_mixin.py:137} INFO - [2023-06-05T17:32:49.160+0000] {dagbag.py:532} INFO - Filling up the DagBag from /opt/airflow/dags/weather_DAG.py
[2023-06-05T17:32:50.596+0000] {logging_mixin.py:137} INFO - [2023-06-05T17:32:50.594+0000] {dagbag.py:341} ERROR - Failed to import: /opt/airflow/dags/weather_DAG.py
Traceback (most recent call last):
  File "/home/airflow/.local/lib/python3.7/site-packages/airflow/models/dagbag.py", line 337, in parse
    loader.exec_module(new_module)
  File "<frozen importlib._bootstrap_external>", line 728, in exec_module
  File "<frozen importlib._bootstrap>", line 219, in _call_with_frames_removed
  File "/opt/airflow/dags/weather_DAG.py", line 23, in <module>
    python_callable=weather_now()
  File "/home/airflow/.local/lib/python3.7/site-packages/airflow/models/baseoperator.py", line 394, in apply_defaults
    result = func(self, **kwargs, default_args=default_args)
  File "/home/airflow/.local/lib/python3.7/site-packages/airflow/operators/python.py", line 160, in __init__
    super().__init__(**kwargs)
  File "/home/airflow/.local/lib/python3.7/site-packages/airflow/models/baseoperator.py", line 394, in apply_defaults
    result = func(self, **kwargs, default_args=default_args)
  File "/home/airflow/.local/lib/python3.7/site-packages/airflow/models/baseoperator.py", line 753, in __init__
    validate_key(task_id)
  File "/home/airflow/.local/lib/python3.7/site-packages/airflow/utils/helpers.py", line 56, in validate_key
    f"The key {k!r} has to be made of alphanumeric characters, dashes, "
airflow.exceptions.AirflowException: The key 'scraping weather' has to be made of alphanumeric characters, dashes, dots and underscores exclusively
[2023-06-05T17:32:50.596+0000] {processor.py:755} WARNING - No viable dags retrieved from /opt/airflow/dags/weather_DAG.py
[2023-06-05T17:32:50.612+0000] {processor.py:175} INFO - Processing /opt/airflow/dags/weather_DAG.py took 1.456 seconds
[2023-06-05T17:33:10.125+0000] {processor.py:153} INFO - Started process (PID=10947) to work on /opt/airflow/dags/weather_DAG.py
[2023-06-05T17:33:10.129+0000] {processor.py:743} INFO - Processing file /opt/airflow/dags/weather_DAG.py for tasks to queue
[2023-06-05T17:33:10.129+0000] {logging_mixin.py:137} INFO - [2023-06-05T17:33:10.129+0000] {dagbag.py:532} INFO - Filling up the DagBag from /opt/airflow/dags/weather_DAG.py
[2023-06-05T17:33:11.913+0000] {logging_mixin.py:137} INFO - [2023-06-05T17:33:11.912+0000] {dagbag.py:341} ERROR - Failed to import: /opt/airflow/dags/weather_DAG.py
Traceback (most recent call last):
  File "/home/airflow/.local/lib/python3.7/site-packages/airflow/models/dagbag.py", line 337, in parse
    loader.exec_module(new_module)
  File "<frozen importlib._bootstrap_external>", line 728, in exec_module
  File "<frozen importlib._bootstrap>", line 219, in _call_with_frames_removed
  File "/opt/airflow/dags/weather_DAG.py", line 23, in <module>
    python_callable=weather_now()
  File "/home/airflow/.local/lib/python3.7/site-packages/airflow/models/baseoperator.py", line 394, in apply_defaults
    result = func(self, **kwargs, default_args=default_args)
  File "/home/airflow/.local/lib/python3.7/site-packages/airflow/operators/python.py", line 162, in __init__
    raise AirflowException("`python_callable` param must be callable")
airflow.exceptions.AirflowException: `python_callable` param must be callable
[2023-06-05T17:33:11.914+0000] {processor.py:755} WARNING - No viable dags retrieved from /opt/airflow/dags/weather_DAG.py
[2023-06-05T17:33:11.932+0000] {processor.py:175} INFO - Processing /opt/airflow/dags/weather_DAG.py took 1.810 seconds
[2023-06-05T17:33:23.290+0000] {processor.py:153} INFO - Started process (PID=10957) to work on /opt/airflow/dags/weather_DAG.py
[2023-06-05T17:33:23.291+0000] {processor.py:743} INFO - Processing file /opt/airflow/dags/weather_DAG.py for tasks to queue
[2023-06-05T17:33:23.292+0000] {logging_mixin.py:137} INFO - [2023-06-05T17:33:23.292+0000] {dagbag.py:532} INFO - Filling up the DagBag from /opt/airflow/dags/weather_DAG.py
[2023-06-05T17:33:23.658+0000] {processor.py:753} INFO - DAG(s) dict_keys(['weather']) retrieved from /opt/airflow/dags/weather_DAG.py
[2023-06-05T17:33:23.910+0000] {logging_mixin.py:137} INFO - [2023-06-05T17:33:23.910+0000] {manager.py:504} INFO - Created Permission View: can edit on DAG:weather
[2023-06-05T17:33:23.929+0000] {logging_mixin.py:137} INFO - [2023-06-05T17:33:23.929+0000] {manager.py:504} INFO - Created Permission View: can delete on DAG:weather
[2023-06-05T17:33:23.937+0000] {logging_mixin.py:137} INFO - [2023-06-05T17:33:23.937+0000] {manager.py:504} INFO - Created Permission View: can read on DAG:weather
[2023-06-05T17:33:23.938+0000] {logging_mixin.py:137} INFO - [2023-06-05T17:33:23.937+0000] {dag.py:2693} INFO - Sync 1 DAGs
[2023-06-05T17:33:23.954+0000] {logging_mixin.py:137} INFO - [2023-06-05T17:33:23.953+0000] {dag.py:2714} INFO - Creating ORM DAG for weather
[2023-06-05T17:33:23.969+0000] {logging_mixin.py:137} INFO - [2023-06-05T17:33:23.968+0000] {dag.py:3444} INFO - Setting next_dagrun for weather to 2023-05-21T17:00:00+00:00, run_after=2023-05-22T17:00:00+00:00
[2023-06-05T17:33:23.997+0000] {processor.py:175} INFO - Processing /opt/airflow/dags/weather_DAG.py took 0.712 seconds
[2023-06-05T17:33:54.189+0000] {processor.py:153} INFO - Started process (PID=10973) to work on /opt/airflow/dags/weather_DAG.py
[2023-06-05T17:33:54.193+0000] {processor.py:743} INFO - Processing file /opt/airflow/dags/weather_DAG.py for tasks to queue
[2023-06-05T17:33:54.194+0000] {logging_mixin.py:137} INFO - [2023-06-05T17:33:54.193+0000] {dagbag.py:532} INFO - Filling up the DagBag from /opt/airflow/dags/weather_DAG.py
[2023-06-05T17:33:54.338+0000] {processor.py:753} INFO - DAG(s) dict_keys(['weather']) retrieved from /opt/airflow/dags/weather_DAG.py
[2023-06-05T17:33:54.366+0000] {logging_mixin.py:137} INFO - [2023-06-05T17:33:54.365+0000] {dag.py:2693} INFO - Sync 1 DAGs
[2023-06-05T17:33:54.398+0000] {logging_mixin.py:137} INFO - [2023-06-05T17:33:54.398+0000] {dag.py:3444} INFO - Setting next_dagrun for weather to 2023-05-21T17:00:00+00:00, run_after=2023-05-22T17:00:00+00:00
[2023-06-05T17:33:54.424+0000] {processor.py:175} INFO - Processing /opt/airflow/dags/weather_DAG.py took 0.238 seconds
[2023-06-05T17:34:12.515+0000] {processor.py:153} INFO - Started process (PID=10985) to work on /opt/airflow/dags/weather_DAG.py
[2023-06-05T17:34:12.516+0000] {processor.py:743} INFO - Processing file /opt/airflow/dags/weather_DAG.py for tasks to queue
[2023-06-05T17:34:12.517+0000] {logging_mixin.py:137} INFO - [2023-06-05T17:34:12.516+0000] {dagbag.py:532} INFO - Filling up the DagBag from /opt/airflow/dags/weather_DAG.py
[2023-06-05T17:34:12.666+0000] {processor.py:753} INFO - DAG(s) dict_keys(['weather']) retrieved from /opt/airflow/dags/weather_DAG.py
[2023-06-05T17:34:12.745+0000] {logging_mixin.py:137} INFO - [2023-06-05T17:34:12.743+0000] {dag.py:2693} INFO - Sync 1 DAGs
[2023-06-05T17:34:12.906+0000] {logging_mixin.py:137} INFO - [2023-06-05T17:34:12.906+0000] {dag.py:3444} INFO - Setting next_dagrun for weather to 2023-05-21T00:01:00+00:00, run_after=2023-05-21T01:01:00+00:00
[2023-06-05T17:34:12.936+0000] {processor.py:175} INFO - Processing /opt/airflow/dags/weather_DAG.py took 0.424 seconds
[2023-06-05T17:34:43.213+0000] {processor.py:153} INFO - Started process (PID=11066) to work on /opt/airflow/dags/weather_DAG.py
[2023-06-05T17:34:43.215+0000] {processor.py:743} INFO - Processing file /opt/airflow/dags/weather_DAG.py for tasks to queue
[2023-06-05T17:34:43.219+0000] {logging_mixin.py:137} INFO - [2023-06-05T17:34:43.218+0000] {dagbag.py:532} INFO - Filling up the DagBag from /opt/airflow/dags/weather_DAG.py
[2023-06-05T17:34:43.600+0000] {processor.py:753} INFO - DAG(s) dict_keys(['weather']) retrieved from /opt/airflow/dags/weather_DAG.py
[2023-06-05T17:34:43.631+0000] {logging_mixin.py:137} INFO - [2023-06-05T17:34:43.630+0000] {dag.py:2693} INFO - Sync 1 DAGs
[2023-06-05T17:34:43.701+0000] {processor.py:175} INFO - Processing /opt/airflow/dags/weather_DAG.py took 0.494 seconds
[2023-06-05T17:35:13.887+0000] {processor.py:153} INFO - Started process (PID=11082) to work on /opt/airflow/dags/weather_DAG.py
[2023-06-05T17:35:13.888+0000] {processor.py:743} INFO - Processing file /opt/airflow/dags/weather_DAG.py for tasks to queue
[2023-06-05T17:35:13.889+0000] {logging_mixin.py:137} INFO - [2023-06-05T17:35:13.889+0000] {dagbag.py:532} INFO - Filling up the DagBag from /opt/airflow/dags/weather_DAG.py
[2023-06-05T17:35:14.255+0000] {processor.py:753} INFO - DAG(s) dict_keys(['weather']) retrieved from /opt/airflow/dags/weather_DAG.py
[2023-06-05T17:35:14.285+0000] {logging_mixin.py:137} INFO - [2023-06-05T17:35:14.284+0000] {dag.py:2693} INFO - Sync 1 DAGs
[2023-06-05T17:35:14.351+0000] {processor.py:175} INFO - Processing /opt/airflow/dags/weather_DAG.py took 0.468 seconds
[2023-06-05T17:35:27.291+0000] {processor.py:153} INFO - Started process (PID=11087) to work on /opt/airflow/dags/weather_DAG.py
[2023-06-05T17:35:27.292+0000] {processor.py:743} INFO - Processing file /opt/airflow/dags/weather_DAG.py for tasks to queue
[2023-06-05T17:35:27.292+0000] {logging_mixin.py:137} INFO - [2023-06-05T17:35:27.292+0000] {dagbag.py:532} INFO - Filling up the DagBag from /opt/airflow/dags/weather_DAG.py
[2023-06-05T17:35:27.570+0000] {processor.py:753} INFO - DAG(s) dict_keys(['weather']) retrieved from /opt/airflow/dags/weather_DAG.py
[2023-06-05T17:35:27.648+0000] {logging_mixin.py:137} INFO - [2023-06-05T17:35:27.647+0000] {dag.py:2693} INFO - Sync 1 DAGs
[2023-06-05T17:35:27.736+0000] {processor.py:175} INFO - Processing /opt/airflow/dags/weather_DAG.py took 0.449 seconds
[2023-06-05T17:35:58.617+0000] {processor.py:153} INFO - Started process (PID=11109) to work on /opt/airflow/dags/weather_DAG.py
[2023-06-05T17:35:58.618+0000] {processor.py:743} INFO - Processing file /opt/airflow/dags/weather_DAG.py for tasks to queue
[2023-06-05T17:35:58.619+0000] {logging_mixin.py:137} INFO - [2023-06-05T17:35:58.619+0000] {dagbag.py:532} INFO - Filling up the DagBag from /opt/airflow/dags/weather_DAG.py
[2023-06-05T17:35:58.902+0000] {processor.py:753} INFO - DAG(s) dict_keys(['weather']) retrieved from /opt/airflow/dags/weather_DAG.py
[2023-06-05T17:35:58.930+0000] {logging_mixin.py:137} INFO - [2023-06-05T17:35:58.929+0000] {dag.py:2693} INFO - Sync 1 DAGs
[2023-06-05T17:35:58.986+0000] {processor.py:175} INFO - Processing /opt/airflow/dags/weather_DAG.py took 0.376 seconds
[2023-06-05T17:36:29.178+0000] {processor.py:153} INFO - Started process (PID=11125) to work on /opt/airflow/dags/weather_DAG.py
[2023-06-05T17:36:29.179+0000] {processor.py:743} INFO - Processing file /opt/airflow/dags/weather_DAG.py for tasks to queue
[2023-06-05T17:36:29.180+0000] {logging_mixin.py:137} INFO - [2023-06-05T17:36:29.180+0000] {dagbag.py:532} INFO - Filling up the DagBag from /opt/airflow/dags/weather_DAG.py
[2023-06-05T17:36:29.392+0000] {processor.py:753} INFO - DAG(s) dict_keys(['weather']) retrieved from /opt/airflow/dags/weather_DAG.py
[2023-06-05T17:36:29.567+0000] {logging_mixin.py:137} INFO - [2023-06-05T17:36:29.566+0000] {dag.py:2693} INFO - Sync 1 DAGs
[2023-06-05T17:36:29.634+0000] {processor.py:175} INFO - Processing /opt/airflow/dags/weather_DAG.py took 0.463 seconds
[2023-06-05T17:36:59.922+0000] {processor.py:153} INFO - Started process (PID=11202) to work on /opt/airflow/dags/weather_DAG.py
[2023-06-05T17:36:59.923+0000] {processor.py:743} INFO - Processing file /opt/airflow/dags/weather_DAG.py for tasks to queue
[2023-06-05T17:36:59.925+0000] {logging_mixin.py:137} INFO - [2023-06-05T17:36:59.924+0000] {dagbag.py:532} INFO - Filling up the DagBag from /opt/airflow/dags/weather_DAG.py
[2023-06-05T17:37:00.077+0000] {processor.py:753} INFO - DAG(s) dict_keys(['weather']) retrieved from /opt/airflow/dags/weather_DAG.py
[2023-06-05T17:37:00.107+0000] {logging_mixin.py:137} INFO - [2023-06-05T17:37:00.106+0000] {dag.py:2693} INFO - Sync 1 DAGs
[2023-06-05T17:37:00.182+0000] {processor.py:175} INFO - Processing /opt/airflow/dags/weather_DAG.py took 0.264 seconds
[2023-06-05T17:37:12.569+0000] {processor.py:153} INFO - Started process (PID=11219) to work on /opt/airflow/dags/weather_DAG.py
[2023-06-05T17:37:12.570+0000] {processor.py:743} INFO - Processing file /opt/airflow/dags/weather_DAG.py for tasks to queue
[2023-06-05T17:37:12.571+0000] {logging_mixin.py:137} INFO - [2023-06-05T17:37:12.570+0000] {dagbag.py:532} INFO - Filling up the DagBag from /opt/airflow/dags/weather_DAG.py
[2023-06-05T17:37:12.925+0000] {processor.py:753} INFO - DAG(s) dict_keys(['weather']) retrieved from /opt/airflow/dags/weather_DAG.py
[2023-06-05T17:37:13.089+0000] {logging_mixin.py:137} INFO - [2023-06-05T17:37:13.089+0000] {dag.py:2693} INFO - Sync 1 DAGs
[2023-06-05T17:37:13.731+0000] {processor.py:175} INFO - Processing /opt/airflow/dags/weather_DAG.py took 1.169 seconds
[2023-06-05T17:37:31.750+0000] {processor.py:153} INFO - Started process (PID=11224) to work on /opt/airflow/dags/weather_DAG.py
[2023-06-05T17:37:31.762+0000] {processor.py:743} INFO - Processing file /opt/airflow/dags/weather_DAG.py for tasks to queue
[2023-06-05T17:37:31.763+0000] {logging_mixin.py:137} INFO - [2023-06-05T17:37:31.762+0000] {dagbag.py:532} INFO - Filling up the DagBag from /opt/airflow/dags/weather_DAG.py
[2023-06-05T17:37:32.634+0000] {processor.py:753} INFO - DAG(s) dict_keys(['weather']) retrieved from /opt/airflow/dags/weather_DAG.py
[2023-06-05T17:37:32.689+0000] {logging_mixin.py:137} INFO - [2023-06-05T17:37:32.674+0000] {dag.py:2693} INFO - Sync 1 DAGs
[2023-06-05T17:37:32.870+0000] {processor.py:175} INFO - Processing /opt/airflow/dags/weather_DAG.py took 1.140 seconds
[2023-06-05T17:38:03.127+0000] {processor.py:153} INFO - Started process (PID=11243) to work on /opt/airflow/dags/weather_DAG.py
[2023-06-05T17:38:03.131+0000] {processor.py:743} INFO - Processing file /opt/airflow/dags/weather_DAG.py for tasks to queue
[2023-06-05T17:38:03.132+0000] {logging_mixin.py:137} INFO - [2023-06-05T17:38:03.132+0000] {dagbag.py:532} INFO - Filling up the DagBag from /opt/airflow/dags/weather_DAG.py
[2023-06-05T17:38:04.458+0000] {processor.py:753} INFO - DAG(s) dict_keys(['weather']) retrieved from /opt/airflow/dags/weather_DAG.py
[2023-06-05T17:38:04.745+0000] {logging_mixin.py:137} INFO - [2023-06-05T17:38:04.744+0000] {dag.py:2693} INFO - Sync 1 DAGs
[2023-06-05T17:38:04.915+0000] {processor.py:175} INFO - Processing /opt/airflow/dags/weather_DAG.py took 1.792 seconds
[2023-06-05T17:38:35.123+0000] {processor.py:153} INFO - Started process (PID=11262) to work on /opt/airflow/dags/weather_DAG.py
[2023-06-05T17:38:35.124+0000] {processor.py:743} INFO - Processing file /opt/airflow/dags/weather_DAG.py for tasks to queue
[2023-06-05T17:38:35.125+0000] {logging_mixin.py:137} INFO - [2023-06-05T17:38:35.125+0000] {dagbag.py:532} INFO - Filling up the DagBag from /opt/airflow/dags/weather_DAG.py
[2023-06-05T17:38:35.492+0000] {processor.py:753} INFO - DAG(s) dict_keys(['weather']) retrieved from /opt/airflow/dags/weather_DAG.py
[2023-06-05T17:38:35.532+0000] {logging_mixin.py:137} INFO - [2023-06-05T17:38:35.532+0000] {dag.py:2693} INFO - Sync 1 DAGs
[2023-06-05T17:38:35.654+0000] {processor.py:175} INFO - Processing /opt/airflow/dags/weather_DAG.py took 0.540 seconds
[2023-06-05T17:39:05.980+0000] {processor.py:153} INFO - Started process (PID=11306) to work on /opt/airflow/dags/weather_DAG.py
[2023-06-05T17:39:05.981+0000] {processor.py:743} INFO - Processing file /opt/airflow/dags/weather_DAG.py for tasks to queue
[2023-06-05T17:39:05.982+0000] {logging_mixin.py:137} INFO - [2023-06-05T17:39:05.981+0000] {dagbag.py:532} INFO - Filling up the DagBag from /opt/airflow/dags/weather_DAG.py
[2023-06-05T17:39:06.302+0000] {processor.py:753} INFO - DAG(s) dict_keys(['weather']) retrieved from /opt/airflow/dags/weather_DAG.py
[2023-06-05T17:39:06.339+0000] {logging_mixin.py:137} INFO - [2023-06-05T17:39:06.337+0000] {dag.py:2693} INFO - Sync 1 DAGs
[2023-06-05T17:39:06.402+0000] {processor.py:175} INFO - Processing /opt/airflow/dags/weather_DAG.py took 0.426 seconds
[2023-06-05T17:39:36.596+0000] {processor.py:153} INFO - Started process (PID=11323) to work on /opt/airflow/dags/weather_DAG.py
[2023-06-05T17:39:36.602+0000] {processor.py:743} INFO - Processing file /opt/airflow/dags/weather_DAG.py for tasks to queue
[2023-06-05T17:39:36.603+0000] {logging_mixin.py:137} INFO - [2023-06-05T17:39:36.603+0000] {dagbag.py:532} INFO - Filling up the DagBag from /opt/airflow/dags/weather_DAG.py
[2023-06-05T17:39:36.839+0000] {processor.py:753} INFO - DAG(s) dict_keys(['weather']) retrieved from /opt/airflow/dags/weather_DAG.py
[2023-06-05T17:39:37.055+0000] {logging_mixin.py:137} INFO - [2023-06-05T17:39:37.054+0000] {dag.py:2693} INFO - Sync 1 DAGs
[2023-06-05T17:39:37.146+0000] {processor.py:175} INFO - Processing /opt/airflow/dags/weather_DAG.py took 0.553 seconds
[2023-06-05T17:40:07.361+0000] {processor.py:153} INFO - Started process (PID=11341) to work on /opt/airflow/dags/weather_DAG.py
[2023-06-05T17:40:07.362+0000] {processor.py:743} INFO - Processing file /opt/airflow/dags/weather_DAG.py for tasks to queue
[2023-06-05T17:40:07.363+0000] {logging_mixin.py:137} INFO - [2023-06-05T17:40:07.363+0000] {dagbag.py:532} INFO - Filling up the DagBag from /opt/airflow/dags/weather_DAG.py
[2023-06-05T17:40:07.518+0000] {processor.py:753} INFO - DAG(s) dict_keys(['weather']) retrieved from /opt/airflow/dags/weather_DAG.py
[2023-06-05T17:40:07.545+0000] {logging_mixin.py:137} INFO - [2023-06-05T17:40:07.544+0000] {dag.py:2693} INFO - Sync 1 DAGs
[2023-06-05T17:40:07.664+0000] {processor.py:175} INFO - Processing /opt/airflow/dags/weather_DAG.py took 0.308 seconds
[2023-06-05T17:40:15.746+0000] {processor.py:153} INFO - Started process (PID=11357) to work on /opt/airflow/dags/weather_DAG.py
[2023-06-05T17:40:15.750+0000] {processor.py:743} INFO - Processing file /opt/airflow/dags/weather_DAG.py for tasks to queue
[2023-06-05T17:40:15.751+0000] {logging_mixin.py:137} INFO - [2023-06-05T17:40:15.751+0000] {dagbag.py:532} INFO - Filling up the DagBag from /opt/airflow/dags/weather_DAG.py
[2023-06-05T17:40:15.960+0000] {processor.py:753} INFO - DAG(s) dict_keys(['weather']) retrieved from /opt/airflow/dags/weather_DAG.py
[2023-06-05T17:40:16.065+0000] {logging_mixin.py:137} INFO - [2023-06-05T17:40:16.064+0000] {dag.py:2693} INFO - Sync 1 DAGs
[2023-06-05T17:40:16.299+0000] {processor.py:175} INFO - Processing /opt/airflow/dags/weather_DAG.py took 0.557 seconds
[2023-06-05T17:40:46.411+0000] {processor.py:153} INFO - Started process (PID=11378) to work on /opt/airflow/dags/weather_DAG.py
[2023-06-05T17:40:46.412+0000] {processor.py:743} INFO - Processing file /opt/airflow/dags/weather_DAG.py for tasks to queue
[2023-06-05T17:40:46.413+0000] {logging_mixin.py:137} INFO - [2023-06-05T17:40:46.413+0000] {dagbag.py:532} INFO - Filling up the DagBag from /opt/airflow/dags/weather_DAG.py
[2023-06-05T17:40:46.762+0000] {processor.py:753} INFO - DAG(s) dict_keys(['weather']) retrieved from /opt/airflow/dags/weather_DAG.py
[2023-06-05T17:40:46.804+0000] {logging_mixin.py:137} INFO - [2023-06-05T17:40:46.803+0000] {dag.py:2693} INFO - Sync 1 DAGs
[2023-06-05T17:40:46.903+0000] {processor.py:175} INFO - Processing /opt/airflow/dags/weather_DAG.py took 0.496 seconds
[2023-06-05T17:41:17.137+0000] {processor.py:153} INFO - Started process (PID=11423) to work on /opt/airflow/dags/weather_DAG.py
[2023-06-05T17:41:17.137+0000] {processor.py:743} INFO - Processing file /opt/airflow/dags/weather_DAG.py for tasks to queue
[2023-06-05T17:41:17.138+0000] {logging_mixin.py:137} INFO - [2023-06-05T17:41:17.138+0000] {dagbag.py:532} INFO - Filling up the DagBag from /opt/airflow/dags/weather_DAG.py
[2023-06-05T17:41:17.404+0000] {processor.py:753} INFO - DAG(s) dict_keys(['weather']) retrieved from /opt/airflow/dags/weather_DAG.py
[2023-06-05T17:41:17.427+0000] {logging_mixin.py:137} INFO - [2023-06-05T17:41:17.426+0000] {dag.py:2693} INFO - Sync 1 DAGs
[2023-06-05T17:41:17.479+0000] {processor.py:175} INFO - Processing /opt/airflow/dags/weather_DAG.py took 0.346 seconds
[2023-06-05T17:41:47.647+0000] {processor.py:153} INFO - Started process (PID=11440) to work on /opt/airflow/dags/weather_DAG.py
[2023-06-05T17:41:47.648+0000] {processor.py:743} INFO - Processing file /opt/airflow/dags/weather_DAG.py for tasks to queue
[2023-06-05T17:41:47.649+0000] {logging_mixin.py:137} INFO - [2023-06-05T17:41:47.649+0000] {dagbag.py:532} INFO - Filling up the DagBag from /opt/airflow/dags/weather_DAG.py
[2023-06-05T17:41:48.043+0000] {processor.py:753} INFO - DAG(s) dict_keys(['weather']) retrieved from /opt/airflow/dags/weather_DAG.py
[2023-06-05T17:41:48.076+0000] {logging_mixin.py:137} INFO - [2023-06-05T17:41:48.076+0000] {dag.py:2693} INFO - Sync 1 DAGs
[2023-06-05T17:41:48.141+0000] {processor.py:175} INFO - Processing /opt/airflow/dags/weather_DAG.py took 0.497 seconds
[2023-06-05T17:42:18.300+0000] {processor.py:153} INFO - Started process (PID=11456) to work on /opt/airflow/dags/weather_DAG.py
[2023-06-05T17:42:18.301+0000] {processor.py:743} INFO - Processing file /opt/airflow/dags/weather_DAG.py for tasks to queue
[2023-06-05T17:42:18.301+0000] {logging_mixin.py:137} INFO - [2023-06-05T17:42:18.301+0000] {dagbag.py:532} INFO - Filling up the DagBag from /opt/airflow/dags/weather_DAG.py
[2023-06-05T17:42:18.833+0000] {processor.py:753} INFO - DAG(s) dict_keys(['weather']) retrieved from /opt/airflow/dags/weather_DAG.py
[2023-06-05T17:42:18.863+0000] {logging_mixin.py:137} INFO - [2023-06-05T17:42:18.862+0000] {dag.py:2693} INFO - Sync 1 DAGs
[2023-06-05T17:42:18.923+0000] {processor.py:175} INFO - Processing /opt/airflow/dags/weather_DAG.py took 0.626 seconds
[2023-06-05T17:42:49.090+0000] {processor.py:153} INFO - Started process (PID=11479) to work on /opt/airflow/dags/weather_DAG.py
[2023-06-05T17:42:49.091+0000] {processor.py:743} INFO - Processing file /opt/airflow/dags/weather_DAG.py for tasks to queue
[2023-06-05T17:42:49.091+0000] {logging_mixin.py:137} INFO - [2023-06-05T17:42:49.091+0000] {dagbag.py:532} INFO - Filling up the DagBag from /opt/airflow/dags/weather_DAG.py
[2023-06-05T17:42:49.333+0000] {processor.py:753} INFO - DAG(s) dict_keys(['weather']) retrieved from /opt/airflow/dags/weather_DAG.py
[2023-06-05T17:42:49.590+0000] {logging_mixin.py:137} INFO - [2023-06-05T17:42:49.589+0000] {dag.py:2693} INFO - Sync 1 DAGs
[2023-06-05T17:42:49.661+0000] {processor.py:175} INFO - Processing /opt/airflow/dags/weather_DAG.py took 0.575 seconds
[2023-06-05T17:43:19.873+0000] {processor.py:153} INFO - Started process (PID=11522) to work on /opt/airflow/dags/weather_DAG.py
[2023-06-05T17:43:19.874+0000] {processor.py:743} INFO - Processing file /opt/airflow/dags/weather_DAG.py for tasks to queue
[2023-06-05T17:43:19.875+0000] {logging_mixin.py:137} INFO - [2023-06-05T17:43:19.875+0000] {dagbag.py:532} INFO - Filling up the DagBag from /opt/airflow/dags/weather_DAG.py
[2023-06-05T17:43:20.076+0000] {processor.py:753} INFO - DAG(s) dict_keys(['weather']) retrieved from /opt/airflow/dags/weather_DAG.py
[2023-06-05T17:43:20.110+0000] {logging_mixin.py:137} INFO - [2023-06-05T17:43:20.109+0000] {dag.py:2693} INFO - Sync 1 DAGs
[2023-06-05T17:43:20.183+0000] {processor.py:175} INFO - Processing /opt/airflow/dags/weather_DAG.py took 0.314 seconds
[2023-06-05T17:43:50.362+0000] {processor.py:153} INFO - Started process (PID=11539) to work on /opt/airflow/dags/weather_DAG.py
[2023-06-05T17:43:50.363+0000] {processor.py:743} INFO - Processing file /opt/airflow/dags/weather_DAG.py for tasks to queue
[2023-06-05T17:43:50.364+0000] {logging_mixin.py:137} INFO - [2023-06-05T17:43:50.363+0000] {dagbag.py:532} INFO - Filling up the DagBag from /opt/airflow/dags/weather_DAG.py
[2023-06-05T17:43:50.717+0000] {processor.py:753} INFO - DAG(s) dict_keys(['weather']) retrieved from /opt/airflow/dags/weather_DAG.py
[2023-06-05T17:43:50.759+0000] {logging_mixin.py:137} INFO - [2023-06-05T17:43:50.758+0000] {dag.py:2693} INFO - Sync 1 DAGs
[2023-06-05T17:43:50.835+0000] {processor.py:175} INFO - Processing /opt/airflow/dags/weather_DAG.py took 0.477 seconds
[2023-06-05T17:44:21.018+0000] {processor.py:153} INFO - Started process (PID=11556) to work on /opt/airflow/dags/weather_DAG.py
[2023-06-05T17:44:21.019+0000] {processor.py:743} INFO - Processing file /opt/airflow/dags/weather_DAG.py for tasks to queue
[2023-06-05T17:44:21.019+0000] {logging_mixin.py:137} INFO - [2023-06-05T17:44:21.019+0000] {dagbag.py:532} INFO - Filling up the DagBag from /opt/airflow/dags/weather_DAG.py
[2023-06-05T17:44:21.377+0000] {processor.py:753} INFO - DAG(s) dict_keys(['weather']) retrieved from /opt/airflow/dags/weather_DAG.py
[2023-06-05T17:44:21.400+0000] {logging_mixin.py:137} INFO - [2023-06-05T17:44:21.400+0000] {dag.py:2693} INFO - Sync 1 DAGs
[2023-06-05T17:44:21.454+0000] {processor.py:175} INFO - Processing /opt/airflow/dags/weather_DAG.py took 0.440 seconds
[2023-06-05T17:44:51.638+0000] {processor.py:153} INFO - Started process (PID=11579) to work on /opt/airflow/dags/weather_DAG.py
[2023-06-05T17:44:51.642+0000] {processor.py:743} INFO - Processing file /opt/airflow/dags/weather_DAG.py for tasks to queue
[2023-06-05T17:44:51.644+0000] {logging_mixin.py:137} INFO - [2023-06-05T17:44:51.643+0000] {dagbag.py:532} INFO - Filling up the DagBag from /opt/airflow/dags/weather_DAG.py
[2023-06-05T17:44:51.928+0000] {processor.py:753} INFO - DAG(s) dict_keys(['weather']) retrieved from /opt/airflow/dags/weather_DAG.py
[2023-06-05T17:44:51.951+0000] {logging_mixin.py:137} INFO - [2023-06-05T17:44:51.951+0000] {dag.py:2693} INFO - Sync 1 DAGs
[2023-06-05T17:44:52.003+0000] {processor.py:175} INFO - Processing /opt/airflow/dags/weather_DAG.py took 0.372 seconds
[2023-06-05T17:45:22.221+0000] {processor.py:153} INFO - Started process (PID=11622) to work on /opt/airflow/dags/weather_DAG.py
[2023-06-05T17:45:22.222+0000] {processor.py:743} INFO - Processing file /opt/airflow/dags/weather_DAG.py for tasks to queue
[2023-06-05T17:45:22.222+0000] {logging_mixin.py:137} INFO - [2023-06-05T17:45:22.222+0000] {dagbag.py:532} INFO - Filling up the DagBag from /opt/airflow/dags/weather_DAG.py
[2023-06-05T17:45:22.487+0000] {processor.py:753} INFO - DAG(s) dict_keys(['weather']) retrieved from /opt/airflow/dags/weather_DAG.py
[2023-06-05T17:45:22.518+0000] {logging_mixin.py:137} INFO - [2023-06-05T17:45:22.517+0000] {dag.py:2693} INFO - Sync 1 DAGs
[2023-06-05T17:45:22.573+0000] {processor.py:175} INFO - Processing /opt/airflow/dags/weather_DAG.py took 0.355 seconds
[2023-06-05T17:45:52.733+0000] {processor.py:153} INFO - Started process (PID=11639) to work on /opt/airflow/dags/weather_DAG.py
[2023-06-05T17:45:52.737+0000] {processor.py:743} INFO - Processing file /opt/airflow/dags/weather_DAG.py for tasks to queue
[2023-06-05T17:45:52.738+0000] {logging_mixin.py:137} INFO - [2023-06-05T17:45:52.738+0000] {dagbag.py:532} INFO - Filling up the DagBag from /opt/airflow/dags/weather_DAG.py
[2023-06-05T17:45:52.887+0000] {processor.py:753} INFO - DAG(s) dict_keys(['weather']) retrieved from /opt/airflow/dags/weather_DAG.py
[2023-06-05T17:45:53.031+0000] {logging_mixin.py:137} INFO - [2023-06-05T17:45:53.031+0000] {dag.py:2693} INFO - Sync 1 DAGs
[2023-06-05T17:45:53.082+0000] {processor.py:175} INFO - Processing /opt/airflow/dags/weather_DAG.py took 0.353 seconds
[2023-06-05T17:46:23.277+0000] {processor.py:153} INFO - Started process (PID=11656) to work on /opt/airflow/dags/weather_DAG.py
[2023-06-05T17:46:23.278+0000] {processor.py:743} INFO - Processing file /opt/airflow/dags/weather_DAG.py for tasks to queue
[2023-06-05T17:46:23.279+0000] {logging_mixin.py:137} INFO - [2023-06-05T17:46:23.279+0000] {dagbag.py:532} INFO - Filling up the DagBag from /opt/airflow/dags/weather_DAG.py
[2023-06-05T17:46:23.428+0000] {processor.py:753} INFO - DAG(s) dict_keys(['weather']) retrieved from /opt/airflow/dags/weather_DAG.py
[2023-06-05T17:46:23.455+0000] {logging_mixin.py:137} INFO - [2023-06-05T17:46:23.454+0000] {dag.py:2693} INFO - Sync 1 DAGs
[2023-06-05T17:46:23.508+0000] {processor.py:175} INFO - Processing /opt/airflow/dags/weather_DAG.py took 0.238 seconds
[2023-06-05T17:46:53.674+0000] {processor.py:153} INFO - Started process (PID=11678) to work on /opt/airflow/dags/weather_DAG.py
[2023-06-05T17:46:53.675+0000] {processor.py:743} INFO - Processing file /opt/airflow/dags/weather_DAG.py for tasks to queue
[2023-06-05T17:46:53.675+0000] {logging_mixin.py:137} INFO - [2023-06-05T17:46:53.675+0000] {dagbag.py:532} INFO - Filling up the DagBag from /opt/airflow/dags/weather_DAG.py
[2023-06-05T17:46:53.890+0000] {processor.py:753} INFO - DAG(s) dict_keys(['weather']) retrieved from /opt/airflow/dags/weather_DAG.py
[2023-06-05T17:46:53.939+0000] {logging_mixin.py:137} INFO - [2023-06-05T17:46:53.938+0000] {dag.py:2693} INFO - Sync 1 DAGs
[2023-06-05T17:46:53.986+0000] {logging_mixin.py:137} INFO - [2023-06-05T17:46:53.986+0000] {dag.py:3444} INFO - Setting next_dagrun for weather to 2023-05-21T15:01:00+00:00, run_after=2023-05-21T16:01:00+00:00
[2023-06-05T17:46:54.017+0000] {processor.py:175} INFO - Processing /opt/airflow/dags/weather_DAG.py took 0.348 seconds
[2023-06-05T17:47:24.329+0000] {processor.py:153} INFO - Started process (PID=11760) to work on /opt/airflow/dags/weather_DAG.py
[2023-06-05T17:47:24.353+0000] {processor.py:743} INFO - Processing file /opt/airflow/dags/weather_DAG.py for tasks to queue
[2023-06-05T17:47:24.354+0000] {logging_mixin.py:137} INFO - [2023-06-05T17:47:24.354+0000] {dagbag.py:532} INFO - Filling up the DagBag from /opt/airflow/dags/weather_DAG.py
[2023-06-05T17:47:27.623+0000] {processor.py:753} INFO - DAG(s) dict_keys(['weather']) retrieved from /opt/airflow/dags/weather_DAG.py
[2023-06-05T17:47:27.877+0000] {logging_mixin.py:137} INFO - [2023-06-05T17:47:27.877+0000] {dag.py:2693} INFO - Sync 1 DAGs
[2023-06-05T17:47:28.343+0000] {processor.py:175} INFO - Processing /opt/airflow/dags/weather_DAG.py took 4.039 seconds
[2023-06-05T17:47:58.673+0000] {processor.py:153} INFO - Started process (PID=11828) to work on /opt/airflow/dags/weather_DAG.py
[2023-06-05T17:47:58.674+0000] {processor.py:743} INFO - Processing file /opt/airflow/dags/weather_DAG.py for tasks to queue
[2023-06-05T17:47:58.675+0000] {logging_mixin.py:137} INFO - [2023-06-05T17:47:58.674+0000] {dagbag.py:532} INFO - Filling up the DagBag from /opt/airflow/dags/weather_DAG.py
[2023-06-05T17:47:59.011+0000] {processor.py:753} INFO - DAG(s) dict_keys(['weather']) retrieved from /opt/airflow/dags/weather_DAG.py
[2023-06-05T17:47:59.041+0000] {logging_mixin.py:137} INFO - [2023-06-05T17:47:59.041+0000] {dag.py:2693} INFO - Sync 1 DAGs
[2023-06-05T17:47:59.109+0000] {processor.py:175} INFO - Processing /opt/airflow/dags/weather_DAG.py took 0.442 seconds
[2023-06-05T17:48:29.289+0000] {processor.py:153} INFO - Started process (PID=11853) to work on /opt/airflow/dags/weather_DAG.py
[2023-06-05T17:48:29.289+0000] {processor.py:743} INFO - Processing file /opt/airflow/dags/weather_DAG.py for tasks to queue
[2023-06-05T17:48:29.290+0000] {logging_mixin.py:137} INFO - [2023-06-05T17:48:29.290+0000] {dagbag.py:532} INFO - Filling up the DagBag from /opt/airflow/dags/weather_DAG.py
[2023-06-05T17:48:29.635+0000] {processor.py:753} INFO - DAG(s) dict_keys(['weather']) retrieved from /opt/airflow/dags/weather_DAG.py
[2023-06-05T17:48:29.666+0000] {logging_mixin.py:137} INFO - [2023-06-05T17:48:29.665+0000] {dag.py:2693} INFO - Sync 1 DAGs
[2023-06-05T17:48:29.731+0000] {processor.py:175} INFO - Processing /opt/airflow/dags/weather_DAG.py took 0.449 seconds
[2023-06-05T17:48:59.934+0000] {processor.py:153} INFO - Started process (PID=11870) to work on /opt/airflow/dags/weather_DAG.py
[2023-06-05T17:48:59.947+0000] {processor.py:743} INFO - Processing file /opt/airflow/dags/weather_DAG.py for tasks to queue
[2023-06-05T17:48:59.948+0000] {logging_mixin.py:137} INFO - [2023-06-05T17:48:59.947+0000] {dagbag.py:532} INFO - Filling up the DagBag from /opt/airflow/dags/weather_DAG.py
[2023-06-05T17:49:00.379+0000] {processor.py:753} INFO - DAG(s) dict_keys(['weather']) retrieved from /opt/airflow/dags/weather_DAG.py
[2023-06-05T17:49:00.550+0000] {logging_mixin.py:137} INFO - [2023-06-05T17:49:00.549+0000] {dag.py:2693} INFO - Sync 1 DAGs
[2023-06-05T17:49:00.609+0000] {processor.py:175} INFO - Processing /opt/airflow/dags/weather_DAG.py took 0.679 seconds
[2023-06-05T17:49:31.340+0000] {processor.py:153} INFO - Started process (PID=11891) to work on /opt/airflow/dags/weather_DAG.py
[2023-06-05T17:49:31.352+0000] {processor.py:743} INFO - Processing file /opt/airflow/dags/weather_DAG.py for tasks to queue
[2023-06-05T17:49:31.353+0000] {logging_mixin.py:137} INFO - [2023-06-05T17:49:31.352+0000] {dagbag.py:532} INFO - Filling up the DagBag from /opt/airflow/dags/weather_DAG.py
[2023-06-05T17:49:31.648+0000] {processor.py:753} INFO - DAG(s) dict_keys(['weather']) retrieved from /opt/airflow/dags/weather_DAG.py
[2023-06-05T17:49:31.686+0000] {logging_mixin.py:137} INFO - [2023-06-05T17:49:31.685+0000] {dag.py:2693} INFO - Sync 1 DAGs
[2023-06-05T17:49:31.774+0000] {processor.py:175} INFO - Processing /opt/airflow/dags/weather_DAG.py took 0.444 seconds
[2023-06-05T17:50:01.991+0000] {processor.py:153} INFO - Started process (PID=11934) to work on /opt/airflow/dags/weather_DAG.py
[2023-06-05T17:50:01.992+0000] {processor.py:743} INFO - Processing file /opt/airflow/dags/weather_DAG.py for tasks to queue
[2023-06-05T17:50:01.993+0000] {logging_mixin.py:137} INFO - [2023-06-05T17:50:01.993+0000] {dagbag.py:532} INFO - Filling up the DagBag from /opt/airflow/dags/weather_DAG.py
[2023-06-05T17:50:02.196+0000] {processor.py:753} INFO - DAG(s) dict_keys(['weather']) retrieved from /opt/airflow/dags/weather_DAG.py
[2023-06-05T17:50:02.232+0000] {logging_mixin.py:137} INFO - [2023-06-05T17:50:02.231+0000] {dag.py:2693} INFO - Sync 1 DAGs
[2023-06-05T17:50:02.299+0000] {processor.py:175} INFO - Processing /opt/airflow/dags/weather_DAG.py took 0.315 seconds
[2023-06-05T17:50:32.472+0000] {processor.py:153} INFO - Started process (PID=11953) to work on /opt/airflow/dags/weather_DAG.py
[2023-06-05T17:50:32.476+0000] {processor.py:743} INFO - Processing file /opt/airflow/dags/weather_DAG.py for tasks to queue
[2023-06-05T17:50:32.477+0000] {logging_mixin.py:137} INFO - [2023-06-05T17:50:32.477+0000] {dagbag.py:532} INFO - Filling up the DagBag from /opt/airflow/dags/weather_DAG.py
[2023-06-05T17:50:32.824+0000] {processor.py:753} INFO - DAG(s) dict_keys(['weather']) retrieved from /opt/airflow/dags/weather_DAG.py
[2023-06-05T17:50:32.856+0000] {logging_mixin.py:137} INFO - [2023-06-05T17:50:32.855+0000] {dag.py:2693} INFO - Sync 1 DAGs
[2023-06-05T17:50:32.929+0000] {processor.py:175} INFO - Processing /opt/airflow/dags/weather_DAG.py took 0.461 seconds
[2023-06-05T17:51:03.094+0000] {processor.py:153} INFO - Started process (PID=11970) to work on /opt/airflow/dags/weather_DAG.py
[2023-06-05T17:51:03.098+0000] {processor.py:743} INFO - Processing file /opt/airflow/dags/weather_DAG.py for tasks to queue
[2023-06-05T17:51:03.100+0000] {logging_mixin.py:137} INFO - [2023-06-05T17:51:03.100+0000] {dagbag.py:532} INFO - Filling up the DagBag from /opt/airflow/dags/weather_DAG.py
[2023-06-05T17:51:03.415+0000] {processor.py:753} INFO - DAG(s) dict_keys(['weather']) retrieved from /opt/airflow/dags/weather_DAG.py
[2023-06-05T17:51:03.451+0000] {logging_mixin.py:137} INFO - [2023-06-05T17:51:03.450+0000] {dag.py:2693} INFO - Sync 1 DAGs
[2023-06-05T17:51:03.507+0000] {processor.py:175} INFO - Processing /opt/airflow/dags/weather_DAG.py took 0.419 seconds
[2023-06-05T17:51:33.686+0000] {processor.py:153} INFO - Started process (PID=11991) to work on /opt/airflow/dags/weather_DAG.py
[2023-06-05T17:51:33.690+0000] {processor.py:743} INFO - Processing file /opt/airflow/dags/weather_DAG.py for tasks to queue
[2023-06-05T17:51:33.691+0000] {logging_mixin.py:137} INFO - [2023-06-05T17:51:33.691+0000] {dagbag.py:532} INFO - Filling up the DagBag from /opt/airflow/dags/weather_DAG.py
[2023-06-05T17:51:34.003+0000] {processor.py:753} INFO - DAG(s) dict_keys(['weather']) retrieved from /opt/airflow/dags/weather_DAG.py
[2023-06-05T17:51:34.050+0000] {logging_mixin.py:137} INFO - [2023-06-05T17:51:34.049+0000] {dag.py:2693} INFO - Sync 1 DAGs
[2023-06-05T17:51:34.106+0000] {processor.py:175} INFO - Processing /opt/airflow/dags/weather_DAG.py took 0.423 seconds
[2023-06-05T17:52:04.283+0000] {processor.py:153} INFO - Started process (PID=12034) to work on /opt/airflow/dags/weather_DAG.py
[2023-06-05T17:52:04.284+0000] {processor.py:743} INFO - Processing file /opt/airflow/dags/weather_DAG.py for tasks to queue
[2023-06-05T17:52:04.285+0000] {logging_mixin.py:137} INFO - [2023-06-05T17:52:04.285+0000] {dagbag.py:532} INFO - Filling up the DagBag from /opt/airflow/dags/weather_DAG.py
[2023-06-05T17:52:04.448+0000] {processor.py:753} INFO - DAG(s) dict_keys(['weather']) retrieved from /opt/airflow/dags/weather_DAG.py
[2023-06-05T17:52:04.593+0000] {logging_mixin.py:137} INFO - [2023-06-05T17:52:04.593+0000] {dag.py:2693} INFO - Sync 1 DAGs
[2023-06-05T17:52:04.647+0000] {processor.py:175} INFO - Processing /opt/airflow/dags/weather_DAG.py took 0.367 seconds
[2023-06-05T17:52:34.810+0000] {processor.py:153} INFO - Started process (PID=12052) to work on /opt/airflow/dags/weather_DAG.py
[2023-06-05T17:52:34.814+0000] {processor.py:743} INFO - Processing file /opt/airflow/dags/weather_DAG.py for tasks to queue
[2023-06-05T17:52:34.816+0000] {logging_mixin.py:137} INFO - [2023-06-05T17:52:34.816+0000] {dagbag.py:532} INFO - Filling up the DagBag from /opt/airflow/dags/weather_DAG.py
[2023-06-05T17:52:34.979+0000] {processor.py:753} INFO - DAG(s) dict_keys(['weather']) retrieved from /opt/airflow/dags/weather_DAG.py
[2023-06-05T17:52:35.012+0000] {logging_mixin.py:137} INFO - [2023-06-05T17:52:35.011+0000] {dag.py:2693} INFO - Sync 1 DAGs
[2023-06-05T17:52:35.069+0000] {processor.py:175} INFO - Processing /opt/airflow/dags/weather_DAG.py took 0.267 seconds
[2023-06-05T17:52:57.630+0000] {processor.py:153} INFO - Started process (PID=12068) to work on /opt/airflow/dags/weather_DAG.py
[2023-06-05T17:52:57.631+0000] {processor.py:743} INFO - Processing file /opt/airflow/dags/weather_DAG.py for tasks to queue
[2023-06-05T17:52:57.639+0000] {logging_mixin.py:137} INFO - [2023-06-05T17:52:57.638+0000] {dagbag.py:532} INFO - Filling up the DagBag from /opt/airflow/dags/weather_DAG.py
[2023-06-05T17:52:58.471+0000] {processor.py:753} INFO - DAG(s) dict_keys(['weather']) retrieved from /opt/airflow/dags/weather_DAG.py
[2023-06-05T17:52:58.699+0000] {logging_mixin.py:137} INFO - [2023-06-05T17:52:58.698+0000] {dag.py:2693} INFO - Sync 1 DAGs
[2023-06-05T17:52:59.446+0000] {processor.py:175} INFO - Processing /opt/airflow/dags/weather_DAG.py took 1.827 seconds
[2023-06-05T17:53:29.703+0000] {processor.py:153} INFO - Started process (PID=12095) to work on /opt/airflow/dags/weather_DAG.py
[2023-06-05T17:53:29.707+0000] {processor.py:743} INFO - Processing file /opt/airflow/dags/weather_DAG.py for tasks to queue
[2023-06-05T17:53:29.708+0000] {logging_mixin.py:137} INFO - [2023-06-05T17:53:29.708+0000] {dagbag.py:532} INFO - Filling up the DagBag from /opt/airflow/dags/weather_DAG.py
[2023-06-05T17:53:30.077+0000] {processor.py:753} INFO - DAG(s) dict_keys(['weather']) retrieved from /opt/airflow/dags/weather_DAG.py
[2023-06-05T17:53:30.106+0000] {logging_mixin.py:137} INFO - [2023-06-05T17:53:30.106+0000] {dag.py:2693} INFO - Sync 1 DAGs
[2023-06-05T17:53:30.150+0000] {logging_mixin.py:137} INFO - [2023-06-05T17:53:30.150+0000] {dag.py:3444} INFO - Setting next_dagrun for weather to 2023-05-22T06:01:00+00:00, run_after=2023-05-22T07:01:00+00:00
[2023-06-05T17:53:30.181+0000] {processor.py:175} INFO - Processing /opt/airflow/dags/weather_DAG.py took 0.482 seconds
[2023-06-05T17:54:00.441+0000] {processor.py:153} INFO - Started process (PID=12153) to work on /opt/airflow/dags/weather_DAG.py
[2023-06-05T17:54:00.442+0000] {processor.py:743} INFO - Processing file /opt/airflow/dags/weather_DAG.py for tasks to queue
[2023-06-05T17:54:00.443+0000] {logging_mixin.py:137} INFO - [2023-06-05T17:54:00.443+0000] {dagbag.py:532} INFO - Filling up the DagBag from /opt/airflow/dags/weather_DAG.py
[2023-06-05T17:54:00.888+0000] {processor.py:753} INFO - DAG(s) dict_keys(['weather']) retrieved from /opt/airflow/dags/weather_DAG.py
[2023-06-05T17:54:00.911+0000] {logging_mixin.py:137} INFO - [2023-06-05T17:54:00.911+0000] {dag.py:2693} INFO - Sync 1 DAGs
[2023-06-05T17:54:00.968+0000] {processor.py:175} INFO - Processing /opt/airflow/dags/weather_DAG.py took 0.531 seconds
[2023-06-05T17:54:31.051+0000] {processor.py:153} INFO - Started process (PID=12191) to work on /opt/airflow/dags/weather_DAG.py
[2023-06-05T17:54:31.053+0000] {processor.py:743} INFO - Processing file /opt/airflow/dags/weather_DAG.py for tasks to queue
[2023-06-05T17:54:31.054+0000] {logging_mixin.py:137} INFO - [2023-06-05T17:54:31.054+0000] {dagbag.py:532} INFO - Filling up the DagBag from /opt/airflow/dags/weather_DAG.py
[2023-06-05T17:54:31.392+0000] {processor.py:753} INFO - DAG(s) dict_keys(['weather']) retrieved from /opt/airflow/dags/weather_DAG.py
[2023-06-05T17:54:31.425+0000] {logging_mixin.py:137} INFO - [2023-06-05T17:54:31.424+0000] {dag.py:2693} INFO - Sync 1 DAGs
[2023-06-05T17:54:31.490+0000] {processor.py:175} INFO - Processing /opt/airflow/dags/weather_DAG.py took 0.444 seconds
[2023-06-05T17:55:01.735+0000] {processor.py:153} INFO - Started process (PID=12227) to work on /opt/airflow/dags/weather_DAG.py
[2023-06-05T17:55:01.736+0000] {processor.py:743} INFO - Processing file /opt/airflow/dags/weather_DAG.py for tasks to queue
[2023-06-05T17:55:01.736+0000] {logging_mixin.py:137} INFO - [2023-06-05T17:55:01.736+0000] {dagbag.py:532} INFO - Filling up the DagBag from /opt/airflow/dags/weather_DAG.py
[2023-06-05T17:55:02.058+0000] {processor.py:753} INFO - DAG(s) dict_keys(['weather']) retrieved from /opt/airflow/dags/weather_DAG.py
[2023-06-05T17:55:02.084+0000] {logging_mixin.py:137} INFO - [2023-06-05T17:55:02.083+0000] {dag.py:2693} INFO - Sync 1 DAGs
[2023-06-05T17:55:02.137+0000] {processor.py:175} INFO - Processing /opt/airflow/dags/weather_DAG.py took 0.407 seconds
[2023-06-05T17:55:32.320+0000] {processor.py:153} INFO - Started process (PID=12267) to work on /opt/airflow/dags/weather_DAG.py
[2023-06-05T17:55:32.322+0000] {processor.py:743} INFO - Processing file /opt/airflow/dags/weather_DAG.py for tasks to queue
[2023-06-05T17:55:32.323+0000] {logging_mixin.py:137} INFO - [2023-06-05T17:55:32.323+0000] {dagbag.py:532} INFO - Filling up the DagBag from /opt/airflow/dags/weather_DAG.py
[2023-06-05T17:55:32.652+0000] {processor.py:753} INFO - DAG(s) dict_keys(['weather']) retrieved from /opt/airflow/dags/weather_DAG.py
[2023-06-05T17:55:32.683+0000] {logging_mixin.py:137} INFO - [2023-06-05T17:55:32.682+0000] {dag.py:2693} INFO - Sync 1 DAGs
[2023-06-05T17:55:32.723+0000] {logging_mixin.py:137} INFO - [2023-06-05T17:55:32.722+0000] {dag.py:3444} INFO - Setting next_dagrun for weather to 2023-05-22T19:01:00+00:00, run_after=2023-05-22T20:01:00+00:00
[2023-06-05T17:55:32.752+0000] {processor.py:175} INFO - Processing /opt/airflow/dags/weather_DAG.py took 0.442 seconds
[2023-06-05T17:56:02.974+0000] {processor.py:153} INFO - Started process (PID=12331) to work on /opt/airflow/dags/weather_DAG.py
[2023-06-05T17:56:02.979+0000] {processor.py:743} INFO - Processing file /opt/airflow/dags/weather_DAG.py for tasks to queue
[2023-06-05T17:56:02.980+0000] {logging_mixin.py:137} INFO - [2023-06-05T17:56:02.980+0000] {dagbag.py:532} INFO - Filling up the DagBag from /opt/airflow/dags/weather_DAG.py
[2023-06-05T17:56:03.278+0000] {processor.py:753} INFO - DAG(s) dict_keys(['weather']) retrieved from /opt/airflow/dags/weather_DAG.py
[2023-06-05T17:56:03.305+0000] {logging_mixin.py:137} INFO - [2023-06-05T17:56:03.305+0000] {dag.py:2693} INFO - Sync 1 DAGs
[2023-06-05T17:56:03.363+0000] {processor.py:175} INFO - Processing /opt/airflow/dags/weather_DAG.py took 0.392 seconds
[2023-06-05T17:56:33.517+0000] {processor.py:153} INFO - Started process (PID=12367) to work on /opt/airflow/dags/weather_DAG.py
[2023-06-05T17:56:33.531+0000] {processor.py:743} INFO - Processing file /opt/airflow/dags/weather_DAG.py for tasks to queue
[2023-06-05T17:56:33.532+0000] {logging_mixin.py:137} INFO - [2023-06-05T17:56:33.532+0000] {dagbag.py:532} INFO - Filling up the DagBag from /opt/airflow/dags/weather_DAG.py
[2023-06-05T17:56:34.273+0000] {processor.py:753} INFO - DAG(s) dict_keys(['weather']) retrieved from /opt/airflow/dags/weather_DAG.py
[2023-06-05T17:56:34.304+0000] {logging_mixin.py:137} INFO - [2023-06-05T17:56:34.304+0000] {dag.py:2693} INFO - Sync 1 DAGs
[2023-06-05T17:56:34.370+0000] {processor.py:175} INFO - Processing /opt/airflow/dags/weather_DAG.py took 0.857 seconds
[2023-06-05T17:56:49.840+0000] {processor.py:153} INFO - Started process (PID=12386) to work on /opt/airflow/dags/weather_DAG.py
[2023-06-05T17:56:49.842+0000] {processor.py:743} INFO - Processing file /opt/airflow/dags/weather_DAG.py for tasks to queue
[2023-06-05T17:56:49.844+0000] {logging_mixin.py:137} INFO - [2023-06-05T17:56:49.843+0000] {dagbag.py:532} INFO - Filling up the DagBag from /opt/airflow/dags/weather_DAG.py
[2023-06-05T17:56:50.489+0000] {processor.py:753} INFO - DAG(s) dict_keys(['weather']) retrieved from /opt/airflow/dags/weather_DAG.py
[2023-06-05T17:56:50.616+0000] {logging_mixin.py:137} INFO - [2023-06-05T17:56:50.615+0000] {dag.py:2693} INFO - Sync 1 DAGs
[2023-06-05T17:56:50.707+0000] {processor.py:175} INFO - Processing /opt/airflow/dags/weather_DAG.py took 0.871 seconds
[2023-06-05T17:57:20.928+0000] {processor.py:153} INFO - Started process (PID=12413) to work on /opt/airflow/dags/weather_DAG.py
[2023-06-05T17:57:20.928+0000] {processor.py:743} INFO - Processing file /opt/airflow/dags/weather_DAG.py for tasks to queue
[2023-06-05T17:57:20.929+0000] {logging_mixin.py:137} INFO - [2023-06-05T17:57:20.929+0000] {dagbag.py:532} INFO - Filling up the DagBag from /opt/airflow/dags/weather_DAG.py
[2023-06-05T17:57:21.207+0000] {processor.py:753} INFO - DAG(s) dict_keys(['weather']) retrieved from /opt/airflow/dags/weather_DAG.py
[2023-06-05T17:57:21.234+0000] {logging_mixin.py:137} INFO - [2023-06-05T17:57:21.233+0000] {dag.py:2693} INFO - Sync 1 DAGs
[2023-06-05T17:57:21.270+0000] {logging_mixin.py:137} INFO - [2023-06-05T17:57:21.270+0000] {dag.py:3444} INFO - Setting next_dagrun for weather to 2023-05-23T04:01:00+00:00, run_after=2023-05-23T05:01:00+00:00
[2023-06-05T17:57:21.295+0000] {processor.py:175} INFO - Processing /opt/airflow/dags/weather_DAG.py took 0.370 seconds
[2023-06-05T17:57:51.495+0000] {processor.py:153} INFO - Started process (PID=12452) to work on /opt/airflow/dags/weather_DAG.py
[2023-06-05T17:57:51.496+0000] {processor.py:743} INFO - Processing file /opt/airflow/dags/weather_DAG.py for tasks to queue
[2023-06-05T17:57:51.496+0000] {logging_mixin.py:137} INFO - [2023-06-05T17:57:51.496+0000] {dagbag.py:532} INFO - Filling up the DagBag from /opt/airflow/dags/weather_DAG.py
[2023-06-05T17:57:51.768+0000] {processor.py:753} INFO - DAG(s) dict_keys(['weather']) retrieved from /opt/airflow/dags/weather_DAG.py
[2023-06-05T17:57:51.796+0000] {logging_mixin.py:137} INFO - [2023-06-05T17:57:51.795+0000] {dag.py:2693} INFO - Sync 1 DAGs
[2023-06-05T17:57:51.832+0000] {logging_mixin.py:137} INFO - [2023-06-05T17:57:51.832+0000] {dag.py:3444} INFO - Setting next_dagrun for weather to 2023-05-23T05:01:00+00:00, run_after=2023-05-23T06:01:00+00:00
[2023-06-05T17:57:51.856+0000] {processor.py:175} INFO - Processing /opt/airflow/dags/weather_DAG.py took 0.365 seconds
[2023-06-05T17:58:22.022+0000] {processor.py:153} INFO - Started process (PID=12478) to work on /opt/airflow/dags/weather_DAG.py
[2023-06-05T17:58:22.026+0000] {processor.py:743} INFO - Processing file /opt/airflow/dags/weather_DAG.py for tasks to queue
[2023-06-05T17:58:22.027+0000] {logging_mixin.py:137} INFO - [2023-06-05T17:58:22.027+0000] {dagbag.py:532} INFO - Filling up the DagBag from /opt/airflow/dags/weather_DAG.py
[2023-06-05T17:58:22.295+0000] {processor.py:753} INFO - DAG(s) dict_keys(['weather']) retrieved from /opt/airflow/dags/weather_DAG.py
[2023-06-05T17:58:22.329+0000] {logging_mixin.py:137} INFO - [2023-06-05T17:58:22.328+0000] {dag.py:2693} INFO - Sync 1 DAGs
[2023-06-05T17:58:22.364+0000] {logging_mixin.py:137} INFO - [2023-06-05T17:58:22.364+0000] {dag.py:3444} INFO - Setting next_dagrun for weather to 2023-05-23T05:01:00+00:00, run_after=2023-05-23T06:01:00+00:00
[2023-06-05T17:58:22.385+0000] {processor.py:175} INFO - Processing /opt/airflow/dags/weather_DAG.py took 0.366 seconds
[2023-06-05T17:58:53.232+0000] {processor.py:153} INFO - Started process (PID=12547) to work on /opt/airflow/dags/weather_DAG.py
[2023-06-05T17:58:53.236+0000] {processor.py:743} INFO - Processing file /opt/airflow/dags/weather_DAG.py for tasks to queue
[2023-06-05T17:58:53.237+0000] {logging_mixin.py:137} INFO - [2023-06-05T17:58:53.237+0000] {dagbag.py:532} INFO - Filling up the DagBag from /opt/airflow/dags/weather_DAG.py
[2023-06-05T17:58:53.799+0000] {processor.py:753} INFO - DAG(s) dict_keys(['weather']) retrieved from /opt/airflow/dags/weather_DAG.py
[2023-06-05T17:58:53.875+0000] {logging_mixin.py:137} INFO - [2023-06-05T17:58:53.874+0000] {dag.py:2693} INFO - Sync 1 DAGs
[2023-06-05T17:58:54.013+0000] {processor.py:175} INFO - Processing /opt/airflow/dags/weather_DAG.py took 0.785 seconds
[2023-06-05T17:59:13.468+0000] {processor.py:153} INFO - Started process (PID=12559) to work on /opt/airflow/dags/weather_DAG.py
[2023-06-05T17:59:13.469+0000] {processor.py:743} INFO - Processing file /opt/airflow/dags/weather_DAG.py for tasks to queue
[2023-06-05T17:59:13.476+0000] {logging_mixin.py:137} INFO - [2023-06-05T17:59:13.475+0000] {dagbag.py:532} INFO - Filling up the DagBag from /opt/airflow/dags/weather_DAG.py
[2023-06-05T17:59:13.774+0000] {processor.py:753} INFO - DAG(s) dict_keys(['weather']) retrieved from /opt/airflow/dags/weather_DAG.py
[2023-06-05T17:59:13.855+0000] {logging_mixin.py:137} INFO - [2023-06-05T17:59:13.854+0000] {dag.py:2693} INFO - Sync 1 DAGs
[2023-06-05T17:59:14.466+0000] {processor.py:175} INFO - Processing /opt/airflow/dags/weather_DAG.py took 1.012 seconds
[2023-06-05T17:59:44.663+0000] {processor.py:153} INFO - Started process (PID=12586) to work on /opt/airflow/dags/weather_DAG.py
[2023-06-05T17:59:44.664+0000] {processor.py:743} INFO - Processing file /opt/airflow/dags/weather_DAG.py for tasks to queue
[2023-06-05T17:59:44.665+0000] {logging_mixin.py:137} INFO - [2023-06-05T17:59:44.664+0000] {dagbag.py:532} INFO - Filling up the DagBag from /opt/airflow/dags/weather_DAG.py
[2023-06-05T17:59:44.990+0000] {processor.py:753} INFO - DAG(s) dict_keys(['weather']) retrieved from /opt/airflow/dags/weather_DAG.py
[2023-06-05T17:59:45.020+0000] {logging_mixin.py:137} INFO - [2023-06-05T17:59:45.019+0000] {dag.py:2693} INFO - Sync 1 DAGs
[2023-06-05T17:59:45.081+0000] {processor.py:175} INFO - Processing /opt/airflow/dags/weather_DAG.py took 0.421 seconds
[2023-06-05T18:00:15.240+0000] {processor.py:153} INFO - Started process (PID=12603) to work on /opt/airflow/dags/weather_DAG.py
[2023-06-05T18:00:15.244+0000] {processor.py:743} INFO - Processing file /opt/airflow/dags/weather_DAG.py for tasks to queue
[2023-06-05T18:00:15.244+0000] {logging_mixin.py:137} INFO - [2023-06-05T18:00:15.244+0000] {dagbag.py:532} INFO - Filling up the DagBag from /opt/airflow/dags/weather_DAG.py
[2023-06-05T18:00:15.555+0000] {processor.py:753} INFO - DAG(s) dict_keys(['weather']) retrieved from /opt/airflow/dags/weather_DAG.py
[2023-06-05T18:00:15.579+0000] {logging_mixin.py:137} INFO - [2023-06-05T18:00:15.578+0000] {dag.py:2693} INFO - Sync 1 DAGs
[2023-06-05T18:00:15.649+0000] {processor.py:175} INFO - Processing /opt/airflow/dags/weather_DAG.py took 0.413 seconds
[2023-06-05T18:00:42.492+0000] {processor.py:153} INFO - Started process (PID=12621) to work on /opt/airflow/dags/weather_DAG.py
[2023-06-05T18:00:42.493+0000] {processor.py:743} INFO - Processing file /opt/airflow/dags/weather_DAG.py for tasks to queue
[2023-06-05T18:00:42.494+0000] {logging_mixin.py:137} INFO - [2023-06-05T18:00:42.494+0000] {dagbag.py:532} INFO - Filling up the DagBag from /opt/airflow/dags/weather_DAG.py
[2023-06-05T18:00:45.204+0000] {processor.py:753} INFO - DAG(s) dict_keys(['weather']) retrieved from /opt/airflow/dags/weather_DAG.py
[2023-06-05T18:00:45.768+0000] {logging_mixin.py:137} INFO - [2023-06-05T18:00:45.764+0000] {dag.py:2693} INFO - Sync 1 DAGs
[2023-06-05T18:00:47.330+0000] {processor.py:175} INFO - Processing /opt/airflow/dags/weather_DAG.py took 4.842 seconds
[2023-06-05T18:01:17.691+0000] {processor.py:153} INFO - Started process (PID=12664) to work on /opt/airflow/dags/weather_DAG.py
[2023-06-05T18:01:17.695+0000] {processor.py:743} INFO - Processing file /opt/airflow/dags/weather_DAG.py for tasks to queue
[2023-06-05T18:01:17.696+0000] {logging_mixin.py:137} INFO - [2023-06-05T18:01:17.696+0000] {dagbag.py:532} INFO - Filling up the DagBag from /opt/airflow/dags/weather_DAG.py
[2023-06-05T18:01:18.113+0000] {processor.py:753} INFO - DAG(s) dict_keys(['weather']) retrieved from /opt/airflow/dags/weather_DAG.py
[2023-06-05T18:01:18.171+0000] {logging_mixin.py:137} INFO - [2023-06-05T18:01:18.170+0000] {dag.py:2693} INFO - Sync 1 DAGs
[2023-06-05T18:01:18.287+0000] {processor.py:175} INFO - Processing /opt/airflow/dags/weather_DAG.py took 0.601 seconds
[2023-06-05T18:01:31.001+0000] {processor.py:153} INFO - Started process (PID=12673) to work on /opt/airflow/dags/weather_DAG.py
[2023-06-05T18:01:31.002+0000] {processor.py:743} INFO - Processing file /opt/airflow/dags/weather_DAG.py for tasks to queue
[2023-06-05T18:01:31.003+0000] {logging_mixin.py:137} INFO - [2023-06-05T18:01:31.003+0000] {dagbag.py:532} INFO - Filling up the DagBag from /opt/airflow/dags/weather_DAG.py
[2023-06-05T18:01:31.325+0000] {processor.py:753} INFO - DAG(s) dict_keys(['weather']) retrieved from /opt/airflow/dags/weather_DAG.py
[2023-06-05T18:01:31.441+0000] {logging_mixin.py:137} INFO - [2023-06-05T18:01:31.440+0000] {dag.py:2693} INFO - Sync 1 DAGs
[2023-06-05T18:01:31.518+0000] {processor.py:175} INFO - Processing /opt/airflow/dags/weather_DAG.py took 0.521 seconds
[2023-06-05T18:02:01.715+0000] {processor.py:153} INFO - Started process (PID=12700) to work on /opt/airflow/dags/weather_DAG.py
[2023-06-05T18:02:01.717+0000] {processor.py:743} INFO - Processing file /opt/airflow/dags/weather_DAG.py for tasks to queue
[2023-06-05T18:02:01.717+0000] {logging_mixin.py:137} INFO - [2023-06-05T18:02:01.717+0000] {dagbag.py:532} INFO - Filling up the DagBag from /opt/airflow/dags/weather_DAG.py
[2023-06-05T18:02:02.099+0000] {processor.py:753} INFO - DAG(s) dict_keys(['weather']) retrieved from /opt/airflow/dags/weather_DAG.py
[2023-06-05T18:02:02.163+0000] {logging_mixin.py:137} INFO - [2023-06-05T18:02:02.162+0000] {dag.py:2693} INFO - Sync 1 DAGs
[2023-06-05T18:02:02.246+0000] {logging_mixin.py:137} INFO - [2023-06-05T18:02:02.246+0000] {dag.py:3444} INFO - Setting next_dagrun for weather to 2023-06-05T18:01:00+00:00, run_after=2023-06-05T19:01:00+00:00
[2023-06-05T18:02:02.287+0000] {processor.py:175} INFO - Processing /opt/airflow/dags/weather_DAG.py took 0.576 seconds
[2023-06-05T18:02:32.459+0000] {processor.py:153} INFO - Started process (PID=12717) to work on /opt/airflow/dags/weather_DAG.py
[2023-06-05T18:02:32.460+0000] {processor.py:743} INFO - Processing file /opt/airflow/dags/weather_DAG.py for tasks to queue
[2023-06-05T18:02:32.460+0000] {logging_mixin.py:137} INFO - [2023-06-05T18:02:32.460+0000] {dagbag.py:532} INFO - Filling up the DagBag from /opt/airflow/dags/weather_DAG.py
[2023-06-05T18:02:32.638+0000] {processor.py:753} INFO - DAG(s) dict_keys(['weather']) retrieved from /opt/airflow/dags/weather_DAG.py
[2023-06-05T18:02:32.717+0000] {logging_mixin.py:137} INFO - [2023-06-05T18:02:32.716+0000] {dag.py:2693} INFO - Sync 1 DAGs
[2023-06-05T18:02:32.904+0000] {logging_mixin.py:137} INFO - [2023-06-05T18:02:32.904+0000] {dag.py:3444} INFO - Setting next_dagrun for weather to 2023-06-05T18:01:00+00:00, run_after=2023-06-05T19:01:00+00:00
[2023-06-05T18:02:33.036+0000] {processor.py:175} INFO - Processing /opt/airflow/dags/weather_DAG.py took 0.580 seconds
[2023-06-05T18:03:03.823+0000] {processor.py:153} INFO - Started process (PID=12766) to work on /opt/airflow/dags/weather_DAG.py
[2023-06-05T18:03:03.851+0000] {processor.py:743} INFO - Processing file /opt/airflow/dags/weather_DAG.py for tasks to queue
[2023-06-05T18:03:03.852+0000] {logging_mixin.py:137} INFO - [2023-06-05T18:03:03.851+0000] {dagbag.py:532} INFO - Filling up the DagBag from /opt/airflow/dags/weather_DAG.py
[2023-06-05T18:03:08.607+0000] {processor.py:753} INFO - DAG(s) dict_keys(['weather']) retrieved from /opt/airflow/dags/weather_DAG.py
[2023-06-05T18:03:08.872+0000] {logging_mixin.py:137} INFO - [2023-06-05T18:03:08.872+0000] {dag.py:2693} INFO - Sync 1 DAGs
[2023-06-05T18:03:09.069+0000] {logging_mixin.py:137} INFO - [2023-06-05T18:03:09.068+0000] {dag.py:3444} INFO - Setting next_dagrun for weather to 2023-06-05T18:01:00+00:00, run_after=2023-06-05T19:01:00+00:00
[2023-06-05T18:03:09.242+0000] {processor.py:175} INFO - Processing /opt/airflow/dags/weather_DAG.py took 5.439 seconds
[2023-06-05T18:03:39.669+0000] {processor.py:153} INFO - Started process (PID=12811) to work on /opt/airflow/dags/weather_DAG.py
[2023-06-05T18:03:39.675+0000] {processor.py:743} INFO - Processing file /opt/airflow/dags/weather_DAG.py for tasks to queue
[2023-06-05T18:03:39.676+0000] {logging_mixin.py:137} INFO - [2023-06-05T18:03:39.676+0000] {dagbag.py:532} INFO - Filling up the DagBag from /opt/airflow/dags/weather_DAG.py
[2023-06-05T18:03:40.225+0000] {processor.py:753} INFO - DAG(s) dict_keys(['weather']) retrieved from /opt/airflow/dags/weather_DAG.py
[2023-06-05T18:03:40.254+0000] {logging_mixin.py:137} INFO - [2023-06-05T18:03:40.254+0000] {dag.py:2693} INFO - Sync 1 DAGs
[2023-06-05T18:03:40.295+0000] {logging_mixin.py:137} INFO - [2023-06-05T18:03:40.295+0000] {dag.py:3444} INFO - Setting next_dagrun for weather to 2023-06-05T18:01:00+00:00, run_after=2023-06-05T19:01:00+00:00
[2023-06-05T18:03:40.325+0000] {processor.py:175} INFO - Processing /opt/airflow/dags/weather_DAG.py took 0.663 seconds
[2023-06-05T18:04:10.530+0000] {processor.py:153} INFO - Started process (PID=12828) to work on /opt/airflow/dags/weather_DAG.py
[2023-06-05T18:04:10.531+0000] {processor.py:743} INFO - Processing file /opt/airflow/dags/weather_DAG.py for tasks to queue
[2023-06-05T18:04:10.534+0000] {logging_mixin.py:137} INFO - [2023-06-05T18:04:10.533+0000] {dagbag.py:532} INFO - Filling up the DagBag from /opt/airflow/dags/weather_DAG.py
[2023-06-05T18:04:10.829+0000] {processor.py:753} INFO - DAG(s) dict_keys(['weather']) retrieved from /opt/airflow/dags/weather_DAG.py
[2023-06-05T18:04:10.862+0000] {logging_mixin.py:137} INFO - [2023-06-05T18:04:10.862+0000] {dag.py:2693} INFO - Sync 1 DAGs
[2023-06-05T18:04:10.893+0000] {logging_mixin.py:137} INFO - [2023-06-05T18:04:10.893+0000] {dag.py:3444} INFO - Setting next_dagrun for weather to 2023-06-05T18:01:00+00:00, run_after=2023-06-05T19:01:00+00:00
[2023-06-05T18:04:10.916+0000] {processor.py:175} INFO - Processing /opt/airflow/dags/weather_DAG.py took 0.396 seconds
[2023-06-05T18:04:41.057+0000] {processor.py:153} INFO - Started process (PID=12845) to work on /opt/airflow/dags/weather_DAG.py
[2023-06-05T18:04:41.061+0000] {processor.py:743} INFO - Processing file /opt/airflow/dags/weather_DAG.py for tasks to queue
[2023-06-05T18:04:41.063+0000] {logging_mixin.py:137} INFO - [2023-06-05T18:04:41.062+0000] {dagbag.py:532} INFO - Filling up the DagBag from /opt/airflow/dags/weather_DAG.py
[2023-06-05T18:04:41.343+0000] {processor.py:753} INFO - DAG(s) dict_keys(['weather']) retrieved from /opt/airflow/dags/weather_DAG.py
[2023-06-05T18:04:41.385+0000] {logging_mixin.py:137} INFO - [2023-06-05T18:04:41.384+0000] {dag.py:2693} INFO - Sync 1 DAGs
[2023-06-05T18:04:41.465+0000] {logging_mixin.py:137} INFO - [2023-06-05T18:04:41.464+0000] {dag.py:3444} INFO - Setting next_dagrun for weather to 2023-06-05T18:01:00+00:00, run_after=2023-06-05T19:01:00+00:00
[2023-06-05T18:04:41.495+0000] {processor.py:175} INFO - Processing /opt/airflow/dags/weather_DAG.py took 0.446 seconds
[2023-06-05T18:05:11.596+0000] {processor.py:153} INFO - Started process (PID=12862) to work on /opt/airflow/dags/weather_DAG.py
[2023-06-05T18:05:11.596+0000] {processor.py:743} INFO - Processing file /opt/airflow/dags/weather_DAG.py for tasks to queue
[2023-06-05T18:05:11.597+0000] {logging_mixin.py:137} INFO - [2023-06-05T18:05:11.597+0000] {dagbag.py:532} INFO - Filling up the DagBag from /opt/airflow/dags/weather_DAG.py
[2023-06-05T18:05:11.866+0000] {processor.py:753} INFO - DAG(s) dict_keys(['weather']) retrieved from /opt/airflow/dags/weather_DAG.py
[2023-06-05T18:05:11.894+0000] {logging_mixin.py:137} INFO - [2023-06-05T18:05:11.893+0000] {dag.py:2693} INFO - Sync 1 DAGs
[2023-06-05T18:05:11.924+0000] {logging_mixin.py:137} INFO - [2023-06-05T18:05:11.924+0000] {dag.py:3444} INFO - Setting next_dagrun for weather to 2023-06-05T18:01:00+00:00, run_after=2023-06-05T19:01:00+00:00
[2023-06-05T18:05:11.944+0000] {processor.py:175} INFO - Processing /opt/airflow/dags/weather_DAG.py took 0.352 seconds
[2023-06-05T18:05:42.102+0000] {processor.py:153} INFO - Started process (PID=12879) to work on /opt/airflow/dags/weather_DAG.py
[2023-06-05T18:05:42.106+0000] {processor.py:743} INFO - Processing file /opt/airflow/dags/weather_DAG.py for tasks to queue
[2023-06-05T18:05:42.107+0000] {logging_mixin.py:137} INFO - [2023-06-05T18:05:42.107+0000] {dagbag.py:532} INFO - Filling up the DagBag from /opt/airflow/dags/weather_DAG.py
[2023-06-05T18:05:42.259+0000] {processor.py:753} INFO - DAG(s) dict_keys(['weather']) retrieved from /opt/airflow/dags/weather_DAG.py
[2023-06-05T18:05:42.287+0000] {logging_mixin.py:137} INFO - [2023-06-05T18:05:42.287+0000] {dag.py:2693} INFO - Sync 1 DAGs
[2023-06-05T18:05:42.323+0000] {logging_mixin.py:137} INFO - [2023-06-05T18:05:42.323+0000] {dag.py:3444} INFO - Setting next_dagrun for weather to 2023-06-05T18:01:00+00:00, run_after=2023-06-05T19:01:00+00:00
[2023-06-05T18:05:42.349+0000] {processor.py:175} INFO - Processing /opt/airflow/dags/weather_DAG.py took 0.253 seconds
[2023-06-05T18:06:12.544+0000] {processor.py:153} INFO - Started process (PID=12902) to work on /opt/airflow/dags/weather_DAG.py
[2023-06-05T18:06:12.544+0000] {processor.py:743} INFO - Processing file /opt/airflow/dags/weather_DAG.py for tasks to queue
[2023-06-05T18:06:12.545+0000] {logging_mixin.py:137} INFO - [2023-06-05T18:06:12.545+0000] {dagbag.py:532} INFO - Filling up the DagBag from /opt/airflow/dags/weather_DAG.py
[2023-06-05T18:06:12.890+0000] {processor.py:753} INFO - DAG(s) dict_keys(['weather']) retrieved from /opt/airflow/dags/weather_DAG.py
[2023-06-05T18:06:12.917+0000] {logging_mixin.py:137} INFO - [2023-06-05T18:06:12.917+0000] {dag.py:2693} INFO - Sync 1 DAGs
[2023-06-05T18:06:12.952+0000] {logging_mixin.py:137} INFO - [2023-06-05T18:06:12.952+0000] {dag.py:3444} INFO - Setting next_dagrun for weather to 2023-06-05T18:01:00+00:00, run_after=2023-06-05T19:01:00+00:00
[2023-06-05T18:06:12.976+0000] {processor.py:175} INFO - Processing /opt/airflow/dags/weather_DAG.py took 0.438 seconds
[2023-06-05T18:06:43.142+0000] {processor.py:153} INFO - Started process (PID=12919) to work on /opt/airflow/dags/weather_DAG.py
[2023-06-05T18:06:43.143+0000] {processor.py:743} INFO - Processing file /opt/airflow/dags/weather_DAG.py for tasks to queue
[2023-06-05T18:06:43.143+0000] {logging_mixin.py:137} INFO - [2023-06-05T18:06:43.143+0000] {dagbag.py:532} INFO - Filling up the DagBag from /opt/airflow/dags/weather_DAG.py
[2023-06-05T18:06:43.420+0000] {processor.py:753} INFO - DAG(s) dict_keys(['weather']) retrieved from /opt/airflow/dags/weather_DAG.py
[2023-06-05T18:06:43.450+0000] {logging_mixin.py:137} INFO - [2023-06-05T18:06:43.450+0000] {dag.py:2693} INFO - Sync 1 DAGs
[2023-06-05T18:06:43.487+0000] {logging_mixin.py:137} INFO - [2023-06-05T18:06:43.487+0000] {dag.py:3444} INFO - Setting next_dagrun for weather to 2023-06-05T18:01:00+00:00, run_after=2023-06-05T19:01:00+00:00
[2023-06-05T18:06:43.514+0000] {processor.py:175} INFO - Processing /opt/airflow/dags/weather_DAG.py took 0.375 seconds
[2023-06-05T18:07:13.682+0000] {processor.py:153} INFO - Started process (PID=12936) to work on /opt/airflow/dags/weather_DAG.py
[2023-06-05T18:07:13.683+0000] {processor.py:743} INFO - Processing file /opt/airflow/dags/weather_DAG.py for tasks to queue
[2023-06-05T18:07:13.684+0000] {logging_mixin.py:137} INFO - [2023-06-05T18:07:13.684+0000] {dagbag.py:532} INFO - Filling up the DagBag from /opt/airflow/dags/weather_DAG.py
[2023-06-05T18:07:14.050+0000] {processor.py:753} INFO - DAG(s) dict_keys(['weather']) retrieved from /opt/airflow/dags/weather_DAG.py
[2023-06-05T18:07:14.088+0000] {logging_mixin.py:137} INFO - [2023-06-05T18:07:14.087+0000] {dag.py:2693} INFO - Sync 1 DAGs
[2023-06-05T18:07:14.176+0000] {logging_mixin.py:137} INFO - [2023-06-05T18:07:14.176+0000] {dag.py:3444} INFO - Setting next_dagrun for weather to 2023-06-05T18:01:00+00:00, run_after=2023-06-05T19:01:00+00:00
[2023-06-05T18:07:14.235+0000] {processor.py:175} INFO - Processing /opt/airflow/dags/weather_DAG.py took 0.558 seconds
[2023-06-05T18:07:44.440+0000] {processor.py:153} INFO - Started process (PID=12954) to work on /opt/airflow/dags/weather_DAG.py
[2023-06-05T18:07:44.441+0000] {processor.py:743} INFO - Processing file /opt/airflow/dags/weather_DAG.py for tasks to queue
[2023-06-05T18:07:44.441+0000] {logging_mixin.py:137} INFO - [2023-06-05T18:07:44.441+0000] {dagbag.py:532} INFO - Filling up the DagBag from /opt/airflow/dags/weather_DAG.py
[2023-06-05T18:07:44.874+0000] {processor.py:753} INFO - DAG(s) dict_keys(['weather']) retrieved from /opt/airflow/dags/weather_DAG.py
[2023-06-05T18:07:44.906+0000] {logging_mixin.py:137} INFO - [2023-06-05T18:07:44.905+0000] {dag.py:2693} INFO - Sync 1 DAGs
[2023-06-05T18:07:44.946+0000] {logging_mixin.py:137} INFO - [2023-06-05T18:07:44.946+0000] {dag.py:3444} INFO - Setting next_dagrun for weather to 2023-06-05T18:01:00+00:00, run_after=2023-06-05T19:01:00+00:00
[2023-06-05T18:07:44.971+0000] {processor.py:175} INFO - Processing /opt/airflow/dags/weather_DAG.py took 0.535 seconds
[2023-06-05T18:08:15.136+0000] {processor.py:153} INFO - Started process (PID=12970) to work on /opt/airflow/dags/weather_DAG.py
[2023-06-05T18:08:15.137+0000] {processor.py:743} INFO - Processing file /opt/airflow/dags/weather_DAG.py for tasks to queue
[2023-06-05T18:08:15.137+0000] {logging_mixin.py:137} INFO - [2023-06-05T18:08:15.137+0000] {dagbag.py:532} INFO - Filling up the DagBag from /opt/airflow/dags/weather_DAG.py
[2023-06-05T18:08:15.420+0000] {processor.py:753} INFO - DAG(s) dict_keys(['weather']) retrieved from /opt/airflow/dags/weather_DAG.py
[2023-06-05T18:08:15.444+0000] {logging_mixin.py:137} INFO - [2023-06-05T18:08:15.444+0000] {dag.py:2693} INFO - Sync 1 DAGs
[2023-06-05T18:08:15.476+0000] {logging_mixin.py:137} INFO - [2023-06-05T18:08:15.476+0000] {dag.py:3444} INFO - Setting next_dagrun for weather to 2023-06-05T18:01:00+00:00, run_after=2023-06-05T19:01:00+00:00
[2023-06-05T18:08:15.504+0000] {processor.py:175} INFO - Processing /opt/airflow/dags/weather_DAG.py took 0.372 seconds
[2023-06-05T18:08:45.666+0000] {processor.py:153} INFO - Started process (PID=12986) to work on /opt/airflow/dags/weather_DAG.py
[2023-06-05T18:08:45.667+0000] {processor.py:743} INFO - Processing file /opt/airflow/dags/weather_DAG.py for tasks to queue
[2023-06-05T18:08:45.667+0000] {logging_mixin.py:137} INFO - [2023-06-05T18:08:45.667+0000] {dagbag.py:532} INFO - Filling up the DagBag from /opt/airflow/dags/weather_DAG.py
[2023-06-05T18:08:45.864+0000] {processor.py:753} INFO - DAG(s) dict_keys(['weather']) retrieved from /opt/airflow/dags/weather_DAG.py
[2023-06-05T18:08:45.896+0000] {logging_mixin.py:137} INFO - [2023-06-05T18:08:45.896+0000] {dag.py:2693} INFO - Sync 1 DAGs
[2023-06-05T18:08:45.933+0000] {logging_mixin.py:137} INFO - [2023-06-05T18:08:45.933+0000] {dag.py:3444} INFO - Setting next_dagrun for weather to 2023-06-05T18:01:00+00:00, run_after=2023-06-05T19:01:00+00:00
[2023-06-05T18:08:45.958+0000] {processor.py:175} INFO - Processing /opt/airflow/dags/weather_DAG.py took 0.295 seconds
[2023-06-05T18:09:16.120+0000] {processor.py:153} INFO - Started process (PID=13003) to work on /opt/airflow/dags/weather_DAG.py
[2023-06-05T18:09:16.121+0000] {processor.py:743} INFO - Processing file /opt/airflow/dags/weather_DAG.py for tasks to queue
[2023-06-05T18:09:16.123+0000] {logging_mixin.py:137} INFO - [2023-06-05T18:09:16.123+0000] {dagbag.py:532} INFO - Filling up the DagBag from /opt/airflow/dags/weather_DAG.py
[2023-06-05T18:09:16.426+0000] {processor.py:753} INFO - DAG(s) dict_keys(['weather']) retrieved from /opt/airflow/dags/weather_DAG.py
[2023-06-05T18:09:16.451+0000] {logging_mixin.py:137} INFO - [2023-06-05T18:09:16.451+0000] {dag.py:2693} INFO - Sync 1 DAGs
[2023-06-05T18:09:16.486+0000] {logging_mixin.py:137} INFO - [2023-06-05T18:09:16.486+0000] {dag.py:3444} INFO - Setting next_dagrun for weather to 2023-06-05T18:01:00+00:00, run_after=2023-06-05T19:01:00+00:00
[2023-06-05T18:09:16.508+0000] {processor.py:175} INFO - Processing /opt/airflow/dags/weather_DAG.py took 0.395 seconds
[2023-06-05T18:09:46.687+0000] {processor.py:153} INFO - Started process (PID=13020) to work on /opt/airflow/dags/weather_DAG.py
[2023-06-05T18:09:46.688+0000] {processor.py:743} INFO - Processing file /opt/airflow/dags/weather_DAG.py for tasks to queue
[2023-06-05T18:09:46.689+0000] {logging_mixin.py:137} INFO - [2023-06-05T18:09:46.689+0000] {dagbag.py:532} INFO - Filling up the DagBag from /opt/airflow/dags/weather_DAG.py
[2023-06-05T18:09:46.975+0000] {processor.py:753} INFO - DAG(s) dict_keys(['weather']) retrieved from /opt/airflow/dags/weather_DAG.py
[2023-06-05T18:09:47.010+0000] {logging_mixin.py:137} INFO - [2023-06-05T18:09:47.009+0000] {dag.py:2693} INFO - Sync 1 DAGs
[2023-06-05T18:09:47.053+0000] {logging_mixin.py:137} INFO - [2023-06-05T18:09:47.053+0000] {dag.py:3444} INFO - Setting next_dagrun for weather to 2023-06-05T18:01:00+00:00, run_after=2023-06-05T19:01:00+00:00
[2023-06-05T18:09:47.086+0000] {processor.py:175} INFO - Processing /opt/airflow/dags/weather_DAG.py took 0.402 seconds
[2023-06-05T18:10:17.253+0000] {processor.py:153} INFO - Started process (PID=13037) to work on /opt/airflow/dags/weather_DAG.py
[2023-06-05T18:10:17.257+0000] {processor.py:743} INFO - Processing file /opt/airflow/dags/weather_DAG.py for tasks to queue
[2023-06-05T18:10:17.257+0000] {logging_mixin.py:137} INFO - [2023-06-05T18:10:17.257+0000] {dagbag.py:532} INFO - Filling up the DagBag from /opt/airflow/dags/weather_DAG.py
[2023-06-05T18:10:17.557+0000] {processor.py:753} INFO - DAG(s) dict_keys(['weather']) retrieved from /opt/airflow/dags/weather_DAG.py
[2023-06-05T18:10:17.586+0000] {logging_mixin.py:137} INFO - [2023-06-05T18:10:17.586+0000] {dag.py:2693} INFO - Sync 1 DAGs
[2023-06-05T18:10:17.621+0000] {logging_mixin.py:137} INFO - [2023-06-05T18:10:17.621+0000] {dag.py:3444} INFO - Setting next_dagrun for weather to 2023-06-05T18:01:00+00:00, run_after=2023-06-05T19:01:00+00:00
[2023-06-05T18:10:17.648+0000] {processor.py:175} INFO - Processing /opt/airflow/dags/weather_DAG.py took 0.399 seconds
[2023-06-05T18:10:42.937+0000] {processor.py:153} INFO - Started process (PID=13053) to work on /opt/airflow/dags/weather_DAG.py
[2023-06-05T18:10:42.941+0000] {processor.py:743} INFO - Processing file /opt/airflow/dags/weather_DAG.py for tasks to queue
[2023-06-05T18:10:42.942+0000] {logging_mixin.py:137} INFO - [2023-06-05T18:10:42.942+0000] {dagbag.py:532} INFO - Filling up the DagBag from /opt/airflow/dags/weather_DAG.py
[2023-06-05T18:10:43.230+0000] {processor.py:753} INFO - DAG(s) dict_keys(['weather']) retrieved from /opt/airflow/dags/weather_DAG.py
[2023-06-05T18:10:43.309+0000] {logging_mixin.py:137} INFO - [2023-06-05T18:10:43.308+0000] {dag.py:2693} INFO - Sync 1 DAGs
[2023-06-05T18:10:43.342+0000] {logging_mixin.py:137} INFO - [2023-06-05T18:10:43.342+0000] {dag.py:3444} INFO - Setting next_dagrun for weather to 2023-06-05T18:01:00+00:00, run_after=2023-06-05T19:01:00+00:00
[2023-06-05T18:10:43.378+0000] {processor.py:175} INFO - Processing /opt/airflow/dags/weather_DAG.py took 0.447 seconds
[2023-06-05T18:11:13.548+0000] {processor.py:153} INFO - Started process (PID=13076) to work on /opt/airflow/dags/weather_DAG.py
[2023-06-05T18:11:13.552+0000] {processor.py:743} INFO - Processing file /opt/airflow/dags/weather_DAG.py for tasks to queue
[2023-06-05T18:11:13.553+0000] {logging_mixin.py:137} INFO - [2023-06-05T18:11:13.553+0000] {dagbag.py:532} INFO - Filling up the DagBag from /opt/airflow/dags/weather_DAG.py
[2023-06-05T18:11:13.846+0000] {processor.py:753} INFO - DAG(s) dict_keys(['weather']) retrieved from /opt/airflow/dags/weather_DAG.py
[2023-06-05T18:11:13.883+0000] {logging_mixin.py:137} INFO - [2023-06-05T18:11:13.882+0000] {dag.py:2693} INFO - Sync 1 DAGs
[2023-06-05T18:11:13.918+0000] {logging_mixin.py:137} INFO - [2023-06-05T18:11:13.918+0000] {dag.py:3444} INFO - Setting next_dagrun for weather to 2023-06-05T18:01:00+00:00, run_after=2023-06-05T19:01:00+00:00
[2023-06-05T18:11:13.941+0000] {processor.py:175} INFO - Processing /opt/airflow/dags/weather_DAG.py took 0.396 seconds
[2023-06-05T18:11:44.135+0000] {processor.py:153} INFO - Started process (PID=13099) to work on /opt/airflow/dags/weather_DAG.py
[2023-06-05T18:11:44.136+0000] {processor.py:743} INFO - Processing file /opt/airflow/dags/weather_DAG.py for tasks to queue
[2023-06-05T18:11:44.136+0000] {logging_mixin.py:137} INFO - [2023-06-05T18:11:44.136+0000] {dagbag.py:532} INFO - Filling up the DagBag from /opt/airflow/dags/weather_DAG.py
[2023-06-05T18:11:44.300+0000] {processor.py:753} INFO - DAG(s) dict_keys(['weather']) retrieved from /opt/airflow/dags/weather_DAG.py
[2023-06-05T18:11:44.332+0000] {logging_mixin.py:137} INFO - [2023-06-05T18:11:44.332+0000] {dag.py:2693} INFO - Sync 1 DAGs
[2023-06-05T18:11:44.369+0000] {logging_mixin.py:137} INFO - [2023-06-05T18:11:44.369+0000] {dag.py:3444} INFO - Setting next_dagrun for weather to 2023-06-05T18:01:00+00:00, run_after=2023-06-05T19:01:00+00:00
[2023-06-05T18:11:44.393+0000] {processor.py:175} INFO - Processing /opt/airflow/dags/weather_DAG.py took 0.261 seconds
[2023-06-05T18:12:14.538+0000] {processor.py:153} INFO - Started process (PID=13116) to work on /opt/airflow/dags/weather_DAG.py
[2023-06-05T18:12:14.539+0000] {processor.py:743} INFO - Processing file /opt/airflow/dags/weather_DAG.py for tasks to queue
[2023-06-05T18:12:14.540+0000] {logging_mixin.py:137} INFO - [2023-06-05T18:12:14.540+0000] {dagbag.py:532} INFO - Filling up the DagBag from /opt/airflow/dags/weather_DAG.py
[2023-06-05T18:12:14.876+0000] {processor.py:753} INFO - DAG(s) dict_keys(['weather']) retrieved from /opt/airflow/dags/weather_DAG.py
[2023-06-05T18:12:14.906+0000] {logging_mixin.py:137} INFO - [2023-06-05T18:12:14.905+0000] {dag.py:2693} INFO - Sync 1 DAGs
[2023-06-05T18:12:14.951+0000] {logging_mixin.py:137} INFO - [2023-06-05T18:12:14.950+0000] {dag.py:3444} INFO - Setting next_dagrun for weather to 2023-06-05T18:01:00+00:00, run_after=2023-06-05T19:01:00+00:00
[2023-06-05T18:12:14.979+0000] {processor.py:175} INFO - Processing /opt/airflow/dags/weather_DAG.py took 0.445 seconds
[2023-06-05T18:12:45.132+0000] {processor.py:153} INFO - Started process (PID=13133) to work on /opt/airflow/dags/weather_DAG.py
[2023-06-05T18:12:45.136+0000] {processor.py:743} INFO - Processing file /opt/airflow/dags/weather_DAG.py for tasks to queue
[2023-06-05T18:12:45.137+0000] {logging_mixin.py:137} INFO - [2023-06-05T18:12:45.137+0000] {dagbag.py:532} INFO - Filling up the DagBag from /opt/airflow/dags/weather_DAG.py
[2023-06-05T18:12:45.455+0000] {processor.py:753} INFO - DAG(s) dict_keys(['weather']) retrieved from /opt/airflow/dags/weather_DAG.py
[2023-06-05T18:12:45.489+0000] {logging_mixin.py:137} INFO - [2023-06-05T18:12:45.489+0000] {dag.py:2693} INFO - Sync 1 DAGs
[2023-06-05T18:12:45.522+0000] {logging_mixin.py:137} INFO - [2023-06-05T18:12:45.521+0000] {dag.py:3444} INFO - Setting next_dagrun for weather to 2023-06-05T18:01:00+00:00, run_after=2023-06-05T19:01:00+00:00
[2023-06-05T18:12:45.542+0000] {processor.py:175} INFO - Processing /opt/airflow/dags/weather_DAG.py took 0.415 seconds
[2023-06-05T18:13:15.707+0000] {processor.py:153} INFO - Started process (PID=13152) to work on /opt/airflow/dags/weather_DAG.py
[2023-06-05T18:13:15.707+0000] {processor.py:743} INFO - Processing file /opt/airflow/dags/weather_DAG.py for tasks to queue
[2023-06-05T18:13:15.708+0000] {logging_mixin.py:137} INFO - [2023-06-05T18:13:15.708+0000] {dagbag.py:532} INFO - Filling up the DagBag from /opt/airflow/dags/weather_DAG.py
[2023-06-05T18:13:16.071+0000] {processor.py:753} INFO - DAG(s) dict_keys(['weather']) retrieved from /opt/airflow/dags/weather_DAG.py
[2023-06-05T18:13:16.140+0000] {logging_mixin.py:137} INFO - [2023-06-05T18:13:16.140+0000] {dag.py:2693} INFO - Sync 1 DAGs
[2023-06-05T18:13:16.189+0000] {logging_mixin.py:137} INFO - [2023-06-05T18:13:16.189+0000] {dag.py:3444} INFO - Setting next_dagrun for weather to 2023-06-05T18:01:00+00:00, run_after=2023-06-05T19:01:00+00:00
[2023-06-05T18:13:16.217+0000] {processor.py:175} INFO - Processing /opt/airflow/dags/weather_DAG.py took 0.515 seconds
[2023-06-05T18:13:46.319+0000] {processor.py:153} INFO - Started process (PID=13168) to work on /opt/airflow/dags/weather_DAG.py
[2023-06-05T18:13:46.320+0000] {processor.py:743} INFO - Processing file /opt/airflow/dags/weather_DAG.py for tasks to queue
[2023-06-05T18:13:46.321+0000] {logging_mixin.py:137} INFO - [2023-06-05T18:13:46.320+0000] {dagbag.py:532} INFO - Filling up the DagBag from /opt/airflow/dags/weather_DAG.py
[2023-06-05T18:13:46.592+0000] {processor.py:753} INFO - DAG(s) dict_keys(['weather']) retrieved from /opt/airflow/dags/weather_DAG.py
[2023-06-05T18:13:46.620+0000] {logging_mixin.py:137} INFO - [2023-06-05T18:13:46.620+0000] {dag.py:2693} INFO - Sync 1 DAGs
[2023-06-05T18:13:46.658+0000] {logging_mixin.py:137} INFO - [2023-06-05T18:13:46.658+0000] {dag.py:3444} INFO - Setting next_dagrun for weather to 2023-06-05T18:01:00+00:00, run_after=2023-06-05T19:01:00+00:00
[2023-06-05T18:13:46.685+0000] {processor.py:175} INFO - Processing /opt/airflow/dags/weather_DAG.py took 0.369 seconds
[2023-06-05T18:14:16.840+0000] {processor.py:153} INFO - Started process (PID=13185) to work on /opt/airflow/dags/weather_DAG.py
[2023-06-05T18:14:16.841+0000] {processor.py:743} INFO - Processing file /opt/airflow/dags/weather_DAG.py for tasks to queue
[2023-06-05T18:14:16.842+0000] {logging_mixin.py:137} INFO - [2023-06-05T18:14:16.842+0000] {dagbag.py:532} INFO - Filling up the DagBag from /opt/airflow/dags/weather_DAG.py
[2023-06-05T18:14:17.187+0000] {processor.py:753} INFO - DAG(s) dict_keys(['weather']) retrieved from /opt/airflow/dags/weather_DAG.py
[2023-06-05T18:14:17.222+0000] {logging_mixin.py:137} INFO - [2023-06-05T18:14:17.221+0000] {dag.py:2693} INFO - Sync 1 DAGs
[2023-06-05T18:14:17.263+0000] {logging_mixin.py:137} INFO - [2023-06-05T18:14:17.263+0000] {dag.py:3444} INFO - Setting next_dagrun for weather to 2023-06-05T18:01:00+00:00, run_after=2023-06-05T19:01:00+00:00
[2023-06-05T18:14:17.293+0000] {processor.py:175} INFO - Processing /opt/airflow/dags/weather_DAG.py took 0.458 seconds
[2023-06-05T18:14:47.479+0000] {processor.py:153} INFO - Started process (PID=13202) to work on /opt/airflow/dags/weather_DAG.py
[2023-06-05T18:14:47.483+0000] {processor.py:743} INFO - Processing file /opt/airflow/dags/weather_DAG.py for tasks to queue
[2023-06-05T18:14:47.484+0000] {logging_mixin.py:137} INFO - [2023-06-05T18:14:47.484+0000] {dagbag.py:532} INFO - Filling up the DagBag from /opt/airflow/dags/weather_DAG.py
[2023-06-05T18:14:47.774+0000] {processor.py:753} INFO - DAG(s) dict_keys(['weather']) retrieved from /opt/airflow/dags/weather_DAG.py
[2023-06-05T18:14:47.820+0000] {logging_mixin.py:137} INFO - [2023-06-05T18:14:47.820+0000] {dag.py:2693} INFO - Sync 1 DAGs
[2023-06-05T18:14:47.875+0000] {logging_mixin.py:137} INFO - [2023-06-05T18:14:47.868+0000] {dag.py:3444} INFO - Setting next_dagrun for weather to 2023-06-05T18:01:00+00:00, run_after=2023-06-05T19:01:00+00:00
[2023-06-05T18:14:47.900+0000] {processor.py:175} INFO - Processing /opt/airflow/dags/weather_DAG.py took 0.427 seconds
[2023-06-05T18:15:18.653+0000] {processor.py:153} INFO - Started process (PID=13219) to work on /opt/airflow/dags/weather_DAG.py
[2023-06-05T18:15:18.655+0000] {processor.py:743} INFO - Processing file /opt/airflow/dags/weather_DAG.py for tasks to queue
[2023-06-05T18:15:18.656+0000] {logging_mixin.py:137} INFO - [2023-06-05T18:15:18.656+0000] {dagbag.py:532} INFO - Filling up the DagBag from /opt/airflow/dags/weather_DAG.py
[2023-06-05T18:15:18.815+0000] {processor.py:753} INFO - DAG(s) dict_keys(['weather']) retrieved from /opt/airflow/dags/weather_DAG.py
[2023-06-05T18:15:18.844+0000] {logging_mixin.py:137} INFO - [2023-06-05T18:15:18.843+0000] {dag.py:2693} INFO - Sync 1 DAGs
[2023-06-05T18:15:18.879+0000] {logging_mixin.py:137} INFO - [2023-06-05T18:15:18.879+0000] {dag.py:3444} INFO - Setting next_dagrun for weather to 2023-06-05T18:01:00+00:00, run_after=2023-06-05T19:01:00+00:00
[2023-06-05T18:15:18.902+0000] {processor.py:175} INFO - Processing /opt/airflow/dags/weather_DAG.py took 0.256 seconds
[2023-06-05T18:15:49.090+0000] {processor.py:153} INFO - Started process (PID=13236) to work on /opt/airflow/dags/weather_DAG.py
[2023-06-05T18:15:49.094+0000] {processor.py:743} INFO - Processing file /opt/airflow/dags/weather_DAG.py for tasks to queue
[2023-06-05T18:15:49.094+0000] {logging_mixin.py:137} INFO - [2023-06-05T18:15:49.094+0000] {dagbag.py:532} INFO - Filling up the DagBag from /opt/airflow/dags/weather_DAG.py
[2023-06-05T18:15:49.367+0000] {processor.py:753} INFO - DAG(s) dict_keys(['weather']) retrieved from /opt/airflow/dags/weather_DAG.py
[2023-06-05T18:15:49.392+0000] {logging_mixin.py:137} INFO - [2023-06-05T18:15:49.391+0000] {dag.py:2693} INFO - Sync 1 DAGs
[2023-06-05T18:15:49.425+0000] {logging_mixin.py:137} INFO - [2023-06-05T18:15:49.425+0000] {dag.py:3444} INFO - Setting next_dagrun for weather to 2023-06-05T18:01:00+00:00, run_after=2023-06-05T19:01:00+00:00
[2023-06-05T18:15:49.451+0000] {processor.py:175} INFO - Processing /opt/airflow/dags/weather_DAG.py took 0.364 seconds
[2023-06-05T18:16:19.627+0000] {processor.py:153} INFO - Started process (PID=13253) to work on /opt/airflow/dags/weather_DAG.py
[2023-06-05T18:16:19.628+0000] {processor.py:743} INFO - Processing file /opt/airflow/dags/weather_DAG.py for tasks to queue
[2023-06-05T18:16:19.628+0000] {logging_mixin.py:137} INFO - [2023-06-05T18:16:19.628+0000] {dagbag.py:532} INFO - Filling up the DagBag from /opt/airflow/dags/weather_DAG.py
[2023-06-05T18:16:19.897+0000] {processor.py:753} INFO - DAG(s) dict_keys(['weather']) retrieved from /opt/airflow/dags/weather_DAG.py
[2023-06-05T18:16:19.925+0000] {logging_mixin.py:137} INFO - [2023-06-05T18:16:19.924+0000] {dag.py:2693} INFO - Sync 1 DAGs
[2023-06-05T18:16:19.961+0000] {logging_mixin.py:137} INFO - [2023-06-05T18:16:19.961+0000] {dag.py:3444} INFO - Setting next_dagrun for weather to 2023-06-05T18:01:00+00:00, run_after=2023-06-05T19:01:00+00:00
[2023-06-05T18:16:19.990+0000] {processor.py:175} INFO - Processing /opt/airflow/dags/weather_DAG.py took 0.366 seconds
[2023-06-05T18:16:50.152+0000] {processor.py:153} INFO - Started process (PID=13270) to work on /opt/airflow/dags/weather_DAG.py
[2023-06-05T18:16:50.156+0000] {processor.py:743} INFO - Processing file /opt/airflow/dags/weather_DAG.py for tasks to queue
[2023-06-05T18:16:50.156+0000] {logging_mixin.py:137} INFO - [2023-06-05T18:16:50.156+0000] {dagbag.py:532} INFO - Filling up the DagBag from /opt/airflow/dags/weather_DAG.py
[2023-06-05T18:16:50.491+0000] {processor.py:753} INFO - DAG(s) dict_keys(['weather']) retrieved from /opt/airflow/dags/weather_DAG.py
[2023-06-05T18:16:50.524+0000] {logging_mixin.py:137} INFO - [2023-06-05T18:16:50.523+0000] {dag.py:2693} INFO - Sync 1 DAGs
[2023-06-05T18:16:50.565+0000] {logging_mixin.py:137} INFO - [2023-06-05T18:16:50.565+0000] {dag.py:3444} INFO - Setting next_dagrun for weather to 2023-06-05T18:01:00+00:00, run_after=2023-06-05T19:01:00+00:00
[2023-06-05T18:16:50.594+0000] {processor.py:175} INFO - Processing /opt/airflow/dags/weather_DAG.py took 0.448 seconds
[2023-06-05T18:17:20.775+0000] {processor.py:153} INFO - Started process (PID=13286) to work on /opt/airflow/dags/weather_DAG.py
[2023-06-05T18:17:20.776+0000] {processor.py:743} INFO - Processing file /opt/airflow/dags/weather_DAG.py for tasks to queue
[2023-06-05T18:17:20.777+0000] {logging_mixin.py:137} INFO - [2023-06-05T18:17:20.776+0000] {dagbag.py:532} INFO - Filling up the DagBag from /opt/airflow/dags/weather_DAG.py
[2023-06-05T18:17:21.115+0000] {processor.py:753} INFO - DAG(s) dict_keys(['weather']) retrieved from /opt/airflow/dags/weather_DAG.py
[2023-06-05T18:17:21.147+0000] {logging_mixin.py:137} INFO - [2023-06-05T18:17:21.146+0000] {dag.py:2693} INFO - Sync 1 DAGs
[2023-06-05T18:17:21.192+0000] {logging_mixin.py:137} INFO - [2023-06-05T18:17:21.192+0000] {dag.py:3444} INFO - Setting next_dagrun for weather to 2023-06-05T18:01:00+00:00, run_after=2023-06-05T19:01:00+00:00
[2023-06-05T18:17:21.218+0000] {processor.py:175} INFO - Processing /opt/airflow/dags/weather_DAG.py took 0.448 seconds
[2023-06-05T18:17:51.384+0000] {processor.py:153} INFO - Started process (PID=13303) to work on /opt/airflow/dags/weather_DAG.py
[2023-06-05T18:17:51.385+0000] {processor.py:743} INFO - Processing file /opt/airflow/dags/weather_DAG.py for tasks to queue
[2023-06-05T18:17:51.387+0000] {logging_mixin.py:137} INFO - [2023-06-05T18:17:51.387+0000] {dagbag.py:532} INFO - Filling up the DagBag from /opt/airflow/dags/weather_DAG.py
[2023-06-05T18:17:51.965+0000] {processor.py:753} INFO - DAG(s) dict_keys(['weather']) retrieved from /opt/airflow/dags/weather_DAG.py
[2023-06-05T18:17:52.002+0000] {logging_mixin.py:137} INFO - [2023-06-05T18:17:52.001+0000] {dag.py:2693} INFO - Sync 1 DAGs
[2023-06-05T18:17:52.044+0000] {logging_mixin.py:137} INFO - [2023-06-05T18:17:52.043+0000] {dag.py:3444} INFO - Setting next_dagrun for weather to 2023-06-05T18:01:00+00:00, run_after=2023-06-05T19:01:00+00:00
[2023-06-05T18:17:52.072+0000] {processor.py:175} INFO - Processing /opt/airflow/dags/weather_DAG.py took 0.693 seconds
[2023-06-05T18:18:22.242+0000] {processor.py:153} INFO - Started process (PID=13327) to work on /opt/airflow/dags/weather_DAG.py
[2023-06-05T18:18:22.243+0000] {processor.py:743} INFO - Processing file /opt/airflow/dags/weather_DAG.py for tasks to queue
[2023-06-05T18:18:22.244+0000] {logging_mixin.py:137} INFO - [2023-06-05T18:18:22.244+0000] {dagbag.py:532} INFO - Filling up the DagBag from /opt/airflow/dags/weather_DAG.py
[2023-06-05T18:18:22.464+0000] {processor.py:753} INFO - DAG(s) dict_keys(['weather']) retrieved from /opt/airflow/dags/weather_DAG.py
[2023-06-05T18:18:22.500+0000] {logging_mixin.py:137} INFO - [2023-06-05T18:18:22.499+0000] {dag.py:2693} INFO - Sync 1 DAGs
[2023-06-05T18:18:22.544+0000] {logging_mixin.py:137} INFO - [2023-06-05T18:18:22.543+0000] {dag.py:3444} INFO - Setting next_dagrun for weather to 2023-06-05T18:01:00+00:00, run_after=2023-06-05T19:01:00+00:00
[2023-06-05T18:18:22.577+0000] {processor.py:175} INFO - Processing /opt/airflow/dags/weather_DAG.py took 0.339 seconds
[2023-06-05T18:18:52.748+0000] {processor.py:153} INFO - Started process (PID=13344) to work on /opt/airflow/dags/weather_DAG.py
[2023-06-05T18:18:52.752+0000] {processor.py:743} INFO - Processing file /opt/airflow/dags/weather_DAG.py for tasks to queue
[2023-06-05T18:18:52.753+0000] {logging_mixin.py:137} INFO - [2023-06-05T18:18:52.753+0000] {dagbag.py:532} INFO - Filling up the DagBag from /opt/airflow/dags/weather_DAG.py
[2023-06-05T18:18:53.112+0000] {processor.py:753} INFO - DAG(s) dict_keys(['weather']) retrieved from /opt/airflow/dags/weather_DAG.py
[2023-06-05T18:18:53.147+0000] {logging_mixin.py:137} INFO - [2023-06-05T18:18:53.146+0000] {dag.py:2693} INFO - Sync 1 DAGs
[2023-06-05T18:18:53.193+0000] {logging_mixin.py:137} INFO - [2023-06-05T18:18:53.193+0000] {dag.py:3444} INFO - Setting next_dagrun for weather to 2023-06-05T18:01:00+00:00, run_after=2023-06-05T19:01:00+00:00
[2023-06-05T18:18:53.225+0000] {processor.py:175} INFO - Processing /opt/airflow/dags/weather_DAG.py took 0.481 seconds
[2023-06-05T18:19:23.316+0000] {processor.py:153} INFO - Started process (PID=13360) to work on /opt/airflow/dags/weather_DAG.py
[2023-06-05T18:19:23.317+0000] {processor.py:743} INFO - Processing file /opt/airflow/dags/weather_DAG.py for tasks to queue
[2023-06-05T18:19:23.318+0000] {logging_mixin.py:137} INFO - [2023-06-05T18:19:23.317+0000] {dagbag.py:532} INFO - Filling up the DagBag from /opt/airflow/dags/weather_DAG.py
[2023-06-05T18:19:23.676+0000] {processor.py:753} INFO - DAG(s) dict_keys(['weather']) retrieved from /opt/airflow/dags/weather_DAG.py
[2023-06-05T18:19:23.710+0000] {logging_mixin.py:137} INFO - [2023-06-05T18:19:23.709+0000] {dag.py:2693} INFO - Sync 1 DAGs
[2023-06-05T18:19:23.753+0000] {logging_mixin.py:137} INFO - [2023-06-05T18:19:23.753+0000] {dag.py:3444} INFO - Setting next_dagrun for weather to 2023-06-05T18:01:00+00:00, run_after=2023-06-05T19:01:00+00:00
[2023-06-05T18:19:23.795+0000] {processor.py:175} INFO - Processing /opt/airflow/dags/weather_DAG.py took 0.483 seconds
[2023-06-05T18:19:54.010+0000] {processor.py:153} INFO - Started process (PID=13377) to work on /opt/airflow/dags/weather_DAG.py
[2023-06-05T18:19:54.013+0000] {processor.py:743} INFO - Processing file /opt/airflow/dags/weather_DAG.py for tasks to queue
[2023-06-05T18:19:54.014+0000] {logging_mixin.py:137} INFO - [2023-06-05T18:19:54.014+0000] {dagbag.py:532} INFO - Filling up the DagBag from /opt/airflow/dags/weather_DAG.py
[2023-06-05T18:19:54.293+0000] {processor.py:753} INFO - DAG(s) dict_keys(['weather']) retrieved from /opt/airflow/dags/weather_DAG.py
[2023-06-05T18:19:54.317+0000] {logging_mixin.py:137} INFO - [2023-06-05T18:19:54.316+0000] {dag.py:2693} INFO - Sync 1 DAGs
[2023-06-05T18:19:54.348+0000] {logging_mixin.py:137} INFO - [2023-06-05T18:19:54.348+0000] {dag.py:3444} INFO - Setting next_dagrun for weather to 2023-06-05T18:01:00+00:00, run_after=2023-06-05T19:01:00+00:00
[2023-06-05T18:19:54.369+0000] {processor.py:175} INFO - Processing /opt/airflow/dags/weather_DAG.py took 0.366 seconds
[2023-06-05T18:20:24.564+0000] {processor.py:153} INFO - Started process (PID=13394) to work on /opt/airflow/dags/weather_DAG.py
[2023-06-05T18:20:24.565+0000] {processor.py:743} INFO - Processing file /opt/airflow/dags/weather_DAG.py for tasks to queue
[2023-06-05T18:20:24.565+0000] {logging_mixin.py:137} INFO - [2023-06-05T18:20:24.565+0000] {dagbag.py:532} INFO - Filling up the DagBag from /opt/airflow/dags/weather_DAG.py
[2023-06-05T18:20:24.826+0000] {processor.py:753} INFO - DAG(s) dict_keys(['weather']) retrieved from /opt/airflow/dags/weather_DAG.py
[2023-06-05T18:20:24.849+0000] {logging_mixin.py:137} INFO - [2023-06-05T18:20:24.849+0000] {dag.py:2693} INFO - Sync 1 DAGs
[2023-06-05T18:20:24.881+0000] {logging_mixin.py:137} INFO - [2023-06-05T18:20:24.881+0000] {dag.py:3444} INFO - Setting next_dagrun for weather to 2023-06-05T18:01:00+00:00, run_after=2023-06-05T19:01:00+00:00
[2023-06-05T18:20:24.905+0000] {processor.py:175} INFO - Processing /opt/airflow/dags/weather_DAG.py took 0.345 seconds
