[2023-05-30T07:39:51.967+0000] {taskinstance.py:1084} INFO - Dependencies all met for dep_context=non-requeueable deps ti=<TaskInstance: ETL.add_data_in_database scheduled__2023-05-28T17:00:00+00:00 [queued]>
[2023-05-30T07:39:51.979+0000] {taskinstance.py:1084} INFO - Dependencies all met for dep_context=requeueable deps ti=<TaskInstance: ETL.add_data_in_database scheduled__2023-05-28T17:00:00+00:00 [queued]>
[2023-05-30T07:39:51.980+0000] {taskinstance.py:1282} INFO - 
--------------------------------------------------------------------------------
[2023-05-30T07:39:51.980+0000] {taskinstance.py:1283} INFO - Starting attempt 1 of 6
[2023-05-30T07:39:51.980+0000] {taskinstance.py:1284} INFO - 
--------------------------------------------------------------------------------
[2023-05-30T07:39:51.998+0000] {taskinstance.py:1303} INFO - Executing <Task(PostgresOperator): add_data_in_database> on 2023-05-28 17:00:00+00:00
[2023-05-30T07:39:52.004+0000] {standard_task_runner.py:55} INFO - Started process 54937 to run task
[2023-05-30T07:39:52.008+0000] {standard_task_runner.py:82} INFO - Running: ['***', 'tasks', 'run', 'ETL', 'add_data_in_database', 'scheduled__2023-05-28T17:00:00+00:00', '--job-id', '401', '--raw', '--subdir', 'DAGS_FOLDER/ETL_spotify_DAG.py', '--cfg-path', '/tmp/tmppvojyua4']
[2023-05-30T07:39:52.011+0000] {standard_task_runner.py:83} INFO - Job 401: Subtask add_data_in_database
[2023-05-30T07:39:52.107+0000] {task_command.py:388} INFO - Running <TaskInstance: ETL.add_data_in_database scheduled__2023-05-28T17:00:00+00:00 [running]> on host 05172cfd5782
[2023-05-30T07:39:52.551+0000] {taskinstance.py:1511} INFO - Exporting the following env vars:
AIRFLOW_CTX_DAG_OWNER=fox
AIRFLOW_CTX_DAG_ID=ETL
AIRFLOW_CTX_TASK_ID=add_data_in_database
AIRFLOW_CTX_EXECUTION_DATE=2023-05-28T17:00:00+00:00
AIRFLOW_CTX_TRY_NUMBER=1
AIRFLOW_CTX_DAG_RUN_ID=scheduled__2023-05-28T17:00:00+00:00
[2023-05-30T07:39:52.551+0000] {sql.py:254} INFO - Executing: 
            insert into spotify_data (played_at, artist, name_track, timestamps) values 
            ('2023-05-29T16:55:20.186Z',
            'Rammstein',
            'Amerika',
            '2023-05-29'
            );
            insert into spotify_data (played_at, artist, name_track, timestamps) values 
            ('2023-05-29T16:51:32.945Z',
            'Morandi',
            'Midnight Train',
            '2023-05-29'
            );
            insert into spotify_data (played_at, artist, name_track, timestamps) values 
            ('2023-05-29T16:47:10.087Z',
            'Usher',
            'More - RedOne Jimmy Joker Remix',
            '2023-05-29'
            );
            insert into spotify_data (played_at, artist, name_track, timestamps) values 
            ('2023-05-29T16:42:06.777Z',
            'Three Days Grace',
            'Break',
            '2023-05-29'
            );
            insert into spotify_data (played_at, artist, name_track, timestamps) values 
            ('2023-05-29T16:38:53.176Z',
            'INNA',
            'Hot',
            '2023-05-29'
            );
            insert into spotify_data (played_at, artist, name_track, timestamps) values 
            ('2023-05-29T16:35:15.418Z',
            'Rob Zombie',
            'Dragula',
            '2023-05-29'
            );
            insert into spotify_data (played_at, artist, name_track, timestamps) values 
            ('2023-05-29T16:31:32.519Z',
            'ENLEO',
            'інша любов',
            '2023-05-29'
            );
            insert into spotify_data (played_at, artist, name_track, timestamps) values 
            ('2023-05-29T16:27:23.602Z',
            'Airbourne',
            'Too Much, Too Young, Too Fast',
            '2023-05-29'
            );
            insert into spotify_data (played_at, artist, name_track, timestamps) values 
            ('2023-05-29T16:23:36.650Z',
            'David Guetta',
            'I*m Good (Blue)',
            '2023-05-29'
            );
            insert into spotify_data (played_at, artist, name_track, timestamps) values 
            ('2023-05-29T16:20:40.825Z',
            'Metalocalypse: Dethklok',
            'Face Fisted',
            '2023-05-29'
            )
            
[2023-05-30T07:39:52.561+0000] {base.py:73} INFO - Using connection ID 'postgres_localhost' for task execution.
[2023-05-30T07:39:52.833+0000] {base.py:73} INFO - Using connection ID 'postgres_localhost' for task execution.
[2023-05-30T07:39:52.841+0000] {sql.py:375} INFO - Running statement: 
            insert into spotify_data (played_at, artist, name_track, timestamps) values 
            ('2023-05-29T16:55:20.186Z',
            'Rammstein',
            'Amerika',
            '2023-05-29'
            );
            insert into spotify_data (played_at, artist, name_track, timestamps) values 
            ('2023-05-29T16:51:32.945Z',
            'Morandi',
            'Midnight Train',
            '2023-05-29'
            );
            insert into spotify_data (played_at, artist, name_track, timestamps) values 
            ('2023-05-29T16:47:10.087Z',
            'Usher',
            'More - RedOne Jimmy Joker Remix',
            '2023-05-29'
            );
            insert into spotify_data (played_at, artist, name_track, timestamps) values 
            ('2023-05-29T16:42:06.777Z',
            'Three Days Grace',
            'Break',
            '2023-05-29'
            );
            insert into spotify_data (played_at, artist, name_track, timestamps) values 
            ('2023-05-29T16:38:53.176Z',
            'INNA',
            'Hot',
            '2023-05-29'
            );
            insert into spotify_data (played_at, artist, name_track, timestamps) values 
            ('2023-05-29T16:35:15.418Z',
            'Rob Zombie',
            'Dragula',
            '2023-05-29'
            );
            insert into spotify_data (played_at, artist, name_track, timestamps) values 
            ('2023-05-29T16:31:32.519Z',
            'ENLEO',
            'інша любов',
            '2023-05-29'
            );
            insert into spotify_data (played_at, artist, name_track, timestamps) values 
            ('2023-05-29T16:27:23.602Z',
            'Airbourne',
            'Too Much, Too Young, Too Fast',
            '2023-05-29'
            );
            insert into spotify_data (played_at, artist, name_track, timestamps) values 
            ('2023-05-29T16:23:36.650Z',
            'David Guetta',
            'I*m Good (Blue)',
            '2023-05-29'
            );
            insert into spotify_data (played_at, artist, name_track, timestamps) values 
            ('2023-05-29T16:20:40.825Z',
            'Metalocalypse: Dethklok',
            'Face Fisted',
            '2023-05-29'
            )
            , parameters: None
[2023-05-30T07:39:52.849+0000] {sql.py:384} INFO - Rows affected: 1
[2023-05-30T07:39:52.869+0000] {taskinstance.py:1326} INFO - Marking task as SUCCESS. dag_id=ETL, task_id=add_data_in_database, execution_date=20230528T170000, start_date=20230530T073951, end_date=20230530T073952
[2023-05-30T07:39:52.957+0000] {local_task_job.py:212} INFO - Task exited with return code 0
[2023-05-30T07:39:52.989+0000] {taskinstance.py:2585} INFO - 0 downstream tasks scheduled from follow-on schedule check
