[2023-05-28T17:00:00.569+0000] {taskinstance.py:1084} INFO - Dependencies all met for dep_context=non-requeueable deps ti=<TaskInstance: ETL.refresh_token scheduled__2023-05-27T17:00:00+00:00 [queued]>
[2023-05-28T17:00:00.580+0000] {taskinstance.py:1084} INFO - Dependencies all met for dep_context=requeueable deps ti=<TaskInstance: ETL.refresh_token scheduled__2023-05-27T17:00:00+00:00 [queued]>
[2023-05-28T17:00:00.580+0000] {taskinstance.py:1282} INFO - 
--------------------------------------------------------------------------------
[2023-05-28T17:00:00.581+0000] {taskinstance.py:1283} INFO - Starting attempt 1 of 6
[2023-05-28T17:00:00.581+0000] {taskinstance.py:1284} INFO - 
--------------------------------------------------------------------------------
[2023-05-28T17:00:00.598+0000] {taskinstance.py:1303} INFO - Executing <Task(PythonOperator): refresh_token> on 2023-05-27 17:00:00+00:00
[2023-05-28T17:00:00.603+0000] {standard_task_runner.py:55} INFO - Started process 18853 to run task
[2023-05-28T17:00:00.608+0000] {standard_task_runner.py:82} INFO - Running: ['***', 'tasks', 'run', 'ETL', 'refresh_token', 'scheduled__2023-05-27T17:00:00+00:00', '--job-id', '391', '--raw', '--subdir', 'DAGS_FOLDER/ETL_spotify_DAG.py', '--cfg-path', '/tmp/tmpn1a3_fur']
[2023-05-28T17:00:00.611+0000] {standard_task_runner.py:83} INFO - Job 391: Subtask refresh_token
[2023-05-28T17:00:00.683+0000] {task_command.py:388} INFO - Running <TaskInstance: ETL.refresh_token scheduled__2023-05-27T17:00:00+00:00 [running]> on host 05172cfd5782
[2023-05-28T17:00:00.784+0000] {taskinstance.py:1511} INFO - Exporting the following env vars:
AIRFLOW_CTX_DAG_OWNER=fox
AIRFLOW_CTX_DAG_ID=ETL
AIRFLOW_CTX_TASK_ID=refresh_token
AIRFLOW_CTX_EXECUTION_DATE=2023-05-27T17:00:00+00:00
AIRFLOW_CTX_TRY_NUMBER=1
AIRFLOW_CTX_DAG_RUN_ID=scheduled__2023-05-27T17:00:00+00:00
[2023-05-28T17:00:01.398+0000] {python.py:177} INFO - Done. Returned value was: BQDzO4WhTP-aDLq1RP0AYCl7asFg9PtqDaMUr6xXQGIGiQ0oczur-Yj2ttLyUToc0qkb4WHC5B6dxwyzukA-jVyXOHo2Ll_hYXEcJTI2C8P3r2VuAJmMNrBswudKmXsAUqe8_SqQudhUoSHaUFLMEPyYMoqMq82aGag1ALXlDpRjL_bD2UH11rQuy_MVxkI_exbHI5P5FF5NCr4
[2023-05-28T17:00:01.448+0000] {taskinstance.py:1326} INFO - Marking task as SUCCESS. dag_id=ETL, task_id=refresh_token, execution_date=20230527T170000, start_date=20230528T170000, end_date=20230528T170001
[2023-05-28T17:00:01.501+0000] {local_task_job.py:212} INFO - Task exited with return code 0
[2023-05-28T17:00:01.598+0000] {taskinstance.py:2585} INFO - 1 downstream tasks scheduled from follow-on schedule check
