[2023-05-24T16:09:09.511+0000] {taskinstance.py:1084} INFO - Dependencies all met for dep_context=non-requeueable deps ti=<TaskInstance: refresh_token.ETL manual__2023-05-23T17:54:32.171118+00:00 [queued]>
[2023-05-24T16:09:09.527+0000] {taskinstance.py:1084} INFO - Dependencies all met for dep_context=requeueable deps ti=<TaskInstance: refresh_token.ETL manual__2023-05-23T17:54:32.171118+00:00 [queued]>
[2023-05-24T16:09:09.528+0000] {taskinstance.py:1282} INFO - 
--------------------------------------------------------------------------------
[2023-05-24T16:09:09.528+0000] {taskinstance.py:1283} INFO - Starting attempt 9 of 12
[2023-05-24T16:09:09.528+0000] {taskinstance.py:1284} INFO - 
--------------------------------------------------------------------------------
[2023-05-24T16:09:09.555+0000] {taskinstance.py:1303} INFO - Executing <Task(PythonOperator): ETL> on 2023-05-23 17:54:32.171118+00:00
[2023-05-24T16:09:09.562+0000] {standard_task_runner.py:55} INFO - Started process 1763 to run task
[2023-05-24T16:09:09.566+0000] {standard_task_runner.py:82} INFO - Running: ['***', 'tasks', 'run', 'refresh_token', 'ETL', 'manual__2023-05-23T17:54:32.171118+00:00', '--job-id', '109', '--raw', '--subdir', 'DAGS_FOLDER/refresh_token_DAG.py', '--cfg-path', '/tmp/tmp5hnvrz83']
[2023-05-24T16:09:09.571+0000] {standard_task_runner.py:83} INFO - Job 109: Subtask ETL
[2023-05-24T16:09:09.674+0000] {task_command.py:388} INFO - Running <TaskInstance: refresh_token.ETL manual__2023-05-23T17:54:32.171118+00:00 [running]> on host 2fa3ade57007
[2023-05-24T16:09:09.815+0000] {taskinstance.py:1511} INFO - Exporting the following env vars:
AIRFLOW_CTX_DAG_OWNER=fox
AIRFLOW_CTX_DAG_ID=refresh_token
AIRFLOW_CTX_TASK_ID=ETL
AIRFLOW_CTX_EXECUTION_DATE=2023-05-23T17:54:32.171118+00:00
AIRFLOW_CTX_TRY_NUMBER=9
AIRFLOW_CTX_DAG_RUN_ID=manual__2023-05-23T17:54:32.171118+00:00
[2023-05-24T16:09:09.816+0000] {logging_mixin.py:137} INFO - <function now_token at 0x7fb288eae320>
[2023-05-24T16:09:10.040+0000] {taskinstance.py:1775} ERROR - Task failed with exception
Traceback (most recent call last):
  File "/home/airflow/.local/lib/python3.7/site-packages/airflow/operators/python.py", line 175, in execute
    return_value = self.execute_callable()
  File "/home/airflow/.local/lib/python3.7/site-packages/airflow/operators/python.py", line 192, in execute_callable
    return self.python_callable(*self.op_args, **self.op_kwargs)
  File "/opt/airflow/dags/Spotify_ETL.py", line 58, in run_spotify_etl
    for song in resource['items']:
KeyError: 'items'
[2023-05-24T16:09:10.053+0000] {taskinstance.py:1326} INFO - Marking task as UP_FOR_RETRY. dag_id=refresh_token, task_id=ETL, execution_date=20230523T175432, start_date=20230524T160909, end_date=20230524T160910
[2023-05-24T16:09:10.072+0000] {standard_task_runner.py:105} ERROR - Failed to execute job 109 for task ETL ('items'; 1763)
[2023-05-24T16:09:10.100+0000] {local_task_job.py:212} INFO - Task exited with return code 1
[2023-05-24T16:09:10.129+0000] {taskinstance.py:2585} INFO - 0 downstream tasks scheduled from follow-on schedule check
