[2023-05-24T16:25:21.462+0000] {taskinstance.py:1084} INFO - Dependencies all met for dep_context=non-requeueable deps ti=<TaskInstance: refresh_token.ETL manual__2023-05-23T17:54:32.171118+00:00 [queued]>
[2023-05-24T16:25:21.535+0000] {taskinstance.py:1084} INFO - Dependencies all met for dep_context=requeueable deps ti=<TaskInstance: refresh_token.ETL manual__2023-05-23T17:54:32.171118+00:00 [queued]>
[2023-05-24T16:25:21.536+0000] {taskinstance.py:1282} INFO - 
--------------------------------------------------------------------------------
[2023-05-24T16:25:21.536+0000] {taskinstance.py:1283} INFO - Starting attempt 20 of 24
[2023-05-24T16:25:21.536+0000] {taskinstance.py:1284} INFO - 
--------------------------------------------------------------------------------
[2023-05-24T16:25:21.577+0000] {taskinstance.py:1303} INFO - Executing <Task(PythonOperator): ETL> on 2023-05-23 17:54:32.171118+00:00
[2023-05-24T16:25:21.584+0000] {standard_task_runner.py:55} INFO - Started process 2227 to run task
[2023-05-24T16:25:21.589+0000] {standard_task_runner.py:82} INFO - Running: ['***', 'tasks', 'run', 'refresh_token', 'ETL', 'manual__2023-05-23T17:54:32.171118+00:00', '--job-id', '124', '--raw', '--subdir', 'DAGS_FOLDER/refresh_token_DAG.py', '--cfg-path', '/tmp/tmpm7mwdorv']
[2023-05-24T16:25:21.593+0000] {standard_task_runner.py:83} INFO - Job 124: Subtask ETL
[2023-05-24T16:25:21.815+0000] {task_command.py:388} INFO - Running <TaskInstance: refresh_token.ETL manual__2023-05-23T17:54:32.171118+00:00 [running]> on host 2fa3ade57007
[2023-05-24T16:25:21.965+0000] {taskinstance.py:1511} INFO - Exporting the following env vars:
AIRFLOW_CTX_DAG_OWNER=fox
AIRFLOW_CTX_DAG_ID=refresh_token
AIRFLOW_CTX_TASK_ID=ETL
AIRFLOW_CTX_EXECUTION_DATE=2023-05-23T17:54:32.171118+00:00
AIRFLOW_CTX_TRY_NUMBER=20
AIRFLOW_CTX_DAG_RUN_ID=manual__2023-05-23T17:54:32.171118+00:00
[2023-05-24T16:25:21.988+0000] {logging_mixin.py:137} INFO - BQCb-pBr0Ftv6hPzHJW3dN-DYL3tP2jcaMHRYWjymYjx_mClJi1h58Th-L235G7j2AHxu22csbOChCQOAg7by2NaawVwrGGVF19lCQWsOErxTGWdMEsNgj3I-Gwl_g1hwQGBOodPWpRn1Uknm6naSjxbD_PHq6avFEMSY52leGjRq621dNQv5uY56lgBvf4eEx9OvulZgeZ3Ux8
[2023-05-24T16:25:22.474+0000] {python.py:177} INFO - Done. Returned value was:                   played_at  ...  timestamps
0  2023-05-23T14:34:26.395Z  ...  2023-05-23
1  2023-05-23T14:32:00.984Z  ...  2023-05-23
2  2023-05-23T14:29:08.305Z  ...  2023-05-23
3  2023-05-23T14:26:06.479Z  ...  2023-05-23
4  2023-05-23T14:23:49.778Z  ...  2023-05-23
5  2023-05-23T14:19:57.780Z  ...  2023-05-23
6  2023-05-23T14:17:55.047Z  ...  2023-05-23
7  2023-05-23T14:13:58.752Z  ...  2023-05-23
8  2023-05-23T09:36:44.159Z  ...  2023-05-23
9  2023-05-23T09:23:55.397Z  ...  2023-05-23

[10 rows x 4 columns]
[2023-05-24T16:25:22.532+0000] {xcom.py:635} ERROR - Object of type DataFrame is not JSON serializable. If you are using pickle instead of JSON for XCom, then you need to enable pickle support for XCom in your *** config or make sure to decorate your object with attr.
[2023-05-24T16:25:22.539+0000] {taskinstance.py:1775} ERROR - Task failed with exception
Traceback (most recent call last):
  File "/home/airflow/.local/lib/python3.7/site-packages/airflow/utils/session.py", line 72, in wrapper
    return func(*args, **kwargs)
  File "/home/airflow/.local/lib/python3.7/site-packages/airflow/models/taskinstance.py", line 2304, in xcom_push
    session=session,
  File "/home/airflow/.local/lib/python3.7/site-packages/airflow/utils/session.py", line 72, in wrapper
    return func(*args, **kwargs)
  File "/home/airflow/.local/lib/python3.7/site-packages/airflow/models/xcom.py", line 240, in set
    map_index=map_index,
  File "/home/airflow/.local/lib/python3.7/site-packages/airflow/models/xcom.py", line 627, in serialize_value
    return json.dumps(value, cls=XComEncoder).encode("UTF-8")
  File "/usr/local/lib/python3.7/json/__init__.py", line 238, in dumps
    **kw).encode(obj)
  File "/home/airflow/.local/lib/python3.7/site-packages/airflow/utils/json.py", line 176, in encode
    return super().encode(o)
  File "/usr/local/lib/python3.7/json/encoder.py", line 199, in encode
    chunks = self.iterencode(o, _one_shot=True)
  File "/usr/local/lib/python3.7/json/encoder.py", line 257, in iterencode
    return _iterencode(o, 0)
  File "/home/airflow/.local/lib/python3.7/site-packages/airflow/utils/json.py", line 170, in default
    return super().default(o)
  File "/usr/local/lib/python3.7/json/encoder.py", line 179, in default
    raise TypeError(f'Object of type {o.__class__.__name__} '
TypeError: Object of type DataFrame is not JSON serializable
[2023-05-24T16:25:22.555+0000] {taskinstance.py:1326} INFO - Marking task as UP_FOR_RETRY. dag_id=refresh_token, task_id=ETL, execution_date=20230523T175432, start_date=20230524T162521, end_date=20230524T162522
[2023-05-24T16:25:22.581+0000] {standard_task_runner.py:105} ERROR - Failed to execute job 124 for task ETL (Object of type DataFrame is not JSON serializable; 2227)
[2023-05-24T16:25:22.622+0000] {local_task_job.py:212} INFO - Task exited with return code 1
[2023-05-24T16:25:22.668+0000] {taskinstance.py:2585} INFO - 0 downstream tasks scheduled from follow-on schedule check
