[2023-05-24T16:09:23.990+0000] {taskinstance.py:1084} INFO - Dependencies all met for dep_context=non-requeueable deps ti=<TaskInstance: refresh_token.ETL manual__2023-05-23T17:54:32.171118+00:00 [queued]>
[2023-05-24T16:09:24.006+0000] {taskinstance.py:1084} INFO - Dependencies all met for dep_context=requeueable deps ti=<TaskInstance: refresh_token.ETL manual__2023-05-23T17:54:32.171118+00:00 [queued]>
[2023-05-24T16:09:24.006+0000] {taskinstance.py:1282} INFO - 
--------------------------------------------------------------------------------
[2023-05-24T16:09:24.006+0000] {taskinstance.py:1283} INFO - Starting attempt 10 of 15
[2023-05-24T16:09:24.006+0000] {taskinstance.py:1284} INFO - 
--------------------------------------------------------------------------------
[2023-05-24T16:09:24.034+0000] {taskinstance.py:1303} INFO - Executing <Task(PythonOperator): ETL> on 2023-05-23 17:54:32.171118+00:00
[2023-05-24T16:09:24.042+0000] {standard_task_runner.py:55} INFO - Started process 1776 to run task
[2023-05-24T16:09:24.047+0000] {standard_task_runner.py:82} INFO - Running: ['***', 'tasks', 'run', 'refresh_token', 'ETL', 'manual__2023-05-23T17:54:32.171118+00:00', '--job-id', '111', '--raw', '--subdir', 'DAGS_FOLDER/refresh_token_DAG.py', '--cfg-path', '/tmp/tmpk0j9ep5f']
[2023-05-24T16:09:24.049+0000] {standard_task_runner.py:83} INFO - Job 111: Subtask ETL
[2023-05-24T16:09:24.149+0000] {task_command.py:388} INFO - Running <TaskInstance: refresh_token.ETL manual__2023-05-23T17:54:32.171118+00:00 [running]> on host 2fa3ade57007
[2023-05-24T16:09:24.293+0000] {taskinstance.py:1511} INFO - Exporting the following env vars:
AIRFLOW_CTX_DAG_OWNER=fox
AIRFLOW_CTX_DAG_ID=refresh_token
AIRFLOW_CTX_TASK_ID=ETL
AIRFLOW_CTX_EXECUTION_DATE=2023-05-23T17:54:32.171118+00:00
AIRFLOW_CTX_TRY_NUMBER=10
AIRFLOW_CTX_DAG_RUN_ID=manual__2023-05-23T17:54:32.171118+00:00
[2023-05-24T16:09:24.294+0000] {logging_mixin.py:137} INFO - <function now_token at 0x7fb288eb0320>
[2023-05-24T16:09:24.681+0000] {taskinstance.py:1775} ERROR - Task failed with exception
Traceback (most recent call last):
  File "/home/airflow/.local/lib/python3.7/site-packages/airflow/operators/python.py", line 175, in execute
    return_value = self.execute_callable()
  File "/home/airflow/.local/lib/python3.7/site-packages/airflow/operators/python.py", line 192, in execute_callable
    return self.python_callable(*self.op_args, **self.op_kwargs)
  File "/opt/airflow/dags/Spotify_ETL.py", line 58, in run_spotify_etl
    for song in resource['items']:
KeyError: 'items'
[2023-05-24T16:09:24.692+0000] {taskinstance.py:1326} INFO - Marking task as UP_FOR_RETRY. dag_id=refresh_token, task_id=ETL, execution_date=20230523T175432, start_date=20230524T160923, end_date=20230524T160924
[2023-05-24T16:09:24.726+0000] {standard_task_runner.py:105} ERROR - Failed to execute job 111 for task ETL ('items'; 1776)
[2023-05-24T16:09:24.749+0000] {local_task_job.py:212} INFO - Task exited with return code 1
[2023-05-24T16:09:24.787+0000] {taskinstance.py:2585} INFO - 0 downstream tasks scheduled from follow-on schedule check
