[2023-05-23T16:23:39.310+0000] {taskinstance.py:1084} INFO - Dependencies all met for dep_context=non-requeueable deps ti=<TaskInstance: refresh_token.fresh manual__2023-05-23T16:23:37.875882+00:00 [queued]>
[2023-05-23T16:23:39.350+0000] {taskinstance.py:1084} INFO - Dependencies all met for dep_context=requeueable deps ti=<TaskInstance: refresh_token.fresh manual__2023-05-23T16:23:37.875882+00:00 [queued]>
[2023-05-23T16:23:39.350+0000] {taskinstance.py:1282} INFO - 
--------------------------------------------------------------------------------
[2023-05-23T16:23:39.351+0000] {taskinstance.py:1283} INFO - Starting attempt 1 of 6
[2023-05-23T16:23:39.351+0000] {taskinstance.py:1284} INFO - 
--------------------------------------------------------------------------------
[2023-05-23T16:23:39.400+0000] {taskinstance.py:1303} INFO - Executing <Task(PythonOperator): fresh> on 2023-05-23 16:23:37.875882+00:00
[2023-05-23T16:23:39.413+0000] {standard_task_runner.py:55} INFO - Started process 1173 to run task
[2023-05-23T16:23:39.423+0000] {standard_task_runner.py:82} INFO - Running: ['***', 'tasks', 'run', 'refresh_token', 'fresh', 'manual__2023-05-23T16:23:37.875882+00:00', '--job-id', '41', '--raw', '--subdir', 'DAGS_FOLDER/refresh_token_DAG.py', '--cfg-path', '/tmp/tmpibbm0g90']
[2023-05-23T16:23:39.425+0000] {standard_task_runner.py:83} INFO - Job 41: Subtask fresh
[2023-05-23T16:23:39.595+0000] {task_command.py:388} INFO - Running <TaskInstance: refresh_token.fresh manual__2023-05-23T16:23:37.875882+00:00 [running]> on host 2a789c3fa429
[2023-05-23T16:23:39.821+0000] {taskinstance.py:1511} INFO - Exporting the following env vars:
AIRFLOW_CTX_DAG_OWNER=fox
AIRFLOW_CTX_DAG_ID=refresh_token
AIRFLOW_CTX_TASK_ID=fresh
AIRFLOW_CTX_EXECUTION_DATE=2023-05-23T16:23:37.875882+00:00
AIRFLOW_CTX_TRY_NUMBER=1
AIRFLOW_CTX_DAG_RUN_ID=manual__2023-05-23T16:23:37.875882+00:00
[2023-05-23T16:23:40.060+0000] {python.py:177} INFO - Done. Returned value was: BQBfbrsq-4Bh9McngQAMPEe-VLLEulbv5ecW4e8U3rCzl-nc_SBNGUmU_Lh85eACv4DDNoPjwO-X-VOkSTIUzLd9t449paisDTRyNt650qeUKEwX9GJUVNRlxo7aj00zExZsrl518sb9TWotMLAnamjMJnFmKiptBS8poF5X0Xr1wlum8fEXBkMlkX3LfiY0x7BYNC8NF9Bvslk
[2023-05-23T16:23:40.132+0000] {taskinstance.py:1326} INFO - Marking task as SUCCESS. dag_id=refresh_token, task_id=fresh, execution_date=20230523T162337, start_date=20230523T162339, end_date=20230523T162340
[2023-05-23T16:23:40.213+0000] {local_task_job.py:212} INFO - Task exited with return code 0
[2023-05-23T16:23:40.415+0000] {taskinstance.py:2585} INFO - 0 downstream tasks scheduled from follow-on schedule check
