[2023-05-24T17:09:24.052+0000] {taskinstance.py:1084} INFO - Dependencies all met for dep_context=non-requeueable deps ti=<TaskInstance: ETL.fresh scheduled__2023-05-22T00:00:00+00:00 [queued]>
[2023-05-24T17:09:24.116+0000] {taskinstance.py:1084} INFO - Dependencies all met for dep_context=requeueable deps ti=<TaskInstance: ETL.fresh scheduled__2023-05-22T00:00:00+00:00 [queued]>
[2023-05-24T17:09:24.117+0000] {taskinstance.py:1282} INFO - 
--------------------------------------------------------------------------------
[2023-05-24T17:09:24.117+0000] {taskinstance.py:1283} INFO - Starting attempt 1 of 6
[2023-05-24T17:09:24.117+0000] {taskinstance.py:1284} INFO - 
--------------------------------------------------------------------------------
[2023-05-24T17:09:24.175+0000] {taskinstance.py:1303} INFO - Executing <Task(PythonOperator): fresh> on 2023-05-22 00:00:00+00:00
[2023-05-24T17:09:24.193+0000] {standard_task_runner.py:55} INFO - Started process 3400 to run task
[2023-05-24T17:09:24.208+0000] {standard_task_runner.py:82} INFO - Running: ['***', 'tasks', 'run', 'ETL', 'fresh', 'scheduled__2023-05-22T00:00:00+00:00', '--job-id', '141', '--raw', '--subdir', 'DAGS_FOLDER/refresh_token_DAG.py', '--cfg-path', '/tmp/tmpz0ss58l9']
[2023-05-24T17:09:24.210+0000] {standard_task_runner.py:83} INFO - Job 141: Subtask fresh
[2023-05-24T17:09:24.375+0000] {task_command.py:388} INFO - Running <TaskInstance: ETL.fresh scheduled__2023-05-22T00:00:00+00:00 [running]> on host 2fa3ade57007
[2023-05-24T17:09:25.313+0000] {taskinstance.py:1511} INFO - Exporting the following env vars:
AIRFLOW_CTX_DAG_OWNER=fox
AIRFLOW_CTX_DAG_ID=ETL
AIRFLOW_CTX_TASK_ID=fresh
AIRFLOW_CTX_EXECUTION_DATE=2023-05-22T00:00:00+00:00
AIRFLOW_CTX_TRY_NUMBER=1
AIRFLOW_CTX_DAG_RUN_ID=scheduled__2023-05-22T00:00:00+00:00
[2023-05-24T17:09:25.626+0000] {python.py:177} INFO - Done. Returned value was: BQB0BnrTv48-K-1YytTRcwlHad400ms8TVBzufUb9yiadyyF1LKoZ_AqihyfNp-XUrVMurxDojSa0ezZ-6XepzU7nj2W7IWWGFmEatMSLxycaY2vvPpIP03vFzBRYacxE54l_K3ZpKbnigWqRCXHCeOvirOepTzUeTuvgnhSMnXXRix-P1cIQgrSYI3R8WeFH3j9aLLMFxKgL2k
[2023-05-24T17:09:25.797+0000] {taskinstance.py:1326} INFO - Marking task as SUCCESS. dag_id=ETL, task_id=fresh, execution_date=20230522T000000, start_date=20230524T170924, end_date=20230524T170925
[2023-05-24T17:09:25.867+0000] {local_task_job.py:212} INFO - Task exited with return code 0
[2023-05-24T17:09:26.022+0000] {taskinstance.py:2585} INFO - 1 downstream tasks scheduled from follow-on schedule check
