[2023-06-05T18:01:15.376+0000] {taskinstance.py:1084} INFO - Dependencies all met for dep_context=non-requeueable deps ti=<TaskInstance: weather.create_table_weather scheduled__2023-05-23T03:01:00+00:00 [queued]>
[2023-06-05T18:01:15.393+0000] {taskinstance.py:1084} INFO - Dependencies all met for dep_context=requeueable deps ti=<TaskInstance: weather.create_table_weather scheduled__2023-05-23T03:01:00+00:00 [queued]>
[2023-06-05T18:01:15.394+0000] {taskinstance.py:1282} INFO - 
--------------------------------------------------------------------------------
[2023-06-05T18:01:15.394+0000] {taskinstance.py:1283} INFO - Starting attempt 3 of 6
[2023-06-05T18:01:15.394+0000] {taskinstance.py:1284} INFO - 
--------------------------------------------------------------------------------
[2023-06-05T18:01:15.419+0000] {taskinstance.py:1303} INFO - Executing <Task(PostgresOperator): create_table_weather> on 2023-05-23 03:01:00+00:00
[2023-06-05T18:01:15.425+0000] {standard_task_runner.py:55} INFO - Started process 12660 to run task
[2023-06-05T18:01:15.428+0000] {standard_task_runner.py:82} INFO - Running: ['***', 'tasks', 'run', 'weather', 'create_table_weather', 'scheduled__2023-05-23T03:01:00+00:00', '--job-id', '825', '--raw', '--subdir', 'DAGS_FOLDER/weather_DAG.py', '--cfg-path', '/tmp/tmp141oh1ra']
[2023-06-05T18:01:15.430+0000] {standard_task_runner.py:83} INFO - Job 825: Subtask create_table_weather
[2023-06-05T18:01:15.512+0000] {task_command.py:388} INFO - Running <TaskInstance: weather.create_table_weather scheduled__2023-05-23T03:01:00+00:00 [running]> on host 05172cfd5782
[2023-06-05T18:01:15.637+0000] {taskinstance.py:1511} INFO - Exporting the following env vars:
AIRFLOW_CTX_DAG_OWNER=fox
AIRFLOW_CTX_DAG_ID=weather
AIRFLOW_CTX_TASK_ID=create_table_weather
AIRFLOW_CTX_EXECUTION_DATE=2023-05-23T03:01:00+00:00
AIRFLOW_CTX_TRY_NUMBER=3
AIRFLOW_CTX_DAG_RUN_ID=scheduled__2023-05-23T03:01:00+00:00
[2023-06-05T18:01:15.638+0000] {sql.py:254} INFO - Executing: 
                CREATE TABLE IF NOT EXISTS weather_data (
                    date VARCHAR(200),
                    current_temperature_C VARCHAR(200),
                    feels_like_C VARCHAR(200),
                    sky VARCHAR(200),
                    chance_of_precipitation_% VARCHAR(200),
                    wind_(mps VARCHAR(200), 
                    pressure_mm VARCHAR(200), 
                    uv_index VARCHAR(200), 
                    humidity_% VARCHAR(200), 
                    precipitation_mm VARCHAR(200)
            )
            
[2023-06-05T18:01:15.655+0000] {base.py:73} INFO - Using connection ID 'postgres_localhost' for task execution.
[2023-06-05T18:01:16.142+0000] {base.py:73} INFO - Using connection ID 'postgres_localhost' for task execution.
[2023-06-05T18:01:16.146+0000] {sql.py:375} INFO - Running statement: 
                CREATE TABLE IF NOT EXISTS weather_data (
                    date VARCHAR(200),
                    current_temperature_C VARCHAR(200),
                    feels_like_C VARCHAR(200),
                    sky VARCHAR(200),
                    chance_of_precipitation_% VARCHAR(200),
                    wind_(mps VARCHAR(200), 
                    pressure_mm VARCHAR(200), 
                    uv_index VARCHAR(200), 
                    humidity_% VARCHAR(200), 
                    precipitation_mm VARCHAR(200)
            )
            , parameters: None
[2023-06-05T18:01:16.147+0000] {taskinstance.py:1775} ERROR - Task failed with exception
Traceback (most recent call last):
  File "/home/airflow/.local/lib/python3.7/site-packages/airflow/providers/common/sql/operators/sql.py", line 266, in execute
    **extra_kwargs,
  File "/home/airflow/.local/lib/python3.7/site-packages/airflow/providers/common/sql/hooks/sql.py", line 349, in run
    self._run_command(cur, sql_statement, parameters)
  File "/home/airflow/.local/lib/python3.7/site-packages/airflow/providers/common/sql/hooks/sql.py", line 380, in _run_command
    cur.execute(sql_statement)
psycopg2.errors.SyntaxError: syntax error at or near "%"
LINE 7:                     chance_of_precipitation_% VARCHAR(200),
                                                    ^

[2023-06-05T18:01:16.158+0000] {taskinstance.py:1326} INFO - Marking task as UP_FOR_RETRY. dag_id=weather, task_id=create_table_weather, execution_date=20230523T030100, start_date=20230605T180115, end_date=20230605T180116
[2023-06-05T18:01:16.178+0000] {standard_task_runner.py:105} ERROR - Failed to execute job 825 for task create_table_weather (syntax error at or near "%"
LINE 7:                     chance_of_precipitation_% VARCHAR(200),
                                                    ^
; 12660)
[2023-06-05T18:01:16.214+0000] {local_task_job.py:212} INFO - Task exited with return code 1
[2023-06-05T18:01:16.259+0000] {taskinstance.py:2585} INFO - 0 downstream tasks scheduled from follow-on schedule check
