[2023-06-04T17:00:01.073+0000] {taskinstance.py:1084} INFO - Dependencies all met for dep_context=non-requeueable deps ti=<TaskInstance: ETL.refresh_token scheduled__2023-06-03T17:00:00+00:00 [queued]>
[2023-06-04T17:00:01.092+0000] {taskinstance.py:1084} INFO - Dependencies all met for dep_context=requeueable deps ti=<TaskInstance: ETL.refresh_token scheduled__2023-06-03T17:00:00+00:00 [queued]>
[2023-06-04T17:00:01.092+0000] {taskinstance.py:1282} INFO - 
--------------------------------------------------------------------------------
[2023-06-04T17:00:01.092+0000] {taskinstance.py:1283} INFO - Starting attempt 1 of 6
[2023-06-04T17:00:01.092+0000] {taskinstance.py:1284} INFO - 
--------------------------------------------------------------------------------
[2023-06-04T17:00:01.121+0000] {taskinstance.py:1303} INFO - Executing <Task(PythonOperator): refresh_token> on 2023-06-03 17:00:00+00:00
[2023-06-04T17:00:01.129+0000] {standard_task_runner.py:55} INFO - Started process 6634 to run task
[2023-06-04T17:00:01.135+0000] {standard_task_runner.py:82} INFO - Running: ['***', 'tasks', 'run', 'ETL', 'refresh_token', 'scheduled__2023-06-03T17:00:00+00:00', '--job-id', '431', '--raw', '--subdir', 'DAGS_FOLDER/ETL_spotify_DAG.py', '--cfg-path', '/tmp/tmp3ux2o15s']
[2023-06-04T17:00:01.139+0000] {standard_task_runner.py:83} INFO - Job 431: Subtask refresh_token
[2023-06-04T17:00:01.243+0000] {task_command.py:388} INFO - Running <TaskInstance: ETL.refresh_token scheduled__2023-06-03T17:00:00+00:00 [running]> on host 05172cfd5782
[2023-06-04T17:00:01.375+0000] {taskinstance.py:1511} INFO - Exporting the following env vars:
AIRFLOW_CTX_DAG_OWNER=fox
AIRFLOW_CTX_DAG_ID=ETL
AIRFLOW_CTX_TASK_ID=refresh_token
AIRFLOW_CTX_EXECUTION_DATE=2023-06-03T17:00:00+00:00
AIRFLOW_CTX_TRY_NUMBER=1
AIRFLOW_CTX_DAG_RUN_ID=scheduled__2023-06-03T17:00:00+00:00
[2023-06-04T17:00:01.612+0000] {python.py:177} INFO - Done. Returned value was: BQC4j9LrUP27uUF-_hl9veIfbQhdFJhzPtvcUgEDtgAqEz1zclTZ7H8M-zheM6d1Rp6m_NGQwzsbysOkveadXuXcCfdH6DV4SydVcamN3hM2Il9Gb8CsDkqShYmKR2Xr2yPt1yMwORVnSWycmBcY1KuNaH20xtNlaitPCcaGixmNPjA1IebRqYoBr-CDFD6HLj7CFEcVEkYEX2I
[2023-06-04T17:00:01.658+0000] {taskinstance.py:1326} INFO - Marking task as SUCCESS. dag_id=ETL, task_id=refresh_token, execution_date=20230603T170000, start_date=20230604T170001, end_date=20230604T170001
[2023-06-04T17:00:01.707+0000] {local_task_job.py:212} INFO - Task exited with return code 0
[2023-06-04T17:00:01.770+0000] {taskinstance.py:2585} INFO - 1 downstream tasks scheduled from follow-on schedule check
