[2023-05-25T16:35:20.639+0000] {taskinstance.py:1084} INFO - Dependencies all met for dep_context=non-requeueable deps ti=<TaskInstance: ETL.create_table manual__2023-05-24T17:09:20.161548+00:00 [queued]>
[2023-05-25T16:35:20.655+0000] {taskinstance.py:1084} INFO - Dependencies all met for dep_context=requeueable deps ti=<TaskInstance: ETL.create_table manual__2023-05-24T17:09:20.161548+00:00 [queued]>
[2023-05-25T16:35:20.656+0000] {taskinstance.py:1282} INFO - 
--------------------------------------------------------------------------------
[2023-05-25T16:35:20.656+0000] {taskinstance.py:1283} INFO - Starting attempt 2 of 7
[2023-05-25T16:35:20.656+0000] {taskinstance.py:1284} INFO - 
--------------------------------------------------------------------------------
[2023-05-25T16:35:20.680+0000] {taskinstance.py:1303} INFO - Executing <Task(PostgresOperator): create_table> on 2023-05-24 17:09:20.161548+00:00
[2023-05-25T16:35:20.687+0000] {standard_task_runner.py:55} INFO - Started process 2190 to run task
[2023-05-25T16:35:20.692+0000] {standard_task_runner.py:82} INFO - Running: ['***', 'tasks', 'run', 'ETL', 'create_table', 'manual__2023-05-24T17:09:20.161548+00:00', '--job-id', '200', '--raw', '--subdir', 'DAGS_FOLDER/refresh_token_DAG.py', '--cfg-path', '/tmp/tmpgr89hwb3']
[2023-05-25T16:35:20.694+0000] {standard_task_runner.py:83} INFO - Job 200: Subtask create_table
[2023-05-25T16:35:20.940+0000] {task_command.py:388} INFO - Running <TaskInstance: ETL.create_table manual__2023-05-24T17:09:20.161548+00:00 [running]> on host 2fa3ade57007
[2023-05-25T16:35:21.109+0000] {taskinstance.py:1511} INFO - Exporting the following env vars:
AIRFLOW_CTX_DAG_OWNER=fox
AIRFLOW_CTX_DAG_ID=ETL
AIRFLOW_CTX_TASK_ID=create_table
AIRFLOW_CTX_EXECUTION_DATE=2023-05-24T17:09:20.161548+00:00
AIRFLOW_CTX_TRY_NUMBER=2
AIRFLOW_CTX_DAG_RUN_ID=manual__2023-05-24T17:09:20.161548+00:00
[2023-05-25T16:35:21.110+0000] {sql.py:254} INFO - Executing: 
            CREATE TABLE IF NOT EXISTS spotify_data (
                played_at VARCHAR(200),
                artist VARCHAR(200),
                name_track VARCHAR(200),
                timestamps VARCHAR(200),
                CONSTRAINT primary_key_constraint PRIMARY KEY (played_at)
        )
        
[2023-05-25T16:35:21.124+0000] {base.py:73} INFO - Using connection ID 'postgres_localhost' for task execution.
[2023-05-25T16:35:21.848+0000] {base.py:73} INFO - Using connection ID 'postgres_localhost' for task execution.
[2023-05-25T16:35:21.905+0000] {sql.py:375} INFO - Running statement: 
            CREATE TABLE IF NOT EXISTS spotify_data (
                played_at VARCHAR(200),
                artist VARCHAR(200),
                name_track VARCHAR(200),
                timestamps VARCHAR(200),
                CONSTRAINT primary_key_constraint PRIMARY KEY (played_at)
        )
        , parameters: None
[2023-05-25T16:35:21.982+0000] {taskinstance.py:1326} INFO - Marking task as SUCCESS. dag_id=ETL, task_id=create_table, execution_date=20230524T170920, start_date=20230525T163520, end_date=20230525T163521
[2023-05-25T16:35:22.061+0000] {local_task_job.py:212} INFO - Task exited with return code 0
[2023-05-25T16:35:22.097+0000] {taskinstance.py:2585} INFO - 1 downstream tasks scheduled from follow-on schedule check
