[2023-05-25T16:55:38.125+0000] {taskinstance.py:1084} INFO - Dependencies all met for dep_context=non-requeueable deps ti=<TaskInstance: ETL.create_table manual__2023-05-24T17:09:20.161548+00:00 [queued]>
[2023-05-25T16:55:38.146+0000] {taskinstance.py:1084} INFO - Dependencies all met for dep_context=requeueable deps ti=<TaskInstance: ETL.create_table manual__2023-05-24T17:09:20.161548+00:00 [queued]>
[2023-05-25T16:55:38.147+0000] {taskinstance.py:1282} INFO - 
--------------------------------------------------------------------------------
[2023-05-25T16:55:38.148+0000] {taskinstance.py:1283} INFO - Starting attempt 3 of 8
[2023-05-25T16:55:38.148+0000] {taskinstance.py:1284} INFO - 
--------------------------------------------------------------------------------
[2023-05-25T16:55:38.210+0000] {taskinstance.py:1303} INFO - Executing <Task(PostgresOperator): create_table> on 2023-05-24 17:09:20.161548+00:00
[2023-05-25T16:55:38.239+0000] {standard_task_runner.py:55} INFO - Started process 2781 to run task
[2023-05-25T16:55:38.250+0000] {standard_task_runner.py:82} INFO - Running: ['***', 'tasks', 'run', 'ETL', 'create_table', 'manual__2023-05-24T17:09:20.161548+00:00', '--job-id', '214', '--raw', '--subdir', 'DAGS_FOLDER/refresh_token_DAG.py', '--cfg-path', '/tmp/tmpz1vt_9on']
[2023-05-25T16:55:38.252+0000] {standard_task_runner.py:83} INFO - Job 214: Subtask create_table
[2023-05-25T16:55:38.604+0000] {task_command.py:388} INFO - Running <TaskInstance: ETL.create_table manual__2023-05-24T17:09:20.161548+00:00 [running]> on host 2fa3ade57007
[2023-05-25T16:55:38.848+0000] {taskinstance.py:1511} INFO - Exporting the following env vars:
AIRFLOW_CTX_DAG_OWNER=fox
AIRFLOW_CTX_DAG_ID=ETL
AIRFLOW_CTX_TASK_ID=create_table
AIRFLOW_CTX_EXECUTION_DATE=2023-05-24T17:09:20.161548+00:00
AIRFLOW_CTX_TRY_NUMBER=3
AIRFLOW_CTX_DAG_RUN_ID=manual__2023-05-24T17:09:20.161548+00:00
[2023-05-25T16:55:38.849+0000] {sql.py:254} INFO - Executing: 
            CREATE TABLE IF NOT EXISTS spotify_data (
                played_at VARCHAR(200),
                artist VARCHAR(200),
                name_track VARCHAR(200),
                timestamps VARCHAR(200),
                CONSTRAINT primary_key_constraint PRIMARY KEY (played_at)
        )
        
[2023-05-25T16:55:38.880+0000] {base.py:73} INFO - Using connection ID 'postgres_localhost' for task execution.
[2023-05-25T16:55:39.613+0000] {base.py:73} INFO - Using connection ID 'postgres_localhost' for task execution.
[2023-05-25T16:55:39.642+0000] {sql.py:375} INFO - Running statement: 
            CREATE TABLE IF NOT EXISTS spotify_data (
                played_at VARCHAR(200),
                artist VARCHAR(200),
                name_track VARCHAR(200),
                timestamps VARCHAR(200),
                CONSTRAINT primary_key_constraint PRIMARY KEY (played_at)
        )
        , parameters: None
[2023-05-25T16:55:39.662+0000] {taskinstance.py:1326} INFO - Marking task as SUCCESS. dag_id=ETL, task_id=create_table, execution_date=20230524T170920, start_date=20230525T165538, end_date=20230525T165539
[2023-05-25T16:55:39.739+0000] {local_task_job.py:212} INFO - Task exited with return code 0
[2023-05-25T16:55:39.797+0000] {taskinstance.py:2585} INFO - 1 downstream tasks scheduled from follow-on schedule check
