[2023-06-04T17:00:02.272+0000] {taskinstance.py:1084} INFO - Dependencies all met for dep_context=non-requeueable deps ti=<TaskInstance: ETL.ETL scheduled__2023-06-03T17:00:00+00:00 [queued]>
[2023-06-04T17:00:02.292+0000] {taskinstance.py:1084} INFO - Dependencies all met for dep_context=requeueable deps ti=<TaskInstance: ETL.ETL scheduled__2023-06-03T17:00:00+00:00 [queued]>
[2023-06-04T17:00:02.292+0000] {taskinstance.py:1282} INFO - 
--------------------------------------------------------------------------------
[2023-06-04T17:00:02.292+0000] {taskinstance.py:1283} INFO - Starting attempt 1 of 6
[2023-06-04T17:00:02.293+0000] {taskinstance.py:1284} INFO - 
--------------------------------------------------------------------------------
[2023-06-04T17:00:02.321+0000] {taskinstance.py:1303} INFO - Executing <Task(PythonOperator): ETL> on 2023-06-03 17:00:00+00:00
[2023-06-04T17:00:02.329+0000] {standard_task_runner.py:55} INFO - Started process 6636 to run task
[2023-06-04T17:00:02.335+0000] {standard_task_runner.py:82} INFO - Running: ['***', 'tasks', 'run', 'ETL', 'ETL', 'scheduled__2023-06-03T17:00:00+00:00', '--job-id', '432', '--raw', '--subdir', 'DAGS_FOLDER/ETL_spotify_DAG.py', '--cfg-path', '/tmp/tmp99u4pfuh']
[2023-06-04T17:00:02.339+0000] {standard_task_runner.py:83} INFO - Job 432: Subtask ETL
[2023-06-04T17:00:02.458+0000] {task_command.py:388} INFO - Running <TaskInstance: ETL.ETL scheduled__2023-06-03T17:00:00+00:00 [running]> on host 05172cfd5782
[2023-06-04T17:00:02.587+0000] {taskinstance.py:1511} INFO - Exporting the following env vars:
AIRFLOW_CTX_DAG_OWNER=fox
AIRFLOW_CTX_DAG_ID=ETL
AIRFLOW_CTX_TASK_ID=ETL
AIRFLOW_CTX_EXECUTION_DATE=2023-06-03T17:00:00+00:00
AIRFLOW_CTX_TRY_NUMBER=1
AIRFLOW_CTX_DAG_RUN_ID=scheduled__2023-06-03T17:00:00+00:00
[2023-06-04T17:00:02.894+0000] {python.py:177} INFO - Done. Returned value was: {'played_at': ['2023-06-03T12:59:37.967Z', '2023-06-03T12:55:30.014Z', '2023-06-03T12:51:36.775Z', '2023-06-03T12:47:49.442Z', '2023-06-03T12:43:10.728Z', '2023-06-03T12:39:22.516Z', '2023-06-03T12:34:56.919Z', '2023-06-03T12:30:56.386Z', '2023-06-03T11:38:11.979Z', '2023-06-03T11:30:16.088Z'], 'artist': ['Dead by April', 'Hoobastank', 'Rammstein', 'Nine Lashes', 'Five Finger Death Punch', 'Disturbed', 'Ozzy Osbourne', 'Within Temptation', 'Within Temptation', 'Hollywood Undead'], 'name_track': ['Losing You', 'The Reason', 'Amerika', 'Anthem Of The Lonely', 'Jekyll and Hyde', 'The Sound of Silence', 'I Don*t Wanna Stop', 'What Have You Done (feat. Keith Caputo)', 'What Have You Done (feat. Keith Caputo)', 'Day Of The Dead'], 'timestamps': ['2023-06-03', '2023-06-03', '2023-06-03', '2023-06-03', '2023-06-03', '2023-06-03', '2023-06-03', '2023-06-03', '2023-06-03', '2023-06-03']}
[2023-06-04T17:00:02.948+0000] {taskinstance.py:1326} INFO - Marking task as SUCCESS. dag_id=ETL, task_id=ETL, execution_date=20230603T170000, start_date=20230604T170002, end_date=20230604T170002
[2023-06-04T17:00:02.991+0000] {local_task_job.py:212} INFO - Task exited with return code 0
[2023-06-04T17:00:03.043+0000] {taskinstance.py:2585} INFO - 1 downstream tasks scheduled from follow-on schedule check
