[2023-05-26T17:20:36.854+0000] {taskinstance.py:1084} INFO - Dependencies all met for dep_context=non-requeueable deps ti=<TaskInstance: ETL.add_data_in_table manual__2023-05-26T17:20:29.878851+00:00 [queued]>
[2023-05-26T17:20:36.869+0000] {taskinstance.py:1084} INFO - Dependencies all met for dep_context=requeueable deps ti=<TaskInstance: ETL.add_data_in_table manual__2023-05-26T17:20:29.878851+00:00 [queued]>
[2023-05-26T17:20:36.869+0000] {taskinstance.py:1282} INFO - 
--------------------------------------------------------------------------------
[2023-05-26T17:20:36.870+0000] {taskinstance.py:1283} INFO - Starting attempt 1 of 6
[2023-05-26T17:20:36.870+0000] {taskinstance.py:1284} INFO - 
--------------------------------------------------------------------------------
[2023-05-26T17:20:36.895+0000] {taskinstance.py:1303} INFO - Executing <Task(PostgresOperator): add_data_in_table> on 2023-05-26 17:20:29.878851+00:00
[2023-05-26T17:20:36.901+0000] {standard_task_runner.py:55} INFO - Started process 3768 to run task
[2023-05-26T17:20:36.905+0000] {standard_task_runner.py:82} INFO - Running: ['***', 'tasks', 'run', 'ETL', 'add_data_in_table', 'manual__2023-05-26T17:20:29.878851+00:00', '--job-id', '382', '--raw', '--subdir', 'DAGS_FOLDER/refresh_token_DAG.py', '--cfg-path', '/tmp/tmpeiphx9rp']
[2023-05-26T17:20:36.907+0000] {standard_task_runner.py:83} INFO - Job 382: Subtask add_data_in_table
[2023-05-26T17:20:37.002+0000] {task_command.py:388} INFO - Running <TaskInstance: ETL.add_data_in_table manual__2023-05-26T17:20:29.878851+00:00 [running]> on host 05172cfd5782
[2023-05-26T17:20:37.660+0000] {taskinstance.py:1511} INFO - Exporting the following env vars:
AIRFLOW_CTX_DAG_OWNER=fox
AIRFLOW_CTX_DAG_ID=ETL
AIRFLOW_CTX_TASK_ID=add_data_in_table
AIRFLOW_CTX_EXECUTION_DATE=2023-05-26T17:20:29.878851+00:00
AIRFLOW_CTX_TRY_NUMBER=1
AIRFLOW_CTX_DAG_RUN_ID=manual__2023-05-26T17:20:29.878851+00:00
[2023-05-26T17:20:37.661+0000] {sql.py:254} INFO - Executing: 
            insert into spotify_data (played_at, artist, name_track, timestamps) values 
            ('2023-05-25T16:59:52.603Z',
            'My Darkest Days',
            'Save Yourself',
            '2023-05-25'
            );
            insert into spotify_data (played_at, artist, name_track, timestamps) values 
            ('2023-05-25T16:56:10.290Z',
            'Motörhead',
            'Ace of Spades',
            '2023-05-25'
            );
            insert into spotify_data (played_at, artist, name_track, timestamps) values 
            ('2023-05-25T16:53:23.657Z',
            'Five Finger Death Punch',
            'Bad Company',
            '2023-05-25'
            );
            insert into spotify_data (played_at, artist, name_track, timestamps) values 
            ('2023-05-25T16:49:01.388Z',
            'Katy Perry',
            'Hot N Cold',
            '2023-05-25'
            );
            insert into spotify_data (played_at, artist, name_track, timestamps) values 
            ('2023-05-25T16:45:20.131Z',
            'Nightwish',
            'Nemo',
            '2023-05-25'
            );
            insert into spotify_data (played_at, artist, name_track, timestamps) values 
            ('2023-05-25T16:40:43.778Z',
            'Thirty Seconds To Mars',
            'The Kill',
            '2023-05-25'
            );
            insert into spotify_data (played_at, artist, name_track, timestamps) values 
            ('2023-05-25T16:36:51.704Z',
            'Rammstein',
            'Feuer frei!',
            '2023-05-25'
            );
            insert into spotify_data (played_at, artist, name_track, timestamps) values 
            ('2023-05-25T10:04:04.448Z',
            'Lady Gaga',
            'Poker Face',
            '2023-05-25'
            );
            insert into spotify_data (played_at, artist, name_track, timestamps) values 
            ('2023-05-25T09:59:02.505Z',
            'Skillet',
            'I Want to Live',
            '2023-05-25'
            );
            insert into spotify_data (played_at, artist, name_track, timestamps) values 
            ('2023-05-25T09:55:33.128Z',
            'The Qemists',
            'Run You',
            '2023-05-25'
            )
            
[2023-05-26T17:20:37.725+0000] {base.py:73} INFO - Using connection ID 'postgres_localhost' for task execution.
[2023-05-26T17:20:38.275+0000] {base.py:73} INFO - Using connection ID 'postgres_localhost' for task execution.
[2023-05-26T17:20:38.279+0000] {sql.py:375} INFO - Running statement: 
            insert into spotify_data (played_at, artist, name_track, timestamps) values 
            ('2023-05-25T16:59:52.603Z',
            'My Darkest Days',
            'Save Yourself',
            '2023-05-25'
            );
            insert into spotify_data (played_at, artist, name_track, timestamps) values 
            ('2023-05-25T16:56:10.290Z',
            'Motörhead',
            'Ace of Spades',
            '2023-05-25'
            );
            insert into spotify_data (played_at, artist, name_track, timestamps) values 
            ('2023-05-25T16:53:23.657Z',
            'Five Finger Death Punch',
            'Bad Company',
            '2023-05-25'
            );
            insert into spotify_data (played_at, artist, name_track, timestamps) values 
            ('2023-05-25T16:49:01.388Z',
            'Katy Perry',
            'Hot N Cold',
            '2023-05-25'
            );
            insert into spotify_data (played_at, artist, name_track, timestamps) values 
            ('2023-05-25T16:45:20.131Z',
            'Nightwish',
            'Nemo',
            '2023-05-25'
            );
            insert into spotify_data (played_at, artist, name_track, timestamps) values 
            ('2023-05-25T16:40:43.778Z',
            'Thirty Seconds To Mars',
            'The Kill',
            '2023-05-25'
            );
            insert into spotify_data (played_at, artist, name_track, timestamps) values 
            ('2023-05-25T16:36:51.704Z',
            'Rammstein',
            'Feuer frei!',
            '2023-05-25'
            );
            insert into spotify_data (played_at, artist, name_track, timestamps) values 
            ('2023-05-25T10:04:04.448Z',
            'Lady Gaga',
            'Poker Face',
            '2023-05-25'
            );
            insert into spotify_data (played_at, artist, name_track, timestamps) values 
            ('2023-05-25T09:59:02.505Z',
            'Skillet',
            'I Want to Live',
            '2023-05-25'
            );
            insert into spotify_data (played_at, artist, name_track, timestamps) values 
            ('2023-05-25T09:55:33.128Z',
            'The Qemists',
            'Run You',
            '2023-05-25'
            )
            , parameters: None
[2023-05-26T17:20:38.281+0000] {sql.py:384} INFO - Rows affected: 1
[2023-05-26T17:20:38.302+0000] {taskinstance.py:1326} INFO - Marking task as SUCCESS. dag_id=ETL, task_id=add_data_in_table, execution_date=20230526T172029, start_date=20230526T172036, end_date=20230526T172038
[2023-05-26T17:20:38.333+0000] {local_task_job.py:212} INFO - Task exited with return code 0
[2023-05-26T17:20:38.361+0000] {taskinstance.py:2585} INFO - 0 downstream tasks scheduled from follow-on schedule check
