[2023-05-31T17:00:03.073+0000] {taskinstance.py:1084} INFO - Dependencies all met for dep_context=non-requeueable deps ti=<TaskInstance: ETL.ETL scheduled__2023-05-30T17:00:00+00:00 [queued]>
[2023-05-31T17:00:03.087+0000] {taskinstance.py:1084} INFO - Dependencies all met for dep_context=requeueable deps ti=<TaskInstance: ETL.ETL scheduled__2023-05-30T17:00:00+00:00 [queued]>
[2023-05-31T17:00:03.087+0000] {taskinstance.py:1282} INFO - 
--------------------------------------------------------------------------------
[2023-05-31T17:00:03.088+0000] {taskinstance.py:1283} INFO - Starting attempt 1 of 6
[2023-05-31T17:00:03.088+0000] {taskinstance.py:1284} INFO - 
--------------------------------------------------------------------------------
[2023-05-31T17:00:03.107+0000] {taskinstance.py:1303} INFO - Executing <Task(PythonOperator): ETL> on 2023-05-30 17:00:00+00:00
[2023-05-31T17:00:03.113+0000] {standard_task_runner.py:55} INFO - Started process 99678 to run task
[2023-05-31T17:00:03.115+0000] {standard_task_runner.py:82} INFO - Running: ['***', 'tasks', 'run', 'ETL', 'ETL', 'scheduled__2023-05-30T17:00:00+00:00', '--job-id', '410', '--raw', '--subdir', 'DAGS_FOLDER/ETL_spotify_DAG.py', '--cfg-path', '/tmp/tmpc_36f_qt']
[2023-05-31T17:00:03.116+0000] {standard_task_runner.py:83} INFO - Job 410: Subtask ETL
[2023-05-31T17:00:03.185+0000] {task_command.py:388} INFO - Running <TaskInstance: ETL.ETL scheduled__2023-05-30T17:00:00+00:00 [running]> on host 05172cfd5782
[2023-05-31T17:00:03.281+0000] {taskinstance.py:1511} INFO - Exporting the following env vars:
AIRFLOW_CTX_DAG_OWNER=fox
AIRFLOW_CTX_DAG_ID=ETL
AIRFLOW_CTX_TASK_ID=ETL
AIRFLOW_CTX_EXECUTION_DATE=2023-05-30T17:00:00+00:00
AIRFLOW_CTX_TRY_NUMBER=1
AIRFLOW_CTX_DAG_RUN_ID=scheduled__2023-05-30T17:00:00+00:00
[2023-05-31T17:00:03.844+0000] {python.py:177} INFO - Done. Returned value was: {'played_at': ['2023-05-30T19:32:33.030Z', '2023-05-30T19:21:24.426Z', '2023-05-30T18:54:51.599Z', '2023-05-30T18:51:38.217Z', '2023-05-30T18:45:53.755Z', '2023-05-30T18:42:23.967Z', '2023-05-30T18:38:57.198Z', '2023-05-30T18:34:52.073Z', '2023-05-30T18:29:01.561Z', '2023-05-30T18:24:12.593Z'], 'artist': ['Motionless In White', 'Linkin Park', 'Suicide Silence', 'Motionless In White', 'Skillet', 'R.I.O.', 'Skillet', 'Morandi', 'Adelitas Way', 'Thousand Foot Krutch'], 'name_track': ['Contemptress', 'Faint', 'You Only Live Once', 'Another Life', 'I Want to Live', 'Party Shaker - Video Edit', 'Dead Inside', 'Midnight Train', 'Invincible', 'War of Change'], 'timestamps': ['2023-05-30', '2023-05-30', '2023-05-30', '2023-05-30', '2023-05-30', '2023-05-30', '2023-05-30', '2023-05-30', '2023-05-30', '2023-05-30']}
[2023-05-31T17:00:03.888+0000] {taskinstance.py:1326} INFO - Marking task as SUCCESS. dag_id=ETL, task_id=ETL, execution_date=20230530T170000, start_date=20230531T170003, end_date=20230531T170003
[2023-05-31T17:00:03.930+0000] {local_task_job.py:212} INFO - Task exited with return code 0
[2023-05-31T17:00:03.973+0000] {taskinstance.py:2585} INFO - 1 downstream tasks scheduled from follow-on schedule check
