[2023-05-23T17:35:14.265+0000] {taskinstance.py:1084} INFO - Dependencies all met for dep_context=non-requeueable deps ti=<TaskInstance: refresh_token.token manual__2023-05-23T17:33:40.883287+00:00 [queued]>
[2023-05-23T17:35:14.289+0000] {taskinstance.py:1084} INFO - Dependencies all met for dep_context=requeueable deps ti=<TaskInstance: refresh_token.token manual__2023-05-23T17:33:40.883287+00:00 [queued]>
[2023-05-23T17:35:14.289+0000] {taskinstance.py:1282} INFO - 
--------------------------------------------------------------------------------
[2023-05-23T17:35:14.289+0000] {taskinstance.py:1283} INFO - Starting attempt 2 of 7
[2023-05-23T17:35:14.290+0000] {taskinstance.py:1284} INFO - 
--------------------------------------------------------------------------------
[2023-05-23T17:35:14.327+0000] {taskinstance.py:1303} INFO - Executing <Task(PythonOperator): token> on 2023-05-23 17:33:40.883287+00:00
[2023-05-23T17:35:14.339+0000] {standard_task_runner.py:55} INFO - Started process 2899 to run task
[2023-05-23T17:35:14.350+0000] {standard_task_runner.py:82} INFO - Running: ['***', 'tasks', 'run', 'refresh_token', 'token', 'manual__2023-05-23T17:33:40.883287+00:00', '--job-id', '52', '--raw', '--subdir', 'DAGS_FOLDER/refresh_token_DAG.py', '--cfg-path', '/tmp/tmpq2x7ll3c']
[2023-05-23T17:35:14.352+0000] {standard_task_runner.py:83} INFO - Job 52: Subtask token
[2023-05-23T17:35:14.462+0000] {task_command.py:388} INFO - Running <TaskInstance: refresh_token.token manual__2023-05-23T17:33:40.883287+00:00 [running]> on host 2a789c3fa429
[2023-05-23T17:35:14.578+0000] {taskinstance.py:1511} INFO - Exporting the following env vars:
AIRFLOW_CTX_DAG_OWNER=fox
AIRFLOW_CTX_DAG_ID=refresh_token
AIRFLOW_CTX_TASK_ID=token
AIRFLOW_CTX_EXECUTION_DATE=2023-05-23T17:33:40.883287+00:00
AIRFLOW_CTX_TRY_NUMBER=2
AIRFLOW_CTX_DAG_RUN_ID=manual__2023-05-23T17:33:40.883287+00:00
[2023-05-23T17:35:14.599+0000] {python.py:177} INFO - Done. Returned value was: None
[2023-05-23T17:35:14.616+0000] {taskinstance.py:1326} INFO - Marking task as SUCCESS. dag_id=refresh_token, task_id=token, execution_date=20230523T173340, start_date=20230523T173514, end_date=20230523T173514
[2023-05-23T17:35:14.647+0000] {local_task_job.py:212} INFO - Task exited with return code 0
[2023-05-23T17:35:14.682+0000] {taskinstance.py:2585} INFO - 1 downstream tasks scheduled from follow-on schedule check
