[2023-05-23T16:22:16.197+0000] {taskinstance.py:1084} INFO - Dependencies all met for dep_context=non-requeueable deps ti=<TaskInstance: refresh_token.fresh manual__2023-05-23T16:22:15.461670+00:00 [queued]>
[2023-05-23T16:22:16.231+0000] {taskinstance.py:1084} INFO - Dependencies all met for dep_context=requeueable deps ti=<TaskInstance: refresh_token.fresh manual__2023-05-23T16:22:15.461670+00:00 [queued]>
[2023-05-23T16:22:16.231+0000] {taskinstance.py:1282} INFO - 
--------------------------------------------------------------------------------
[2023-05-23T16:22:16.231+0000] {taskinstance.py:1283} INFO - Starting attempt 1 of 6
[2023-05-23T16:22:16.231+0000] {taskinstance.py:1284} INFO - 
--------------------------------------------------------------------------------
[2023-05-23T16:22:16.288+0000] {taskinstance.py:1303} INFO - Executing <Task(PythonOperator): fresh> on 2023-05-23 16:22:15.461670+00:00
[2023-05-23T16:22:16.296+0000] {standard_task_runner.py:55} INFO - Started process 1134 to run task
[2023-05-23T16:22:16.312+0000] {standard_task_runner.py:82} INFO - Running: ['***', 'tasks', 'run', 'refresh_token', 'fresh', 'manual__2023-05-23T16:22:15.461670+00:00', '--job-id', '39', '--raw', '--subdir', 'DAGS_FOLDER/refresh_token_DAG.py', '--cfg-path', '/tmp/tmp7ubp6g9g']
[2023-05-23T16:22:16.320+0000] {standard_task_runner.py:83} INFO - Job 39: Subtask fresh
[2023-05-23T16:22:16.510+0000] {task_command.py:388} INFO - Running <TaskInstance: refresh_token.fresh manual__2023-05-23T16:22:15.461670+00:00 [running]> on host 2a789c3fa429
[2023-05-23T16:22:16.689+0000] {taskinstance.py:1511} INFO - Exporting the following env vars:
AIRFLOW_CTX_DAG_OWNER=fox
AIRFLOW_CTX_DAG_ID=refresh_token
AIRFLOW_CTX_TASK_ID=fresh
AIRFLOW_CTX_EXECUTION_DATE=2023-05-23T16:22:15.461670+00:00
AIRFLOW_CTX_TRY_NUMBER=1
AIRFLOW_CTX_DAG_RUN_ID=manual__2023-05-23T16:22:15.461670+00:00
[2023-05-23T16:22:16.691+0000] {taskinstance.py:1775} ERROR - Task failed with exception
Traceback (most recent call last):
  File "/home/airflow/.local/lib/python3.7/site-packages/airflow/operators/python.py", line 175, in execute
    return_value = self.execute_callable()
  File "/home/airflow/.local/lib/python3.7/site-packages/airflow/operators/python.py", line 192, in execute_callable
    return self.python_callable(*self.op_args, **self.op_kwargs)
TypeError: refresh() missing 1 required positional argument: 'self'
[2023-05-23T16:22:16.703+0000] {taskinstance.py:1326} INFO - Marking task as UP_FOR_RETRY. dag_id=refresh_token, task_id=fresh, execution_date=20230523T162215, start_date=20230523T162216, end_date=20230523T162216
[2023-05-23T16:22:16.741+0000] {standard_task_runner.py:105} ERROR - Failed to execute job 39 for task fresh (refresh() missing 1 required positional argument: 'self'; 1134)
[2023-05-23T16:22:16.788+0000] {local_task_job.py:212} INFO - Task exited with return code 1
[2023-05-23T16:22:16.833+0000] {taskinstance.py:2585} INFO - 0 downstream tasks scheduled from follow-on schedule check
