[2023-06-05T18:05:51.428+0000] {taskinstance.py:1084} INFO - Dependencies all met for dep_context=non-requeueable deps ti=<TaskInstance: weather.scraping_weather manual__2023-06-05T18:05:50.438910+00:00 [queued]>
[2023-06-05T18:05:51.449+0000] {taskinstance.py:1084} INFO - Dependencies all met for dep_context=requeueable deps ti=<TaskInstance: weather.scraping_weather manual__2023-06-05T18:05:50.438910+00:00 [queued]>
[2023-06-05T18:05:51.449+0000] {taskinstance.py:1282} INFO - 
--------------------------------------------------------------------------------
[2023-06-05T18:05:51.449+0000] {taskinstance.py:1283} INFO - Starting attempt 1 of 6
[2023-06-05T18:05:51.449+0000] {taskinstance.py:1284} INFO - 
--------------------------------------------------------------------------------
[2023-06-05T18:05:51.477+0000] {taskinstance.py:1303} INFO - Executing <Task(PythonOperator): scraping_weather> on 2023-06-05 18:05:50.438910+00:00
[2023-06-05T18:05:51.485+0000] {standard_task_runner.py:55} INFO - Started process 12892 to run task
[2023-06-05T18:05:51.492+0000] {standard_task_runner.py:82} INFO - Running: ['***', 'tasks', 'run', 'weather', 'scraping_weather', 'manual__2023-06-05T18:05:50.438910+00:00', '--job-id', '862', '--raw', '--subdir', 'DAGS_FOLDER/weather_DAG.py', '--cfg-path', '/tmp/tmparffhbzm']
[2023-06-05T18:05:51.524+0000] {standard_task_runner.py:83} INFO - Job 862: Subtask scraping_weather
[2023-06-05T18:05:51.670+0000] {task_command.py:388} INFO - Running <TaskInstance: weather.scraping_weather manual__2023-06-05T18:05:50.438910+00:00 [running]> on host 05172cfd5782
[2023-06-05T18:05:51.833+0000] {taskinstance.py:1511} INFO - Exporting the following env vars:
AIRFLOW_CTX_DAG_OWNER=fox
AIRFLOW_CTX_DAG_ID=weather
AIRFLOW_CTX_TASK_ID=scraping_weather
AIRFLOW_CTX_EXECUTION_DATE=2023-06-05T18:05:50.438910+00:00
AIRFLOW_CTX_TRY_NUMBER=1
AIRFLOW_CTX_DAG_RUN_ID=manual__2023-06-05T18:05:50.438910+00:00
[2023-06-05T18:05:53.532+0000] {python.py:177} INFO - Done. Returned value was: {'time': '2023-06-05T20:05:52+02:00', 'current_temperature': '+17°', 'feels_like': '+18°C', 'sky': 'Overcast, no precipitation', 'chance_of_precipitation': '40', 'wind': '2', 'pressure': '741', 'uv_index': '0/12', 'humidity': '69', 'precipitation': '0.01'}
[2023-06-05T18:05:53.580+0000] {taskinstance.py:1326} INFO - Marking task as SUCCESS. dag_id=weather, task_id=scraping_weather, execution_date=20230605T180550, start_date=20230605T180551, end_date=20230605T180553
[2023-06-05T18:05:53.624+0000] {local_task_job.py:212} INFO - Task exited with return code 0
[2023-06-05T18:05:53.727+0000] {taskinstance.py:2585} INFO - 1 downstream tasks scheduled from follow-on schedule check
