[2023-02-28 17:12:50,359] {manager.py:474} INFO - Processing files using up to 2 processes at a time 
[2023-02-28 17:12:50,362] {manager.py:475} INFO - Process each file at most once every 30 seconds
[2023-02-28 17:12:50,362] {manager.py:477} INFO - Checking for new files in /opt/airflow/dags every 300 seconds
[2023-02-28 17:12:50,362] {manager.py:684} INFO - Searching for files in /opt/airflow/dags
[2023-02-28 17:12:50,364] {manager.py:687} INFO - There are 1 files in /opt/airflow/dags
[2023-02-28 17:12:50,440] {manager.py:803} INFO - 
================================================================================
DAG File Processing Stats

File Path                           PID  Runtime      # DAGs    # Errors  Last Runtime    Last Run
--------------------------------  -----  ---------  --------  ----------  --------------  ----------
/opt/airflow/dags/spotify_dag.py    175  0.02s             0           0
================================================================================
[2023-02-28 17:13:20,508] {manager.py:803} INFO - 
================================================================================
DAG File Processing Stats

File Path                         PID    Runtime      # DAGs    # Errors  Last Runtime    Last Run
--------------------------------  -----  ---------  --------  ----------  --------------  -------------------
/opt/airflow/dags/spotify_dag.py                           0           1  0.12s           2023-02-28T17:12:50
================================================================================
[2023-02-28 17:13:50,703] {manager.py:803} INFO - 
================================================================================
DAG File Processing Stats

File Path                           PID  Runtime      # DAGs    # Errors  Last Runtime    Last Run
--------------------------------  -----  ---------  --------  ----------  --------------  -------------------
/opt/airflow/dags/spotify_dag.py    186  0.01s             0           1  0.06s           2023-02-28T17:13:20
================================================================================
[2023-02-28 17:14:20,792] {manager.py:803} INFO - 
================================================================================
DAG File Processing Stats

File Path                           PID  Runtime      # DAGs    # Errors  Last Runtime    Last Run
--------------------------------  -----  ---------  --------  ----------  --------------  -------------------
/opt/airflow/dags/spotify_dag.py    191  0.01s             0           1  0.06s           2023-02-28T17:13:50
================================================================================
[2023-02-28 17:14:50,886] {manager.py:803} INFO - 
================================================================================
DAG File Processing Stats

File Path                           PID  Runtime      # DAGs    # Errors  Last Runtime    Last Run
--------------------------------  -----  ---------  --------  ----------  --------------  -------------------
/opt/airflow/dags/spotify_dag.py    196  0.01s             0           1  0.06s           2023-02-28T17:14:20
================================================================================
[2023-02-28 17:15:20,962] {manager.py:803} INFO - 
================================================================================
DAG File Processing Stats

File Path                           PID  Runtime      # DAGs    # Errors  Last Runtime    Last Run
--------------------------------  -----  ---------  --------  ----------  --------------  -------------------
/opt/airflow/dags/spotify_dag.py    201  0.01s             0           1  0.07s           2023-02-28T17:14:50
================================================================================
[2023-02-28 17:15:51,063] {manager.py:803} INFO - 
================================================================================
DAG File Processing Stats

File Path                           PID  Runtime      # DAGs    # Errors  Last Runtime    Last Run
--------------------------------  -----  ---------  --------  ----------  --------------  -------------------
/opt/airflow/dags/spotify_dag.py    206  0.01s             0           1  0.07s           2023-02-28T17:15:21
================================================================================
[2023-02-28 17:16:21,150] {manager.py:803} INFO - 
================================================================================
DAG File Processing Stats

File Path                           PID  Runtime      # DAGs    # Errors  Last Runtime    Last Run
--------------------------------  -----  ---------  --------  ----------  --------------  -------------------
/opt/airflow/dags/spotify_dag.py    211  0.01s             0           1  0.06s           2023-02-28T17:15:51
================================================================================
[2023-02-28 17:16:51,247] {manager.py:803} INFO - 
================================================================================
DAG File Processing Stats

File Path                           PID  Runtime      # DAGs    # Errors  Last Runtime    Last Run
--------------------------------  -----  ---------  --------  ----------  --------------  -------------------
/opt/airflow/dags/spotify_dag.py    216  0.01s             0           1  0.07s           2023-02-28T17:16:21
================================================================================
[2023-02-28 17:17:21,328] {manager.py:803} INFO - 
================================================================================
DAG File Processing Stats

File Path                           PID  Runtime      # DAGs    # Errors  Last Runtime    Last Run
--------------------------------  -----  ---------  --------  ----------  --------------  -------------------
/opt/airflow/dags/spotify_dag.py    230  0.01s             0           1  0.05s           2023-02-28T17:16:51
================================================================================
[2023-02-28 17:17:50,390] {manager.py:684} INFO - Searching for files in /opt/airflow/dags
[2023-02-28 17:17:50,393] {manager.py:687} INFO - There are 2 files in /opt/airflow/dags
[2023-02-28 17:17:51,459] {manager.py:803} INFO - 
================================================================================
DAG File Processing Stats

File Path                           PID  Runtime      # DAGs    # Errors  Last Runtime    Last Run
--------------------------------  -----  ---------  --------  ----------  --------------  -------------------
/opt/airflow/dags/spotify_dag.py    240  0.01s             0           1  0.08s           2023-02-28T17:17:21
/opt/airflow/dags/sample_dag.py                            1           0  0.23s           2023-02-28T17:17:50
================================================================================
[2023-02-28 17:18:21,534] {manager.py:803} INFO - 
================================================================================
DAG File Processing Stats

File Path                           PID  Runtime      # DAGs    # Errors  Last Runtime    Last Run
--------------------------------  -----  ---------  --------  ----------  --------------  -------------------
/opt/airflow/dags/spotify_dag.py                           0           1  0.08s           2023-02-28T17:17:51
/opt/airflow/dags/sample_dag.py     245  0.01s             1           0  0.23s           2023-02-28T17:17:50
================================================================================
[2023-02-28 17:18:51,697] {manager.py:803} INFO - 
================================================================================
DAG File Processing Stats

File Path                           PID  Runtime      # DAGs    # Errors  Last Runtime    Last Run
--------------------------------  -----  ---------  --------  ----------  --------------  -------------------
/opt/airflow/dags/spotify_dag.py                           0           1  0.48s           2023-02-28T17:18:22
/opt/airflow/dags/sample_dag.py     256  0.01s             1           0  0.10s           2023-02-28T17:18:21
================================================================================
[2023-02-28 17:19:21,862] {manager.py:803} INFO - 
================================================================================
DAG File Processing Stats

File Path                           PID  Runtime      # DAGs    # Errors  Last Runtime    Last Run
--------------------------------  -----  ---------  --------  ----------  --------------  -------------------
/opt/airflow/dags/spotify_dag.py                           0           1  0.41s           2023-02-28T17:18:53
/opt/airflow/dags/sample_dag.py     267  0.01s             1           0  0.11s           2023-02-28T17:18:51
================================================================================
[2023-02-28 17:19:52,066] {manager.py:803} INFO - 
================================================================================
DAG File Processing Stats

File Path                           PID  Runtime      # DAGs    # Errors  Last Runtime    Last Run
--------------------------------  -----  ---------  --------  ----------  --------------  -------------------
/opt/airflow/dags/spotify_dag.py                           0           1  0.41s           2023-02-28T17:19:24
/opt/airflow/dags/sample_dag.py     278  0.01s             1           0  0.14s           2023-02-28T17:19:21
================================================================================
[2023-02-28 17:20:22,243] {manager.py:803} INFO - 
================================================================================
DAG File Processing Stats

File Path                           PID  Runtime      # DAGs    # Errors  Last Runtime    Last Run
--------------------------------  -----  ---------  --------  ----------  --------------  -------------------
/opt/airflow/dags/spotify_dag.py                           0           1  0.54s           2023-02-28T17:19:55
/opt/airflow/dags/sample_dag.py     289  0.01s             1           0  0.12s           2023-02-28T17:19:52
================================================================================
[2023-02-28 17:20:52,462] {manager.py:803} INFO - 
================================================================================
DAG File Processing Stats

File Path                           PID  Runtime      # DAGs    # Errors  Last Runtime    Last Run
--------------------------------  -----  ---------  --------  ----------  --------------  -------------------
/opt/airflow/dags/spotify_dag.py                           0           1  0.52s           2023-02-28T17:20:26
/opt/airflow/dags/sample_dag.py     300  0.01s             1           0  0.17s           2023-02-28T17:20:22
================================================================================
[2023-02-28 17:21:22,609] {manager.py:803} INFO - 
================================================================================
DAG File Processing Stats

File Path                           PID  Runtime      # DAGs    # Errors  Last Runtime    Last Run
--------------------------------  -----  ---------  --------  ----------  --------------  -------------------
/opt/airflow/dags/spotify_dag.py                           0           1  0.41s           2023-02-28T17:20:57
/opt/airflow/dags/sample_dag.py     311  0.01s             1           0  0.09s           2023-02-28T17:20:52
================================================================================
[2023-02-28 17:21:52,686] {manager.py:803} INFO - 
================================================================================
DAG File Processing Stats

File Path                         PID    Runtime      # DAGs    # Errors  Last Runtime    Last Run
--------------------------------  -----  ---------  --------  ----------  --------------  -------------------
/opt/airflow/dags/spotify_dag.py                           0           1  1.01s           2023-02-28T17:21:29
/opt/airflow/dags/sample_dag.py                            1           0  0.21s           2023-02-28T17:21:22
================================================================================
[2023-02-28 17:22:23,054] {manager.py:803} INFO - 
================================================================================
DAG File Processing Stats

File Path                           PID  Runtime      # DAGs    # Errors  Last Runtime    Last Run
--------------------------------  -----  ---------  --------  ----------  --------------  -------------------
/opt/airflow/dags/spotify_dag.py                           0           1  0.67s           2023-02-28T17:21:54
/opt/airflow/dags/sample_dag.py     333  0.01s             1           0  0.13s           2023-02-28T17:21:52
================================================================================
[2023-02-28 17:22:50,505] {manager.py:684} INFO - Searching for files in /opt/airflow/dags
[2023-02-28 17:22:50,509] {manager.py:687} INFO - There are 2 files in /opt/airflow/dags
[2023-02-28 17:22:53,215] {manager.py:803} INFO - 
================================================================================
DAG File Processing Stats

File Path                           PID  Runtime      # DAGs    # Errors  Last Runtime    Last Run
--------------------------------  -----  ---------  --------  ----------  --------------  -------------------
/opt/airflow/dags/spotify_dag.py                           0           1  0.41s           2023-02-28T17:22:25
/opt/airflow/dags/sample_dag.py     344  0.01s             1           0  0.10s           2023-02-28T17:22:23
================================================================================
[2023-02-28 17:23:23,366] {manager.py:803} INFO - 
================================================================================
DAG File Processing Stats

File Path                           PID  Runtime      # DAGs    # Errors  Last Runtime    Last Run
--------------------------------  -----  ---------  --------  ----------  --------------  -------------------
/opt/airflow/dags/spotify_dag.py                           0           1  0.40s           2023-02-28T17:22:56
/opt/airflow/dags/sample_dag.py     355  0.01s             1           0  0.10s           2023-02-28T17:22:53
================================================================================
[2023-02-28 17:23:53,870] {manager.py:803} INFO - 
================================================================================
DAG File Processing Stats

File Path                           PID  Runtime      # DAGs    # Errors  Last Runtime    Last Run
--------------------------------  -----  ---------  --------  ----------  --------------  -------------------
/opt/airflow/dags/spotify_dag.py                           0           1  0.47s           2023-02-28T17:23:50
/opt/airflow/dags/sample_dag.py     372  0.01s             1           0  0.10s           2023-02-28T17:23:23
================================================================================
[2023-02-28 17:24:24,037] {manager.py:803} INFO - 
================================================================================
DAG File Processing Stats

File Path                           PID  Runtime      # DAGs    # Errors  Last Runtime    Last Run
--------------------------------  -----  ---------  --------  ----------  --------------  -------------------
/opt/airflow/dags/spotify_dag.py                           0           1  0.49s           2023-02-28T17:24:21
/opt/airflow/dags/sample_dag.py     383  0.01s             1           0  0.12s           2023-02-28T17:23:53
================================================================================
[2023-02-28 17:24:54,180] {manager.py:803} INFO - 
================================================================================
DAG File Processing Stats

File Path                           PID  Runtime      # DAGs    # Errors  Last Runtime    Last Run
--------------------------------  -----  ---------  --------  ----------  --------------  -------------------
/opt/airflow/dags/spotify_dag.py                           0           1  0.40s           2023-02-28T17:24:52
/opt/airflow/dags/sample_dag.py     394  0.01s             1           0  0.10s           2023-02-28T17:24:24
================================================================================
[2023-02-28 17:25:24,356] {manager.py:803} INFO - 
================================================================================
DAG File Processing Stats

File Path                           PID  Runtime      # DAGs    # Errors  Last Runtime    Last Run
--------------------------------  -----  ---------  --------  ----------  --------------  -------------------
/opt/airflow/dags/spotify_dag.py                           0           1  0.41s           2023-02-28T17:25:23
/opt/airflow/dags/sample_dag.py     405  0.01s             1           0  0.12s           2023-02-28T17:24:54
================================================================================
[2023-02-28 17:25:54,425] {manager.py:803} INFO - 
================================================================================
DAG File Processing Stats

File Path                           PID  Runtime      # DAGs    # Errors  Last Runtime    Last Run
--------------------------------  -----  ---------  --------  ----------  --------------  -------------------
/opt/airflow/dags/spotify_dag.py    410  0.01s             0           1  0.41s           2023-02-28T17:25:23
/opt/airflow/dags/sample_dag.py                            1           0  0.11s           2023-02-28T17:25:24
================================================================================
[2023-02-28 17:26:24,942] {manager.py:803} INFO - 
================================================================================
DAG File Processing Stats

File Path                           PID  Runtime      # DAGs    # Errors  Last Runtime    Last Run
--------------------------------  -----  ---------  --------  ----------  --------------  -------------------
/opt/airflow/dags/spotify_dag.py                           0           1  0.50s           2023-02-28T17:25:59
/opt/airflow/dags/sample_dag.py     427  0.01s             1           0  0.13s           2023-02-28T17:25:54
================================================================================
[2023-02-28 17:26:55,107] {manager.py:803} INFO - 
================================================================================
DAG File Processing Stats

File Path                           PID  Runtime      # DAGs    # Errors  Last Runtime    Last Run
--------------------------------  -----  ---------  --------  ----------  --------------  -------------------
/opt/airflow/dags/spotify_dag.py                           0           1  0.57s           2023-02-28T17:26:30
/opt/airflow/dags/sample_dag.py     438  0.01s             1           0  0.11s           2023-02-28T17:26:25
================================================================================
[2023-02-28 17:27:25,266] {manager.py:803} INFO - 
================================================================================
DAG File Processing Stats

File Path                           PID  Runtime      # DAGs    # Errors  Last Runtime    Last Run
--------------------------------  -----  ---------  --------  ----------  --------------  -------------------
/opt/airflow/dags/spotify_dag.py                           1           0  0.78s           2023-02-28T17:27:08
/opt/airflow/dags/sample_dag.py     455  0.01s             1           0  0.10s           2023-02-28T17:26:55
================================================================================
[2023-02-28 17:27:51,099] {manager.py:684} INFO - Searching for files in /opt/airflow/dags
[2023-02-28 17:27:51,103] {manager.py:687} INFO - There are 2 files in /opt/airflow/dags
[2023-02-28 17:27:55,454] {manager.py:803} INFO - 
================================================================================
DAG File Processing Stats

File Path                           PID  Runtime      # DAGs    # Errors  Last Runtime    Last Run
--------------------------------  -----  ---------  --------  ----------  --------------  -------------------
/opt/airflow/dags/spotify_dag.py                           0           1  0.68s           2023-02-28T17:27:30
/opt/airflow/dags/sample_dag.py     466  0.01s             1           0  0.12s           2023-02-28T17:27:25
================================================================================
[2023-02-28 17:28:25,605] {manager.py:803} INFO - 
================================================================================
DAG File Processing Stats

File Path                           PID  Runtime      # DAGs    # Errors  Last Runtime    Last Run
--------------------------------  -----  ---------  --------  ----------  --------------  -------------------
/opt/airflow/dags/spotify_dag.py                           0           1  0.49s           2023-02-28T17:28:00
/opt/airflow/dags/sample_dag.py     477  0.01s             1           0  0.11s           2023-02-28T17:27:55
================================================================================
[2023-02-28 17:28:55,768] {manager.py:803} INFO - 
================================================================================
DAG File Processing Stats

File Path                           PID  Runtime      # DAGs    # Errors  Last Runtime    Last Run
--------------------------------  -----  ---------  --------  ----------  --------------  -------------------
/opt/airflow/dags/spotify_dag.py                           1           0  0.70s           2023-02-28T17:28:52
/opt/airflow/dags/sample_dag.py     494  0.01s             1           0  0.11s           2023-02-28T17:28:25
================================================================================
[2023-02-28 17:29:25,943] {manager.py:803} INFO - 
================================================================================
DAG File Processing Stats

File Path                           PID  Runtime      # DAGs    # Errors  Last Runtime    Last Run
--------------------------------  -----  ---------  --------  ----------  --------------  -------------------
/opt/airflow/dags/spotify_dag.py                           1           0  0.62s           2023-02-28T17:29:23
/opt/airflow/dags/sample_dag.py     508  0.01s             1           0  0.11s           2023-02-28T17:28:55
================================================================================
[2023-02-28 17:29:56,112] {manager.py:803} INFO - 
================================================================================
DAG File Processing Stats

File Path                           PID  Runtime      # DAGs    # Errors  Last Runtime    Last Run
--------------------------------  -----  ---------  --------  ----------  --------------  -------------------
/opt/airflow/dags/spotify_dag.py                           1           0  0.45s           2023-02-28T17:29:54
/opt/airflow/dags/sample_dag.py     519  0.01s             1           0  0.12s           2023-02-28T17:29:26
================================================================================
[2023-02-28 17:30:26,250] {manager.py:803} INFO - 
================================================================================
DAG File Processing Stats

File Path                           PID  Runtime      # DAGs    # Errors  Last Runtime    Last Run
--------------------------------  -----  ---------  --------  ----------  --------------  -------------------
/opt/airflow/dags/spotify_dag.py                           1           0  0.44s           2023-02-28T17:30:25
/opt/airflow/dags/sample_dag.py     530  0.01s             1           0  0.09s           2023-02-28T17:29:56
================================================================================
[2023-02-28 17:30:56,328] {manager.py:803} INFO - 
================================================================================
DAG File Processing Stats

File Path                           PID  Runtime      # DAGs    # Errors  Last Runtime    Last Run
--------------------------------  -----  ---------  --------  ----------  --------------  -------------------
/opt/airflow/dags/spotify_dag.py    535  0.01s             1           0  0.44s           2023-02-28T17:30:25
/opt/airflow/dags/sample_dag.py                            1           0  0.10s           2023-02-28T17:30:26
================================================================================
[2023-02-28 17:31:26,622] {manager.py:803} INFO - 
================================================================================
DAG File Processing Stats

File Path                           PID  Runtime      # DAGs    # Errors  Last Runtime    Last Run
--------------------------------  -----  ---------  --------  ----------  --------------  -------------------
/opt/airflow/dags/spotify_dag.py                           1           0  0.69s           2023-02-28T17:30:57
/opt/airflow/dags/sample_dag.py     546  0.01s             1           0  0.17s           2023-02-28T17:30:56
================================================================================
[2023-02-28 17:31:56,779] {manager.py:803} INFO - 
================================================================================
DAG File Processing Stats

File Path                           PID  Runtime      # DAGs    # Errors  Last Runtime    Last Run
--------------------------------  -----  ---------  --------  ----------  --------------  -------------------
/opt/airflow/dags/spotify_dag.py                           1           0  0.47s           2023-02-28T17:31:28
/opt/airflow/dags/sample_dag.py     557  0.01s             1           0  0.10s           2023-02-28T17:31:26
================================================================================
[2023-02-28 17:32:26,961] {manager.py:803} INFO - 
================================================================================
DAG File Processing Stats

File Path                           PID  Runtime      # DAGs    # Errors  Last Runtime    Last Run
--------------------------------  -----  ---------  --------  ----------  --------------  -------------------
/opt/airflow/dags/spotify_dag.py                           1           0  0.72s           2023-02-28T17:31:59
/opt/airflow/dags/sample_dag.py     568  0.01s             1           0  0.13s           2023-02-28T17:31:56
================================================================================
[2023-02-28 17:32:51,153] {manager.py:684} INFO - Searching for files in /opt/airflow/dags
[2023-02-28 17:32:51,157] {manager.py:687} INFO - There are 2 files in /opt/airflow/dags
[2023-02-28 17:32:57,197] {manager.py:803} INFO - 
================================================================================
DAG File Processing Stats

File Path                           PID  Runtime      # DAGs    # Errors  Last Runtime    Last Run
--------------------------------  -----  ---------  --------  ----------  --------------  -------------------
/opt/airflow/dags/spotify_dag.py                           1           0  0.45s           2023-02-28T17:32:30
/opt/airflow/dags/sample_dag.py     579  0.01s             1           0  0.16s           2023-02-28T17:32:27
================================================================================
[2023-02-28 17:33:27,377] {manager.py:803} INFO - 
================================================================================
DAG File Processing Stats

File Path                           PID  Runtime      # DAGs    # Errors  Last Runtime    Last Run
--------------------------------  -----  ---------  --------  ----------  --------------  -------------------
/opt/airflow/dags/spotify_dag.py                           1           0  0.45s           2023-02-28T17:33:01
/opt/airflow/dags/sample_dag.py     590  0.01s             1           0  0.12s           2023-02-28T17:32:57
================================================================================
[2023-02-28 17:33:57,569] {manager.py:803} INFO - 
================================================================================
DAG File Processing Stats

File Path                           PID  Runtime      # DAGs    # Errors  Last Runtime    Last Run
--------------------------------  -----  ---------  --------  ----------  --------------  -------------------
/opt/airflow/dags/spotify_dag.py                           1           0  0.51s           2023-02-28T17:33:32
/opt/airflow/dags/sample_dag.py     601  0.01s             1           0  0.14s           2023-02-28T17:33:27
================================================================================
[2023-02-28 17:34:27,727] {manager.py:803} INFO - 
================================================================================
DAG File Processing Stats

File Path                           PID  Runtime      # DAGs    # Errors  Last Runtime    Last Run
--------------------------------  -----  ---------  --------  ----------  --------------  -------------------
/opt/airflow/dags/spotify_dag.py                           1           0  0.56s           2023-02-28T17:34:04
/opt/airflow/dags/sample_dag.py     615  0.01s             1           0  0.10s           2023-02-28T17:33:57
================================================================================
[2023-02-28 17:34:57,884] {manager.py:803} INFO - 
================================================================================
DAG File Processing Stats

File Path                           PID  Runtime      # DAGs    # Errors  Last Runtime    Last Run
--------------------------------  -----  ---------  --------  ----------  --------------  -------------------
/opt/airflow/dags/spotify_dag.py                           1           0  0.79s           2023-02-28T17:34:35
/opt/airflow/dags/sample_dag.py     626  0.01s             1           0  0.11s           2023-02-28T17:34:27
================================================================================
[2023-02-28 17:35:28,034] {manager.py:803} INFO - 
================================================================================
DAG File Processing Stats

File Path                           PID  Runtime      # DAGs    # Errors  Last Runtime    Last Run
--------------------------------  -----  ---------  --------  ----------  --------------  -------------------
/opt/airflow/dags/spotify_dag.py                           1           0  0.58s           2023-02-28T17:35:06
/opt/airflow/dags/sample_dag.py     637  0.01s             1           0  0.10s           2023-02-28T17:34:57
================================================================================
