[2023-06-05T18:10:48.991+0000] {taskinstance.py:1084} INFO - Dependencies all met for dep_context=non-requeueable deps ti=<TaskInstance: weather.scraping_weather manual__2023-06-05T18:10:47.819881+00:00 [queued]>
[2023-06-05T18:10:49.006+0000] {taskinstance.py:1084} INFO - Dependencies all met for dep_context=requeueable deps ti=<TaskInstance: weather.scraping_weather manual__2023-06-05T18:10:47.819881+00:00 [queued]>
[2023-06-05T18:10:49.006+0000] {taskinstance.py:1282} INFO - 
--------------------------------------------------------------------------------
[2023-06-05T18:10:49.006+0000] {taskinstance.py:1283} INFO - Starting attempt 1 of 6
[2023-06-05T18:10:49.007+0000] {taskinstance.py:1284} INFO - 
--------------------------------------------------------------------------------
[2023-06-05T18:10:49.027+0000] {taskinstance.py:1303} INFO - Executing <Task(PythonOperator): scraping_weather> on 2023-06-05 18:10:47.819881+00:00
[2023-06-05T18:10:49.031+0000] {standard_task_runner.py:55} INFO - Started process 13059 to run task
[2023-06-05T18:10:49.035+0000] {standard_task_runner.py:82} INFO - Running: ['***', 'tasks', 'run', 'weather', 'scraping_weather', 'manual__2023-06-05T18:10:47.819881+00:00', '--job-id', '865', '--raw', '--subdir', 'DAGS_FOLDER/weather_DAG.py', '--cfg-path', '/tmp/tmpof5vi5j2']
[2023-06-05T18:10:49.036+0000] {standard_task_runner.py:83} INFO - Job 865: Subtask scraping_weather
[2023-06-05T18:10:49.107+0000] {task_command.py:388} INFO - Running <TaskInstance: weather.scraping_weather manual__2023-06-05T18:10:47.819881+00:00 [running]> on host 05172cfd5782
[2023-06-05T18:10:49.497+0000] {taskinstance.py:1511} INFO - Exporting the following env vars:
AIRFLOW_CTX_DAG_OWNER=fox
AIRFLOW_CTX_DAG_ID=weather
AIRFLOW_CTX_TASK_ID=scraping_weather
AIRFLOW_CTX_EXECUTION_DATE=2023-06-05T18:10:47.819881+00:00
AIRFLOW_CTX_TRY_NUMBER=1
AIRFLOW_CTX_DAG_RUN_ID=manual__2023-06-05T18:10:47.819881+00:00
[2023-06-05T18:10:50.830+0000] {python.py:177} INFO - Done. Returned value was: {'time': '2023-06-05T20:05:52+02:00', 'current_temperature': '+17°', 'feels_like': '+18°C', 'sky': 'Overcast, no precipitation', 'chance_of_precipitation': '40', 'wind': '2', 'pressure': '741', 'uv_index': '0/12', 'humidity': '69', 'precipitation': '0.01', 'timestamps': '2023-06-05'}
[2023-06-05T18:10:50.862+0000] {taskinstance.py:1326} INFO - Marking task as SUCCESS. dag_id=weather, task_id=scraping_weather, execution_date=20230605T181047, start_date=20230605T181048, end_date=20230605T181050
[2023-06-05T18:10:50.913+0000] {local_task_job.py:212} INFO - Task exited with return code 0
[2023-06-05T18:10:50.957+0000] {taskinstance.py:2585} INFO - 1 downstream tasks scheduled from follow-on schedule check
