[2023-06-06T12:58:13.692+0000] {taskinstance.py:1084} INFO - Dependencies all met for dep_context=non-requeueable deps ti=<TaskInstance: weather.create_table_weather scheduled__2023-06-05T18:01:00+00:00 [queued]>
[2023-06-06T12:58:13.746+0000] {taskinstance.py:1084} INFO - Dependencies all met for dep_context=requeueable deps ti=<TaskInstance: weather.create_table_weather scheduled__2023-06-05T18:01:00+00:00 [queued]>
[2023-06-06T12:58:13.747+0000] {taskinstance.py:1282} INFO - 
--------------------------------------------------------------------------------
[2023-06-06T12:58:13.747+0000] {taskinstance.py:1283} INFO - Starting attempt 1 of 6
[2023-06-06T12:58:13.747+0000] {taskinstance.py:1284} INFO - 
--------------------------------------------------------------------------------
[2023-06-06T12:58:13.839+0000] {taskinstance.py:1303} INFO - Executing <Task(PostgresOperator): create_table_weather> on 2023-06-05 18:01:00+00:00
[2023-06-06T12:58:13.861+0000] {standard_task_runner.py:55} INFO - Started process 13586 to run task
[2023-06-06T12:58:13.872+0000] {standard_task_runner.py:82} INFO - Running: ['***', 'tasks', 'run', 'weather', 'create_table_weather', 'scheduled__2023-06-05T18:01:00+00:00', '--job-id', '916', '--raw', '--subdir', 'DAGS_FOLDER/weather_DAG.py', '--cfg-path', '/tmp/tmpx4x5_1cb']
[2023-06-06T12:58:13.896+0000] {standard_task_runner.py:83} INFO - Job 916: Subtask create_table_weather
[2023-06-06T12:58:14.184+0000] {task_command.py:388} INFO - Running <TaskInstance: weather.create_table_weather scheduled__2023-06-05T18:01:00+00:00 [running]> on host 05172cfd5782
[2023-06-06T12:58:14.640+0000] {taskinstance.py:1511} INFO - Exporting the following env vars:
AIRFLOW_CTX_DAG_OWNER=fox
AIRFLOW_CTX_DAG_ID=weather
AIRFLOW_CTX_TASK_ID=create_table_weather
AIRFLOW_CTX_EXECUTION_DATE=2023-06-05T18:01:00+00:00
AIRFLOW_CTX_TRY_NUMBER=1
AIRFLOW_CTX_DAG_RUN_ID=scheduled__2023-06-05T18:01:00+00:00
[2023-06-06T12:58:14.641+0000] {sql.py:254} INFO - Executing: 
                CREATE TABLE IF NOT EXISTS weather_data (
                    date VARCHAR(200),
                    current_temperature VARCHAR(200),
                    feels_like VARCHAR(200),
                    sky VARCHAR(200),
                    chance_of_precipitation VARCHAR(200),
                    wind VARCHAR(200), 
                    pressure VARCHAR(200), 
                    uv_index VARCHAR(200), 
                    humidity VARCHAR(200), 
                    precipitation VARCHAR(200),
                    timestamps VARCHAR(200)
            )
            
[2023-06-06T12:58:14.699+0000] {base.py:73} INFO - Using connection ID 'postgres_localhost' for task execution.
[2023-06-06T12:58:15.750+0000] {base.py:73} INFO - Using connection ID 'postgres_localhost' for task execution.
[2023-06-06T12:58:15.761+0000] {sql.py:375} INFO - Running statement: 
                CREATE TABLE IF NOT EXISTS weather_data (
                    date VARCHAR(200),
                    current_temperature VARCHAR(200),
                    feels_like VARCHAR(200),
                    sky VARCHAR(200),
                    chance_of_precipitation VARCHAR(200),
                    wind VARCHAR(200), 
                    pressure VARCHAR(200), 
                    uv_index VARCHAR(200), 
                    humidity VARCHAR(200), 
                    precipitation VARCHAR(200),
                    timestamps VARCHAR(200)
            )
            , parameters: None
[2023-06-06T12:58:15.824+0000] {taskinstance.py:1326} INFO - Marking task as SUCCESS. dag_id=weather, task_id=create_table_weather, execution_date=20230605T180100, start_date=20230606T125813, end_date=20230606T125815
[2023-06-06T12:58:16.150+0000] {local_task_job.py:212} INFO - Task exited with return code 0
[2023-06-06T12:58:16.296+0000] {taskinstance.py:2585} INFO - 1 downstream tasks scheduled from follow-on schedule check
