[2023-02-28 17:17:50,425] {processor.py:153} INFO - Started process (PID=235) to work on /opt/airflow/dags/sample_dag.py
[2023-02-28 17:17:50,425] {processor.py:641} INFO - Processing file /opt/airflow/dags/sample_dag.py for tasks to queue
[2023-02-28 17:17:50,426] {logging_mixin.py:115} INFO - [2023-02-28 17:17:50,426] {dagbag.py:507} INFO - Filling up the DagBag from /opt/airflow/dags/sample_dag.py
[2023-02-28 17:17:50,431] {processor.py:651} INFO - DAG(s) dict_keys(['first_sample_dag']) retrieved from /opt/airflow/dags/sample_dag.py
[2023-02-28 17:17:50,556] {logging_mixin.py:115} INFO - [2023-02-28 17:17:50,556] {manager.py:508} INFO - Created Permission View: can delete on DAG:first_sample_dag
[2023-02-28 17:17:50,567] {logging_mixin.py:115} INFO - [2023-02-28 17:17:50,567] {manager.py:508} INFO - Created Permission View: can edit on DAG:first_sample_dag
[2023-02-28 17:17:50,575] {logging_mixin.py:115} INFO - [2023-02-28 17:17:50,575] {manager.py:508} INFO - Created Permission View: can read on DAG:first_sample_dag
[2023-02-28 17:17:50,575] {logging_mixin.py:115} INFO - [2023-02-28 17:17:50,575] {dag.py:2371} INFO - Sync 1 DAGs
[2023-02-28 17:17:50,585] {logging_mixin.py:115} INFO - [2023-02-28 17:17:50,585] {dag.py:2390} INFO - Creating ORM DAG for first_sample_dag
[2023-02-28 17:17:50,601] {logging_mixin.py:115} INFO - [2023-02-28 17:17:50,601] {dag.py:2919} INFO - Setting next_dagrun for first_sample_dag to None, run_after=None
[2023-02-28 17:17:50,618] {processor.py:161} INFO - Processing /opt/airflow/dags/sample_dag.py took 0.196 seconds
[2023-02-28 17:18:21,541] {processor.py:153} INFO - Started process (PID=245) to work on /opt/airflow/dags/sample_dag.py
[2023-02-28 17:18:21,541] {processor.py:641} INFO - Processing file /opt/airflow/dags/sample_dag.py for tasks to queue
[2023-02-28 17:18:21,542] {logging_mixin.py:115} INFO - [2023-02-28 17:18:21,541] {dagbag.py:507} INFO - Filling up the DagBag from /opt/airflow/dags/sample_dag.py
[2023-02-28 17:18:21,547] {processor.py:651} INFO - DAG(s) dict_keys(['first_sample_dag']) retrieved from /opt/airflow/dags/sample_dag.py
[2023-02-28 17:18:21,577] {logging_mixin.py:115} INFO - [2023-02-28 17:18:21,577] {dag.py:2371} INFO - Sync 1 DAGs
[2023-02-28 17:18:21,603] {logging_mixin.py:115} INFO - [2023-02-28 17:18:21,603] {dag.py:2919} INFO - Setting next_dagrun for first_sample_dag to None, run_after=None
[2023-02-28 17:18:21,617] {processor.py:161} INFO - Processing /opt/airflow/dags/sample_dag.py took 0.080 seconds
[2023-02-28 17:18:51,701] {processor.py:153} INFO - Started process (PID=256) to work on /opt/airflow/dags/sample_dag.py
[2023-02-28 17:18:51,701] {processor.py:641} INFO - Processing file /opt/airflow/dags/sample_dag.py for tasks to queue
[2023-02-28 17:18:51,702] {logging_mixin.py:115} INFO - [2023-02-28 17:18:51,702] {dagbag.py:507} INFO - Filling up the DagBag from /opt/airflow/dags/sample_dag.py
[2023-02-28 17:18:51,708] {processor.py:651} INFO - DAG(s) dict_keys(['first_sample_dag']) retrieved from /opt/airflow/dags/sample_dag.py
[2023-02-28 17:18:51,740] {logging_mixin.py:115} INFO - [2023-02-28 17:18:51,740] {dag.py:2371} INFO - Sync 1 DAGs
[2023-02-28 17:18:51,767] {logging_mixin.py:115} INFO - [2023-02-28 17:18:51,767] {dag.py:2919} INFO - Setting next_dagrun for first_sample_dag to None, run_after=None
[2023-02-28 17:18:51,782] {processor.py:161} INFO - Processing /opt/airflow/dags/sample_dag.py took 0.084 seconds
[2023-02-28 17:19:21,869] {processor.py:153} INFO - Started process (PID=267) to work on /opt/airflow/dags/sample_dag.py
[2023-02-28 17:19:21,869] {processor.py:641} INFO - Processing file /opt/airflow/dags/sample_dag.py for tasks to queue
[2023-02-28 17:19:21,870] {logging_mixin.py:115} INFO - [2023-02-28 17:19:21,870] {dagbag.py:507} INFO - Filling up the DagBag from /opt/airflow/dags/sample_dag.py
[2023-02-28 17:19:21,874] {processor.py:651} INFO - DAG(s) dict_keys(['first_sample_dag']) retrieved from /opt/airflow/dags/sample_dag.py
[2023-02-28 17:19:21,906] {logging_mixin.py:115} INFO - [2023-02-28 17:19:21,906] {dag.py:2371} INFO - Sync 1 DAGs
[2023-02-28 17:19:21,933] {logging_mixin.py:115} INFO - [2023-02-28 17:19:21,933] {dag.py:2919} INFO - Setting next_dagrun for first_sample_dag to None, run_after=None
[2023-02-28 17:19:21,967] {processor.py:161} INFO - Processing /opt/airflow/dags/sample_dag.py took 0.101 seconds
[2023-02-28 17:19:52,071] {processor.py:153} INFO - Started process (PID=278) to work on /opt/airflow/dags/sample_dag.py
[2023-02-28 17:19:52,071] {processor.py:641} INFO - Processing file /opt/airflow/dags/sample_dag.py for tasks to queue
[2023-02-28 17:19:52,072] {logging_mixin.py:115} INFO - [2023-02-28 17:19:52,072] {dagbag.py:507} INFO - Filling up the DagBag from /opt/airflow/dags/sample_dag.py
[2023-02-28 17:19:52,082] {processor.py:651} INFO - DAG(s) dict_keys(['first_sample_dag']) retrieved from /opt/airflow/dags/sample_dag.py
[2023-02-28 17:19:52,120] {logging_mixin.py:115} INFO - [2023-02-28 17:19:52,120] {dag.py:2371} INFO - Sync 1 DAGs
[2023-02-28 17:19:52,152] {logging_mixin.py:115} INFO - [2023-02-28 17:19:52,152] {dag.py:2919} INFO - Setting next_dagrun for first_sample_dag to None, run_after=None
[2023-02-28 17:19:52,166] {processor.py:161} INFO - Processing /opt/airflow/dags/sample_dag.py took 0.098 seconds
[2023-02-28 17:20:22,259] {processor.py:153} INFO - Started process (PID=289) to work on /opt/airflow/dags/sample_dag.py
[2023-02-28 17:20:22,263] {processor.py:641} INFO - Processing file /opt/airflow/dags/sample_dag.py for tasks to queue
[2023-02-28 17:20:22,264] {logging_mixin.py:115} INFO - [2023-02-28 17:20:22,264] {dagbag.py:507} INFO - Filling up the DagBag from /opt/airflow/dags/sample_dag.py
[2023-02-28 17:20:22,277] {processor.py:651} INFO - DAG(s) dict_keys(['first_sample_dag']) retrieved from /opt/airflow/dags/sample_dag.py
[2023-02-28 17:20:22,325] {logging_mixin.py:115} INFO - [2023-02-28 17:20:22,325] {dag.py:2371} INFO - Sync 1 DAGs
[2023-02-28 17:20:22,361] {logging_mixin.py:115} INFO - [2023-02-28 17:20:22,360] {dag.py:2919} INFO - Setting next_dagrun for first_sample_dag to None, run_after=None
[2023-02-28 17:20:22,379] {processor.py:161} INFO - Processing /opt/airflow/dags/sample_dag.py took 0.131 seconds
[2023-02-28 17:20:52,467] {processor.py:153} INFO - Started process (PID=300) to work on /opt/airflow/dags/sample_dag.py
[2023-02-28 17:20:52,468] {processor.py:641} INFO - Processing file /opt/airflow/dags/sample_dag.py for tasks to queue
[2023-02-28 17:20:52,468] {logging_mixin.py:115} INFO - [2023-02-28 17:20:52,468] {dagbag.py:507} INFO - Filling up the DagBag from /opt/airflow/dags/sample_dag.py
[2023-02-28 17:20:52,473] {processor.py:651} INFO - DAG(s) dict_keys(['first_sample_dag']) retrieved from /opt/airflow/dags/sample_dag.py
[2023-02-28 17:20:52,498] {logging_mixin.py:115} INFO - [2023-02-28 17:20:52,498] {dag.py:2371} INFO - Sync 1 DAGs
[2023-02-28 17:20:52,525] {logging_mixin.py:115} INFO - [2023-02-28 17:20:52,525] {dag.py:2919} INFO - Setting next_dagrun for first_sample_dag to None, run_after=None
[2023-02-28 17:20:52,538] {processor.py:161} INFO - Processing /opt/airflow/dags/sample_dag.py took 0.073 seconds
[2023-02-28 17:21:22,622] {processor.py:153} INFO - Started process (PID=311) to work on /opt/airflow/dags/sample_dag.py
[2023-02-28 17:21:22,623] {processor.py:641} INFO - Processing file /opt/airflow/dags/sample_dag.py for tasks to queue
[2023-02-28 17:21:22,624] {logging_mixin.py:115} INFO - [2023-02-28 17:21:22,624] {dagbag.py:507} INFO - Filling up the DagBag from /opt/airflow/dags/sample_dag.py
[2023-02-28 17:21:22,631] {processor.py:651} INFO - DAG(s) dict_keys(['first_sample_dag']) retrieved from /opt/airflow/dags/sample_dag.py
[2023-02-28 17:21:22,684] {logging_mixin.py:115} INFO - [2023-02-28 17:21:22,683] {dag.py:2371} INFO - Sync 1 DAGs
[2023-02-28 17:21:22,750] {logging_mixin.py:115} INFO - [2023-02-28 17:21:22,749] {dag.py:2919} INFO - Setting next_dagrun for first_sample_dag to None, run_after=None
[2023-02-28 17:21:22,788] {processor.py:161} INFO - Processing /opt/airflow/dags/sample_dag.py took 0.171 seconds
[2023-02-28 17:21:52,873] {processor.py:153} INFO - Started process (PID=322) to work on /opt/airflow/dags/sample_dag.py
[2023-02-28 17:21:52,874] {processor.py:641} INFO - Processing file /opt/airflow/dags/sample_dag.py for tasks to queue
[2023-02-28 17:21:52,874] {logging_mixin.py:115} INFO - [2023-02-28 17:21:52,874] {dagbag.py:507} INFO - Filling up the DagBag from /opt/airflow/dags/sample_dag.py
[2023-02-28 17:21:52,881] {processor.py:651} INFO - DAG(s) dict_keys(['first_sample_dag']) retrieved from /opt/airflow/dags/sample_dag.py
[2023-02-28 17:21:52,921] {logging_mixin.py:115} INFO - [2023-02-28 17:21:52,920] {dag.py:2371} INFO - Sync 1 DAGs
[2023-02-28 17:21:52,957] {logging_mixin.py:115} INFO - [2023-02-28 17:21:52,957] {dag.py:2919} INFO - Setting next_dagrun for first_sample_dag to None, run_after=None
[2023-02-28 17:21:52,978] {processor.py:161} INFO - Processing /opt/airflow/dags/sample_dag.py took 0.109 seconds
[2023-02-28 17:22:23,059] {processor.py:153} INFO - Started process (PID=333) to work on /opt/airflow/dags/sample_dag.py
[2023-02-28 17:22:23,063] {processor.py:641} INFO - Processing file /opt/airflow/dags/sample_dag.py for tasks to queue
[2023-02-28 17:22:23,064] {logging_mixin.py:115} INFO - [2023-02-28 17:22:23,064] {dagbag.py:507} INFO - Filling up the DagBag from /opt/airflow/dags/sample_dag.py
[2023-02-28 17:22:23,068] {processor.py:651} INFO - DAG(s) dict_keys(['first_sample_dag']) retrieved from /opt/airflow/dags/sample_dag.py
[2023-02-28 17:22:23,097] {logging_mixin.py:115} INFO - [2023-02-28 17:22:23,097] {dag.py:2371} INFO - Sync 1 DAGs
[2023-02-28 17:22:23,122] {logging_mixin.py:115} INFO - [2023-02-28 17:22:23,122] {dag.py:2919} INFO - Setting next_dagrun for first_sample_dag to None, run_after=None
[2023-02-28 17:22:23,135] {processor.py:161} INFO - Processing /opt/airflow/dags/sample_dag.py took 0.078 seconds
[2023-02-28 17:22:53,219] {processor.py:153} INFO - Started process (PID=344) to work on /opt/airflow/dags/sample_dag.py
[2023-02-28 17:22:53,220] {processor.py:641} INFO - Processing file /opt/airflow/dags/sample_dag.py for tasks to queue
[2023-02-28 17:22:53,220] {logging_mixin.py:115} INFO - [2023-02-28 17:22:53,220] {dagbag.py:507} INFO - Filling up the DagBag from /opt/airflow/dags/sample_dag.py
[2023-02-28 17:22:53,225] {processor.py:651} INFO - DAG(s) dict_keys(['first_sample_dag']) retrieved from /opt/airflow/dags/sample_dag.py
[2023-02-28 17:22:53,253] {logging_mixin.py:115} INFO - [2023-02-28 17:22:53,253] {dag.py:2371} INFO - Sync 1 DAGs
[2023-02-28 17:22:53,277] {logging_mixin.py:115} INFO - [2023-02-28 17:22:53,277] {dag.py:2919} INFO - Setting next_dagrun for first_sample_dag to None, run_after=None
[2023-02-28 17:22:53,291] {processor.py:161} INFO - Processing /opt/airflow/dags/sample_dag.py took 0.075 seconds
[2023-02-28 17:23:23,373] {processor.py:153} INFO - Started process (PID=355) to work on /opt/airflow/dags/sample_dag.py
[2023-02-28 17:23:23,377] {processor.py:641} INFO - Processing file /opt/airflow/dags/sample_dag.py for tasks to queue
[2023-02-28 17:23:23,377] {logging_mixin.py:115} INFO - [2023-02-28 17:23:23,377] {dagbag.py:507} INFO - Filling up the DagBag from /opt/airflow/dags/sample_dag.py
[2023-02-28 17:23:23,382] {processor.py:651} INFO - DAG(s) dict_keys(['first_sample_dag']) retrieved from /opt/airflow/dags/sample_dag.py
[2023-02-28 17:23:23,408] {logging_mixin.py:115} INFO - [2023-02-28 17:23:23,408] {dag.py:2371} INFO - Sync 1 DAGs
[2023-02-28 17:23:23,433] {logging_mixin.py:115} INFO - [2023-02-28 17:23:23,433] {dag.py:2919} INFO - Setting next_dagrun for first_sample_dag to None, run_after=None
[2023-02-28 17:23:23,448] {processor.py:161} INFO - Processing /opt/airflow/dags/sample_dag.py took 0.077 seconds
[2023-02-28 17:23:53,876] {processor.py:153} INFO - Started process (PID=372) to work on /opt/airflow/dags/sample_dag.py
[2023-02-28 17:23:53,879] {processor.py:641} INFO - Processing file /opt/airflow/dags/sample_dag.py for tasks to queue
[2023-02-28 17:23:53,880] {logging_mixin.py:115} INFO - [2023-02-28 17:23:53,880] {dagbag.py:507} INFO - Filling up the DagBag from /opt/airflow/dags/sample_dag.py
[2023-02-28 17:23:53,886] {processor.py:651} INFO - DAG(s) dict_keys(['first_sample_dag']) retrieved from /opt/airflow/dags/sample_dag.py
[2023-02-28 17:23:53,918] {logging_mixin.py:115} INFO - [2023-02-28 17:23:53,918] {dag.py:2371} INFO - Sync 1 DAGs
[2023-02-28 17:23:53,954] {logging_mixin.py:115} INFO - [2023-02-28 17:23:53,954] {dag.py:2919} INFO - Setting next_dagrun for first_sample_dag to None, run_after=None
[2023-02-28 17:23:53,969] {processor.py:161} INFO - Processing /opt/airflow/dags/sample_dag.py took 0.097 seconds
[2023-02-28 17:24:24,043] {processor.py:153} INFO - Started process (PID=383) to work on /opt/airflow/dags/sample_dag.py
[2023-02-28 17:24:24,046] {processor.py:641} INFO - Processing file /opt/airflow/dags/sample_dag.py for tasks to queue
[2023-02-28 17:24:24,047] {logging_mixin.py:115} INFO - [2023-02-28 17:24:24,047] {dagbag.py:507} INFO - Filling up the DagBag from /opt/airflow/dags/sample_dag.py
[2023-02-28 17:24:24,051] {processor.py:651} INFO - DAG(s) dict_keys(['first_sample_dag']) retrieved from /opt/airflow/dags/sample_dag.py
[2023-02-28 17:24:24,080] {logging_mixin.py:115} INFO - [2023-02-28 17:24:24,080] {dag.py:2371} INFO - Sync 1 DAGs
[2023-02-28 17:24:24,105] {logging_mixin.py:115} INFO - [2023-02-28 17:24:24,105] {dag.py:2919} INFO - Setting next_dagrun for first_sample_dag to None, run_after=None
[2023-02-28 17:24:24,120] {processor.py:161} INFO - Processing /opt/airflow/dags/sample_dag.py took 0.080 seconds
[2023-02-28 17:24:54,186] {processor.py:153} INFO - Started process (PID=394) to work on /opt/airflow/dags/sample_dag.py
[2023-02-28 17:24:54,190] {processor.py:641} INFO - Processing file /opt/airflow/dags/sample_dag.py for tasks to queue
[2023-02-28 17:24:54,191] {logging_mixin.py:115} INFO - [2023-02-28 17:24:54,191] {dagbag.py:507} INFO - Filling up the DagBag from /opt/airflow/dags/sample_dag.py
[2023-02-28 17:24:54,197] {processor.py:651} INFO - DAG(s) dict_keys(['first_sample_dag']) retrieved from /opt/airflow/dags/sample_dag.py
[2023-02-28 17:24:54,233] {logging_mixin.py:115} INFO - [2023-02-28 17:24:54,233] {dag.py:2371} INFO - Sync 1 DAGs
[2023-02-28 17:24:54,260] {logging_mixin.py:115} INFO - [2023-02-28 17:24:54,260] {dag.py:2919} INFO - Setting next_dagrun for first_sample_dag to None, run_after=None
[2023-02-28 17:24:54,279] {processor.py:161} INFO - Processing /opt/airflow/dags/sample_dag.py took 0.096 seconds
[2023-02-28 17:25:24,362] {processor.py:153} INFO - Started process (PID=405) to work on /opt/airflow/dags/sample_dag.py
[2023-02-28 17:25:24,366] {processor.py:641} INFO - Processing file /opt/airflow/dags/sample_dag.py for tasks to queue
[2023-02-28 17:25:24,367] {logging_mixin.py:115} INFO - [2023-02-28 17:25:24,367] {dagbag.py:507} INFO - Filling up the DagBag from /opt/airflow/dags/sample_dag.py
[2023-02-28 17:25:24,373] {processor.py:651} INFO - DAG(s) dict_keys(['first_sample_dag']) retrieved from /opt/airflow/dags/sample_dag.py
[2023-02-28 17:25:24,403] {logging_mixin.py:115} INFO - [2023-02-28 17:25:24,403] {dag.py:2371} INFO - Sync 1 DAGs
[2023-02-28 17:25:24,431] {logging_mixin.py:115} INFO - [2023-02-28 17:25:24,431] {dag.py:2919} INFO - Setting next_dagrun for first_sample_dag to None, run_after=None
[2023-02-28 17:25:24,444] {processor.py:161} INFO - Processing /opt/airflow/dags/sample_dag.py took 0.085 seconds
[2023-02-28 17:25:54,512] {processor.py:153} INFO - Started process (PID=414) to work on /opt/airflow/dags/sample_dag.py
[2023-02-28 17:25:54,513] {processor.py:641} INFO - Processing file /opt/airflow/dags/sample_dag.py for tasks to queue
[2023-02-28 17:25:54,513] {logging_mixin.py:115} INFO - [2023-02-28 17:25:54,513] {dagbag.py:507} INFO - Filling up the DagBag from /opt/airflow/dags/sample_dag.py
[2023-02-28 17:25:54,518] {processor.py:651} INFO - DAG(s) dict_keys(['first_sample_dag']) retrieved from /opt/airflow/dags/sample_dag.py
[2023-02-28 17:25:54,558] {logging_mixin.py:115} INFO - [2023-02-28 17:25:54,558] {dag.py:2371} INFO - Sync 1 DAGs
[2023-02-28 17:25:54,597] {logging_mixin.py:115} INFO - [2023-02-28 17:25:54,597] {dag.py:2919} INFO - Setting next_dagrun for first_sample_dag to None, run_after=None
[2023-02-28 17:25:54,613] {processor.py:161} INFO - Processing /opt/airflow/dags/sample_dag.py took 0.104 seconds
[2023-02-28 17:26:24,949] {processor.py:153} INFO - Started process (PID=427) to work on /opt/airflow/dags/sample_dag.py
[2023-02-28 17:26:24,950] {processor.py:641} INFO - Processing file /opt/airflow/dags/sample_dag.py for tasks to queue
[2023-02-28 17:26:24,951] {logging_mixin.py:115} INFO - [2023-02-28 17:26:24,951] {dagbag.py:507} INFO - Filling up the DagBag from /opt/airflow/dags/sample_dag.py
[2023-02-28 17:26:24,956] {processor.py:651} INFO - DAG(s) dict_keys(['first_sample_dag']) retrieved from /opt/airflow/dags/sample_dag.py
[2023-02-28 17:26:24,984] {logging_mixin.py:115} INFO - [2023-02-28 17:26:24,984] {dag.py:2371} INFO - Sync 1 DAGs
[2023-02-28 17:26:25,009] {logging_mixin.py:115} INFO - [2023-02-28 17:26:25,009] {dag.py:2919} INFO - Setting next_dagrun for first_sample_dag to None, run_after=None
[2023-02-28 17:26:25,025] {processor.py:161} INFO - Processing /opt/airflow/dags/sample_dag.py took 0.079 seconds
[2023-02-28 17:26:55,116] {processor.py:153} INFO - Started process (PID=438) to work on /opt/airflow/dags/sample_dag.py
[2023-02-28 17:26:55,120] {processor.py:641} INFO - Processing file /opt/airflow/dags/sample_dag.py for tasks to queue
[2023-02-28 17:26:55,120] {logging_mixin.py:115} INFO - [2023-02-28 17:26:55,120] {dagbag.py:507} INFO - Filling up the DagBag from /opt/airflow/dags/sample_dag.py
[2023-02-28 17:26:55,125] {processor.py:651} INFO - DAG(s) dict_keys(['first_sample_dag']) retrieved from /opt/airflow/dags/sample_dag.py
[2023-02-28 17:26:55,150] {logging_mixin.py:115} INFO - [2023-02-28 17:26:55,150] {dag.py:2371} INFO - Sync 1 DAGs
[2023-02-28 17:26:55,174] {logging_mixin.py:115} INFO - [2023-02-28 17:26:55,174] {dag.py:2919} INFO - Setting next_dagrun for first_sample_dag to None, run_after=None
[2023-02-28 17:26:55,188] {processor.py:161} INFO - Processing /opt/airflow/dags/sample_dag.py took 0.076 seconds
[2023-02-28 17:27:25,272] {processor.py:153} INFO - Started process (PID=455) to work on /opt/airflow/dags/sample_dag.py
[2023-02-28 17:27:25,276] {processor.py:641} INFO - Processing file /opt/airflow/dags/sample_dag.py for tasks to queue
[2023-02-28 17:27:25,276] {logging_mixin.py:115} INFO - [2023-02-28 17:27:25,276] {dagbag.py:507} INFO - Filling up the DagBag from /opt/airflow/dags/sample_dag.py
[2023-02-28 17:27:25,281] {processor.py:651} INFO - DAG(s) dict_keys(['first_sample_dag']) retrieved from /opt/airflow/dags/sample_dag.py
[2023-02-28 17:27:25,307] {logging_mixin.py:115} INFO - [2023-02-28 17:27:25,307] {dag.py:2371} INFO - Sync 1 DAGs
[2023-02-28 17:27:25,336] {logging_mixin.py:115} INFO - [2023-02-28 17:27:25,336] {dag.py:2919} INFO - Setting next_dagrun for first_sample_dag to None, run_after=None
[2023-02-28 17:27:25,353] {processor.py:161} INFO - Processing /opt/airflow/dags/sample_dag.py took 0.084 seconds
[2023-02-28 17:27:55,456] {processor.py:153} INFO - Started process (PID=466) to work on /opt/airflow/dags/sample_dag.py
[2023-02-28 17:27:55,461] {processor.py:641} INFO - Processing file /opt/airflow/dags/sample_dag.py for tasks to queue
[2023-02-28 17:27:55,462] {logging_mixin.py:115} INFO - [2023-02-28 17:27:55,462] {dagbag.py:507} INFO - Filling up the DagBag from /opt/airflow/dags/sample_dag.py
[2023-02-28 17:27:55,467] {processor.py:651} INFO - DAG(s) dict_keys(['first_sample_dag']) retrieved from /opt/airflow/dags/sample_dag.py
[2023-02-28 17:27:55,497] {logging_mixin.py:115} INFO - [2023-02-28 17:27:55,497] {dag.py:2371} INFO - Sync 1 DAGs
[2023-02-28 17:27:55,521] {logging_mixin.py:115} INFO - [2023-02-28 17:27:55,521] {dag.py:2919} INFO - Setting next_dagrun for first_sample_dag to None, run_after=None
[2023-02-28 17:27:55,533] {processor.py:161} INFO - Processing /opt/airflow/dags/sample_dag.py took 0.081 seconds
[2023-02-28 17:28:25,613] {processor.py:153} INFO - Started process (PID=477) to work on /opt/airflow/dags/sample_dag.py
[2023-02-28 17:28:25,616] {processor.py:641} INFO - Processing file /opt/airflow/dags/sample_dag.py for tasks to queue
[2023-02-28 17:28:25,618] {logging_mixin.py:115} INFO - [2023-02-28 17:28:25,618] {dagbag.py:507} INFO - Filling up the DagBag from /opt/airflow/dags/sample_dag.py
[2023-02-28 17:28:25,624] {processor.py:651} INFO - DAG(s) dict_keys(['first_sample_dag']) retrieved from /opt/airflow/dags/sample_dag.py
[2023-02-28 17:28:25,657] {logging_mixin.py:115} INFO - [2023-02-28 17:28:25,657] {dag.py:2371} INFO - Sync 1 DAGs
[2023-02-28 17:28:25,686] {logging_mixin.py:115} INFO - [2023-02-28 17:28:25,685] {dag.py:2919} INFO - Setting next_dagrun for first_sample_dag to None, run_after=None
[2023-02-28 17:28:25,698] {processor.py:161} INFO - Processing /opt/airflow/dags/sample_dag.py took 0.088 seconds
[2023-02-28 17:28:55,777] {processor.py:153} INFO - Started process (PID=494) to work on /opt/airflow/dags/sample_dag.py
[2023-02-28 17:28:55,780] {processor.py:641} INFO - Processing file /opt/airflow/dags/sample_dag.py for tasks to queue
[2023-02-28 17:28:55,781] {logging_mixin.py:115} INFO - [2023-02-28 17:28:55,781] {dagbag.py:507} INFO - Filling up the DagBag from /opt/airflow/dags/sample_dag.py
[2023-02-28 17:28:55,787] {processor.py:651} INFO - DAG(s) dict_keys(['first_sample_dag']) retrieved from /opt/airflow/dags/sample_dag.py
[2023-02-28 17:28:55,818] {logging_mixin.py:115} INFO - [2023-02-28 17:28:55,818] {dag.py:2371} INFO - Sync 1 DAGs
[2023-02-28 17:28:55,850] {logging_mixin.py:115} INFO - [2023-02-28 17:28:55,850] {dag.py:2919} INFO - Setting next_dagrun for first_sample_dag to None, run_after=None
[2023-02-28 17:28:55,865] {processor.py:161} INFO - Processing /opt/airflow/dags/sample_dag.py took 0.091 seconds
[2023-02-28 17:29:25,951] {processor.py:153} INFO - Started process (PID=508) to work on /opt/airflow/dags/sample_dag.py
[2023-02-28 17:29:25,955] {processor.py:641} INFO - Processing file /opt/airflow/dags/sample_dag.py for tasks to queue
[2023-02-28 17:29:25,955] {logging_mixin.py:115} INFO - [2023-02-28 17:29:25,955] {dagbag.py:507} INFO - Filling up the DagBag from /opt/airflow/dags/sample_dag.py
[2023-02-28 17:29:25,963] {processor.py:651} INFO - DAG(s) dict_keys(['first_sample_dag']) retrieved from /opt/airflow/dags/sample_dag.py
[2023-02-28 17:29:25,997] {logging_mixin.py:115} INFO - [2023-02-28 17:29:25,997] {dag.py:2371} INFO - Sync 1 DAGs
[2023-02-28 17:29:26,030] {logging_mixin.py:115} INFO - [2023-02-28 17:29:26,030] {dag.py:2919} INFO - Setting next_dagrun for first_sample_dag to None, run_after=None
[2023-02-28 17:29:26,045] {processor.py:161} INFO - Processing /opt/airflow/dags/sample_dag.py took 0.097 seconds
[2023-02-28 17:29:56,120] {processor.py:153} INFO - Started process (PID=519) to work on /opt/airflow/dags/sample_dag.py
[2023-02-28 17:29:56,124] {processor.py:641} INFO - Processing file /opt/airflow/dags/sample_dag.py for tasks to queue
[2023-02-28 17:29:56,124] {logging_mixin.py:115} INFO - [2023-02-28 17:29:56,124] {dagbag.py:507} INFO - Filling up the DagBag from /opt/airflow/dags/sample_dag.py
[2023-02-28 17:29:56,129] {processor.py:651} INFO - DAG(s) dict_keys(['first_sample_dag']) retrieved from /opt/airflow/dags/sample_dag.py
[2023-02-28 17:29:56,155] {logging_mixin.py:115} INFO - [2023-02-28 17:29:56,155] {dag.py:2371} INFO - Sync 1 DAGs
[2023-02-28 17:29:56,177] {logging_mixin.py:115} INFO - [2023-02-28 17:29:56,177] {dag.py:2919} INFO - Setting next_dagrun for first_sample_dag to None, run_after=None
[2023-02-28 17:29:56,188] {processor.py:161} INFO - Processing /opt/airflow/dags/sample_dag.py took 0.071 seconds
[2023-02-28 17:30:26,257] {processor.py:153} INFO - Started process (PID=530) to work on /opt/airflow/dags/sample_dag.py
[2023-02-28 17:30:26,261] {processor.py:641} INFO - Processing file /opt/airflow/dags/sample_dag.py for tasks to queue
[2023-02-28 17:30:26,261] {logging_mixin.py:115} INFO - [2023-02-28 17:30:26,261] {dagbag.py:507} INFO - Filling up the DagBag from /opt/airflow/dags/sample_dag.py
[2023-02-28 17:30:26,267] {processor.py:651} INFO - DAG(s) dict_keys(['first_sample_dag']) retrieved from /opt/airflow/dags/sample_dag.py
[2023-02-28 17:30:26,295] {logging_mixin.py:115} INFO - [2023-02-28 17:30:26,294] {dag.py:2371} INFO - Sync 1 DAGs
[2023-02-28 17:30:26,320] {logging_mixin.py:115} INFO - [2023-02-28 17:30:26,320] {dag.py:2919} INFO - Setting next_dagrun for first_sample_dag to None, run_after=None
[2023-02-28 17:30:26,337] {processor.py:161} INFO - Processing /opt/airflow/dags/sample_dag.py took 0.083 seconds
[2023-02-28 17:30:56,435] {processor.py:153} INFO - Started process (PID=538) to work on /opt/airflow/dags/sample_dag.py
[2023-02-28 17:30:56,436] {processor.py:641} INFO - Processing file /opt/airflow/dags/sample_dag.py for tasks to queue
[2023-02-28 17:30:56,437] {logging_mixin.py:115} INFO - [2023-02-28 17:30:56,437] {dagbag.py:507} INFO - Filling up the DagBag from /opt/airflow/dags/sample_dag.py
[2023-02-28 17:30:56,450] {processor.py:651} INFO - DAG(s) dict_keys(['first_sample_dag']) retrieved from /opt/airflow/dags/sample_dag.py
[2023-02-28 17:30:56,490] {logging_mixin.py:115} INFO - [2023-02-28 17:30:56,490] {dag.py:2371} INFO - Sync 1 DAGs
[2023-02-28 17:30:56,530] {logging_mixin.py:115} INFO - [2023-02-28 17:30:56,530] {dag.py:2919} INFO - Setting next_dagrun for first_sample_dag to None, run_after=None
[2023-02-28 17:30:56,550] {processor.py:161} INFO - Processing /opt/airflow/dags/sample_dag.py took 0.120 seconds
[2023-02-28 17:31:26,628] {processor.py:153} INFO - Started process (PID=546) to work on /opt/airflow/dags/sample_dag.py
[2023-02-28 17:31:26,629] {processor.py:641} INFO - Processing file /opt/airflow/dags/sample_dag.py for tasks to queue
[2023-02-28 17:31:26,629] {logging_mixin.py:115} INFO - [2023-02-28 17:31:26,629] {dagbag.py:507} INFO - Filling up the DagBag from /opt/airflow/dags/sample_dag.py
[2023-02-28 17:31:26,633] {processor.py:651} INFO - DAG(s) dict_keys(['first_sample_dag']) retrieved from /opt/airflow/dags/sample_dag.py
[2023-02-28 17:31:26,665] {logging_mixin.py:115} INFO - [2023-02-28 17:31:26,665] {dag.py:2371} INFO - Sync 1 DAGs
[2023-02-28 17:31:26,690] {logging_mixin.py:115} INFO - [2023-02-28 17:31:26,690] {dag.py:2919} INFO - Setting next_dagrun for first_sample_dag to None, run_after=None
[2023-02-28 17:31:26,702] {processor.py:161} INFO - Processing /opt/airflow/dags/sample_dag.py took 0.077 seconds
[2023-02-28 17:31:56,788] {processor.py:153} INFO - Started process (PID=557) to work on /opt/airflow/dags/sample_dag.py
[2023-02-28 17:31:56,789] {processor.py:641} INFO - Processing file /opt/airflow/dags/sample_dag.py for tasks to queue
[2023-02-28 17:31:56,790] {logging_mixin.py:115} INFO - [2023-02-28 17:31:56,790] {dagbag.py:507} INFO - Filling up the DagBag from /opt/airflow/dags/sample_dag.py
[2023-02-28 17:31:56,796] {processor.py:651} INFO - DAG(s) dict_keys(['first_sample_dag']) retrieved from /opt/airflow/dags/sample_dag.py
[2023-02-28 17:31:56,832] {logging_mixin.py:115} INFO - [2023-02-28 17:31:56,832] {dag.py:2371} INFO - Sync 1 DAGs
[2023-02-28 17:31:56,869] {logging_mixin.py:115} INFO - [2023-02-28 17:31:56,869] {dag.py:2919} INFO - Setting next_dagrun for first_sample_dag to None, run_after=None
[2023-02-28 17:31:56,887] {processor.py:161} INFO - Processing /opt/airflow/dags/sample_dag.py took 0.102 seconds
[2023-02-28 17:32:26,981] {processor.py:153} INFO - Started process (PID=568) to work on /opt/airflow/dags/sample_dag.py
[2023-02-28 17:32:26,981] {processor.py:641} INFO - Processing file /opt/airflow/dags/sample_dag.py for tasks to queue
[2023-02-28 17:32:26,982] {logging_mixin.py:115} INFO - [2023-02-28 17:32:26,982] {dagbag.py:507} INFO - Filling up the DagBag from /opt/airflow/dags/sample_dag.py
[2023-02-28 17:32:26,991] {processor.py:651} INFO - DAG(s) dict_keys(['first_sample_dag']) retrieved from /opt/airflow/dags/sample_dag.py
[2023-02-28 17:32:27,039] {logging_mixin.py:115} INFO - [2023-02-28 17:32:27,039] {dag.py:2371} INFO - Sync 1 DAGs
[2023-02-28 17:32:27,075] {logging_mixin.py:115} INFO - [2023-02-28 17:32:27,075] {dag.py:2919} INFO - Setting next_dagrun for first_sample_dag to None, run_after=None
[2023-02-28 17:32:27,091] {processor.py:161} INFO - Processing /opt/airflow/dags/sample_dag.py took 0.124 seconds
[2023-02-28 17:32:57,204] {processor.py:153} INFO - Started process (PID=579) to work on /opt/airflow/dags/sample_dag.py
[2023-02-28 17:32:57,208] {processor.py:641} INFO - Processing file /opt/airflow/dags/sample_dag.py for tasks to queue
[2023-02-28 17:32:57,208] {logging_mixin.py:115} INFO - [2023-02-28 17:32:57,208] {dagbag.py:507} INFO - Filling up the DagBag from /opt/airflow/dags/sample_dag.py
[2023-02-28 17:32:57,217] {processor.py:651} INFO - DAG(s) dict_keys(['first_sample_dag']) retrieved from /opt/airflow/dags/sample_dag.py
[2023-02-28 17:32:57,257] {logging_mixin.py:115} INFO - [2023-02-28 17:32:57,257] {dag.py:2371} INFO - Sync 1 DAGs
[2023-02-28 17:32:57,282] {logging_mixin.py:115} INFO - [2023-02-28 17:32:57,282] {dag.py:2919} INFO - Setting next_dagrun for first_sample_dag to None, run_after=None
[2023-02-28 17:32:57,295] {processor.py:161} INFO - Processing /opt/airflow/dags/sample_dag.py took 0.094 seconds
[2023-02-28 17:33:27,390] {processor.py:153} INFO - Started process (PID=590) to work on /opt/airflow/dags/sample_dag.py
[2023-02-28 17:33:27,394] {processor.py:641} INFO - Processing file /opt/airflow/dags/sample_dag.py for tasks to queue
[2023-02-28 17:33:27,394] {logging_mixin.py:115} INFO - [2023-02-28 17:33:27,394] {dagbag.py:507} INFO - Filling up the DagBag from /opt/airflow/dags/sample_dag.py
[2023-02-28 17:33:27,408] {processor.py:651} INFO - DAG(s) dict_keys(['first_sample_dag']) retrieved from /opt/airflow/dags/sample_dag.py
[2023-02-28 17:33:27,452] {logging_mixin.py:115} INFO - [2023-02-28 17:33:27,452] {dag.py:2371} INFO - Sync 1 DAGs
[2023-02-28 17:33:27,479] {logging_mixin.py:115} INFO - [2023-02-28 17:33:27,479] {dag.py:2919} INFO - Setting next_dagrun for first_sample_dag to None, run_after=None
[2023-02-28 17:33:27,490] {processor.py:161} INFO - Processing /opt/airflow/dags/sample_dag.py took 0.106 seconds
[2023-02-28 17:33:57,573] {processor.py:153} INFO - Started process (PID=601) to work on /opt/airflow/dags/sample_dag.py
[2023-02-28 17:33:57,577] {processor.py:641} INFO - Processing file /opt/airflow/dags/sample_dag.py for tasks to queue
[2023-02-28 17:33:57,577] {logging_mixin.py:115} INFO - [2023-02-28 17:33:57,577] {dagbag.py:507} INFO - Filling up the DagBag from /opt/airflow/dags/sample_dag.py
[2023-02-28 17:33:57,585] {processor.py:651} INFO - DAG(s) dict_keys(['first_sample_dag']) retrieved from /opt/airflow/dags/sample_dag.py
[2023-02-28 17:33:57,609] {logging_mixin.py:115} INFO - [2023-02-28 17:33:57,609] {dag.py:2371} INFO - Sync 1 DAGs
[2023-02-28 17:33:57,638] {logging_mixin.py:115} INFO - [2023-02-28 17:33:57,637] {dag.py:2919} INFO - Setting next_dagrun for first_sample_dag to None, run_after=None
[2023-02-28 17:33:57,649] {processor.py:161} INFO - Processing /opt/airflow/dags/sample_dag.py took 0.079 seconds
[2023-02-28 17:34:27,734] {processor.py:153} INFO - Started process (PID=615) to work on /opt/airflow/dags/sample_dag.py
[2023-02-28 17:34:27,738] {processor.py:641} INFO - Processing file /opt/airflow/dags/sample_dag.py for tasks to queue
[2023-02-28 17:34:27,738] {logging_mixin.py:115} INFO - [2023-02-28 17:34:27,738] {dagbag.py:507} INFO - Filling up the DagBag from /opt/airflow/dags/sample_dag.py
[2023-02-28 17:34:27,745] {processor.py:651} INFO - DAG(s) dict_keys(['first_sample_dag']) retrieved from /opt/airflow/dags/sample_dag.py
[2023-02-28 17:34:27,771] {logging_mixin.py:115} INFO - [2023-02-28 17:34:27,771] {dag.py:2371} INFO - Sync 1 DAGs
[2023-02-28 17:34:27,804] {logging_mixin.py:115} INFO - [2023-02-28 17:34:27,804] {dag.py:2919} INFO - Setting next_dagrun for first_sample_dag to None, run_after=None
[2023-02-28 17:34:27,818] {processor.py:161} INFO - Processing /opt/airflow/dags/sample_dag.py took 0.086 seconds
[2023-02-28 17:34:57,891] {processor.py:153} INFO - Started process (PID=626) to work on /opt/airflow/dags/sample_dag.py
[2023-02-28 17:34:57,895] {processor.py:641} INFO - Processing file /opt/airflow/dags/sample_dag.py for tasks to queue
[2023-02-28 17:34:57,895] {logging_mixin.py:115} INFO - [2023-02-28 17:34:57,895] {dagbag.py:507} INFO - Filling up the DagBag from /opt/airflow/dags/sample_dag.py
[2023-02-28 17:34:57,903] {processor.py:651} INFO - DAG(s) dict_keys(['first_sample_dag']) retrieved from /opt/airflow/dags/sample_dag.py
[2023-02-28 17:34:57,928] {logging_mixin.py:115} INFO - [2023-02-28 17:34:57,927] {dag.py:2371} INFO - Sync 1 DAGs
[2023-02-28 17:34:57,952] {logging_mixin.py:115} INFO - [2023-02-28 17:34:57,952] {dag.py:2919} INFO - Setting next_dagrun for first_sample_dag to None, run_after=None
[2023-02-28 17:34:57,964] {processor.py:161} INFO - Processing /opt/airflow/dags/sample_dag.py took 0.075 seconds
[2023-02-28 17:35:28,041] {processor.py:153} INFO - Started process (PID=637) to work on /opt/airflow/dags/sample_dag.py
[2023-02-28 17:35:28,044] {processor.py:641} INFO - Processing file /opt/airflow/dags/sample_dag.py for tasks to queue
[2023-02-28 17:35:28,045] {logging_mixin.py:115} INFO - [2023-02-28 17:35:28,045] {dagbag.py:507} INFO - Filling up the DagBag from /opt/airflow/dags/sample_dag.py
[2023-02-28 17:35:28,053] {processor.py:651} INFO - DAG(s) dict_keys(['first_sample_dag']) retrieved from /opt/airflow/dags/sample_dag.py
[2023-02-28 17:35:28,079] {logging_mixin.py:115} INFO - [2023-02-28 17:35:28,079] {dag.py:2371} INFO - Sync 1 DAGs
[2023-02-28 17:35:28,104] {logging_mixin.py:115} INFO - [2023-02-28 17:35:28,104] {dag.py:2919} INFO - Setting next_dagrun for first_sample_dag to None, run_after=None
[2023-02-28 17:35:28,114] {processor.py:161} INFO - Processing /opt/airflow/dags/sample_dag.py took 0.076 seconds
[2023-02-28 17:35:58,191] {processor.py:153} INFO - Started process (PID=648) to work on /opt/airflow/dags/sample_dag.py
[2023-02-28 17:35:58,195] {processor.py:641} INFO - Processing file /opt/airflow/dags/sample_dag.py for tasks to queue
[2023-02-28 17:35:58,196] {logging_mixin.py:115} INFO - [2023-02-28 17:35:58,195] {dagbag.py:507} INFO - Filling up the DagBag from /opt/airflow/dags/sample_dag.py
[2023-02-28 17:35:58,203] {processor.py:651} INFO - DAG(s) dict_keys(['first_sample_dag']) retrieved from /opt/airflow/dags/sample_dag.py
[2023-02-28 17:35:58,225] {logging_mixin.py:115} INFO - [2023-02-28 17:35:58,225] {dag.py:2371} INFO - Sync 1 DAGs
[2023-02-28 17:35:58,253] {logging_mixin.py:115} INFO - [2023-02-28 17:35:58,253] {dag.py:2919} INFO - Setting next_dagrun for first_sample_dag to None, run_after=None
[2023-02-28 17:35:58,265] {processor.py:161} INFO - Processing /opt/airflow/dags/sample_dag.py took 0.077 seconds
[2023-02-28 17:36:28,344] {processor.py:153} INFO - Started process (PID=659) to work on /opt/airflow/dags/sample_dag.py
[2023-02-28 17:36:28,348] {processor.py:641} INFO - Processing file /opt/airflow/dags/sample_dag.py for tasks to queue
[2023-02-28 17:36:28,348] {logging_mixin.py:115} INFO - [2023-02-28 17:36:28,348] {dagbag.py:507} INFO - Filling up the DagBag from /opt/airflow/dags/sample_dag.py
[2023-02-28 17:36:28,359] {processor.py:651} INFO - DAG(s) dict_keys(['first_sample_dag']) retrieved from /opt/airflow/dags/sample_dag.py
[2023-02-28 17:36:28,399] {logging_mixin.py:115} INFO - [2023-02-28 17:36:28,399] {dag.py:2371} INFO - Sync 1 DAGs
[2023-02-28 17:36:28,434] {logging_mixin.py:115} INFO - [2023-02-28 17:36:28,434] {dag.py:2919} INFO - Setting next_dagrun for first_sample_dag to None, run_after=None
[2023-02-28 17:36:28,454] {processor.py:161} INFO - Processing /opt/airflow/dags/sample_dag.py took 0.114 seconds
[2023-02-28 17:36:58,532] {processor.py:153} INFO - Started process (PID=670) to work on /opt/airflow/dags/sample_dag.py
[2023-02-28 17:36:58,533] {processor.py:641} INFO - Processing file /opt/airflow/dags/sample_dag.py for tasks to queue
[2023-02-28 17:36:58,533] {logging_mixin.py:115} INFO - [2023-02-28 17:36:58,533] {dagbag.py:507} INFO - Filling up the DagBag from /opt/airflow/dags/sample_dag.py
[2023-02-28 17:36:58,544] {processor.py:651} INFO - DAG(s) dict_keys(['first_sample_dag']) retrieved from /opt/airflow/dags/sample_dag.py
[2023-02-28 17:36:58,586] {logging_mixin.py:115} INFO - [2023-02-28 17:36:58,586] {dag.py:2371} INFO - Sync 1 DAGs
[2023-02-28 17:36:58,665] {logging_mixin.py:115} INFO - [2023-02-28 17:36:58,664] {dag.py:2919} INFO - Setting next_dagrun for first_sample_dag to None, run_after=None
[2023-02-28 17:36:58,692] {processor.py:161} INFO - Processing /opt/airflow/dags/sample_dag.py took 0.165 seconds
[2023-02-28 17:37:28,787] {processor.py:153} INFO - Started process (PID=681) to work on /opt/airflow/dags/sample_dag.py
[2023-02-28 17:37:28,789] {processor.py:641} INFO - Processing file /opt/airflow/dags/sample_dag.py for tasks to queue
[2023-02-28 17:37:28,789] {logging_mixin.py:115} INFO - [2023-02-28 17:37:28,789] {dagbag.py:507} INFO - Filling up the DagBag from /opt/airflow/dags/sample_dag.py
[2023-02-28 17:37:28,797] {processor.py:651} INFO - DAG(s) dict_keys(['first_sample_dag']) retrieved from /opt/airflow/dags/sample_dag.py
[2023-02-28 17:37:28,824] {logging_mixin.py:115} INFO - [2023-02-28 17:37:28,824] {dag.py:2371} INFO - Sync 1 DAGs
[2023-02-28 17:37:28,850] {logging_mixin.py:115} INFO - [2023-02-28 17:37:28,850] {dag.py:2919} INFO - Setting next_dagrun for first_sample_dag to None, run_after=None
[2023-02-28 17:37:28,862] {processor.py:161} INFO - Processing /opt/airflow/dags/sample_dag.py took 0.077 seconds
[2023-02-28 17:37:58,952] {processor.py:153} INFO - Started process (PID=692) to work on /opt/airflow/dags/sample_dag.py
[2023-02-28 17:37:58,953] {processor.py:641} INFO - Processing file /opt/airflow/dags/sample_dag.py for tasks to queue
[2023-02-28 17:37:58,954] {logging_mixin.py:115} INFO - [2023-02-28 17:37:58,953] {dagbag.py:507} INFO - Filling up the DagBag from /opt/airflow/dags/sample_dag.py
[2023-02-28 17:37:58,971] {processor.py:651} INFO - DAG(s) dict_keys(['first_sample_dag']) retrieved from /opt/airflow/dags/sample_dag.py
[2023-02-28 17:37:59,000] {logging_mixin.py:115} INFO - [2023-02-28 17:37:59,000] {dag.py:2371} INFO - Sync 1 DAGs
[2023-02-28 17:37:59,027] {logging_mixin.py:115} INFO - [2023-02-28 17:37:59,027] {dag.py:2919} INFO - Setting next_dagrun for first_sample_dag to None, run_after=None
[2023-02-28 17:37:59,041] {processor.py:161} INFO - Processing /opt/airflow/dags/sample_dag.py took 0.095 seconds
[2023-02-28 17:38:29,121] {processor.py:153} INFO - Started process (PID=703) to work on /opt/airflow/dags/sample_dag.py
[2023-02-28 17:38:29,122] {processor.py:641} INFO - Processing file /opt/airflow/dags/sample_dag.py for tasks to queue
[2023-02-28 17:38:29,123] {logging_mixin.py:115} INFO - [2023-02-28 17:38:29,123] {dagbag.py:507} INFO - Filling up the DagBag from /opt/airflow/dags/sample_dag.py
[2023-02-28 17:38:29,132] {processor.py:651} INFO - DAG(s) dict_keys(['first_sample_dag']) retrieved from /opt/airflow/dags/sample_dag.py
[2023-02-28 17:38:29,162] {logging_mixin.py:115} INFO - [2023-02-28 17:38:29,162] {dag.py:2371} INFO - Sync 1 DAGs
[2023-02-28 17:38:29,193] {logging_mixin.py:115} INFO - [2023-02-28 17:38:29,193] {dag.py:2919} INFO - Setting next_dagrun for first_sample_dag to None, run_after=None
[2023-02-28 17:38:29,208] {processor.py:161} INFO - Processing /opt/airflow/dags/sample_dag.py took 0.091 seconds
[2023-02-28 17:38:59,293] {processor.py:153} INFO - Started process (PID=714) to work on /opt/airflow/dags/sample_dag.py
[2023-02-28 17:38:59,296] {processor.py:641} INFO - Processing file /opt/airflow/dags/sample_dag.py for tasks to queue
[2023-02-28 17:38:59,296] {logging_mixin.py:115} INFO - [2023-02-28 17:38:59,296] {dagbag.py:507} INFO - Filling up the DagBag from /opt/airflow/dags/sample_dag.py
[2023-02-28 17:38:59,316] {processor.py:651} INFO - DAG(s) dict_keys(['first_sample_dag']) retrieved from /opt/airflow/dags/sample_dag.py
[2023-02-28 17:38:59,370] {logging_mixin.py:115} INFO - [2023-02-28 17:38:59,370] {dag.py:2371} INFO - Sync 1 DAGs
[2023-02-28 17:38:59,420] {logging_mixin.py:115} INFO - [2023-02-28 17:38:59,419] {dag.py:2919} INFO - Setting next_dagrun for first_sample_dag to None, run_after=None
[2023-02-28 17:38:59,442] {processor.py:161} INFO - Processing /opt/airflow/dags/sample_dag.py took 0.158 seconds
[2023-02-28 17:39:29,526] {processor.py:153} INFO - Started process (PID=728) to work on /opt/airflow/dags/sample_dag.py
[2023-02-28 17:39:29,530] {processor.py:641} INFO - Processing file /opt/airflow/dags/sample_dag.py for tasks to queue
[2023-02-28 17:39:29,531] {logging_mixin.py:115} INFO - [2023-02-28 17:39:29,531] {dagbag.py:507} INFO - Filling up the DagBag from /opt/airflow/dags/sample_dag.py
[2023-02-28 17:39:29,545] {processor.py:651} INFO - DAG(s) dict_keys(['first_sample_dag']) retrieved from /opt/airflow/dags/sample_dag.py
[2023-02-28 17:39:29,608] {logging_mixin.py:115} INFO - [2023-02-28 17:39:29,607] {dag.py:2371} INFO - Sync 1 DAGs
[2023-02-28 17:39:29,672] {logging_mixin.py:115} INFO - [2023-02-28 17:39:29,672] {dag.py:2919} INFO - Setting next_dagrun for first_sample_dag to None, run_after=None
[2023-02-28 17:39:29,708] {processor.py:161} INFO - Processing /opt/airflow/dags/sample_dag.py took 0.190 seconds
[2023-02-28 17:39:59,799] {processor.py:153} INFO - Started process (PID=739) to work on /opt/airflow/dags/sample_dag.py
[2023-02-28 17:39:59,803] {processor.py:641} INFO - Processing file /opt/airflow/dags/sample_dag.py for tasks to queue
[2023-02-28 17:39:59,804] {logging_mixin.py:115} INFO - [2023-02-28 17:39:59,804] {dagbag.py:507} INFO - Filling up the DagBag from /opt/airflow/dags/sample_dag.py
[2023-02-28 17:39:59,814] {processor.py:651} INFO - DAG(s) dict_keys(['first_sample_dag']) retrieved from /opt/airflow/dags/sample_dag.py
[2023-02-28 17:39:59,848] {logging_mixin.py:115} INFO - [2023-02-28 17:39:59,848] {dag.py:2371} INFO - Sync 1 DAGs
[2023-02-28 17:39:59,883] {logging_mixin.py:115} INFO - [2023-02-28 17:39:59,883] {dag.py:2919} INFO - Setting next_dagrun for first_sample_dag to None, run_after=None
[2023-02-28 17:39:59,899] {processor.py:161} INFO - Processing /opt/airflow/dags/sample_dag.py took 0.103 seconds
[2023-02-28 17:40:29,982] {processor.py:153} INFO - Started process (PID=750) to work on /opt/airflow/dags/sample_dag.py
[2023-02-28 17:40:29,982] {processor.py:641} INFO - Processing file /opt/airflow/dags/sample_dag.py for tasks to queue
[2023-02-28 17:40:29,983] {logging_mixin.py:115} INFO - [2023-02-28 17:40:29,983] {dagbag.py:507} INFO - Filling up the DagBag from /opt/airflow/dags/sample_dag.py
[2023-02-28 17:40:29,994] {processor.py:651} INFO - DAG(s) dict_keys(['first_sample_dag']) retrieved from /opt/airflow/dags/sample_dag.py
[2023-02-28 17:40:30,021] {logging_mixin.py:115} INFO - [2023-02-28 17:40:30,021] {dag.py:2371} INFO - Sync 1 DAGs
[2023-02-28 17:40:30,047] {logging_mixin.py:115} INFO - [2023-02-28 17:40:30,047] {dag.py:2919} INFO - Setting next_dagrun for first_sample_dag to None, run_after=None
[2023-02-28 17:40:30,059] {processor.py:161} INFO - Processing /opt/airflow/dags/sample_dag.py took 0.081 seconds
[2023-02-28 17:41:00,134] {processor.py:153} INFO - Started process (PID=764) to work on /opt/airflow/dags/sample_dag.py
[2023-02-28 17:41:00,135] {processor.py:641} INFO - Processing file /opt/airflow/dags/sample_dag.py for tasks to queue
[2023-02-28 17:41:00,137] {logging_mixin.py:115} INFO - [2023-02-28 17:41:00,136] {dagbag.py:507} INFO - Filling up the DagBag from /opt/airflow/dags/sample_dag.py
[2023-02-28 17:41:00,150] {processor.py:651} INFO - DAG(s) dict_keys(['first_sample_dag']) retrieved from /opt/airflow/dags/sample_dag.py
[2023-02-28 17:41:00,194] {logging_mixin.py:115} INFO - [2023-02-28 17:41:00,194] {dag.py:2371} INFO - Sync 1 DAGs
[2023-02-28 17:41:00,240] {logging_mixin.py:115} INFO - [2023-02-28 17:41:00,240] {dag.py:2919} INFO - Setting next_dagrun for first_sample_dag to None, run_after=None
[2023-02-28 17:41:00,256] {processor.py:161} INFO - Processing /opt/airflow/dags/sample_dag.py took 0.125 seconds
[2023-02-28 17:41:30,330] {processor.py:153} INFO - Started process (PID=775) to work on /opt/airflow/dags/sample_dag.py
[2023-02-28 17:41:30,334] {processor.py:641} INFO - Processing file /opt/airflow/dags/sample_dag.py for tasks to queue
[2023-02-28 17:41:30,335] {logging_mixin.py:115} INFO - [2023-02-28 17:41:30,335] {dagbag.py:507} INFO - Filling up the DagBag from /opt/airflow/dags/sample_dag.py
[2023-02-28 17:41:30,357] {processor.py:651} INFO - DAG(s) dict_keys(['first_sample_dag']) retrieved from /opt/airflow/dags/sample_dag.py
[2023-02-28 17:41:30,389] {logging_mixin.py:115} INFO - [2023-02-28 17:41:30,389] {dag.py:2371} INFO - Sync 1 DAGs
[2023-02-28 17:41:30,420] {logging_mixin.py:115} INFO - [2023-02-28 17:41:30,420] {dag.py:2919} INFO - Setting next_dagrun for first_sample_dag to None, run_after=None
[2023-02-28 17:41:30,437] {processor.py:161} INFO - Processing /opt/airflow/dags/sample_dag.py took 0.110 seconds
[2023-02-28 17:42:00,523] {processor.py:153} INFO - Started process (PID=786) to work on /opt/airflow/dags/sample_dag.py
[2023-02-28 17:42:00,527] {processor.py:641} INFO - Processing file /opt/airflow/dags/sample_dag.py for tasks to queue
[2023-02-28 17:42:00,527] {logging_mixin.py:115} INFO - [2023-02-28 17:42:00,527] {dagbag.py:507} INFO - Filling up the DagBag from /opt/airflow/dags/sample_dag.py
[2023-02-28 17:42:00,542] {processor.py:651} INFO - DAG(s) dict_keys(['first_sample_dag']) retrieved from /opt/airflow/dags/sample_dag.py
[2023-02-28 17:42:00,583] {logging_mixin.py:115} INFO - [2023-02-28 17:42:00,583] {dag.py:2371} INFO - Sync 1 DAGs
[2023-02-28 17:42:00,638] {logging_mixin.py:115} INFO - [2023-02-28 17:42:00,638] {dag.py:2919} INFO - Setting next_dagrun for first_sample_dag to None, run_after=None
[2023-02-28 17:42:00,664] {processor.py:161} INFO - Processing /opt/airflow/dags/sample_dag.py took 0.145 seconds
[2023-02-28 17:42:30,751] {processor.py:153} INFO - Started process (PID=800) to work on /opt/airflow/dags/sample_dag.py
[2023-02-28 17:42:30,752] {processor.py:641} INFO - Processing file /opt/airflow/dags/sample_dag.py for tasks to queue
[2023-02-28 17:42:30,753] {logging_mixin.py:115} INFO - [2023-02-28 17:42:30,753] {dagbag.py:507} INFO - Filling up the DagBag from /opt/airflow/dags/sample_dag.py
[2023-02-28 17:42:30,762] {processor.py:651} INFO - DAG(s) dict_keys(['first_sample_dag']) retrieved from /opt/airflow/dags/sample_dag.py
[2023-02-28 17:42:30,794] {logging_mixin.py:115} INFO - [2023-02-28 17:42:30,794] {dag.py:2371} INFO - Sync 1 DAGs
[2023-02-28 17:42:30,824] {logging_mixin.py:115} INFO - [2023-02-28 17:42:30,823] {dag.py:2919} INFO - Setting next_dagrun for first_sample_dag to None, run_after=None
[2023-02-28 17:42:30,835] {processor.py:161} INFO - Processing /opt/airflow/dags/sample_dag.py took 0.086 seconds
[2023-02-28 17:43:00,914] {processor.py:153} INFO - Started process (PID=814) to work on /opt/airflow/dags/sample_dag.py
[2023-02-28 17:43:00,914] {processor.py:641} INFO - Processing file /opt/airflow/dags/sample_dag.py for tasks to queue
[2023-02-28 17:43:00,916] {logging_mixin.py:115} INFO - [2023-02-28 17:43:00,916] {dagbag.py:507} INFO - Filling up the DagBag from /opt/airflow/dags/sample_dag.py
[2023-02-28 17:43:00,922] {processor.py:651} INFO - DAG(s) dict_keys(['first_sample_dag']) retrieved from /opt/airflow/dags/sample_dag.py
[2023-02-28 17:43:00,961] {logging_mixin.py:115} INFO - [2023-02-28 17:43:00,961] {dag.py:2371} INFO - Sync 1 DAGs
[2023-02-28 17:43:01,001] {logging_mixin.py:115} INFO - [2023-02-28 17:43:01,001] {dag.py:2919} INFO - Setting next_dagrun for first_sample_dag to None, run_after=None
[2023-02-28 17:43:01,022] {processor.py:161} INFO - Processing /opt/airflow/dags/sample_dag.py took 0.111 seconds
[2023-02-28 17:43:31,099] {processor.py:153} INFO - Started process (PID=825) to work on /opt/airflow/dags/sample_dag.py
[2023-02-28 17:43:31,107] {processor.py:641} INFO - Processing file /opt/airflow/dags/sample_dag.py for tasks to queue
[2023-02-28 17:43:31,108] {logging_mixin.py:115} INFO - [2023-02-28 17:43:31,107] {dagbag.py:507} INFO - Filling up the DagBag from /opt/airflow/dags/sample_dag.py
[2023-02-28 17:43:31,120] {processor.py:651} INFO - DAG(s) dict_keys(['first_sample_dag']) retrieved from /opt/airflow/dags/sample_dag.py
[2023-02-28 17:43:31,152] {logging_mixin.py:115} INFO - [2023-02-28 17:43:31,152] {dag.py:2371} INFO - Sync 1 DAGs
[2023-02-28 17:43:31,175] {logging_mixin.py:115} INFO - [2023-02-28 17:43:31,175] {dag.py:2919} INFO - Setting next_dagrun for first_sample_dag to None, run_after=None
[2023-02-28 17:43:31,188] {processor.py:161} INFO - Processing /opt/airflow/dags/sample_dag.py took 0.091 seconds
[2023-02-28 17:44:01,269] {processor.py:153} INFO - Started process (PID=839) to work on /opt/airflow/dags/sample_dag.py
[2023-02-28 17:44:01,272] {processor.py:641} INFO - Processing file /opt/airflow/dags/sample_dag.py for tasks to queue
[2023-02-28 17:44:01,273] {logging_mixin.py:115} INFO - [2023-02-28 17:44:01,273] {dagbag.py:507} INFO - Filling up the DagBag from /opt/airflow/dags/sample_dag.py
[2023-02-28 17:44:01,280] {processor.py:651} INFO - DAG(s) dict_keys(['first_sample_dag']) retrieved from /opt/airflow/dags/sample_dag.py
[2023-02-28 17:44:01,316] {logging_mixin.py:115} INFO - [2023-02-28 17:44:01,315] {dag.py:2371} INFO - Sync 1 DAGs
[2023-02-28 17:44:01,349] {logging_mixin.py:115} INFO - [2023-02-28 17:44:01,349] {dag.py:2919} INFO - Setting next_dagrun for first_sample_dag to None, run_after=None
[2023-02-28 17:44:01,364] {processor.py:161} INFO - Processing /opt/airflow/dags/sample_dag.py took 0.099 seconds
[2023-02-28 17:44:31,448] {processor.py:153} INFO - Started process (PID=853) to work on /opt/airflow/dags/sample_dag.py
[2023-02-28 17:44:31,452] {processor.py:641} INFO - Processing file /opt/airflow/dags/sample_dag.py for tasks to queue
[2023-02-28 17:44:31,453] {logging_mixin.py:115} INFO - [2023-02-28 17:44:31,452] {dagbag.py:507} INFO - Filling up the DagBag from /opt/airflow/dags/sample_dag.py
[2023-02-28 17:44:31,460] {processor.py:651} INFO - DAG(s) dict_keys(['first_sample_dag']) retrieved from /opt/airflow/dags/sample_dag.py
[2023-02-28 17:44:31,500] {logging_mixin.py:115} INFO - [2023-02-28 17:44:31,500] {dag.py:2371} INFO - Sync 1 DAGs
[2023-02-28 17:44:31,531] {logging_mixin.py:115} INFO - [2023-02-28 17:44:31,531] {dag.py:2919} INFO - Setting next_dagrun for first_sample_dag to None, run_after=None
[2023-02-28 17:44:31,551] {processor.py:161} INFO - Processing /opt/airflow/dags/sample_dag.py took 0.106 seconds
[2023-02-28 17:45:01,631] {processor.py:153} INFO - Started process (PID=867) to work on /opt/airflow/dags/sample_dag.py
[2023-02-28 17:45:01,635] {processor.py:641} INFO - Processing file /opt/airflow/dags/sample_dag.py for tasks to queue
[2023-02-28 17:45:01,635] {logging_mixin.py:115} INFO - [2023-02-28 17:45:01,635] {dagbag.py:507} INFO - Filling up the DagBag from /opt/airflow/dags/sample_dag.py
[2023-02-28 17:45:01,639] {processor.py:651} INFO - DAG(s) dict_keys(['first_sample_dag']) retrieved from /opt/airflow/dags/sample_dag.py
[2023-02-28 17:45:01,668] {logging_mixin.py:115} INFO - [2023-02-28 17:45:01,668] {dag.py:2371} INFO - Sync 1 DAGs
[2023-02-28 17:45:01,691] {logging_mixin.py:115} INFO - [2023-02-28 17:45:01,691] {dag.py:2919} INFO - Setting next_dagrun for first_sample_dag to None, run_after=None
[2023-02-28 17:45:01,703] {processor.py:161} INFO - Processing /opt/airflow/dags/sample_dag.py took 0.077 seconds
[2023-02-28 17:45:31,774] {processor.py:153} INFO - Started process (PID=878) to work on /opt/airflow/dags/sample_dag.py
[2023-02-28 17:45:31,779] {processor.py:641} INFO - Processing file /opt/airflow/dags/sample_dag.py for tasks to queue
[2023-02-28 17:45:31,779] {logging_mixin.py:115} INFO - [2023-02-28 17:45:31,779] {dagbag.py:507} INFO - Filling up the DagBag from /opt/airflow/dags/sample_dag.py
[2023-02-28 17:45:31,784] {processor.py:651} INFO - DAG(s) dict_keys(['first_sample_dag']) retrieved from /opt/airflow/dags/sample_dag.py
[2023-02-28 17:45:31,811] {logging_mixin.py:115} INFO - [2023-02-28 17:45:31,810] {dag.py:2371} INFO - Sync 1 DAGs
[2023-02-28 17:45:31,843] {logging_mixin.py:115} INFO - [2023-02-28 17:45:31,843] {dag.py:2919} INFO - Setting next_dagrun for first_sample_dag to None, run_after=None
[2023-02-28 17:45:31,858] {processor.py:161} INFO - Processing /opt/airflow/dags/sample_dag.py took 0.086 seconds
[2023-02-28 17:46:01,927] {processor.py:153} INFO - Started process (PID=892) to work on /opt/airflow/dags/sample_dag.py
[2023-02-28 17:46:01,931] {processor.py:641} INFO - Processing file /opt/airflow/dags/sample_dag.py for tasks to queue
[2023-02-28 17:46:01,931] {logging_mixin.py:115} INFO - [2023-02-28 17:46:01,931] {dagbag.py:507} INFO - Filling up the DagBag from /opt/airflow/dags/sample_dag.py
[2023-02-28 17:46:01,936] {processor.py:651} INFO - DAG(s) dict_keys(['first_sample_dag']) retrieved from /opt/airflow/dags/sample_dag.py
[2023-02-28 17:46:01,961] {logging_mixin.py:115} INFO - [2023-02-28 17:46:01,961] {dag.py:2371} INFO - Sync 1 DAGs
[2023-02-28 17:46:01,988] {logging_mixin.py:115} INFO - [2023-02-28 17:46:01,988] {dag.py:2919} INFO - Setting next_dagrun for first_sample_dag to None, run_after=None
[2023-02-28 17:46:01,999] {processor.py:161} INFO - Processing /opt/airflow/dags/sample_dag.py took 0.075 seconds
