[2023-05-23T17:33:03.842+0000] {taskinstance.py:1084} INFO - Dependencies all met for dep_context=non-requeueable deps ti=<TaskInstance: refresh_token.fresh manual__2023-05-23T17:10:43.672559+00:00 [queued]>
[2023-05-23T17:33:03.946+0000] {taskinstance.py:1084} INFO - Dependencies all met for dep_context=requeueable deps ti=<TaskInstance: refresh_token.fresh manual__2023-05-23T17:10:43.672559+00:00 [queued]>
[2023-05-23T17:33:03.947+0000] {taskinstance.py:1282} INFO - 
--------------------------------------------------------------------------------
[2023-05-23T17:33:03.947+0000] {taskinstance.py:1283} INFO - Starting attempt 3 of 7
[2023-05-23T17:33:03.947+0000] {taskinstance.py:1284} INFO - 
--------------------------------------------------------------------------------
[2023-05-23T17:33:04.070+0000] {taskinstance.py:1303} INFO - Executing <Task(PythonOperator): fresh> on 2023-05-23 17:10:43.672559+00:00
[2023-05-23T17:33:04.087+0000] {standard_task_runner.py:55} INFO - Started process 2832 to run task
[2023-05-23T17:33:04.090+0000] {standard_task_runner.py:82} INFO - Running: ['***', 'tasks', 'run', 'refresh_token', 'fresh', 'manual__2023-05-23T17:10:43.672559+00:00', '--job-id', '48', '--raw', '--subdir', 'DAGS_FOLDER/refresh_token_DAG.py', '--cfg-path', '/tmp/tmp149cxktt']
[2023-05-23T17:33:04.092+0000] {standard_task_runner.py:83} INFO - Job 48: Subtask fresh
[2023-05-23T17:33:04.282+0000] {task_command.py:388} INFO - Running <TaskInstance: refresh_token.fresh manual__2023-05-23T17:10:43.672559+00:00 [running]> on host 2a789c3fa429
[2023-05-23T17:33:04.544+0000] {taskinstance.py:1511} INFO - Exporting the following env vars:
AIRFLOW_CTX_DAG_OWNER=fox
AIRFLOW_CTX_DAG_ID=refresh_token
AIRFLOW_CTX_TASK_ID=fresh
AIRFLOW_CTX_EXECUTION_DATE=2023-05-23T17:10:43.672559+00:00
AIRFLOW_CTX_TRY_NUMBER=3
AIRFLOW_CTX_DAG_RUN_ID=manual__2023-05-23T17:10:43.672559+00:00
[2023-05-23T17:33:04.864+0000] {python.py:177} INFO - Done. Returned value was: BQBP-1zzbgSFHY8V7bwDU4ov_n9pSaDksY3rTDkSj-W95iZ_LkJaBsib-7AH4ElMpgzygXMg2Z555g7evckb834V0V5Epv4zot-etivnpbgm5FtGV5TJG7PHIhb2llg2MMTNCRzxyl2DipovLJTS4nhcM2JZNepMisy3fi9r-JzQrIuoYrthAbs6WJgnZ4B4JuhIj6YDdIbS1N4
[2023-05-23T17:33:04.958+0000] {taskinstance.py:1326} INFO - Marking task as SUCCESS. dag_id=refresh_token, task_id=fresh, execution_date=20230523T171043, start_date=20230523T173303, end_date=20230523T173304
[2023-05-23T17:33:05.058+0000] {local_task_job.py:212} INFO - Task exited with return code 0
[2023-05-23T17:33:05.130+0000] {taskinstance.py:2585} INFO - 0 downstream tasks scheduled from follow-on schedule check
