[2023-05-24T15:22:37.441+0000] {taskinstance.py:1084} INFO - Dependencies all met for dep_context=non-requeueable deps ti=<TaskInstance: refresh_token.token scheduled__2023-05-23T00:00:00+00:00 [queued]>
[2023-05-24T15:22:37.457+0000] {taskinstance.py:1084} INFO - Dependencies all met for dep_context=requeueable deps ti=<TaskInstance: refresh_token.token scheduled__2023-05-23T00:00:00+00:00 [queued]>
[2023-05-24T15:22:37.458+0000] {taskinstance.py:1282} INFO - 
--------------------------------------------------------------------------------
[2023-05-24T15:22:37.458+0000] {taskinstance.py:1283} INFO - Starting attempt 4 of 7
[2023-05-24T15:22:37.458+0000] {taskinstance.py:1284} INFO - 
--------------------------------------------------------------------------------
[2023-05-24T15:22:37.493+0000] {taskinstance.py:1303} INFO - Executing <Task(PythonOperator): token> on 2023-05-23 00:00:00+00:00
[2023-05-24T15:22:37.501+0000] {standard_task_runner.py:55} INFO - Started process 456 to run task
[2023-05-24T15:22:37.508+0000] {standard_task_runner.py:82} INFO - Running: ['***', 'tasks', 'run', 'refresh_token', 'token', 'scheduled__2023-05-23T00:00:00+00:00', '--job-id', '78', '--raw', '--subdir', 'DAGS_FOLDER/refresh_token_DAG.py', '--cfg-path', '/tmp/tmp0xa520ym']
[2023-05-24T15:22:37.510+0000] {standard_task_runner.py:83} INFO - Job 78: Subtask token
[2023-05-24T15:22:37.671+0000] {task_command.py:388} INFO - Running <TaskInstance: refresh_token.token scheduled__2023-05-23T00:00:00+00:00 [running]> on host 2fa3ade57007
[2023-05-24T15:22:37.775+0000] {taskinstance.py:1511} INFO - Exporting the following env vars:
AIRFLOW_CTX_DAG_OWNER=fox
AIRFLOW_CTX_DAG_ID=refresh_token
AIRFLOW_CTX_TASK_ID=token
AIRFLOW_CTX_EXECUTION_DATE=2023-05-23T00:00:00+00:00
AIRFLOW_CTX_TRY_NUMBER=4
AIRFLOW_CTX_DAG_RUN_ID=scheduled__2023-05-23T00:00:00+00:00
[2023-05-24T15:22:37.776+0000] {taskinstance.py:1775} ERROR - Task failed with exception
Traceback (most recent call last):
  File "/home/airflow/.local/lib/python3.7/site-packages/airflow/operators/python.py", line 175, in execute
    return_value = self.execute_callable()
  File "/home/airflow/.local/lib/python3.7/site-packages/airflow/operators/python.py", line 192, in execute_callable
    return self.python_callable(*self.op_args, **self.op_kwargs)
  File "/opt/airflow/dags/Spotify_ETL.py", line 46, in run_spotify_etl
    "Authorization": "Bearer {token}".format(token=token)}
NameError: name 'token' is not defined
[2023-05-24T15:22:37.789+0000] {taskinstance.py:1326} INFO - Marking task as UP_FOR_RETRY. dag_id=refresh_token, task_id=token, execution_date=20230523T000000, start_date=20230524T152237, end_date=20230524T152237
[2023-05-24T15:22:37.809+0000] {standard_task_runner.py:105} ERROR - Failed to execute job 78 for task token (name 'token' is not defined; 456)
[2023-05-24T15:22:37.841+0000] {local_task_job.py:212} INFO - Task exited with return code 1
[2023-05-24T15:22:37.863+0000] {taskinstance.py:2585} INFO - 0 downstream tasks scheduled from follow-on schedule check
