[2023-06-05T17:36:46.131+0000] {taskinstance.py:1084} INFO - Dependencies all met for dep_context=non-requeueable deps ti=<TaskInstance: weather.create_table_weather scheduled__2023-05-21T10:01:00+00:00 [queued]>
[2023-06-05T17:36:46.248+0000] {taskinstance.py:1084} INFO - Dependencies all met for dep_context=requeueable deps ti=<TaskInstance: weather.create_table_weather scheduled__2023-05-21T10:01:00+00:00 [queued]>
[2023-06-05T17:36:46.248+0000] {taskinstance.py:1282} INFO - 
--------------------------------------------------------------------------------
[2023-06-05T17:36:46.248+0000] {taskinstance.py:1283} INFO - Starting attempt 2 of 6
[2023-06-05T17:36:46.248+0000] {taskinstance.py:1284} INFO - 
--------------------------------------------------------------------------------
[2023-06-05T17:36:46.399+0000] {taskinstance.py:1303} INFO - Executing <Task(PostgresOperator): create_table_weather> on 2023-05-21 10:01:00+00:00
[2023-06-05T17:36:46.444+0000] {standard_task_runner.py:55} INFO - Started process 11180 to run task
[2023-06-05T17:36:46.473+0000] {standard_task_runner.py:82} INFO - Running: ['***', 'tasks', 'run', 'weather', 'create_table_weather', 'scheduled__2023-05-21T10:01:00+00:00', '--job-id', '490', '--raw', '--subdir', 'DAGS_FOLDER/weather_DAG.py', '--cfg-path', '/tmp/tmpcpy6pw7v']
[2023-06-05T17:36:46.513+0000] {standard_task_runner.py:83} INFO - Job 490: Subtask create_table_weather
[2023-06-05T17:36:47.064+0000] {task_command.py:388} INFO - Running <TaskInstance: weather.create_table_weather scheduled__2023-05-21T10:01:00+00:00 [running]> on host 05172cfd5782
[2023-06-05T17:36:47.841+0000] {taskinstance.py:1511} INFO - Exporting the following env vars:
AIRFLOW_CTX_DAG_OWNER=fox
AIRFLOW_CTX_DAG_ID=weather
AIRFLOW_CTX_TASK_ID=create_table_weather
AIRFLOW_CTX_EXECUTION_DATE=2023-05-21T10:01:00+00:00
AIRFLOW_CTX_TRY_NUMBER=2
AIRFLOW_CTX_DAG_RUN_ID=scheduled__2023-05-21T10:01:00+00:00
[2023-06-05T17:36:47.847+0000] {sql.py:254} INFO - Executing: 
                CREATE TABLE IF NOT EXISTS weather_data (
                    date VARCHAR(200),
                    current_temperature VARCHAR(200),
                    feels_like VARCHAR(200),
                    sky VARCHAR(200),
                    chance_of_precipitation VARCHAR(200),
                    wind VARCHAR(200), 
                    pressure VARCHAR(200), 
                    uv_index VARCHAR(200), 
                    humidity VARCHAR(200), 
                    precipitation VARCHAR(200)
            )
            
[2023-06-05T17:36:47.942+0000] {base.py:73} INFO - Using connection ID 'postgres_localhost' for task execution.
[2023-06-05T17:36:49.740+0000] {base.py:73} INFO - Using connection ID 'postgres_localhost' for task execution.
[2023-06-05T17:36:49.755+0000] {sql.py:375} INFO - Running statement: 
                CREATE TABLE IF NOT EXISTS weather_data (
                    date VARCHAR(200),
                    current_temperature VARCHAR(200),
                    feels_like VARCHAR(200),
                    sky VARCHAR(200),
                    chance_of_precipitation VARCHAR(200),
                    wind VARCHAR(200), 
                    pressure VARCHAR(200), 
                    uv_index VARCHAR(200), 
                    humidity VARCHAR(200), 
                    precipitation VARCHAR(200)
            )
            , parameters: None
[2023-06-05T17:36:49.816+0000] {taskinstance.py:1326} INFO - Marking task as SUCCESS. dag_id=weather, task_id=create_table_weather, execution_date=20230521T100100, start_date=20230605T173646, end_date=20230605T173649
[2023-06-05T17:36:49.970+0000] {local_task_job.py:212} INFO - Task exited with return code 0
[2023-06-05T17:36:50.125+0000] {taskinstance.py:2585} INFO - 1 downstream tasks scheduled from follow-on schedule check
