[2023-06-06T12:58:11.823+0000] {taskinstance.py:1084} INFO - Dependencies all met for dep_context=non-requeueable deps ti=<TaskInstance: weather.scraping_weather scheduled__2023-06-05T23:01:00+00:00 [queued]>
[2023-06-06T12:58:11.866+0000] {taskinstance.py:1084} INFO - Dependencies all met for dep_context=requeueable deps ti=<TaskInstance: weather.scraping_weather scheduled__2023-06-05T23:01:00+00:00 [queued]>
[2023-06-06T12:58:11.869+0000] {taskinstance.py:1282} INFO - 
--------------------------------------------------------------------------------
[2023-06-06T12:58:11.869+0000] {taskinstance.py:1283} INFO - Starting attempt 2 of 6
[2023-06-06T12:58:11.869+0000] {taskinstance.py:1284} INFO - 
--------------------------------------------------------------------------------
[2023-06-06T12:58:11.944+0000] {taskinstance.py:1303} INFO - Executing <Task(PythonOperator): scraping_weather> on 2023-06-05 23:01:00+00:00
[2023-06-06T12:58:11.977+0000] {standard_task_runner.py:55} INFO - Started process 13580 to run task
[2023-06-06T12:58:12.003+0000] {standard_task_runner.py:82} INFO - Running: ['***', 'tasks', 'run', 'weather', 'scraping_weather', 'scheduled__2023-06-05T23:01:00+00:00', '--job-id', '915', '--raw', '--subdir', 'DAGS_FOLDER/weather_DAG.py', '--cfg-path', '/tmp/tmpzy1qdrzv']
[2023-06-06T12:58:12.009+0000] {standard_task_runner.py:83} INFO - Job 915: Subtask scraping_weather
[2023-06-06T12:58:12.302+0000] {task_command.py:388} INFO - Running <TaskInstance: weather.scraping_weather scheduled__2023-06-05T23:01:00+00:00 [running]> on host 05172cfd5782
[2023-06-06T12:58:12.648+0000] {taskinstance.py:1511} INFO - Exporting the following env vars:
AIRFLOW_CTX_DAG_OWNER=fox
AIRFLOW_CTX_DAG_ID=weather
AIRFLOW_CTX_TASK_ID=scraping_weather
AIRFLOW_CTX_EXECUTION_DATE=2023-06-05T23:01:00+00:00
AIRFLOW_CTX_TRY_NUMBER=2
AIRFLOW_CTX_DAG_RUN_ID=scheduled__2023-06-05T23:01:00+00:00
[2023-06-06T12:58:14.590+0000] {python.py:177} INFO - Done. Returned value was: {'time': '2023-06-06T14:56:14+02:00', 'current_temperature': '+21°', 'feels_like': '+23°C', 'sky': 'Overcast, light rain', 'chance_of_precipitation': '30', 'wind': '2', 'pressure': '739', 'uv_index': '9/12', 'humidity': '60', 'precipitation': '0.22', 'timestamps': '2023-06-06'}
[2023-06-06T12:58:14.706+0000] {taskinstance.py:1326} INFO - Marking task as SUCCESS. dag_id=weather, task_id=scraping_weather, execution_date=20230605T230100, start_date=20230606T125811, end_date=20230606T125814
[2023-06-06T12:58:14.825+0000] {local_task_job.py:212} INFO - Task exited with return code 0
[2023-06-06T12:58:14.998+0000] {taskinstance.py:2585} INFO - 1 downstream tasks scheduled from follow-on schedule check
