[2023-06-03T17:00:00.462+0000] {taskinstance.py:1084} INFO - Dependencies all met for dep_context=non-requeueable deps ti=<TaskInstance: ETL.refresh_token scheduled__2023-06-02T17:00:00+00:00 [queued]>
[2023-06-03T17:00:00.473+0000] {taskinstance.py:1084} INFO - Dependencies all met for dep_context=requeueable deps ti=<TaskInstance: ETL.refresh_token scheduled__2023-06-02T17:00:00+00:00 [queued]>
[2023-06-03T17:00:00.473+0000] {taskinstance.py:1282} INFO - 
--------------------------------------------------------------------------------
[2023-06-03T17:00:00.473+0000] {taskinstance.py:1283} INFO - Starting attempt 1 of 6
[2023-06-03T17:00:00.473+0000] {taskinstance.py:1284} INFO - 
--------------------------------------------------------------------------------
[2023-06-03T17:00:00.490+0000] {taskinstance.py:1303} INFO - Executing <Task(PythonOperator): refresh_token> on 2023-06-02 17:00:00+00:00
[2023-06-03T17:00:00.494+0000] {standard_task_runner.py:55} INFO - Started process 30201 to run task
[2023-06-03T17:00:00.497+0000] {standard_task_runner.py:82} INFO - Running: ['***', 'tasks', 'run', 'ETL', 'refresh_token', 'scheduled__2023-06-02T17:00:00+00:00', '--job-id', '425', '--raw', '--subdir', 'DAGS_FOLDER/ETL_spotify_DAG.py', '--cfg-path', '/tmp/tmpy4ymq4zc']
[2023-06-03T17:00:00.499+0000] {standard_task_runner.py:83} INFO - Job 425: Subtask refresh_token
[2023-06-03T17:00:00.565+0000] {task_command.py:388} INFO - Running <TaskInstance: ETL.refresh_token scheduled__2023-06-02T17:00:00+00:00 [running]> on host 05172cfd5782
[2023-06-03T17:00:00.665+0000] {taskinstance.py:1511} INFO - Exporting the following env vars:
AIRFLOW_CTX_DAG_OWNER=fox
AIRFLOW_CTX_DAG_ID=ETL
AIRFLOW_CTX_TASK_ID=refresh_token
AIRFLOW_CTX_EXECUTION_DATE=2023-06-02T17:00:00+00:00
AIRFLOW_CTX_TRY_NUMBER=1
AIRFLOW_CTX_DAG_RUN_ID=scheduled__2023-06-02T17:00:00+00:00
[2023-06-03T17:00:01.168+0000] {python.py:177} INFO - Done. Returned value was: BQDc5jcTZXRDGm6Yny8SmJVfaU_4Vucf1-4B6z3PMmHi6jhFAgDmJLnzO1EnW78P-QNP_eCbGbq5I7zIxCvyfEfSMTbfoWLKMVoG_RVa7Q6ddZ2p8ZoOiFZ96Wak0U8EQqqz6lsTaC9s14YESBiw7IotlPzLD6N9-QSreXvmZydAGLYw8N7muHstzSVKu9Z_SUwD8UISzYakCLA
[2023-06-03T17:00:01.208+0000] {taskinstance.py:1326} INFO - Marking task as SUCCESS. dag_id=ETL, task_id=refresh_token, execution_date=20230602T170000, start_date=20230603T170000, end_date=20230603T170001
[2023-06-03T17:00:01.272+0000] {local_task_job.py:212} INFO - Task exited with return code 0
[2023-06-03T17:00:01.312+0000] {taskinstance.py:2585} INFO - 1 downstream tasks scheduled from follow-on schedule check
