[2023-05-26T17:10:35.793+0000] {taskinstance.py:1084} INFO - Dependencies all met for dep_context=non-requeueable deps ti=<TaskInstance: ETL.fresh scheduled__2023-05-25T17:00:00+00:00 [queued]>
[2023-05-26T17:10:35.806+0000] {taskinstance.py:1084} INFO - Dependencies all met for dep_context=requeueable deps ti=<TaskInstance: ETL.fresh scheduled__2023-05-25T17:00:00+00:00 [queued]>
[2023-05-26T17:10:35.806+0000] {taskinstance.py:1282} INFO - 
--------------------------------------------------------------------------------
[2023-05-26T17:10:35.806+0000] {taskinstance.py:1283} INFO - Starting attempt 1 of 6
[2023-05-26T17:10:35.806+0000] {taskinstance.py:1284} INFO - 
--------------------------------------------------------------------------------
[2023-05-26T17:10:35.825+0000] {taskinstance.py:1303} INFO - Executing <Task(PythonOperator): fresh> on 2023-05-25 17:00:00+00:00
[2023-05-26T17:10:35.831+0000] {standard_task_runner.py:55} INFO - Started process 3503 to run task
[2023-05-26T17:10:35.835+0000] {standard_task_runner.py:82} INFO - Running: ['***', 'tasks', 'run', 'ETL', 'fresh', 'scheduled__2023-05-25T17:00:00+00:00', '--job-id', '371', '--raw', '--subdir', 'DAGS_FOLDER/refresh_token_DAG.py', '--cfg-path', '/tmp/tmp037xcfwh']
[2023-05-26T17:10:35.837+0000] {standard_task_runner.py:83} INFO - Job 371: Subtask fresh
[2023-05-26T17:10:35.920+0000] {task_command.py:388} INFO - Running <TaskInstance: ETL.fresh scheduled__2023-05-25T17:00:00+00:00 [running]> on host 05172cfd5782
[2023-05-26T17:10:36.029+0000] {taskinstance.py:1511} INFO - Exporting the following env vars:
AIRFLOW_CTX_DAG_OWNER=fox
AIRFLOW_CTX_DAG_ID=ETL
AIRFLOW_CTX_TASK_ID=fresh
AIRFLOW_CTX_EXECUTION_DATE=2023-05-25T17:00:00+00:00
AIRFLOW_CTX_TRY_NUMBER=1
AIRFLOW_CTX_DAG_RUN_ID=scheduled__2023-05-25T17:00:00+00:00
[2023-05-26T17:10:36.387+0000] {python.py:177} INFO - Done. Returned value was: BQDIW7Len0bJcrZBpvEL1296UVO1avEyCgQZYyKoU_xdd18ZUUj3U8qV-dxw1waF-EPwbzmK22aQeAcfUdYBgCTLDHAofTyjZrJNdYdnaDINtSC_bTUlV1Za7qp0xsoXwgA9eyBv2DNhok_ei_NaAN0nzU1PQuQBqU5D11oWC2OFcCHQpoadO47A81GoBkno7QP1kWw1qNky1nE
[2023-05-26T17:10:36.416+0000] {taskinstance.py:1326} INFO - Marking task as SUCCESS. dag_id=ETL, task_id=fresh, execution_date=20230525T170000, start_date=20230526T171035, end_date=20230526T171036
[2023-05-26T17:10:36.451+0000] {local_task_job.py:212} INFO - Task exited with return code 0
[2023-05-26T17:10:36.491+0000] {taskinstance.py:2585} INFO - 1 downstream tasks scheduled from follow-on schedule check
