[2023-06-05T17:47:20.759+0000] {taskinstance.py:1084} INFO - Dependencies all met for dep_context=non-requeueable deps ti=<TaskInstance: weather.scraping_weather scheduled__2023-05-22T00:01:00+00:00 [queued]>
[2023-06-05T17:47:20.865+0000] {taskinstance.py:1084} INFO - Dependencies all met for dep_context=requeueable deps ti=<TaskInstance: weather.scraping_weather scheduled__2023-05-22T00:01:00+00:00 [queued]>
[2023-06-05T17:47:20.866+0000] {taskinstance.py:1282} INFO - 
--------------------------------------------------------------------------------
[2023-06-05T17:47:20.867+0000] {taskinstance.py:1283} INFO - Starting attempt 1 of 6
[2023-06-05T17:47:20.867+0000] {taskinstance.py:1284} INFO - 
--------------------------------------------------------------------------------
[2023-06-05T17:47:20.958+0000] {taskinstance.py:1303} INFO - Executing <Task(PythonOperator): scraping_weather> on 2023-05-22 00:01:00+00:00
[2023-06-05T17:47:21.014+0000] {standard_task_runner.py:55} INFO - Started process 11751 to run task
[2023-06-05T17:47:21.037+0000] {standard_task_runner.py:82} INFO - Running: ['***', 'tasks', 'run', 'weather', 'scraping_weather', 'scheduled__2023-05-22T00:01:00+00:00', '--job-id', '597', '--raw', '--subdir', 'DAGS_FOLDER/weather_DAG.py', '--cfg-path', '/tmp/tmpr87tthjm']
[2023-06-05T17:47:21.053+0000] {standard_task_runner.py:83} INFO - Job 597: Subtask scraping_weather
[2023-06-05T17:47:21.526+0000] {task_command.py:388} INFO - Running <TaskInstance: weather.scraping_weather scheduled__2023-05-22T00:01:00+00:00 [running]> on host 05172cfd5782
[2023-06-05T17:47:22.370+0000] {taskinstance.py:1511} INFO - Exporting the following env vars:
AIRFLOW_CTX_DAG_OWNER=fox
AIRFLOW_CTX_DAG_ID=weather
AIRFLOW_CTX_TASK_ID=scraping_weather
AIRFLOW_CTX_EXECUTION_DATE=2023-05-22T00:01:00+00:00
AIRFLOW_CTX_TRY_NUMBER=1
AIRFLOW_CTX_DAG_RUN_ID=scheduled__2023-05-22T00:01:00+00:00
[2023-06-05T17:47:25.663+0000] {python.py:177} INFO - Done. Returned value was: ('2023-06-05T19:46:57+02:00', '+17°', '+19°C', 'Overcast, no precipitation', '40', '1', '741', '1/12', '69', '0.05')
[2023-06-05T17:47:25.826+0000] {taskinstance.py:1326} INFO - Marking task as SUCCESS. dag_id=weather, task_id=scraping_weather, execution_date=20230522T000100, start_date=20230605T174720, end_date=20230605T174725
[2023-06-05T17:47:27.444+0000] {local_task_job.py:212} INFO - Task exited with return code 0
[2023-06-05T17:47:27.831+0000] {taskinstance.py:2585} INFO - 1 downstream tasks scheduled from follow-on schedule check
