[2023-05-26T17:20:30.717+0000] {taskinstance.py:1084} INFO - Dependencies all met for dep_context=non-requeueable deps ti=<TaskInstance: ETL.refresh_token manual__2023-05-26T17:20:29.878851+00:00 [queued]>
[2023-05-26T17:20:30.751+0000] {taskinstance.py:1084} INFO - Dependencies all met for dep_context=requeueable deps ti=<TaskInstance: ETL.refresh_token manual__2023-05-26T17:20:29.878851+00:00 [queued]>
[2023-05-26T17:20:30.752+0000] {taskinstance.py:1282} INFO - 
--------------------------------------------------------------------------------
[2023-05-26T17:20:30.752+0000] {taskinstance.py:1283} INFO - Starting attempt 1 of 6
[2023-05-26T17:20:30.752+0000] {taskinstance.py:1284} INFO - 
--------------------------------------------------------------------------------
[2023-05-26T17:20:30.795+0000] {taskinstance.py:1303} INFO - Executing <Task(PythonOperator): refresh_token> on 2023-05-26 17:20:29.878851+00:00
[2023-05-26T17:20:30.801+0000] {standard_task_runner.py:55} INFO - Started process 3762 to run task
[2023-05-26T17:20:30.810+0000] {standard_task_runner.py:82} INFO - Running: ['***', 'tasks', 'run', 'ETL', 'refresh_token', 'manual__2023-05-26T17:20:29.878851+00:00', '--job-id', '379', '--raw', '--subdir', 'DAGS_FOLDER/refresh_token_DAG.py', '--cfg-path', '/tmp/tmpkktrw9ko']
[2023-05-26T17:20:30.819+0000] {standard_task_runner.py:83} INFO - Job 379: Subtask refresh_token
[2023-05-26T17:20:30.975+0000] {task_command.py:388} INFO - Running <TaskInstance: ETL.refresh_token manual__2023-05-26T17:20:29.878851+00:00 [running]> on host 05172cfd5782
[2023-05-26T17:20:31.157+0000] {taskinstance.py:1511} INFO - Exporting the following env vars:
AIRFLOW_CTX_DAG_OWNER=fox
AIRFLOW_CTX_DAG_ID=ETL
AIRFLOW_CTX_TASK_ID=refresh_token
AIRFLOW_CTX_EXECUTION_DATE=2023-05-26T17:20:29.878851+00:00
AIRFLOW_CTX_TRY_NUMBER=1
AIRFLOW_CTX_DAG_RUN_ID=manual__2023-05-26T17:20:29.878851+00:00
[2023-05-26T17:20:32.009+0000] {python.py:177} INFO - Done. Returned value was: BQBmt28kOIfRhLwg7wC19oOOU17Y21k5NPzzQOpntjaFSHsA5WQd215UBjh5dwXw-cIzAEUShLanITcn2mGydH5I54az5RQJJbuGJ4RayyGBywBH_hif0AZ6FKej8YT43XNpYRRYG_zP0Rwiup63p8p8-q2rqQMC36r2_3s4crLMBm8kerrZj6pEHWWhwv939u-US0Fv25k9BIo
[2023-05-26T17:20:32.052+0000] {taskinstance.py:1326} INFO - Marking task as SUCCESS. dag_id=ETL, task_id=refresh_token, execution_date=20230526T172029, start_date=20230526T172030, end_date=20230526T172032
[2023-05-26T17:20:32.082+0000] {local_task_job.py:212} INFO - Task exited with return code 0
[2023-05-26T17:20:32.129+0000] {taskinstance.py:2585} INFO - 1 downstream tasks scheduled from follow-on schedule check
