[2023-06-05T17:58:26.307+0000] {taskinstance.py:1084} INFO - Dependencies all met for dep_context=non-requeueable deps ti=<TaskInstance: weather.scraping_weather scheduled__2023-05-23T11:01:00+00:00 [queued]>
[2023-06-05T17:58:26.364+0000] {taskinstance.py:1084} INFO - Dependencies all met for dep_context=requeueable deps ti=<TaskInstance: weather.scraping_weather scheduled__2023-05-23T11:01:00+00:00 [queued]>
[2023-06-05T17:58:26.364+0000] {taskinstance.py:1282} INFO - 
--------------------------------------------------------------------------------
[2023-06-05T17:58:26.365+0000] {taskinstance.py:1283} INFO - Starting attempt 1 of 6
[2023-06-05T17:58:26.365+0000] {taskinstance.py:1284} INFO - 
--------------------------------------------------------------------------------
[2023-06-05T17:58:26.495+0000] {taskinstance.py:1303} INFO - Executing <Task(PythonOperator): scraping_weather> on 2023-05-23 11:01:00+00:00
[2023-06-05T17:58:26.540+0000] {standard_task_runner.py:55} INFO - Started process 12497 to run task
[2023-06-05T17:58:26.560+0000] {standard_task_runner.py:82} INFO - Running: ['***', 'tasks', 'run', 'weather', 'scraping_weather', 'scheduled__2023-05-23T11:01:00+00:00', '--job-id', '788', '--raw', '--subdir', 'DAGS_FOLDER/weather_DAG.py', '--cfg-path', '/tmp/tmpkhne_wuh']
[2023-06-05T17:58:26.585+0000] {standard_task_runner.py:83} INFO - Job 788: Subtask scraping_weather
[2023-06-05T17:58:27.106+0000] {task_command.py:388} INFO - Running <TaskInstance: weather.scraping_weather scheduled__2023-05-23T11:01:00+00:00 [running]> on host 05172cfd5782
[2023-06-05T17:58:27.703+0000] {taskinstance.py:1511} INFO - Exporting the following env vars:
AIRFLOW_CTX_DAG_OWNER=fox
AIRFLOW_CTX_DAG_ID=weather
AIRFLOW_CTX_TASK_ID=scraping_weather
AIRFLOW_CTX_EXECUTION_DATE=2023-05-23T11:01:00+00:00
AIRFLOW_CTX_TRY_NUMBER=1
AIRFLOW_CTX_DAG_RUN_ID=scheduled__2023-05-23T11:01:00+00:00
[2023-06-05T17:58:29.910+0000] {python.py:177} INFO - Done. Returned value was: {'time': '2023-06-05T19:58:24+02:00', 'current_temperature': '+17°', 'feels_like': '+19°C', 'sky': 'Overcast, no precipitation', 'chance_of_precipitation': '40', 'wind': '1', 'pressure': '741', 'uv_index': '1/12', 'humidity': '69', 'precipitation': '0.05'}
[2023-06-05T17:58:30.004+0000] {taskinstance.py:1326} INFO - Marking task as SUCCESS. dag_id=weather, task_id=scraping_weather, execution_date=20230523T110100, start_date=20230605T175826, end_date=20230605T175830
[2023-06-05T17:58:30.148+0000] {local_task_job.py:212} INFO - Task exited with return code 0
[2023-06-05T17:58:30.469+0000] {taskinstance.py:2585} INFO - 1 downstream tasks scheduled from follow-on schedule check
