[2023-05-23T17:56:36.182+0000] {taskinstance.py:1084} INFO - Dependencies all met for dep_context=non-requeueable deps ti=<TaskInstance: refresh_token.fresh manual__2023-05-23T17:54:32.171118+00:00 [queued]>
[2023-05-23T17:56:36.193+0000] {taskinstance.py:1084} INFO - Dependencies all met for dep_context=requeueable deps ti=<TaskInstance: refresh_token.fresh manual__2023-05-23T17:54:32.171118+00:00 [queued]>
[2023-05-23T17:56:36.194+0000] {taskinstance.py:1282} INFO - 
--------------------------------------------------------------------------------
[2023-05-23T17:56:36.194+0000] {taskinstance.py:1283} INFO - Starting attempt 2 of 6
[2023-05-23T17:56:36.194+0000] {taskinstance.py:1284} INFO - 
--------------------------------------------------------------------------------
[2023-05-23T17:56:36.212+0000] {taskinstance.py:1303} INFO - Executing <Task(PythonOperator): fresh> on 2023-05-23 17:54:32.171118+00:00
[2023-05-23T17:56:36.220+0000] {standard_task_runner.py:55} INFO - Started process 3457 to run task
[2023-05-23T17:56:36.225+0000] {standard_task_runner.py:82} INFO - Running: ['***', 'tasks', 'run', 'refresh_token', 'fresh', 'manual__2023-05-23T17:54:32.171118+00:00', '--job-id', '64', '--raw', '--subdir', 'DAGS_FOLDER/refresh_token_DAG.py', '--cfg-path', '/tmp/tmpeqn35wxi']
[2023-05-23T17:56:36.227+0000] {standard_task_runner.py:83} INFO - Job 64: Subtask fresh
[2023-05-23T17:56:36.312+0000] {task_command.py:388} INFO - Running <TaskInstance: refresh_token.fresh manual__2023-05-23T17:54:32.171118+00:00 [running]> on host 2a789c3fa429
[2023-05-23T17:56:36.412+0000] {taskinstance.py:1511} INFO - Exporting the following env vars:
AIRFLOW_CTX_DAG_OWNER=fox
AIRFLOW_CTX_DAG_ID=refresh_token
AIRFLOW_CTX_TASK_ID=fresh
AIRFLOW_CTX_EXECUTION_DATE=2023-05-23T17:54:32.171118+00:00
AIRFLOW_CTX_TRY_NUMBER=2
AIRFLOW_CTX_DAG_RUN_ID=manual__2023-05-23T17:54:32.171118+00:00
[2023-05-23T17:56:36.869+0000] {python.py:177} INFO - Done. Returned value was: BQA0qK-_Kutctf9n6reukruKnQrbNc5i6BYoIySLTQiTR6I9r6M4Gyb9gqZ7amMnO-uyMs-5N1Lrliwubvp8Nh6ZFkAqTLQs6DH_HM9iaYt0ZmL-j59DmxFioUyp1hgMZimBmZTqbYCmNan_tBfg2OLrHeQHfRUVcuTekIIaAvGls-JnO5mKKP-n8dmpq-p0JQ5DuF8xP4AzOnU
[2023-05-23T17:56:36.908+0000] {taskinstance.py:1326} INFO - Marking task as SUCCESS. dag_id=refresh_token, task_id=fresh, execution_date=20230523T175432, start_date=20230523T175636, end_date=20230523T175636
[2023-05-23T17:56:36.964+0000] {local_task_job.py:212} INFO - Task exited with return code 0
[2023-05-23T17:56:36.997+0000] {taskinstance.py:2585} INFO - 1 downstream tasks scheduled from follow-on schedule check
