[2023-05-24T16:20:16.540+0000] {taskinstance.py:1084} INFO - Dependencies all met for dep_context=non-requeueable deps ti=<TaskInstance: refresh_token.fresh manual__2023-05-23T17:54:32.171118+00:00 [queued]>
[2023-05-24T16:20:16.553+0000] {taskinstance.py:1084} INFO - Dependencies all met for dep_context=requeueable deps ti=<TaskInstance: refresh_token.fresh manual__2023-05-23T17:54:32.171118+00:00 [queued]>
[2023-05-24T16:20:16.554+0000] {taskinstance.py:1282} INFO - 
--------------------------------------------------------------------------------
[2023-05-24T16:20:16.554+0000] {taskinstance.py:1283} INFO - Starting attempt 9 of 14
[2023-05-24T16:20:16.554+0000] {taskinstance.py:1284} INFO - 
--------------------------------------------------------------------------------
[2023-05-24T16:20:16.577+0000] {taskinstance.py:1303} INFO - Executing <Task(PythonOperator): fresh> on 2023-05-23 17:54:32.171118+00:00
[2023-05-24T16:20:16.583+0000] {standard_task_runner.py:55} INFO - Started process 2074 to run task
[2023-05-24T16:20:16.588+0000] {standard_task_runner.py:82} INFO - Running: ['***', 'tasks', 'run', 'refresh_token', 'fresh', 'manual__2023-05-23T17:54:32.171118+00:00', '--job-id', '119', '--raw', '--subdir', 'DAGS_FOLDER/refresh_token_DAG.py', '--cfg-path', '/tmp/tmp50uffju5']
[2023-05-24T16:20:16.592+0000] {standard_task_runner.py:83} INFO - Job 119: Subtask fresh
[2023-05-24T16:20:16.698+0000] {task_command.py:388} INFO - Running <TaskInstance: refresh_token.fresh manual__2023-05-23T17:54:32.171118+00:00 [running]> on host 2fa3ade57007
[2023-05-24T16:20:16.794+0000] {taskinstance.py:1511} INFO - Exporting the following env vars:
AIRFLOW_CTX_DAG_OWNER=fox
AIRFLOW_CTX_DAG_ID=refresh_token
AIRFLOW_CTX_TASK_ID=fresh
AIRFLOW_CTX_EXECUTION_DATE=2023-05-23T17:54:32.171118+00:00
AIRFLOW_CTX_TRY_NUMBER=9
AIRFLOW_CTX_DAG_RUN_ID=manual__2023-05-23T17:54:32.171118+00:00
[2023-05-24T16:20:17.203+0000] {python.py:177} INFO - Done. Returned value was: BQCOpcTorx_nvGaCw5NHHX8VqcinGnr5Mu3COgHV-T6wyzQsvvvaXE68UNLZrzsXmT0fIiGpY0J47CxqgmKfcvMQKN-CnV_ZLx70IK3onraHCci19DF119dX8gfQoN7bRyc47xCByGqjgqt197mP6D_kZYgb9vb2nrpP1an1wsrvJ1w_28q2DqTAiejv24GS6p348JZJybiq7pQ
[2023-05-24T16:20:17.246+0000] {taskinstance.py:1326} INFO - Marking task as SUCCESS. dag_id=refresh_token, task_id=fresh, execution_date=20230523T175432, start_date=20230524T162016, end_date=20230524T162017
[2023-05-24T16:20:17.288+0000] {local_task_job.py:212} INFO - Task exited with return code 0
[2023-05-24T16:20:17.316+0000] {taskinstance.py:2585} INFO - 1 downstream tasks scheduled from follow-on schedule check
