[2023-05-24T16:13:34.996+0000] {taskinstance.py:1084} INFO - Dependencies all met for dep_context=non-requeueable deps ti=<TaskInstance: refresh_token.fresh manual__2023-05-23T17:54:32.171118+00:00 [queued]>
[2023-05-24T16:13:35.015+0000] {taskinstance.py:1084} INFO - Dependencies all met for dep_context=requeueable deps ti=<TaskInstance: refresh_token.fresh manual__2023-05-23T17:54:32.171118+00:00 [queued]>
[2023-05-24T16:13:35.016+0000] {taskinstance.py:1282} INFO - 
--------------------------------------------------------------------------------
[2023-05-24T16:13:35.016+0000] {taskinstance.py:1283} INFO - Starting attempt 8 of 13
[2023-05-24T16:13:35.016+0000] {taskinstance.py:1284} INFO - 
--------------------------------------------------------------------------------
[2023-05-24T16:13:35.046+0000] {taskinstance.py:1303} INFO - Executing <Task(PythonOperator): fresh> on 2023-05-23 17:54:32.171118+00:00
[2023-05-24T16:13:35.053+0000] {standard_task_runner.py:55} INFO - Started process 1893 to run task
[2023-05-24T16:13:35.057+0000] {standard_task_runner.py:82} INFO - Running: ['***', 'tasks', 'run', 'refresh_token', 'fresh', 'manual__2023-05-23T17:54:32.171118+00:00', '--job-id', '114', '--raw', '--subdir', 'DAGS_FOLDER/refresh_token_DAG.py', '--cfg-path', '/tmp/tmp2zpjr0j6']
[2023-05-24T16:13:35.068+0000] {standard_task_runner.py:83} INFO - Job 114: Subtask fresh
[2023-05-24T16:13:35.286+0000] {task_command.py:388} INFO - Running <TaskInstance: refresh_token.fresh manual__2023-05-23T17:54:32.171118+00:00 [running]> on host 2fa3ade57007
[2023-05-24T16:13:35.513+0000] {taskinstance.py:1511} INFO - Exporting the following env vars:
AIRFLOW_CTX_DAG_OWNER=fox
AIRFLOW_CTX_DAG_ID=refresh_token
AIRFLOW_CTX_TASK_ID=fresh
AIRFLOW_CTX_EXECUTION_DATE=2023-05-23T17:54:32.171118+00:00
AIRFLOW_CTX_TRY_NUMBER=8
AIRFLOW_CTX_DAG_RUN_ID=manual__2023-05-23T17:54:32.171118+00:00
[2023-05-24T16:13:35.872+0000] {python.py:177} INFO - Done. Returned value was: BQC54qa2_RtBg4RYTnvHiZw7DQZzyVc4Mx4Z6UM-fhEvfgnsUefYTRH0pvhcT-3nU47PowGpTGwFDCI52VLQtwZlHyZ1BBsgXQxWp8cmq45T2UgnwE-a25Byzb4NCay5PFcnVk0ukYyFuEikFBwXNlyUOP7dYnr5ZGjuOG4NJk34twEsc8BGq8QtF2QfcPa3_l2qauS3YTgSpEY
[2023-05-24T16:13:35.926+0000] {taskinstance.py:1326} INFO - Marking task as SUCCESS. dag_id=refresh_token, task_id=fresh, execution_date=20230523T175432, start_date=20230524T161334, end_date=20230524T161335
[2023-05-24T16:13:35.966+0000] {local_task_job.py:212} INFO - Task exited with return code 0
[2023-05-24T16:13:36.024+0000] {taskinstance.py:2585} INFO - 1 downstream tasks scheduled from follow-on schedule check
