[2023-05-24T15:20:31.884+0000] {taskinstance.py:1084} INFO - Dependencies all met for dep_context=non-requeueable deps ti=<TaskInstance: refresh_token.fresh manual__2023-05-23T17:54:32.171118+00:00 [queued]>
[2023-05-24T15:20:31.915+0000] {taskinstance.py:1084} INFO - Dependencies all met for dep_context=requeueable deps ti=<TaskInstance: refresh_token.fresh manual__2023-05-23T17:54:32.171118+00:00 [queued]>
[2023-05-24T15:20:31.916+0000] {taskinstance.py:1282} INFO - 
--------------------------------------------------------------------------------
[2023-05-24T15:20:31.916+0000] {taskinstance.py:1283} INFO - Starting attempt 3 of 8
[2023-05-24T15:20:31.916+0000] {taskinstance.py:1284} INFO - 
--------------------------------------------------------------------------------
[2023-05-24T15:20:32.015+0000] {taskinstance.py:1303} INFO - Executing <Task(PythonOperator): fresh> on 2023-05-23 17:54:32.171118+00:00
[2023-05-24T15:20:32.027+0000] {standard_task_runner.py:55} INFO - Started process 387 to run task
[2023-05-24T15:20:32.037+0000] {standard_task_runner.py:82} INFO - Running: ['***', 'tasks', 'run', 'refresh_token', 'fresh', 'manual__2023-05-23T17:54:32.171118+00:00', '--job-id', '75', '--raw', '--subdir', 'DAGS_FOLDER/refresh_token_DAG.py', '--cfg-path', '/tmp/tmpzm7zc1bj']
[2023-05-24T15:20:32.077+0000] {standard_task_runner.py:83} INFO - Job 75: Subtask fresh
[2023-05-24T15:20:32.361+0000] {task_command.py:388} INFO - Running <TaskInstance: refresh_token.fresh manual__2023-05-23T17:54:32.171118+00:00 [running]> on host 2fa3ade57007
[2023-05-24T15:20:32.663+0000] {taskinstance.py:1511} INFO - Exporting the following env vars:
AIRFLOW_CTX_DAG_OWNER=fox
AIRFLOW_CTX_DAG_ID=refresh_token
AIRFLOW_CTX_TASK_ID=fresh
AIRFLOW_CTX_EXECUTION_DATE=2023-05-23T17:54:32.171118+00:00
AIRFLOW_CTX_TRY_NUMBER=3
AIRFLOW_CTX_DAG_RUN_ID=manual__2023-05-23T17:54:32.171118+00:00
[2023-05-24T15:20:33.148+0000] {python.py:177} INFO - Done. Returned value was: BQBLvOxWnWQjpG6u9gN8wwoIP3qe8nnQKfSCGUp14UmgNzFesNkBVGPoXyEyGq7OdcwoKKPwoubqkbtjRqFtWEY_P7vcPnA4_cNlP7Ct-2GPAJfeS_GM5OIynlU5ibg8Ptia50f7lWtZ6RnvJziuH4TWQvyx2TxpCKjkbmpGcAQKMowfslGH-LzIP6SvNeQZYbQjCytp37OOuEE
[2023-05-24T15:20:33.188+0000] {taskinstance.py:1326} INFO - Marking task as SUCCESS. dag_id=refresh_token, task_id=fresh, execution_date=20230523T175432, start_date=20230524T152031, end_date=20230524T152033
[2023-05-24T15:20:33.236+0000] {local_task_job.py:212} INFO - Task exited with return code 0
[2023-05-24T15:20:33.264+0000] {taskinstance.py:2585} INFO - 1 downstream tasks scheduled from follow-on schedule check
