[2023-05-24T16:02:01.474+0000] {taskinstance.py:1084} INFO - Dependencies all met for dep_context=non-requeueable deps ti=<TaskInstance: refresh_token.fresh manual__2023-05-23T17:54:32.171118+00:00 [queued]>
[2023-05-24T16:02:01.486+0000] {taskinstance.py:1084} INFO - Dependencies all met for dep_context=requeueable deps ti=<TaskInstance: refresh_token.fresh manual__2023-05-23T17:54:32.171118+00:00 [queued]>
[2023-05-24T16:02:01.486+0000] {taskinstance.py:1282} INFO - 
--------------------------------------------------------------------------------
[2023-05-24T16:02:01.486+0000] {taskinstance.py:1283} INFO - Starting attempt 7 of 12
[2023-05-24T16:02:01.487+0000] {taskinstance.py:1284} INFO - 
--------------------------------------------------------------------------------
[2023-05-24T16:02:01.509+0000] {taskinstance.py:1303} INFO - Executing <Task(PythonOperator): fresh> on 2023-05-23 17:54:32.171118+00:00
[2023-05-24T16:02:01.516+0000] {standard_task_runner.py:55} INFO - Started process 1552 to run task
[2023-05-24T16:02:01.519+0000] {standard_task_runner.py:82} INFO - Running: ['***', 'tasks', 'run', 'refresh_token', 'fresh', 'manual__2023-05-23T17:54:32.171118+00:00', '--job-id', '103', '--raw', '--subdir', 'DAGS_FOLDER/refresh_token_DAG.py', '--cfg-path', '/tmp/tmpejbl6syz']
[2023-05-24T16:02:01.521+0000] {standard_task_runner.py:83} INFO - Job 103: Subtask fresh
[2023-05-24T16:02:01.593+0000] {task_command.py:388} INFO - Running <TaskInstance: refresh_token.fresh manual__2023-05-23T17:54:32.171118+00:00 [running]> on host 2fa3ade57007
[2023-05-24T16:02:01.699+0000] {taskinstance.py:1511} INFO - Exporting the following env vars:
AIRFLOW_CTX_DAG_OWNER=fox
AIRFLOW_CTX_DAG_ID=refresh_token
AIRFLOW_CTX_TASK_ID=fresh
AIRFLOW_CTX_EXECUTION_DATE=2023-05-23T17:54:32.171118+00:00
AIRFLOW_CTX_TRY_NUMBER=7
AIRFLOW_CTX_DAG_RUN_ID=manual__2023-05-23T17:54:32.171118+00:00
[2023-05-24T16:02:09.248+0000] {python.py:177} INFO - Done. Returned value was: BQA3sch0MoJu0I8d0LxaPyLi8kG6-ZUz7r06d7QlXN9fHQyR_2NojVjwrdyPUzF6sfeEy9ZSiBUEecIac02fSGEV4lO37-cVD8D1ZkPHeU5XsFaD-J--sOWUxqahabBncWlfeSnza5YuVAzb-h73ZpnDjztuHTyU1Y1ojXOY3acdVRrwKPhNvEXvFoaR8n8OZjjxvpg4e1zHN4M
[2023-05-24T16:02:09.308+0000] {taskinstance.py:1326} INFO - Marking task as SUCCESS. dag_id=refresh_token, task_id=fresh, execution_date=20230523T175432, start_date=20230524T160201, end_date=20230524T160209
[2023-05-24T16:02:09.375+0000] {local_task_job.py:212} INFO - Task exited with return code 0
[2023-05-24T16:02:09.437+0000] {taskinstance.py:2585} INFO - 1 downstream tasks scheduled from follow-on schedule check
