[2023-05-24T16:36:14.625+0000] {taskinstance.py:1084} INFO - Dependencies all met for dep_context=non-requeueable deps ti=<TaskInstance: refresh_token.fresh manual__2023-05-23T17:54:32.171118+00:00 [queued]>
[2023-05-24T16:36:14.641+0000] {taskinstance.py:1084} INFO - Dependencies all met for dep_context=requeueable deps ti=<TaskInstance: refresh_token.fresh manual__2023-05-23T17:54:32.171118+00:00 [queued]>
[2023-05-24T16:36:14.641+0000] {taskinstance.py:1282} INFO - 
--------------------------------------------------------------------------------
[2023-05-24T16:36:14.641+0000] {taskinstance.py:1283} INFO - Starting attempt 12 of 17
[2023-05-24T16:36:14.642+0000] {taskinstance.py:1284} INFO - 
--------------------------------------------------------------------------------
[2023-05-24T16:36:14.665+0000] {taskinstance.py:1303} INFO - Executing <Task(PythonOperator): fresh> on 2023-05-23 17:54:32.171118+00:00
[2023-05-24T16:36:14.674+0000] {standard_task_runner.py:55} INFO - Started process 2525 to run task
[2023-05-24T16:36:14.677+0000] {standard_task_runner.py:82} INFO - Running: ['***', 'tasks', 'run', 'refresh_token', 'fresh', 'manual__2023-05-23T17:54:32.171118+00:00', '--job-id', '132', '--raw', '--subdir', 'DAGS_FOLDER/refresh_token_DAG.py', '--cfg-path', '/tmp/tmp1iywmu64']
[2023-05-24T16:36:14.680+0000] {standard_task_runner.py:83} INFO - Job 132: Subtask fresh
[2023-05-24T16:36:14.786+0000] {task_command.py:388} INFO - Running <TaskInstance: refresh_token.fresh manual__2023-05-23T17:54:32.171118+00:00 [running]> on host 2fa3ade57007
[2023-05-24T16:36:14.915+0000] {taskinstance.py:1511} INFO - Exporting the following env vars:
AIRFLOW_CTX_DAG_OWNER=fox
AIRFLOW_CTX_DAG_ID=refresh_token
AIRFLOW_CTX_TASK_ID=fresh
AIRFLOW_CTX_EXECUTION_DATE=2023-05-23T17:54:32.171118+00:00
AIRFLOW_CTX_TRY_NUMBER=12
AIRFLOW_CTX_DAG_RUN_ID=manual__2023-05-23T17:54:32.171118+00:00
[2023-05-24T16:36:15.313+0000] {python.py:177} INFO - Done. Returned value was: BQASrkZf0NnZeK23DpGXchbiLQkPA8rfq0Mqy3gnuj0iNgL7dP5bgU4gC2cGRtVwi9jPuH4wmXzMloSv51u7u6oZ8OWfWEoYhbi4JZZ6KMPfVy2KVvdY0Vsv8orsAxXLxTPe72xQ3ULH2ri9Vrz9zcecdAHRfdYCx1drALZiaCVMmLe5ByXeQ1R8u9lNIysByfgO_XjP05lM40M
[2023-05-24T16:36:15.351+0000] {taskinstance.py:1326} INFO - Marking task as SUCCESS. dag_id=refresh_token, task_id=fresh, execution_date=20230523T175432, start_date=20230524T163614, end_date=20230524T163615
[2023-05-24T16:36:15.415+0000] {local_task_job.py:212} INFO - Task exited with return code 0
[2023-05-24T16:36:15.462+0000] {taskinstance.py:2585} INFO - 0 downstream tasks scheduled from follow-on schedule check
