[2023-05-24T16:25:27.443+0000] {taskinstance.py:1084} INFO - Dependencies all met for dep_context=non-requeueable deps ti=<TaskInstance: refresh_token.fresh manual__2023-05-23T17:54:32.171118+00:00 [queued]>
[2023-05-24T16:25:27.457+0000] {taskinstance.py:1084} INFO - Dependencies all met for dep_context=requeueable deps ti=<TaskInstance: refresh_token.fresh manual__2023-05-23T17:54:32.171118+00:00 [queued]>
[2023-05-24T16:25:27.457+0000] {taskinstance.py:1282} INFO - 
--------------------------------------------------------------------------------
[2023-05-24T16:25:27.458+0000] {taskinstance.py:1283} INFO - Starting attempt 11 of 16
[2023-05-24T16:25:27.458+0000] {taskinstance.py:1284} INFO - 
--------------------------------------------------------------------------------
[2023-05-24T16:25:27.476+0000] {taskinstance.py:1303} INFO - Executing <Task(PythonOperator): fresh> on 2023-05-23 17:54:32.171118+00:00
[2023-05-24T16:25:27.483+0000] {standard_task_runner.py:55} INFO - Started process 2230 to run task
[2023-05-24T16:25:27.486+0000] {standard_task_runner.py:82} INFO - Running: ['***', 'tasks', 'run', 'refresh_token', 'fresh', 'manual__2023-05-23T17:54:32.171118+00:00', '--job-id', '125', '--raw', '--subdir', 'DAGS_FOLDER/refresh_token_DAG.py', '--cfg-path', '/tmp/tmpn5wj0njr']
[2023-05-24T16:25:27.487+0000] {standard_task_runner.py:83} INFO - Job 125: Subtask fresh
[2023-05-24T16:25:27.566+0000] {task_command.py:388} INFO - Running <TaskInstance: refresh_token.fresh manual__2023-05-23T17:54:32.171118+00:00 [running]> on host 2fa3ade57007
[2023-05-24T16:25:27.675+0000] {taskinstance.py:1511} INFO - Exporting the following env vars:
AIRFLOW_CTX_DAG_OWNER=fox
AIRFLOW_CTX_DAG_ID=refresh_token
AIRFLOW_CTX_TASK_ID=fresh
AIRFLOW_CTX_EXECUTION_DATE=2023-05-23T17:54:32.171118+00:00
AIRFLOW_CTX_TRY_NUMBER=11
AIRFLOW_CTX_DAG_RUN_ID=manual__2023-05-23T17:54:32.171118+00:00
[2023-05-24T16:25:28.203+0000] {python.py:177} INFO - Done. Returned value was: BQCUtKa0gv-C71xjCNvKSDlJDQ2iB2DV9eiQe8uPKyFKtbHsTaCSgWS6BlClN2oXw-xFdZGQOj59SReam54oYC9kcbx_OUVw6JrGejext4rTKRChYuO9_xyfdi-592lQPf480h25HHwe1E3e76NL95c8NMUbqJV3y57kQyygXBBbgzTOFS5Q_AFVhzTh0d5VMSgKmeU3cDVaCOQ
[2023-05-24T16:25:28.241+0000] {taskinstance.py:1326} INFO - Marking task as SUCCESS. dag_id=refresh_token, task_id=fresh, execution_date=20230523T175432, start_date=20230524T162527, end_date=20230524T162528
[2023-05-24T16:25:28.301+0000] {local_task_job.py:212} INFO - Task exited with return code 0
[2023-05-24T16:25:28.331+0000] {taskinstance.py:2585} INFO - 1 downstream tasks scheduled from follow-on schedule check
