[2023-05-24T15:28:19.150+0000] {taskinstance.py:1084} INFO - Dependencies all met for dep_context=non-requeueable deps ti=<TaskInstance: refresh_token.fresh manual__2023-05-23T17:54:32.171118+00:00 [queued]>
[2023-05-24T15:28:19.163+0000] {taskinstance.py:1084} INFO - Dependencies all met for dep_context=requeueable deps ti=<TaskInstance: refresh_token.fresh manual__2023-05-23T17:54:32.171118+00:00 [queued]>
[2023-05-24T15:28:19.163+0000] {taskinstance.py:1282} INFO - 
--------------------------------------------------------------------------------
[2023-05-24T15:28:19.163+0000] {taskinstance.py:1283} INFO - Starting attempt 5 of 10
[2023-05-24T15:28:19.163+0000] {taskinstance.py:1284} INFO - 
--------------------------------------------------------------------------------
[2023-05-24T15:28:19.185+0000] {taskinstance.py:1303} INFO - Executing <Task(PythonOperator): fresh> on 2023-05-23 17:54:32.171118+00:00
[2023-05-24T15:28:19.194+0000] {standard_task_runner.py:55} INFO - Started process 614 to run task
[2023-05-24T15:28:19.198+0000] {standard_task_runner.py:82} INFO - Running: ['***', 'tasks', 'run', 'refresh_token', 'fresh', 'manual__2023-05-23T17:54:32.171118+00:00', '--job-id', '85', '--raw', '--subdir', 'DAGS_FOLDER/refresh_token_DAG.py', '--cfg-path', '/tmp/tmpskxozgz8']
[2023-05-24T15:28:19.201+0000] {standard_task_runner.py:83} INFO - Job 85: Subtask fresh
[2023-05-24T15:28:19.278+0000] {task_command.py:388} INFO - Running <TaskInstance: refresh_token.fresh manual__2023-05-23T17:54:32.171118+00:00 [running]> on host 2fa3ade57007
[2023-05-24T15:28:19.368+0000] {taskinstance.py:1511} INFO - Exporting the following env vars:
AIRFLOW_CTX_DAG_OWNER=fox
AIRFLOW_CTX_DAG_ID=refresh_token
AIRFLOW_CTX_TASK_ID=fresh
AIRFLOW_CTX_EXECUTION_DATE=2023-05-23T17:54:32.171118+00:00
AIRFLOW_CTX_TRY_NUMBER=5
AIRFLOW_CTX_DAG_RUN_ID=manual__2023-05-23T17:54:32.171118+00:00
[2023-05-24T15:28:19.599+0000] {python.py:177} INFO - Done. Returned value was: BQDfSWW6gX8RS7mhheuPcJrIu5N2h0VdYHnF7CeP1hTXj22DtcTEdZoR7yhzLzG6n5dXIF2ZiokQ5yqtl2Pg3Euodnw422XbHHnn9ogod5JtGFhRLZ2jRZ3UzDJiE227G1XttwfWucipBKZq0-UNhIFxs9LoCJTAJ9UbIcGnGSxvJx1RwDO6xgWP9K3XR6CFez05BOuxyK7cyoQ
[2023-05-24T15:28:19.635+0000] {taskinstance.py:1326} INFO - Marking task as SUCCESS. dag_id=refresh_token, task_id=fresh, execution_date=20230523T175432, start_date=20230524T152819, end_date=20230524T152819
[2023-05-24T15:28:19.691+0000] {local_task_job.py:212} INFO - Task exited with return code 0
[2023-05-24T15:28:19.722+0000] {taskinstance.py:2585} INFO - 1 downstream tasks scheduled from follow-on schedule check
