[2023-05-24T15:42:06.543+0000] {taskinstance.py:1084} INFO - Dependencies all met for dep_context=non-requeueable deps ti=<TaskInstance: refresh_token.fresh manual__2023-05-23T17:54:32.171118+00:00 [queued]>
[2023-05-24T15:42:06.563+0000] {taskinstance.py:1084} INFO - Dependencies all met for dep_context=requeueable deps ti=<TaskInstance: refresh_token.fresh manual__2023-05-23T17:54:32.171118+00:00 [queued]>
[2023-05-24T15:42:06.563+0000] {taskinstance.py:1282} INFO - 
--------------------------------------------------------------------------------
[2023-05-24T15:42:06.564+0000] {taskinstance.py:1283} INFO - Starting attempt 6 of 11
[2023-05-24T15:42:06.565+0000] {taskinstance.py:1284} INFO - 
--------------------------------------------------------------------------------
[2023-05-24T15:42:06.617+0000] {taskinstance.py:1303} INFO - Executing <Task(PythonOperator): fresh> on 2023-05-23 17:54:32.171118+00:00
[2023-05-24T15:42:06.633+0000] {standard_task_runner.py:55} INFO - Started process 990 to run task
[2023-05-24T15:42:06.641+0000] {standard_task_runner.py:82} INFO - Running: ['***', 'tasks', 'run', 'refresh_token', 'fresh', 'manual__2023-05-23T17:54:32.171118+00:00', '--job-id', '92', '--raw', '--subdir', 'DAGS_FOLDER/refresh_token_DAG.py', '--cfg-path', '/tmp/tmpy5a0rtc9']
[2023-05-24T15:42:06.651+0000] {standard_task_runner.py:83} INFO - Job 92: Subtask fresh
[2023-05-24T15:42:06.792+0000] {task_command.py:388} INFO - Running <TaskInstance: refresh_token.fresh manual__2023-05-23T17:54:32.171118+00:00 [running]> on host 2fa3ade57007
[2023-05-24T15:42:06.963+0000] {taskinstance.py:1511} INFO - Exporting the following env vars:
AIRFLOW_CTX_DAG_OWNER=fox
AIRFLOW_CTX_DAG_ID=refresh_token
AIRFLOW_CTX_TASK_ID=fresh
AIRFLOW_CTX_EXECUTION_DATE=2023-05-23T17:54:32.171118+00:00
AIRFLOW_CTX_TRY_NUMBER=6
AIRFLOW_CTX_DAG_RUN_ID=manual__2023-05-23T17:54:32.171118+00:00
[2023-05-24T15:42:07.364+0000] {python.py:177} INFO - Done. Returned value was: BQDXKmOGLKMZbYsc9L9usczvT4ZdUafUFhNTuOrtObPPAkNXlCJqIKXit9j4T0LEv8kvf6xrlTbAcCZI_mkwmJXoF1mqkvz3rUYzIsRgp-45BHuRcUDuQjpTZy3_BawHS6A1w3x_dgrpCIibWDjw3owb0aqlds7F3MFWrzIyqverX-6UYW5flEeqm6yZJoXdj8yRTTeQfc-Cs5g
[2023-05-24T15:42:07.454+0000] {taskinstance.py:1326} INFO - Marking task as SUCCESS. dag_id=refresh_token, task_id=fresh, execution_date=20230523T175432, start_date=20230524T154206, end_date=20230524T154207
[2023-05-24T15:42:07.544+0000] {local_task_job.py:212} INFO - Task exited with return code 0
[2023-05-24T15:42:07.634+0000] {taskinstance.py:2585} INFO - 1 downstream tasks scheduled from follow-on schedule check
