[2023-05-28T17:00:05.650+0000] {taskinstance.py:1084} INFO - Dependencies all met for dep_context=non-requeueable deps ti=<TaskInstance: ETL.add_data_in_database scheduled__2023-05-27T17:00:00+00:00 [queued]>
[2023-05-28T17:00:05.663+0000] {taskinstance.py:1084} INFO - Dependencies all met for dep_context=requeueable deps ti=<TaskInstance: ETL.add_data_in_database scheduled__2023-05-27T17:00:00+00:00 [queued]>
[2023-05-28T17:00:05.663+0000] {taskinstance.py:1282} INFO - 
--------------------------------------------------------------------------------
[2023-05-28T17:00:05.663+0000] {taskinstance.py:1283} INFO - Starting attempt 1 of 6
[2023-05-28T17:00:05.663+0000] {taskinstance.py:1284} INFO - 
--------------------------------------------------------------------------------
[2023-05-28T17:00:05.681+0000] {taskinstance.py:1303} INFO - Executing <Task(PostgresOperator): add_data_in_database> on 2023-05-27 17:00:00+00:00
[2023-05-28T17:00:05.686+0000] {standard_task_runner.py:55} INFO - Started process 18859 to run task
[2023-05-28T17:00:05.691+0000] {standard_task_runner.py:82} INFO - Running: ['***', 'tasks', 'run', 'ETL', 'add_data_in_database', 'scheduled__2023-05-27T17:00:00+00:00', '--job-id', '394', '--raw', '--subdir', 'DAGS_FOLDER/ETL_spotify_DAG.py', '--cfg-path', '/tmp/tmp2h1ti603']
[2023-05-28T17:00:05.693+0000] {standard_task_runner.py:83} INFO - Job 394: Subtask add_data_in_database
[2023-05-28T17:00:05.773+0000] {task_command.py:388} INFO - Running <TaskInstance: ETL.add_data_in_database scheduled__2023-05-27T17:00:00+00:00 [running]> on host 05172cfd5782
[2023-05-28T17:00:06.219+0000] {taskinstance.py:1511} INFO - Exporting the following env vars:
AIRFLOW_CTX_DAG_OWNER=fox
AIRFLOW_CTX_DAG_ID=ETL
AIRFLOW_CTX_TASK_ID=add_data_in_database
AIRFLOW_CTX_EXECUTION_DATE=2023-05-27T17:00:00+00:00
AIRFLOW_CTX_TRY_NUMBER=1
AIRFLOW_CTX_DAG_RUN_ID=scheduled__2023-05-27T17:00:00+00:00
[2023-05-28T17:00:06.220+0000] {sql.py:254} INFO - Executing: 
            insert into spotify_data (played_at, artist, name_track, timestamps) values 
            ('2023-05-28T08:51:34.664Z',
            'Linkin Park',
            'In the End',
            '2023-05-28'
            );
            insert into spotify_data (played_at, artist, name_track, timestamps) values 
            ('2023-05-28T08:47:57.466Z',
            'Airbourne',
            'Runnin* Wild',
            '2023-05-28'
            );
            insert into spotify_data (played_at, artist, name_track, timestamps) values 
            ('2023-05-28T08:44:14.762Z',
            'Bullet For My Valentine',
            'Your Betrayal',
            '2023-05-28'
            );
            insert into spotify_data (played_at, artist, name_track, timestamps) values 
            ('2023-05-28T08:39:22.747Z',
            'Parkway Drive',
            'A Deathless Song (feat. Jenna McDougall)',
            '2023-05-28'
            );
            insert into spotify_data (played_at, artist, name_track, timestamps) values 
            ('2023-05-28T08:35:21.415Z',
            'Sabaton',
            'Resist and Bite',
            '2023-05-28'
            );
            insert into spotify_data (played_at, artist, name_track, timestamps) values 
            ('2023-05-28T08:31:54.031Z',
            'Ashes Remain',
            'End of Me',
            '2023-05-28'
            );
            insert into spotify_data (played_at, artist, name_track, timestamps) values 
            ('2023-05-28T08:29:03.072Z',
            'Suicide Silence',
            'Unanswered',
            '2023-05-28'
            );
            insert into spotify_data (played_at, artist, name_track, timestamps) values 
            ('2023-05-28T08:26:46.767Z',
            'Three Days Grace',
            'Animal I Have Become',
            '2023-05-28'
            );
            insert into spotify_data (played_at, artist, name_track, timestamps) values 
            ('2023-05-28T08:22:54.753Z',
            'System Of A Down',
            'Toxicity',
            '2023-05-28'
            );
            insert into spotify_data (played_at, artist, name_track, timestamps) values 
            ('2023-05-28T08:19:15.467Z',
            'Saliva',
            'They Don*t Care About Us',
            '2023-05-28'
            )
            
[2023-05-28T17:00:06.230+0000] {base.py:73} INFO - Using connection ID 'postgres_localhost' for task execution.
[2023-05-28T17:00:06.507+0000] {base.py:73} INFO - Using connection ID 'postgres_localhost' for task execution.
[2023-05-28T17:00:06.511+0000] {sql.py:375} INFO - Running statement: 
            insert into spotify_data (played_at, artist, name_track, timestamps) values 
            ('2023-05-28T08:51:34.664Z',
            'Linkin Park',
            'In the End',
            '2023-05-28'
            );
            insert into spotify_data (played_at, artist, name_track, timestamps) values 
            ('2023-05-28T08:47:57.466Z',
            'Airbourne',
            'Runnin* Wild',
            '2023-05-28'
            );
            insert into spotify_data (played_at, artist, name_track, timestamps) values 
            ('2023-05-28T08:44:14.762Z',
            'Bullet For My Valentine',
            'Your Betrayal',
            '2023-05-28'
            );
            insert into spotify_data (played_at, artist, name_track, timestamps) values 
            ('2023-05-28T08:39:22.747Z',
            'Parkway Drive',
            'A Deathless Song (feat. Jenna McDougall)',
            '2023-05-28'
            );
            insert into spotify_data (played_at, artist, name_track, timestamps) values 
            ('2023-05-28T08:35:21.415Z',
            'Sabaton',
            'Resist and Bite',
            '2023-05-28'
            );
            insert into spotify_data (played_at, artist, name_track, timestamps) values 
            ('2023-05-28T08:31:54.031Z',
            'Ashes Remain',
            'End of Me',
            '2023-05-28'
            );
            insert into spotify_data (played_at, artist, name_track, timestamps) values 
            ('2023-05-28T08:29:03.072Z',
            'Suicide Silence',
            'Unanswered',
            '2023-05-28'
            );
            insert into spotify_data (played_at, artist, name_track, timestamps) values 
            ('2023-05-28T08:26:46.767Z',
            'Three Days Grace',
            'Animal I Have Become',
            '2023-05-28'
            );
            insert into spotify_data (played_at, artist, name_track, timestamps) values 
            ('2023-05-28T08:22:54.753Z',
            'System Of A Down',
            'Toxicity',
            '2023-05-28'
            );
            insert into spotify_data (played_at, artist, name_track, timestamps) values 
            ('2023-05-28T08:19:15.467Z',
            'Saliva',
            'They Don*t Care About Us',
            '2023-05-28'
            )
            , parameters: None
[2023-05-28T17:00:06.512+0000] {sql.py:384} INFO - Rows affected: 1
[2023-05-28T17:00:06.529+0000] {taskinstance.py:1326} INFO - Marking task as SUCCESS. dag_id=ETL, task_id=add_data_in_database, execution_date=20230527T170000, start_date=20230528T170005, end_date=20230528T170006
[2023-05-28T17:00:06.590+0000] {local_task_job.py:212} INFO - Task exited with return code 0
[2023-05-28T17:00:06.631+0000] {taskinstance.py:2585} INFO - 0 downstream tasks scheduled from follow-on schedule check
