[2023-05-31T09:02:45.422+0000] {taskinstance.py:1084} INFO - Dependencies all met for dep_context=non-requeueable deps ti=<TaskInstance: ETL.refresh_token scheduled__2023-05-29T17:00:00+00:00 [queued]>
[2023-05-31T09:02:45.489+0000] {taskinstance.py:1084} INFO - Dependencies all met for dep_context=requeueable deps ti=<TaskInstance: ETL.refresh_token scheduled__2023-05-29T17:00:00+00:00 [queued]>
[2023-05-31T09:02:45.489+0000] {taskinstance.py:1282} INFO - 
--------------------------------------------------------------------------------
[2023-05-31T09:02:45.489+0000] {taskinstance.py:1283} INFO - Starting attempt 2 of 6
[2023-05-31T09:02:45.489+0000] {taskinstance.py:1284} INFO - 
--------------------------------------------------------------------------------
[2023-05-31T09:02:45.539+0000] {taskinstance.py:1303} INFO - Executing <Task(PythonOperator): refresh_token> on 2023-05-29 17:00:00+00:00
[2023-05-31T09:02:45.555+0000] {standard_task_runner.py:55} INFO - Started process 98676 to run task
[2023-05-31T09:02:45.573+0000] {standard_task_runner.py:82} INFO - Running: ['***', 'tasks', 'run', 'ETL', 'refresh_token', 'scheduled__2023-05-29T17:00:00+00:00', '--job-id', '403', '--raw', '--subdir', 'DAGS_FOLDER/ETL_spotify_DAG.py', '--cfg-path', '/tmp/tmp7opec762']
[2023-05-31T09:02:45.574+0000] {standard_task_runner.py:83} INFO - Job 403: Subtask refresh_token
[2023-05-31T09:02:45.759+0000] {task_command.py:388} INFO - Running <TaskInstance: ETL.refresh_token scheduled__2023-05-29T17:00:00+00:00 [running]> on host 05172cfd5782
[2023-05-31T09:02:45.940+0000] {taskinstance.py:1511} INFO - Exporting the following env vars:
AIRFLOW_CTX_DAG_OWNER=fox
AIRFLOW_CTX_DAG_ID=ETL
AIRFLOW_CTX_TASK_ID=refresh_token
AIRFLOW_CTX_EXECUTION_DATE=2023-05-29T17:00:00+00:00
AIRFLOW_CTX_TRY_NUMBER=2
AIRFLOW_CTX_DAG_RUN_ID=scheduled__2023-05-29T17:00:00+00:00
[2023-05-31T09:02:46.199+0000] {python.py:177} INFO - Done. Returned value was: BQBu3DvUa1Ruhc1KAn3goH58SqG8aZapvoDWd-XusmhO2enQ20gFt1kNLTqfgX6ELH-Uw_jDYt6u4ueuuoJ4v2YN9ank0sKkoikBvRWeyQ2FYMRNZBg6tX71hF6e2zfL4cWl8hUgHZsFUciZTQ1S5TDWuW6W58YhxiRTgaLrz3k53rIXHF2ijKgAUzyzipdUoyDFEJnqQEOVmbs
[2023-05-31T09:02:46.268+0000] {taskinstance.py:1326} INFO - Marking task as SUCCESS. dag_id=ETL, task_id=refresh_token, execution_date=20230529T170000, start_date=20230531T090245, end_date=20230531T090246
[2023-05-31T09:02:46.369+0000] {local_task_job.py:212} INFO - Task exited with return code 0
[2023-05-31T09:02:46.448+0000] {taskinstance.py:2585} INFO - 1 downstream tasks scheduled from follow-on schedule check
