[2023-06-06T12:56:31.913+0000] {taskinstance.py:1084} INFO - Dependencies all met for dep_context=non-requeueable deps ti=<TaskInstance: weather.add_data_in_weather scheduled__2023-06-06T09:01:00+00:00 [queued]>
[2023-06-06T12:56:31.945+0000] {taskinstance.py:1084} INFO - Dependencies all met for dep_context=requeueable deps ti=<TaskInstance: weather.add_data_in_weather scheduled__2023-06-06T09:01:00+00:00 [queued]>
[2023-06-06T12:56:31.945+0000] {taskinstance.py:1282} INFO - 
--------------------------------------------------------------------------------
[2023-06-06T12:56:31.945+0000] {taskinstance.py:1283} INFO - Starting attempt 1 of 6
[2023-06-06T12:56:31.946+0000] {taskinstance.py:1284} INFO - 
--------------------------------------------------------------------------------
[2023-06-06T12:56:31.987+0000] {taskinstance.py:1303} INFO - Executing <Task(PostgresOperator): add_data_in_weather> on 2023-06-06 09:01:00+00:00
[2023-06-06T12:56:32.004+0000] {standard_task_runner.py:55} INFO - Started process 13493 to run task
[2023-06-06T12:56:32.017+0000] {standard_task_runner.py:82} INFO - Running: ['***', 'tasks', 'run', 'weather', 'add_data_in_weather', 'scheduled__2023-06-06T09:01:00+00:00', '--job-id', '902', '--raw', '--subdir', 'DAGS_FOLDER/weather_DAG.py', '--cfg-path', '/tmp/tmpk2h0umms']
[2023-06-06T12:56:32.030+0000] {standard_task_runner.py:83} INFO - Job 902: Subtask add_data_in_weather
[2023-06-06T12:56:32.227+0000] {task_command.py:388} INFO - Running <TaskInstance: weather.add_data_in_weather scheduled__2023-06-06T09:01:00+00:00 [running]> on host 05172cfd5782
[2023-06-06T12:56:32.852+0000] {taskinstance.py:1511} INFO - Exporting the following env vars:
AIRFLOW_CTX_DAG_OWNER=fox
AIRFLOW_CTX_DAG_ID=weather
AIRFLOW_CTX_TASK_ID=add_data_in_weather
AIRFLOW_CTX_EXECUTION_DATE=2023-06-06T09:01:00+00:00
AIRFLOW_CTX_TRY_NUMBER=1
AIRFLOW_CTX_DAG_RUN_ID=scheduled__2023-06-06T09:01:00+00:00
[2023-06-06T12:56:32.853+0000] {sql.py:254} INFO - Executing: 
            insert into weather_data (date, current_temperature, feels_like, sky, chance_of_precipitation, wind, 
            pressure, uv_index, humidity, precipitation, timestamps) values 
            ('2023-06-06T14:56:14+02:00',
            '+21째',
            '+23째C',
            'Overcast, light rain',
            '30',
            '2',
            '739',
            '9/12',
            '60',
            '0.22',
            '2023-06-06'
            )
            
[2023-06-06T12:56:32.880+0000] {base.py:73} INFO - Using connection ID 'postgres_localhost' for task execution.
[2023-06-06T12:56:34.133+0000] {base.py:73} INFO - Using connection ID 'postgres_localhost' for task execution.
[2023-06-06T12:56:34.139+0000] {sql.py:375} INFO - Running statement: 
            insert into weather_data (date, current_temperature, feels_like, sky, chance_of_precipitation, wind, 
            pressure, uv_index, humidity, precipitation, timestamps) values 
            ('2023-06-06T14:56:14+02:00',
            '+21째',
            '+23째C',
            'Overcast, light rain',
            '30',
            '2',
            '739',
            '9/12',
            '60',
            '0.22',
            '2023-06-06'
            )
            , parameters: None
[2023-06-06T12:56:34.140+0000] {sql.py:384} INFO - Rows affected: 1
[2023-06-06T12:56:34.157+0000] {taskinstance.py:1326} INFO - Marking task as SUCCESS. dag_id=weather, task_id=add_data_in_weather, execution_date=20230606T090100, start_date=20230606T125631, end_date=20230606T125634
[2023-06-06T12:56:34.196+0000] {local_task_job.py:212} INFO - Task exited with return code 0
[2023-06-06T12:56:34.221+0000] {taskinstance.py:2585} INFO - 0 downstream tasks scheduled from follow-on schedule check
