[2023-06-05T17:48:24.632+0000] {taskinstance.py:1084} INFO - Dependencies all met for dep_context=non-requeueable deps ti=<TaskInstance: weather.create_table_weather manual__2023-06-05T17:34:13.051641+00:00 [queued]>
[2023-06-05T17:48:24.646+0000] {taskinstance.py:1084} INFO - Dependencies all met for dep_context=requeueable deps ti=<TaskInstance: weather.create_table_weather manual__2023-06-05T17:34:13.051641+00:00 [queued]>
[2023-06-05T17:48:24.646+0000] {taskinstance.py:1282} INFO - 
--------------------------------------------------------------------------------
[2023-06-05T17:48:24.647+0000] {taskinstance.py:1283} INFO - Starting attempt 3 of 8
[2023-06-05T17:48:24.647+0000] {taskinstance.py:1284} INFO - 
--------------------------------------------------------------------------------
[2023-06-05T17:48:24.669+0000] {taskinstance.py:1303} INFO - Executing <Task(PostgresOperator): create_table_weather> on 2023-06-05 17:34:13.051641+00:00
[2023-06-05T17:48:24.678+0000] {standard_task_runner.py:55} INFO - Started process 11850 to run task
[2023-06-05T17:48:24.681+0000] {standard_task_runner.py:82} INFO - Running: ['***', 'tasks', 'run', 'weather', 'create_table_weather', 'manual__2023-06-05T17:34:13.051641+00:00', '--job-id', '631', '--raw', '--subdir', 'DAGS_FOLDER/weather_DAG.py', '--cfg-path', '/tmp/tmpyj4156xr']
[2023-06-05T17:48:24.683+0000] {standard_task_runner.py:83} INFO - Job 631: Subtask create_table_weather
[2023-06-05T17:48:24.779+0000] {task_command.py:388} INFO - Running <TaskInstance: weather.create_table_weather manual__2023-06-05T17:34:13.051641+00:00 [running]> on host 05172cfd5782
[2023-06-05T17:48:24.867+0000] {taskinstance.py:1511} INFO - Exporting the following env vars:
AIRFLOW_CTX_DAG_OWNER=fox
AIRFLOW_CTX_DAG_ID=weather
AIRFLOW_CTX_TASK_ID=create_table_weather
AIRFLOW_CTX_EXECUTION_DATE=2023-06-05T17:34:13.051641+00:00
AIRFLOW_CTX_TRY_NUMBER=3
AIRFLOW_CTX_DAG_RUN_ID=manual__2023-06-05T17:34:13.051641+00:00
[2023-06-05T17:48:24.868+0000] {sql.py:254} INFO - Executing: 
                CREATE TABLE IF NOT EXISTS weather_data (
                    date VARCHAR(200),
                    current_temperature VARCHAR(200),
                    feels_like VARCHAR(200),
                    sky VARCHAR(200),
                    chance_of_precipitation VARCHAR(200),
                    wind VARCHAR(200), 
                    pressure VARCHAR(200), 
                    uv_index VARCHAR(200), 
                    humidity VARCHAR(200), 
                    precipitation VARCHAR(200)
            )
            
[2023-06-05T17:48:24.880+0000] {base.py:73} INFO - Using connection ID 'postgres_localhost' for task execution.
[2023-06-05T17:48:25.170+0000] {base.py:73} INFO - Using connection ID 'postgres_localhost' for task execution.
[2023-06-05T17:48:25.173+0000] {sql.py:375} INFO - Running statement: 
                CREATE TABLE IF NOT EXISTS weather_data (
                    date VARCHAR(200),
                    current_temperature VARCHAR(200),
                    feels_like VARCHAR(200),
                    sky VARCHAR(200),
                    chance_of_precipitation VARCHAR(200),
                    wind VARCHAR(200), 
                    pressure VARCHAR(200), 
                    uv_index VARCHAR(200), 
                    humidity VARCHAR(200), 
                    precipitation VARCHAR(200)
            )
            , parameters: None
[2023-06-05T17:48:25.189+0000] {taskinstance.py:1326} INFO - Marking task as SUCCESS. dag_id=weather, task_id=create_table_weather, execution_date=20230605T173413, start_date=20230605T174824, end_date=20230605T174825
[2023-06-05T17:48:25.218+0000] {local_task_job.py:212} INFO - Task exited with return code 0
[2023-06-05T17:48:25.251+0000] {taskinstance.py:2585} INFO - 1 downstream tasks scheduled from follow-on schedule check
