[2023-05-25T16:34:30.121+0000] {taskinstance.py:1084} INFO - Dependencies all met for dep_context=non-requeueable deps ti=<TaskInstance: ETL.load_date manual__2023-05-24T17:09:20.161548+00:00 [queued]>
[2023-05-25T16:34:30.160+0000] {taskinstance.py:1084} INFO - Dependencies all met for dep_context=requeueable deps ti=<TaskInstance: ETL.load_date manual__2023-05-24T17:09:20.161548+00:00 [queued]>
[2023-05-25T16:34:30.161+0000] {taskinstance.py:1282} INFO - 
--------------------------------------------------------------------------------
[2023-05-25T16:34:30.162+0000] {taskinstance.py:1283} INFO - Starting attempt 15 of 20
[2023-05-25T16:34:30.162+0000] {taskinstance.py:1284} INFO - 
--------------------------------------------------------------------------------
[2023-05-25T16:34:30.202+0000] {taskinstance.py:1303} INFO - Executing <Task(PythonOperator): load_date> on 2023-05-24 17:09:20.161548+00:00
[2023-05-25T16:34:30.211+0000] {standard_task_runner.py:55} INFO - Started process 2163 to run task
[2023-05-25T16:34:30.215+0000] {standard_task_runner.py:82} INFO - Running: ['***', 'tasks', 'run', 'ETL', 'load_date', 'manual__2023-05-24T17:09:20.161548+00:00', '--job-id', '197', '--raw', '--subdir', 'DAGS_FOLDER/refresh_token_DAG.py', '--cfg-path', '/tmp/tmp7z0n9dzq']
[2023-05-25T16:34:30.217+0000] {standard_task_runner.py:83} INFO - Job 197: Subtask load_date
[2023-05-25T16:34:30.468+0000] {task_command.py:388} INFO - Running <TaskInstance: ETL.load_date manual__2023-05-24T17:09:20.161548+00:00 [running]> on host 2fa3ade57007
[2023-05-25T16:34:30.590+0000] {taskinstance.py:1511} INFO - Exporting the following env vars:
AIRFLOW_CTX_DAG_OWNER=fox
AIRFLOW_CTX_DAG_ID=ETL
AIRFLOW_CTX_TASK_ID=load_date
AIRFLOW_CTX_EXECUTION_DATE=2023-05-24T17:09:20.161548+00:00
AIRFLOW_CTX_TRY_NUMBER=15
AIRFLOW_CTX_DAG_RUN_ID=manual__2023-05-24T17:09:20.161548+00:00
[2023-05-25T16:34:30.883+0000] {taskinstance.py:1775} ERROR - Task failed with exception
Traceback (most recent call last):
  File "/home/airflow/.local/lib/python3.7/site-packages/airflow/operators/python.py", line 175, in execute
    return_value = self.execute_callable()
  File "/home/airflow/.local/lib/python3.7/site-packages/airflow/operators/python.py", line 192, in execute_callable
    return self.python_callable(*self.op_args, **self.op_kwargs)
  File "/opt/airflow/dags/Spotify_ETL.py", line 52, in run_spotify_etl
    for song in resource['items']:
KeyError: 'items'
[2023-05-25T16:34:30.908+0000] {taskinstance.py:1326} INFO - Marking task as UP_FOR_RETRY. dag_id=ETL, task_id=load_date, execution_date=20230524T170920, start_date=20230525T163430, end_date=20230525T163430
[2023-05-25T16:34:30.934+0000] {standard_task_runner.py:105} ERROR - Failed to execute job 197 for task load_date ('items'; 2163)
[2023-05-25T16:34:30.966+0000] {local_task_job.py:212} INFO - Task exited with return code 1
[2023-05-25T16:34:31.187+0000] {taskinstance.py:2585} INFO - 0 downstream tasks scheduled from follow-on schedule check
