[2023-05-25T15:34:48.082+0000] {taskinstance.py:1084} INFO - Dependencies all met for dep_context=non-requeueable deps ti=<TaskInstance: ETL.load_date manual__2023-05-24T17:09:20.161548+00:00 [queued]>
[2023-05-25T15:34:48.120+0000] {taskinstance.py:1084} INFO - Dependencies all met for dep_context=requeueable deps ti=<TaskInstance: ETL.load_date manual__2023-05-24T17:09:20.161548+00:00 [queued]>
[2023-05-25T15:34:48.121+0000] {taskinstance.py:1282} INFO - 
--------------------------------------------------------------------------------
[2023-05-25T15:34:48.121+0000] {taskinstance.py:1283} INFO - Starting attempt 5 of 10
[2023-05-25T15:34:48.121+0000] {taskinstance.py:1284} INFO - 
--------------------------------------------------------------------------------
[2023-05-25T15:34:48.179+0000] {taskinstance.py:1303} INFO - Executing <Task(PythonOperator): load_date> on 2023-05-24 17:09:20.161548+00:00
[2023-05-25T15:34:48.186+0000] {standard_task_runner.py:55} INFO - Started process 621 to run task
[2023-05-25T15:34:48.192+0000] {standard_task_runner.py:82} INFO - Running: ['***', 'tasks', 'run', 'ETL', 'load_date', 'manual__2023-05-24T17:09:20.161548+00:00', '--job-id', '187', '--raw', '--subdir', 'DAGS_FOLDER/refresh_token_DAG.py', '--cfg-path', '/tmp/tmpxd8j25pw']
[2023-05-25T15:34:48.195+0000] {standard_task_runner.py:83} INFO - Job 187: Subtask load_date
[2023-05-25T15:34:48.443+0000] {task_command.py:388} INFO - Running <TaskInstance: ETL.load_date manual__2023-05-24T17:09:20.161548+00:00 [running]> on host 2fa3ade57007
[2023-05-25T15:34:48.551+0000] {taskinstance.py:1511} INFO - Exporting the following env vars:
AIRFLOW_CTX_DAG_OWNER=fox
AIRFLOW_CTX_DAG_ID=ETL
AIRFLOW_CTX_TASK_ID=load_date
AIRFLOW_CTX_EXECUTION_DATE=2023-05-24T17:09:20.161548+00:00
AIRFLOW_CTX_TRY_NUMBER=5
AIRFLOW_CTX_DAG_RUN_ID=manual__2023-05-24T17:09:20.161548+00:00
[2023-05-25T15:34:48.949+0000] {taskinstance.py:1775} ERROR - Task failed with exception
Traceback (most recent call last):
  File "/home/airflow/.local/lib/python3.7/site-packages/airflow/operators/python.py", line 175, in execute
    return_value = self.execute_callable()
  File "/home/airflow/.local/lib/python3.7/site-packages/airflow/operators/python.py", line 192, in execute_callable
    return self.python_callable(*self.op_args, **self.op_kwargs)
  File "/opt/airflow/dags/Spotify_ETL.py", line 46, in run_spotify_etl
    resource = json.dumps(request)
  File "/usr/local/lib/python3.7/json/__init__.py", line 231, in dumps
    return _default_encoder.encode(obj)
  File "/usr/local/lib/python3.7/json/encoder.py", line 199, in encode
    chunks = self.iterencode(o, _one_shot=True)
  File "/usr/local/lib/python3.7/json/encoder.py", line 257, in iterencode
    return _iterencode(o, 0)
  File "/usr/local/lib/python3.7/json/encoder.py", line 179, in default
    raise TypeError(f'Object of type {o.__class__.__name__} '
TypeError: Object of type Response is not JSON serializable
[2023-05-25T15:34:48.970+0000] {taskinstance.py:1326} INFO - Marking task as UP_FOR_RETRY. dag_id=ETL, task_id=load_date, execution_date=20230524T170920, start_date=20230525T153448, end_date=20230525T153448
[2023-05-25T15:34:48.992+0000] {standard_task_runner.py:105} ERROR - Failed to execute job 187 for task load_date (Object of type Response is not JSON serializable; 621)
[2023-05-25T15:34:49.021+0000] {local_task_job.py:212} INFO - Task exited with return code 1
[2023-05-25T15:34:49.208+0000] {taskinstance.py:2585} INFO - 0 downstream tasks scheduled from follow-on schedule check
