[2023-06-04T17:00:04.686+0000] {taskinstance.py:1084} INFO - Dependencies all met for dep_context=non-requeueable deps ti=<TaskInstance: ETL.add_data_in_database scheduled__2023-06-03T17:00:00+00:00 [queued]>
[2023-06-04T17:00:04.705+0000] {taskinstance.py:1084} INFO - Dependencies all met for dep_context=requeueable deps ti=<TaskInstance: ETL.add_data_in_database scheduled__2023-06-03T17:00:00+00:00 [queued]>
[2023-06-04T17:00:04.705+0000] {taskinstance.py:1282} INFO - 
--------------------------------------------------------------------------------
[2023-06-04T17:00:04.705+0000] {taskinstance.py:1283} INFO - Starting attempt 1 of 6
[2023-06-04T17:00:04.705+0000] {taskinstance.py:1284} INFO - 
--------------------------------------------------------------------------------
[2023-06-04T17:00:04.737+0000] {taskinstance.py:1303} INFO - Executing <Task(PostgresOperator): add_data_in_database> on 2023-06-03 17:00:00+00:00
[2023-06-04T17:00:04.746+0000] {standard_task_runner.py:55} INFO - Started process 6640 to run task
[2023-06-04T17:00:04.752+0000] {standard_task_runner.py:82} INFO - Running: ['***', 'tasks', 'run', 'ETL', 'add_data_in_database', 'scheduled__2023-06-03T17:00:00+00:00', '--job-id', '434', '--raw', '--subdir', 'DAGS_FOLDER/ETL_spotify_DAG.py', '--cfg-path', '/tmp/tmpsz_p3onq']
[2023-06-04T17:00:04.755+0000] {standard_task_runner.py:83} INFO - Job 434: Subtask add_data_in_database
[2023-06-04T17:00:04.864+0000] {task_command.py:388} INFO - Running <TaskInstance: ETL.add_data_in_database scheduled__2023-06-03T17:00:00+00:00 [running]> on host 05172cfd5782
[2023-06-04T17:00:05.528+0000] {taskinstance.py:1511} INFO - Exporting the following env vars:
AIRFLOW_CTX_DAG_OWNER=fox
AIRFLOW_CTX_DAG_ID=ETL
AIRFLOW_CTX_TASK_ID=add_data_in_database
AIRFLOW_CTX_EXECUTION_DATE=2023-06-03T17:00:00+00:00
AIRFLOW_CTX_TRY_NUMBER=1
AIRFLOW_CTX_DAG_RUN_ID=scheduled__2023-06-03T17:00:00+00:00
[2023-06-04T17:00:05.529+0000] {sql.py:254} INFO - Executing: 
            insert into spotify_data (played_at, artist, name_track, timestamps) values 
            ('2023-06-03T12:59:37.967Z',
            'Dead by April',
            'Losing You',
            '2023-06-03'
            );
            insert into spotify_data (played_at, artist, name_track, timestamps) values 
            ('2023-06-03T12:55:30.014Z',
            'Hoobastank',
            'The Reason',
            '2023-06-03'
            );
            insert into spotify_data (played_at, artist, name_track, timestamps) values 
            ('2023-06-03T12:51:36.775Z',
            'Rammstein',
            'Amerika',
            '2023-06-03'
            );
            insert into spotify_data (played_at, artist, name_track, timestamps) values 
            ('2023-06-03T12:47:49.442Z',
            'Nine Lashes',
            'Anthem Of The Lonely',
            '2023-06-03'
            );
            insert into spotify_data (played_at, artist, name_track, timestamps) values 
            ('2023-06-03T12:43:10.728Z',
            'Five Finger Death Punch',
            'Jekyll and Hyde',
            '2023-06-03'
            );
            insert into spotify_data (played_at, artist, name_track, timestamps) values 
            ('2023-06-03T12:39:22.516Z',
            'Disturbed',
            'The Sound of Silence',
            '2023-06-03'
            );
            insert into spotify_data (played_at, artist, name_track, timestamps) values 
            ('2023-06-03T12:34:56.919Z',
            'Ozzy Osbourne',
            'I Don*t Wanna Stop',
            '2023-06-03'
            );
            insert into spotify_data (played_at, artist, name_track, timestamps) values 
            ('2023-06-03T12:30:56.386Z',
            'Within Temptation',
            'What Have You Done (feat. Keith Caputo)',
            '2023-06-03'
            );
            insert into spotify_data (played_at, artist, name_track, timestamps) values 
            ('2023-06-03T11:38:11.979Z',
            'Within Temptation',
            'What Have You Done (feat. Keith Caputo)',
            '2023-06-03'
            );
            insert into spotify_data (played_at, artist, name_track, timestamps) values 
            ('2023-06-03T11:30:16.088Z',
            'Hollywood Undead',
            'Day Of The Dead',
            '2023-06-03'
            )
            
[2023-06-04T17:00:05.543+0000] {base.py:73} INFO - Using connection ID 'postgres_localhost' for task execution.
[2023-06-04T17:00:05.930+0000] {base.py:73} INFO - Using connection ID 'postgres_localhost' for task execution.
[2023-06-04T17:00:05.935+0000] {sql.py:375} INFO - Running statement: 
            insert into spotify_data (played_at, artist, name_track, timestamps) values 
            ('2023-06-03T12:59:37.967Z',
            'Dead by April',
            'Losing You',
            '2023-06-03'
            );
            insert into spotify_data (played_at, artist, name_track, timestamps) values 
            ('2023-06-03T12:55:30.014Z',
            'Hoobastank',
            'The Reason',
            '2023-06-03'
            );
            insert into spotify_data (played_at, artist, name_track, timestamps) values 
            ('2023-06-03T12:51:36.775Z',
            'Rammstein',
            'Amerika',
            '2023-06-03'
            );
            insert into spotify_data (played_at, artist, name_track, timestamps) values 
            ('2023-06-03T12:47:49.442Z',
            'Nine Lashes',
            'Anthem Of The Lonely',
            '2023-06-03'
            );
            insert into spotify_data (played_at, artist, name_track, timestamps) values 
            ('2023-06-03T12:43:10.728Z',
            'Five Finger Death Punch',
            'Jekyll and Hyde',
            '2023-06-03'
            );
            insert into spotify_data (played_at, artist, name_track, timestamps) values 
            ('2023-06-03T12:39:22.516Z',
            'Disturbed',
            'The Sound of Silence',
            '2023-06-03'
            );
            insert into spotify_data (played_at, artist, name_track, timestamps) values 
            ('2023-06-03T12:34:56.919Z',
            'Ozzy Osbourne',
            'I Don*t Wanna Stop',
            '2023-06-03'
            );
            insert into spotify_data (played_at, artist, name_track, timestamps) values 
            ('2023-06-03T12:30:56.386Z',
            'Within Temptation',
            'What Have You Done (feat. Keith Caputo)',
            '2023-06-03'
            );
            insert into spotify_data (played_at, artist, name_track, timestamps) values 
            ('2023-06-03T11:38:11.979Z',
            'Within Temptation',
            'What Have You Done (feat. Keith Caputo)',
            '2023-06-03'
            );
            insert into spotify_data (played_at, artist, name_track, timestamps) values 
            ('2023-06-03T11:30:16.088Z',
            'Hollywood Undead',
            'Day Of The Dead',
            '2023-06-03'
            )
            , parameters: None
[2023-06-04T17:00:05.942+0000] {sql.py:384} INFO - Rows affected: 1
[2023-06-04T17:00:05.959+0000] {taskinstance.py:1326} INFO - Marking task as SUCCESS. dag_id=ETL, task_id=add_data_in_database, execution_date=20230603T170000, start_date=20230604T170004, end_date=20230604T170005
[2023-06-04T17:00:06.007+0000] {local_task_job.py:212} INFO - Task exited with return code 0
[2023-06-04T17:00:06.039+0000] {taskinstance.py:2585} INFO - 0 downstream tasks scheduled from follow-on schedule check
