[2023-05-26T15:25:14.943+0000] {taskinstance.py:1084} INFO - Dependencies all met for dep_context=non-requeueable deps ti=<TaskInstance: ETL.add_data scheduled__2023-05-25T00:00:00+00:00 [queued]>
[2023-05-26T15:25:14.960+0000] {taskinstance.py:1084} INFO - Dependencies all met for dep_context=requeueable deps ti=<TaskInstance: ETL.add_data scheduled__2023-05-25T00:00:00+00:00 [queued]>
[2023-05-26T15:25:14.961+0000] {taskinstance.py:1282} INFO - 
--------------------------------------------------------------------------------
[2023-05-26T15:25:14.961+0000] {taskinstance.py:1283} INFO - Starting attempt 7 of 12
[2023-05-26T15:25:14.961+0000] {taskinstance.py:1284} INFO - 
--------------------------------------------------------------------------------
[2023-05-26T15:25:15.005+0000] {taskinstance.py:1303} INFO - Executing <Task(PostgresOperator): add_data> on 2023-05-25 00:00:00+00:00
[2023-05-26T15:25:15.013+0000] {standard_task_runner.py:55} INFO - Started process 430 to run task
[2023-05-26T15:25:15.021+0000] {standard_task_runner.py:82} INFO - Running: ['***', 'tasks', 'run', 'ETL', 'add_data', 'scheduled__2023-05-25T00:00:00+00:00', '--job-id', '268', '--raw', '--subdir', 'DAGS_FOLDER/refresh_token_DAG.py', '--cfg-path', '/tmp/tmp4xtpq4cs']
[2023-05-26T15:25:15.023+0000] {standard_task_runner.py:83} INFO - Job 268: Subtask add_data
[2023-05-26T15:25:15.204+0000] {task_command.py:388} INFO - Running <TaskInstance: ETL.add_data scheduled__2023-05-25T00:00:00+00:00 [running]> on host 05172cfd5782
[2023-05-26T15:25:15.326+0000] {abstractoperator.py:615} ERROR - Exception rendering Jinja template for task 'add_data', field 'sql'. Template: "\n            insert into spotify_data (played_at, artist, name_track, timestamps) values \n            ('{{ti.xcom_pull(task_ids='load_date')['played_at'][0]}',\n            '{{ti.xcom_pull(task_ids='load_date')['artist'][0]}',\n            '{{ti.xcom_pull(task_ids='load_date')['name_track'][0]}',\n            '{{ti.xcom_pull(task_ids='load_date')['timestamps'][0]}'\n            );\n            insert into spotify_data (played_at, artist, name_track, timestamps) values \n            ('{{ti.xcom_pull(task_ids='load_date')['played_at'][1]}',\n            '{{ti.xcom_pull(task_ids='load_date')['artist'][1]}',\n            '{{ti.xcom_pull(task_ids='load_date')['name_track'][1]}',\n            '{{ti.xcom_pull(task_ids='load_date')['timestamps'][1]}'\n            )\n            insert into spotify_data (played_at, artist, name_track, timestamps) values \n            ('{{ti.xcom_pull(task_ids='load_date')['played_at'][2]}',\n            '{{ti.xcom_pull(task_ids='load_date')['artist'][2]}',\n            '{{ti.xcom_pull(task_ids='load_date')['name_track'][2]}',\n            '{{ti.xcom_pull(task_ids='load_date')['timestamps'][2]}'\n            );\n            insert into spotify_data (played_at, artist, name_track, timestamps) values \n            ('{{ti.xcom_pull(task_ids='load_date')['played_at'][3]}',\n            '{{ti.xcom_pull(task_ids='load_date')['artist'][3]}',\n            '{{ti.xcom_pull(task_ids='load_date')['name_track'][3]}',\n            '{{ti.xcom_pull(task_ids='load_date')['timestamps'][3]}'\n            );\n            insert into spotify_data (played_at, artist, name_track, timestamps) values \n            ('{{ti.xcom_pull(task_ids='load_date')['played_at'][4]}',\n            '{{ti.xcom_pull(task_ids='load_date')['artist'][4]}',\n            '{{ti.xcom_pull(task_ids='load_date')['name_track'][4]}',\n            '{{ti.xcom_pull(task_ids='load_date')['timestamps'][4]}'\n            );\n            insert into spotify_data (played_at, artist, name_track, timestamps) values \n            ('{{ti.xcom_pull(task_ids='load_date')['played_at'][5]}',\n            '{{ti.xcom_pull(task_ids='load_date')['artist'][5]}',\n            '{{ti.xcom_pull(task_ids='load_date')['name_track'][5]}',\n            '{{ti.xcom_pull(task_ids='load_date')['timestamps'][5]}'\n            );\n            insert into spotify_data (played_at, artist, name_track, timestamps) values \n            ('{{ti.xcom_pull(task_ids='load_date')['played_at'][6]}',\n            '{{ti.xcom_pull(task_ids='load_date')['artist'][6]}',\n            '{{ti.xcom_pull(task_ids='load_date')['name_track'][6]}',\n            '{{ti.xcom_pull(task_ids='load_date')['timestamps'][6]}'\n            );\n            insert into spotify_data (played_at, artist, name_track, timestamps) values \n            ('{{ti.xcom_pull(task_ids='load_date')['played_at'][7]}',\n            '{{ti.xcom_pull(task_ids='load_date')['artist'][7]}',\n            '{{ti.xcom_pull(task_ids='load_date')['name_track'][7]}',\n            '{{ti.xcom_pull(task_ids='load_date')['timestamps'][7]}'\n            );\n            insert into spotify_data (played_at, artist, name_track, timestamps) values \n            ('{{ti.xcom_pull(task_ids='load_date')['played_at'][8]}',\n            '{{ti.xcom_pull(task_ids='load_date')['artist'][8]}',\n            '{{ti.xcom_pull(task_ids='load_date')['name_track'][8]}',\n            '{{ti.xcom_pull(task_ids='load_date')['timestamps'][8]}'\n            );\n            insert into spotify_data (played_at, artist, name_track, timestamps) values \n            ('{{ti.xcom_pull(task_ids='load_date')['played_at'][9]}',\n            '{{ti.xcom_pull(task_ids='load_date')['artist'][9]}',\n            '{{ti.xcom_pull(task_ids='load_date')['name_track'][9]}',\n            '{{ti.xcom_pull(task_ids='load_date')['timestamps'][9]}'\n            )\n        "
Traceback (most recent call last):
  File "/home/airflow/.local/lib/python3.7/site-packages/airflow/models/abstractoperator.py", line 607, in _do_render_template_fields
    seen_oids,
  File "/home/airflow/.local/lib/python3.7/site-packages/airflow/models/abstractoperator.py", line 661, in render_template
    template = jinja_env.from_string(value)
  File "/home/airflow/.local/lib/python3.7/site-packages/jinja2/environment.py", line 1105, in from_string
    return cls.from_code(self, self.compile(source), gs, None)
  File "/home/airflow/.local/lib/python3.7/site-packages/jinja2/environment.py", line 768, in compile
    self.handle_exception(source=source_hint)
  File "/home/airflow/.local/lib/python3.7/site-packages/jinja2/environment.py", line 936, in handle_exception
    raise rewrite_traceback_stack(source=source)
  File "<unknown>", line 3, in template
jinja2.exceptions.TemplateSyntaxError: unexpected '}'
[2023-05-26T15:25:15.329+0000] {taskinstance.py:1775} ERROR - Task failed with exception
Traceback (most recent call last):
  File "/home/airflow/.local/lib/python3.7/site-packages/airflow/models/taskinstance.py", line 1377, in _run_raw_task
    self._execute_task_with_callbacks(context, test_mode)
  File "/home/airflow/.local/lib/python3.7/site-packages/airflow/models/taskinstance.py", line 1495, in _execute_task_with_callbacks
    task_orig = self.render_templates(context=context)
  File "/home/airflow/.local/lib/python3.7/site-packages/airflow/models/taskinstance.py", line 2122, in render_templates
    original_task.render_template_fields(context)
  File "/home/airflow/.local/lib/python3.7/site-packages/airflow/models/baseoperator.py", line 1179, in render_template_fields
    self._do_render_template_fields(self, self.template_fields, context, jinja_env, set())
  File "/home/airflow/.local/lib/python3.7/site-packages/airflow/utils/session.py", line 75, in wrapper
    return func(*args, session=session, **kwargs)
  File "/home/airflow/.local/lib/python3.7/site-packages/airflow/models/abstractoperator.py", line 607, in _do_render_template_fields
    seen_oids,
  File "/home/airflow/.local/lib/python3.7/site-packages/airflow/models/abstractoperator.py", line 661, in render_template
    template = jinja_env.from_string(value)
  File "/home/airflow/.local/lib/python3.7/site-packages/jinja2/environment.py", line 1105, in from_string
    return cls.from_code(self, self.compile(source), gs, None)
  File "/home/airflow/.local/lib/python3.7/site-packages/jinja2/environment.py", line 768, in compile
    self.handle_exception(source=source_hint)
  File "/home/airflow/.local/lib/python3.7/site-packages/jinja2/environment.py", line 936, in handle_exception
    raise rewrite_traceback_stack(source=source)
  File "<unknown>", line 3, in template
jinja2.exceptions.TemplateSyntaxError: unexpected '}'
[2023-05-26T15:25:15.348+0000] {taskinstance.py:1326} INFO - Marking task as UP_FOR_RETRY. dag_id=ETL, task_id=add_data, execution_date=20230525T000000, start_date=20230526T152514, end_date=20230526T152515
[2023-05-26T15:25:15.380+0000] {standard_task_runner.py:105} ERROR - Failed to execute job 268 for task add_data (unexpected '}'; 430)
[2023-05-26T15:25:15.409+0000] {local_task_job.py:212} INFO - Task exited with return code 1
[2023-05-26T15:25:15.453+0000] {taskinstance.py:2585} INFO - 0 downstream tasks scheduled from follow-on schedule check
