[2023-05-26T17:03:40.470+0000] {taskinstance.py:1084} INFO - Dependencies all met for dep_context=non-requeueable deps ti=<TaskInstance: ETL.add_data scheduled__2023-05-25T00:00:00+00:00 [queued]>
[2023-05-26T17:03:40.486+0000] {taskinstance.py:1084} INFO - Dependencies all met for dep_context=requeueable deps ti=<TaskInstance: ETL.add_data scheduled__2023-05-25T00:00:00+00:00 [queued]>
[2023-05-26T17:03:40.487+0000] {taskinstance.py:1282} INFO - 
--------------------------------------------------------------------------------
[2023-05-26T17:03:40.487+0000] {taskinstance.py:1283} INFO - Starting attempt 65 of 70
[2023-05-26T17:03:40.487+0000] {taskinstance.py:1284} INFO - 
--------------------------------------------------------------------------------
[2023-05-26T17:03:40.513+0000] {taskinstance.py:1303} INFO - Executing <Task(PostgresOperator): add_data> on 2023-05-25 00:00:00+00:00
[2023-05-26T17:03:40.525+0000] {standard_task_runner.py:55} INFO - Started process 3307 to run task
[2023-05-26T17:03:40.531+0000] {standard_task_runner.py:82} INFO - Running: ['***', 'tasks', 'run', 'ETL', 'add_data', 'scheduled__2023-05-25T00:00:00+00:00', '--job-id', '367', '--raw', '--subdir', 'DAGS_FOLDER/refresh_token_DAG.py', '--cfg-path', '/tmp/tmpvhs9mvb1']
[2023-05-26T17:03:40.536+0000] {standard_task_runner.py:83} INFO - Job 367: Subtask add_data
[2023-05-26T17:03:40.857+0000] {task_command.py:388} INFO - Running <TaskInstance: ETL.add_data scheduled__2023-05-25T00:00:00+00:00 [running]> on host 05172cfd5782
[2023-05-26T17:03:41.810+0000] {taskinstance.py:1511} INFO - Exporting the following env vars:
AIRFLOW_CTX_DAG_OWNER=fox
AIRFLOW_CTX_DAG_ID=ETL
AIRFLOW_CTX_TASK_ID=add_data
AIRFLOW_CTX_EXECUTION_DATE=2023-05-25T00:00:00+00:00
AIRFLOW_CTX_TRY_NUMBER=65
AIRFLOW_CTX_DAG_RUN_ID=scheduled__2023-05-25T00:00:00+00:00
[2023-05-26T17:03:41.813+0000] {sql.py:254} INFO - Executing: 
            insert into spotify_data (played_at, artist, name_track, timestamps) values 
            ('2023-05-26T17:01:59.167Z',
            'Alice Cooper',
            'Poison',
            '2023-05-26'
            );
            insert into spotify_data (played_at, artist, name_track, timestamps) values 
            ('2023-05-26T16:57:28.541Z',
            'Bloodhound Gang',
            'I Hope You Die',
            '2023-05-26'
            );
            insert into spotify_data (played_at, artist, name_track, timestamps) values 
            ('2023-05-26T16:53:48.314Z',
            'Lady Gaga',
            'Poker Face',
            '2023-05-26'
            );
            insert into spotify_data (played_at, artist, name_track, timestamps) values 
            ('2023-05-26T16:49:50.765Z',
            'Miracle Of Sound',
            'Valhalla Calling - Duet Version',
            '2023-05-26'
            );
            insert into spotify_data (played_at, artist, name_track, timestamps) values 
            ('2023-05-26T16:45:49.418Z',
            'Example',
            'Changed the Way You Kiss Me - Radio Edit',
            '2023-05-26'
            );
            insert into spotify_data (played_at, artist, name_track, timestamps) values 
            ('2023-05-26T16:42:33.293Z',
            'Basshunter',
            'Now You*re Gone (feat. DJ Mental Theo*s Bazzheadz) - Video Edit',
            '2023-05-26'
            );
            insert into spotify_data (played_at, artist, name_track, timestamps) values 
            ('2023-05-26T16:40:04.443Z',
            'Giorgos Mazonakis',
            'To Gucci Forema',
            '2023-05-26'
            );
            insert into spotify_data (played_at, artist, name_track, timestamps) values 
            ('2023-05-26T16:34:43.515Z',
            'Three Days Grace',
            'I Am Machine',
            '2023-05-26'
            );
            insert into spotify_data (played_at, artist, name_track, timestamps) values 
            ('2023-05-26T16:31:23.014Z',
            'Nelly Furtado',
            'Say It Right',
            '2023-05-26'
            );
            insert into spotify_data (played_at, artist, name_track, timestamps) values 
            ('2023-05-26T16:27:39.569Z',
            'MIRE',
            'Lightless',
            '2023-05-26'
            )
            
[2023-05-26T17:03:41.833+0000] {base.py:73} INFO - Using connection ID 'postgres_localhost' for task execution.
[2023-05-26T17:03:42.736+0000] {base.py:73} INFO - Using connection ID 'postgres_localhost' for task execution.
[2023-05-26T17:03:42.745+0000] {sql.py:375} INFO - Running statement: 
            insert into spotify_data (played_at, artist, name_track, timestamps) values 
            ('2023-05-26T17:01:59.167Z',
            'Alice Cooper',
            'Poison',
            '2023-05-26'
            );
            insert into spotify_data (played_at, artist, name_track, timestamps) values 
            ('2023-05-26T16:57:28.541Z',
            'Bloodhound Gang',
            'I Hope You Die',
            '2023-05-26'
            );
            insert into spotify_data (played_at, artist, name_track, timestamps) values 
            ('2023-05-26T16:53:48.314Z',
            'Lady Gaga',
            'Poker Face',
            '2023-05-26'
            );
            insert into spotify_data (played_at, artist, name_track, timestamps) values 
            ('2023-05-26T16:49:50.765Z',
            'Miracle Of Sound',
            'Valhalla Calling - Duet Version',
            '2023-05-26'
            );
            insert into spotify_data (played_at, artist, name_track, timestamps) values 
            ('2023-05-26T16:45:49.418Z',
            'Example',
            'Changed the Way You Kiss Me - Radio Edit',
            '2023-05-26'
            );
            insert into spotify_data (played_at, artist, name_track, timestamps) values 
            ('2023-05-26T16:42:33.293Z',
            'Basshunter',
            'Now You*re Gone (feat. DJ Mental Theo*s Bazzheadz) - Video Edit',
            '2023-05-26'
            );
            insert into spotify_data (played_at, artist, name_track, timestamps) values 
            ('2023-05-26T16:40:04.443Z',
            'Giorgos Mazonakis',
            'To Gucci Forema',
            '2023-05-26'
            );
            insert into spotify_data (played_at, artist, name_track, timestamps) values 
            ('2023-05-26T16:34:43.515Z',
            'Three Days Grace',
            'I Am Machine',
            '2023-05-26'
            );
            insert into spotify_data (played_at, artist, name_track, timestamps) values 
            ('2023-05-26T16:31:23.014Z',
            'Nelly Furtado',
            'Say It Right',
            '2023-05-26'
            );
            insert into spotify_data (played_at, artist, name_track, timestamps) values 
            ('2023-05-26T16:27:39.569Z',
            'MIRE',
            'Lightless',
            '2023-05-26'
            )
            , parameters: None
[2023-05-26T17:03:42.747+0000] {sql.py:384} INFO - Rows affected: 1
[2023-05-26T17:03:42.781+0000] {taskinstance.py:1326} INFO - Marking task as SUCCESS. dag_id=ETL, task_id=add_data, execution_date=20230525T000000, start_date=20230526T170340, end_date=20230526T170342
[2023-05-26T17:03:42.875+0000] {local_task_job.py:212} INFO - Task exited with return code 0
[2023-05-26T17:03:42.951+0000] {taskinstance.py:2585} INFO - 0 downstream tasks scheduled from follow-on schedule check
