[2023-05-26T15:53:48.739+0000] {taskinstance.py:1084} INFO - Dependencies all met for dep_context=non-requeueable deps ti=<TaskInstance: ETL.add_data scheduled__2023-05-25T00:00:00+00:00 [queued]>
[2023-05-26T15:53:48.755+0000] {taskinstance.py:1084} INFO - Dependencies all met for dep_context=requeueable deps ti=<TaskInstance: ETL.add_data scheduled__2023-05-25T00:00:00+00:00 [queued]>
[2023-05-26T15:53:48.755+0000] {taskinstance.py:1282} INFO - 
--------------------------------------------------------------------------------
[2023-05-26T15:53:48.755+0000] {taskinstance.py:1283} INFO - Starting attempt 28 of 33
[2023-05-26T15:53:48.755+0000] {taskinstance.py:1284} INFO - 
--------------------------------------------------------------------------------
[2023-05-26T15:53:48.781+0000] {taskinstance.py:1303} INFO - Executing <Task(PostgresOperator): add_data> on 2023-05-25 00:00:00+00:00
[2023-05-26T15:53:48.787+0000] {standard_task_runner.py:55} INFO - Started process 1286 to run task
[2023-05-26T15:53:48.791+0000] {standard_task_runner.py:82} INFO - Running: ['***', 'tasks', 'run', 'ETL', 'add_data', 'scheduled__2023-05-25T00:00:00+00:00', '--job-id', '295', '--raw', '--subdir', 'DAGS_FOLDER/refresh_token_DAG.py', '--cfg-path', '/tmp/tmp7pv54z8q']
[2023-05-26T15:53:48.795+0000] {standard_task_runner.py:83} INFO - Job 295: Subtask add_data
[2023-05-26T15:53:49.094+0000] {task_command.py:388} INFO - Running <TaskInstance: ETL.add_data scheduled__2023-05-25T00:00:00+00:00 [running]> on host 05172cfd5782
[2023-05-26T15:53:49.292+0000] {taskinstance.py:1511} INFO - Exporting the following env vars:
AIRFLOW_CTX_DAG_OWNER=fox
AIRFLOW_CTX_DAG_ID=ETL
AIRFLOW_CTX_TASK_ID=add_data
AIRFLOW_CTX_EXECUTION_DATE=2023-05-25T00:00:00+00:00
AIRFLOW_CTX_TRY_NUMBER=28
AIRFLOW_CTX_DAG_RUN_ID=scheduled__2023-05-25T00:00:00+00:00
[2023-05-26T15:53:49.293+0000] {sql.py:254} INFO - Executing: 
            insert into spotify_data (played_at, artist, name_track, timestamps) values 
            ('2023-05-25T09:21:02.777Z',
            'Kataklysm',
            'Guillotine',
            '2023-05-25'
            )
            
        
[2023-05-26T15:53:49.311+0000] {base.py:73} INFO - Using connection ID 'postgres_localhost' for task execution.
[2023-05-26T15:53:49.652+0000] {base.py:73} INFO - Using connection ID 'postgres_localhost' for task execution.
[2023-05-26T15:53:49.657+0000] {sql.py:375} INFO - Running statement: 
            insert into spotify_data (played_at, artist, name_track, timestamps) values 
            ('2023-05-25T09:21:02.777Z',
            'Kataklysm',
            'Guillotine',
            '2023-05-25'
            )
            
        , parameters: None
[2023-05-26T15:53:49.658+0000] {sql.py:384} INFO - Rows affected: 1
[2023-05-26T15:53:49.672+0000] {taskinstance.py:1326} INFO - Marking task as SUCCESS. dag_id=ETL, task_id=add_data, execution_date=20230525T000000, start_date=20230526T155348, end_date=20230526T155349
[2023-05-26T15:53:49.712+0000] {local_task_job.py:212} INFO - Task exited with return code 0
[2023-05-26T15:53:49.734+0000] {taskinstance.py:2585} INFO - 0 downstream tasks scheduled from follow-on schedule check
