[2023-05-26T16:31:18.476+0000] {taskinstance.py:1084} INFO - Dependencies all met for dep_context=non-requeueable deps ti=<TaskInstance: ETL.add_data scheduled__2023-05-25T00:00:00+00:00 [queued]>
[2023-05-26T16:31:18.489+0000] {taskinstance.py:1084} INFO - Dependencies all met for dep_context=requeueable deps ti=<TaskInstance: ETL.add_data scheduled__2023-05-25T00:00:00+00:00 [queued]>
[2023-05-26T16:31:18.489+0000] {taskinstance.py:1282} INFO - 
--------------------------------------------------------------------------------
[2023-05-26T16:31:18.489+0000] {taskinstance.py:1283} INFO - Starting attempt 47 of 52
[2023-05-26T16:31:18.489+0000] {taskinstance.py:1284} INFO - 
--------------------------------------------------------------------------------
[2023-05-26T16:31:18.507+0000] {taskinstance.py:1303} INFO - Executing <Task(PostgresOperator): add_data> on 2023-05-25 00:00:00+00:00
[2023-05-26T16:31:18.515+0000] {standard_task_runner.py:55} INFO - Started process 2373 to run task
[2023-05-26T16:31:18.518+0000] {standard_task_runner.py:82} INFO - Running: ['***', 'tasks', 'run', 'ETL', 'add_data', 'scheduled__2023-05-25T00:00:00+00:00', '--job-id', '330', '--raw', '--subdir', 'DAGS_FOLDER/refresh_token_DAG.py', '--cfg-path', '/tmp/tmpc0jz_0xv']
[2023-05-26T16:31:18.519+0000] {standard_task_runner.py:83} INFO - Job 330: Subtask add_data
[2023-05-26T16:31:18.584+0000] {task_command.py:388} INFO - Running <TaskInstance: ETL.add_data scheduled__2023-05-25T00:00:00+00:00 [running]> on host 05172cfd5782
[2023-05-26T16:31:19.014+0000] {abstractoperator.py:615} ERROR - Exception rendering Jinja template for task 'add_data', field 'sql'. Template: "\n            insert into spotify_data (played_at, artist, name_track, timestamps) values \n            ('{{ti.xcom_pull(task_ids='load_date')['played_at'][0]}}',\n            '{{ti.xcom_pull(task_ids='load_date')['artist'][0]}}',\n            '{{ti.xcom_pull(task_ids='load_date')['name_track'][0]}}',\n            '{{ti.xcom_pull(task_ids='load_date')['timestamps'][0]}}'\n            );\n            insert into spotify_data (played_at, artist, name_track, timestamps) values \n            ('{{ti.xcom_pull(task_ids='load_date')['played_at'][1]}}',\n            '{{ti.xcom_pull(task_ids='load_date')['artist'][1]}}',\n            '{{ti.xcom_pull(task_ids='load_date')['name_track'][1]}}',\n            '{{ti.xcom_pull(task_ids='load_date')['timestamps'][1]}}'\n            );\n            insert into spotify_data (played_at, artist, name_track, timestamps) values \n            ('{{ti.xcom_pull(task_ids='load_date')['played_at'][2]}}',\n            '{{ti.xcom_pull(task_ids='load_date')['artist'][2]}}',\n            '{{ti.xcom_pull(task_ids='load_date')['name_track'][2]}}',\n            '{{ti.xcom_pull(task_ids='load_date')['timestamps'][2]}}'\n            );\n            insert into spotify_data (played_at, artist, name_track, timestamps) values \n            ('{{ti.xcom_pull(task_ids='load_date')['played_at'][3]}}',\n            '{{ti.xcom_pull(task_ids='load_date')['artist'][3]}}',\n            '{{ti.xcom_pull(task_ids='load_date')['name_track'][3]}}',\n            '{{ti.xcom_pull(task_ids='load_date')['timestamps'][3]}}'\n            );\n            insert into spotify_data (played_at, artist, name_track, timestamps) values \n            ('{{ti.xcom_pull(task_ids='load_date')['played_at'][4]}}',\n            '{{ti.xcom_pull(task_ids='load_date')['artist'][4]}}',\n            '{{ti.xcom_pull(task_ids='load_date')['name_track'][4]}}',\n            '{{ti.xcom_pull(task_ids='load_date')['timestamps'][4]}}'\n            );\n            insert into spotify_data (played_at, artist, name_track, timestamps) values \n            ('{{ti.xcom_pull(task_ids='load_date')['played_at'][5]}}',\n            '{{ti.xcom_pull(task_ids='load_date')['artist'][5]}}',\n            '{{ti.xcom_pull(task_ids='load_date')['name_track'][5]}}',\n            '{{ti.xcom_pull(task_ids='load_date')['timestamps'][5]}}'\n            );\n            insert into spotify_data (played_at, artist, name_track, timestamps) values \n            ('{{ti.xcom_pull(task_ids='load_date')['played_at'][6]}}',\n            '{{ti.xcom_pull(task_ids='load_date')['artist'][6]}}',\n            '{{ti.xcom_pull(task_ids='load_date')['name_track'][6]}}',\n            '{{ti.xcom_pull(task_ids='load_date')['timestamps'][6]}}'\n            );\n            insert into spotify_data (played_at, artist, name_track, timestamps) values \n            ('{{ti.xcom_pull(task_ids='load_date')['played_at'][7]}}',\n            '{{ti.xcom_pull(task_ids='load_date')['artist'][7]}}',\n            '{{ti.xcom_pull(task_ids='load_date')['name_track'][7]}}',\n            '{{ti.xcom_pull(task_ids='load_date')['timestamps'][7]}}'\n            );\n            insert into spotify_data (played_at, artist, name_track, timestamps) values \n            ('{{ti.xcom_pull(task_ids='load_date')['played_at'][8]}}',\n            '{{ti.xcom_pull(task_ids='load_date')['artist'][8]}}',\n            '{{ti.xcom_pull(task_ids='load_date')['name_track'][8]}}',\n            '{{ti.xcom_pull(task_ids='load_date')['timestamps'][8]}}'\n            );\n            insert into spotify_data (played_at, artist, name_track, timestamps) values \n            ('{{ti.xcom_pull(task_ids='load_date')['played_at'][9]}}',\n            '{{ti.xcom_pull(task_ids='load_date')['artist'][9]}}',\n            '{{ti.xcom_pull(task_ids='load_date')['name_track'][9]}}',\n            '{{ti.xcom_pull(task_ids='load_date')['timestamps'][9]}}'\n            )\n            "
Traceback (most recent call last):
  File "/home/airflow/.local/lib/python3.7/site-packages/airflow/models/abstractoperator.py", line 607, in _do_render_template_fields
    seen_oids,
  File "/home/airflow/.local/lib/python3.7/site-packages/airflow/models/abstractoperator.py", line 665, in render_template
    return render_template_to_string(template, context)
  File "/home/airflow/.local/lib/python3.7/site-packages/airflow/utils/helpers.py", line 288, in render_template_to_string
    return render_template(template, cast(MutableMapping[str, Any], context), native=False)
  File "/home/airflow/.local/lib/python3.7/site-packages/airflow/utils/helpers.py", line 283, in render_template
    return "".join(nodes)
  File "<template>", line 89, in root
  File "/home/airflow/.local/lib/python3.7/site-packages/jinja2/runtime.py", line 852, in _fail_with_undefined_error
    raise self._undefined_exception(self._undefined_message)
jinja2.exceptions.UndefinedError: list object has no element 9
[2023-05-26T16:31:19.015+0000] {taskinstance.py:1775} ERROR - Task failed with exception
Traceback (most recent call last):
  File "/home/airflow/.local/lib/python3.7/site-packages/airflow/models/taskinstance.py", line 1377, in _run_raw_task
    self._execute_task_with_callbacks(context, test_mode)
  File "/home/airflow/.local/lib/python3.7/site-packages/airflow/models/taskinstance.py", line 1495, in _execute_task_with_callbacks
    task_orig = self.render_templates(context=context)
  File "/home/airflow/.local/lib/python3.7/site-packages/airflow/models/taskinstance.py", line 2122, in render_templates
    original_task.render_template_fields(context)
  File "/home/airflow/.local/lib/python3.7/site-packages/airflow/models/baseoperator.py", line 1179, in render_template_fields
    self._do_render_template_fields(self, self.template_fields, context, jinja_env, set())
  File "/home/airflow/.local/lib/python3.7/site-packages/airflow/utils/session.py", line 75, in wrapper
    return func(*args, session=session, **kwargs)
  File "/home/airflow/.local/lib/python3.7/site-packages/airflow/models/abstractoperator.py", line 607, in _do_render_template_fields
    seen_oids,
  File "/home/airflow/.local/lib/python3.7/site-packages/airflow/models/abstractoperator.py", line 665, in render_template
    return render_template_to_string(template, context)
  File "/home/airflow/.local/lib/python3.7/site-packages/airflow/utils/helpers.py", line 288, in render_template_to_string
    return render_template(template, cast(MutableMapping[str, Any], context), native=False)
  File "/home/airflow/.local/lib/python3.7/site-packages/airflow/utils/helpers.py", line 283, in render_template
    return "".join(nodes)
  File "<template>", line 89, in root
  File "/home/airflow/.local/lib/python3.7/site-packages/jinja2/runtime.py", line 852, in _fail_with_undefined_error
    raise self._undefined_exception(self._undefined_message)
jinja2.exceptions.UndefinedError: list object has no element 9
[2023-05-26T16:31:19.025+0000] {taskinstance.py:1326} INFO - Marking task as UP_FOR_RETRY. dag_id=ETL, task_id=add_data, execution_date=20230525T000000, start_date=20230526T163118, end_date=20230526T163119
[2023-05-26T16:31:19.040+0000] {standard_task_runner.py:105} ERROR - Failed to execute job 330 for task add_data (list object has no element 9; 2373)
[2023-05-26T16:31:19.054+0000] {local_task_job.py:212} INFO - Task exited with return code 1
[2023-05-26T16:31:19.075+0000] {taskinstance.py:2585} INFO - 0 downstream tasks scheduled from follow-on schedule check
