[2023-05-26T16:32:29.866+0000] {taskinstance.py:1084} INFO - Dependencies all met for dep_context=non-requeueable deps ti=<TaskInstance: ETL.add_data scheduled__2023-05-25T00:00:00+00:00 [queued]>
[2023-05-26T16:32:29.880+0000] {taskinstance.py:1084} INFO - Dependencies all met for dep_context=requeueable deps ti=<TaskInstance: ETL.add_data scheduled__2023-05-25T00:00:00+00:00 [queued]>
[2023-05-26T16:32:29.880+0000] {taskinstance.py:1282} INFO - 
--------------------------------------------------------------------------------
[2023-05-26T16:32:29.880+0000] {taskinstance.py:1283} INFO - Starting attempt 48 of 53
[2023-05-26T16:32:29.880+0000] {taskinstance.py:1284} INFO - 
--------------------------------------------------------------------------------
[2023-05-26T16:32:29.902+0000] {taskinstance.py:1303} INFO - Executing <Task(PostgresOperator): add_data> on 2023-05-25 00:00:00+00:00
[2023-05-26T16:32:29.910+0000] {standard_task_runner.py:55} INFO - Started process 2423 to run task
[2023-05-26T16:32:29.915+0000] {standard_task_runner.py:82} INFO - Running: ['***', 'tasks', 'run', 'ETL', 'add_data', 'scheduled__2023-05-25T00:00:00+00:00', '--job-id', '334', '--raw', '--subdir', 'DAGS_FOLDER/refresh_token_DAG.py', '--cfg-path', '/tmp/tmpldhl3dvm']
[2023-05-26T16:32:29.916+0000] {standard_task_runner.py:83} INFO - Job 334: Subtask add_data
[2023-05-26T16:32:30.018+0000] {task_command.py:388} INFO - Running <TaskInstance: ETL.add_data scheduled__2023-05-25T00:00:00+00:00 [running]> on host 05172cfd5782
[2023-05-26T16:32:30.518+0000] {taskinstance.py:1511} INFO - Exporting the following env vars:
AIRFLOW_CTX_DAG_OWNER=fox
AIRFLOW_CTX_DAG_ID=ETL
AIRFLOW_CTX_TASK_ID=add_data
AIRFLOW_CTX_EXECUTION_DATE=2023-05-25T00:00:00+00:00
AIRFLOW_CTX_TRY_NUMBER=48
AIRFLOW_CTX_DAG_RUN_ID=scheduled__2023-05-25T00:00:00+00:00
[2023-05-26T16:32:30.519+0000] {sql.py:254} INFO - Executing: 
            insert into spotify_data (played_at, artist, name_track, timestamps) values 
            ('2023-05-25T09:30:54.240Z',
            'Karna',
            'Вітролом',
            '2023-05-25'
            );
            insert into spotify_data (played_at, artist, name_track, timestamps) values 
            ('2023-05-25T09:27:44.769Z',
            'PROBASS ∆ HARDI',
            'Козаки йдуть',
            '2023-05-25'
            );
            insert into spotify_data (played_at, artist, name_track, timestamps) values 
            ('2023-05-25T09:24:14.466Z',
            'Bring Me The Horizon',
            'Throne',
            '2023-05-25'
            );
            insert into spotify_data (played_at, artist, name_track, timestamps) values 
            ('2023-05-25T09:21:02.777Z',
            'Kataklysm',
            'Guillotine',
            '2023-05-25'
            );
            insert into spotify_data (played_at, artist, name_track, timestamps) values 
            ('2023-05-25T09:18:01.673Z',
            'YAKTAK',
            'Чекає вдома (feat. DOVI)',
            '2023-05-25'
            );
            insert into spotify_data (played_at, artist, name_track, timestamps) values 
            ('2023-05-25T09:09:06.935Z',
            'Rev Theory',
            'Hell Yeah',
            '2023-05-25'
            );
            insert into spotify_data (played_at, artist, name_track, timestamps) values 
            ('2023-05-25T09:04:58.448Z',
            'Metalocalypse: Dethklok',
            'Awaken',
            '2023-05-25'
            );
            insert into spotify_data (played_at, artist, name_track, timestamps) values 
            ('2023-05-25T09:01:20.326Z',
            'Suicide Silence',
            'Disengage',
            '2023-05-25'
            );
            insert into spotify_data (played_at, artist, name_track, timestamps) values 
            ('2023-05-25T08:48:00.134Z',
            'Judas Priest',
            'Breaking the Law',
            '2023-05-25'
            );
            insert into spotify_data (played_at, artist, name_track, timestamps) values 
            ('2023-05-25T08:40:59.659Z',
            'Volbeat',
            'none',
            '2023-05-25'
            )
            
[2023-05-26T16:32:30.529+0000] {base.py:73} INFO - Using connection ID 'postgres_localhost' for task execution.
[2023-05-26T16:32:30.853+0000] {base.py:73} INFO - Using connection ID 'postgres_localhost' for task execution.
[2023-05-26T16:32:30.857+0000] {sql.py:375} INFO - Running statement: 
            insert into spotify_data (played_at, artist, name_track, timestamps) values 
            ('2023-05-25T09:30:54.240Z',
            'Karna',
            'Вітролом',
            '2023-05-25'
            );
            insert into spotify_data (played_at, artist, name_track, timestamps) values 
            ('2023-05-25T09:27:44.769Z',
            'PROBASS ∆ HARDI',
            'Козаки йдуть',
            '2023-05-25'
            );
            insert into spotify_data (played_at, artist, name_track, timestamps) values 
            ('2023-05-25T09:24:14.466Z',
            'Bring Me The Horizon',
            'Throne',
            '2023-05-25'
            );
            insert into spotify_data (played_at, artist, name_track, timestamps) values 
            ('2023-05-25T09:21:02.777Z',
            'Kataklysm',
            'Guillotine',
            '2023-05-25'
            );
            insert into spotify_data (played_at, artist, name_track, timestamps) values 
            ('2023-05-25T09:18:01.673Z',
            'YAKTAK',
            'Чекає вдома (feat. DOVI)',
            '2023-05-25'
            );
            insert into spotify_data (played_at, artist, name_track, timestamps) values 
            ('2023-05-25T09:09:06.935Z',
            'Rev Theory',
            'Hell Yeah',
            '2023-05-25'
            );
            insert into spotify_data (played_at, artist, name_track, timestamps) values 
            ('2023-05-25T09:04:58.448Z',
            'Metalocalypse: Dethklok',
            'Awaken',
            '2023-05-25'
            );
            insert into spotify_data (played_at, artist, name_track, timestamps) values 
            ('2023-05-25T09:01:20.326Z',
            'Suicide Silence',
            'Disengage',
            '2023-05-25'
            );
            insert into spotify_data (played_at, artist, name_track, timestamps) values 
            ('2023-05-25T08:48:00.134Z',
            'Judas Priest',
            'Breaking the Law',
            '2023-05-25'
            );
            insert into spotify_data (played_at, artist, name_track, timestamps) values 
            ('2023-05-25T08:40:59.659Z',
            'Volbeat',
            'none',
            '2023-05-25'
            )
            , parameters: None
[2023-05-26T16:32:30.859+0000] {sql.py:384} INFO - Rows affected: 1
[2023-05-26T16:32:30.878+0000] {taskinstance.py:1326} INFO - Marking task as SUCCESS. dag_id=ETL, task_id=add_data, execution_date=20230525T000000, start_date=20230526T163229, end_date=20230526T163230
[2023-05-26T16:32:30.938+0000] {local_task_job.py:212} INFO - Task exited with return code 0
[2023-05-26T16:32:30.960+0000] {taskinstance.py:2585} INFO - 0 downstream tasks scheduled from follow-on schedule check
