[2023-05-26T16:57:42.749+0000] {taskinstance.py:1084} INFO - Dependencies all met for dep_context=non-requeueable deps ti=<TaskInstance: ETL.add_data scheduled__2023-05-25T00:00:00+00:00 [queued]>
[2023-05-26T16:57:42.763+0000] {taskinstance.py:1084} INFO - Dependencies all met for dep_context=requeueable deps ti=<TaskInstance: ETL.add_data scheduled__2023-05-25T00:00:00+00:00 [queued]>
[2023-05-26T16:57:42.764+0000] {taskinstance.py:1282} INFO - 
--------------------------------------------------------------------------------
[2023-05-26T16:57:42.764+0000] {taskinstance.py:1283} INFO - Starting attempt 62 of 66
[2023-05-26T16:57:42.764+0000] {taskinstance.py:1284} INFO - 
--------------------------------------------------------------------------------
[2023-05-26T16:57:42.790+0000] {taskinstance.py:1303} INFO - Executing <Task(PostgresOperator): add_data> on 2023-05-25 00:00:00+00:00
[2023-05-26T16:57:42.798+0000] {standard_task_runner.py:55} INFO - Started process 3150 to run task
[2023-05-26T16:57:42.800+0000] {standard_task_runner.py:82} INFO - Running: ['***', 'tasks', 'run', 'ETL', 'add_data', 'scheduled__2023-05-25T00:00:00+00:00', '--job-id', '362', '--raw', '--subdir', 'DAGS_FOLDER/refresh_token_DAG.py', '--cfg-path', '/tmp/tmpex2i3ekc']
[2023-05-26T16:57:42.802+0000] {standard_task_runner.py:83} INFO - Job 362: Subtask add_data
[2023-05-26T16:57:42.870+0000] {task_command.py:388} INFO - Running <TaskInstance: ETL.add_data scheduled__2023-05-25T00:00:00+00:00 [running]> on host 05172cfd5782
[2023-05-26T16:57:43.434+0000] {taskinstance.py:1511} INFO - Exporting the following env vars:
AIRFLOW_CTX_DAG_OWNER=fox
AIRFLOW_CTX_DAG_ID=ETL
AIRFLOW_CTX_TASK_ID=add_data
AIRFLOW_CTX_EXECUTION_DATE=2023-05-25T00:00:00+00:00
AIRFLOW_CTX_TRY_NUMBER=62
AIRFLOW_CTX_DAG_RUN_ID=scheduled__2023-05-25T00:00:00+00:00
[2023-05-26T16:57:43.435+0000] {sql.py:254} INFO - Executing: 
            insert into spotify_data (played_at, artist, name_track, timestamps) values 
            ("2023-05-26T16:53:48.314Z",
            "Lady Gaga",
            "Poker Face",
            "2023-05-26"
            );
            insert into spotify_data (played_at, artist, name_track, timestamps) values 
            ("2023-05-26T16:49:50.765Z",
            "Miracle Of Sound",
            "Valhalla Calling - Duet Version",
            "2023-05-26"
            );
            insert into spotify_data (played_at, artist, name_track, timestamps) values 
            ("2023-05-26T16:45:49.418Z",
            "Example",
            "Changed the Way You Kiss Me - Radio Edit",
            "2023-05-26"
            );
            insert into spotify_data (played_at, artist, name_track, timestamps) values 
            ("2023-05-26T16:42:33.293Z",
            "Basshunter",
            "Now You're Gone (feat. DJ Mental Theo's Bazzheadz) - Video Edit",
            "2023-05-26"
            );
            insert into spotify_data (played_at, artist, name_track, timestamps) values 
            ("2023-05-26T16:40:04.443Z",
            "Giorgos Mazonakis",
            "To Gucci Forema",
            "2023-05-26"
            );
            insert into spotify_data (played_at, artist, name_track, timestamps) values 
            ("2023-05-26T16:34:43.515Z",
            "Three Days Grace",
            "I Am Machine",
            "2023-05-26"
            );
            insert into spotify_data (played_at, artist, name_track, timestamps) values 
            ("2023-05-26T16:31:23.014Z",
            "Nelly Furtado",
            "Say It Right",
            "2023-05-26"
            );
            insert into spotify_data (played_at, artist, name_track, timestamps) values 
            ("2023-05-26T16:27:39.569Z",
            "MIRE",
            "Lightless",
            "2023-05-26"
            );
            insert into spotify_data (played_at, artist, name_track, timestamps) values 
            ("2023-05-26T16:22:17.380Z",
            "Cryoshell",
            "Creeping in My Soul",
            "2023-05-26"
            );
            insert into spotify_data (played_at, artist, name_track, timestamps) values 
            ("2023-05-26T16:18:21.511Z",
            "Eric Prydz",
            "Pjanoo - Radio Edit",
            "2023-05-26"
            )
            
[2023-05-26T16:57:43.444+0000] {base.py:73} INFO - Using connection ID 'postgres_localhost' for task execution.
[2023-05-26T16:57:43.741+0000] {base.py:73} INFO - Using connection ID 'postgres_localhost' for task execution.
[2023-05-26T16:57:43.747+0000] {sql.py:375} INFO - Running statement: 
            insert into spotify_data (played_at, artist, name_track, timestamps) values 
            ("2023-05-26T16:53:48.314Z",
            "Lady Gaga",
            "Poker Face",
            "2023-05-26"
            );
            insert into spotify_data (played_at, artist, name_track, timestamps) values 
            ("2023-05-26T16:49:50.765Z",
            "Miracle Of Sound",
            "Valhalla Calling - Duet Version",
            "2023-05-26"
            );
            insert into spotify_data (played_at, artist, name_track, timestamps) values 
            ("2023-05-26T16:45:49.418Z",
            "Example",
            "Changed the Way You Kiss Me - Radio Edit",
            "2023-05-26"
            );
            insert into spotify_data (played_at, artist, name_track, timestamps) values 
            ("2023-05-26T16:42:33.293Z",
            "Basshunter",
            "Now You're Gone (feat. DJ Mental Theo's Bazzheadz) - Video Edit",
            "2023-05-26"
            );
            insert into spotify_data (played_at, artist, name_track, timestamps) values 
            ("2023-05-26T16:40:04.443Z",
            "Giorgos Mazonakis",
            "To Gucci Forema",
            "2023-05-26"
            );
            insert into spotify_data (played_at, artist, name_track, timestamps) values 
            ("2023-05-26T16:34:43.515Z",
            "Three Days Grace",
            "I Am Machine",
            "2023-05-26"
            );
            insert into spotify_data (played_at, artist, name_track, timestamps) values 
            ("2023-05-26T16:31:23.014Z",
            "Nelly Furtado",
            "Say It Right",
            "2023-05-26"
            );
            insert into spotify_data (played_at, artist, name_track, timestamps) values 
            ("2023-05-26T16:27:39.569Z",
            "MIRE",
            "Lightless",
            "2023-05-26"
            );
            insert into spotify_data (played_at, artist, name_track, timestamps) values 
            ("2023-05-26T16:22:17.380Z",
            "Cryoshell",
            "Creeping in My Soul",
            "2023-05-26"
            );
            insert into spotify_data (played_at, artist, name_track, timestamps) values 
            ("2023-05-26T16:18:21.511Z",
            "Eric Prydz",
            "Pjanoo - Radio Edit",
            "2023-05-26"
            )
            , parameters: None
[2023-05-26T16:57:43.749+0000] {taskinstance.py:1775} ERROR - Task failed with exception
Traceback (most recent call last):
  File "/home/airflow/.local/lib/python3.7/site-packages/airflow/providers/common/sql/operators/sql.py", line 266, in execute
    **extra_kwargs,
  File "/home/airflow/.local/lib/python3.7/site-packages/airflow/providers/common/sql/hooks/sql.py", line 349, in run
    self._run_command(cur, sql_statement, parameters)
  File "/home/airflow/.local/lib/python3.7/site-packages/airflow/providers/common/sql/hooks/sql.py", line 380, in _run_command
    cur.execute(sql_statement)
psycopg2.errors.UndefinedColumn: column "2023-05-26T16:53:48.314Z" does not exist
LINE 3:             ("2023-05-26T16:53:48.314Z",
                     ^

[2023-05-26T16:57:43.760+0000] {taskinstance.py:1326} INFO - Marking task as UP_FOR_RETRY. dag_id=ETL, task_id=add_data, execution_date=20230525T000000, start_date=20230526T165742, end_date=20230526T165743
[2023-05-26T16:57:43.782+0000] {standard_task_runner.py:105} ERROR - Failed to execute job 362 for task add_data (column "2023-05-26T16:53:48.314Z" does not exist
LINE 3:             ("2023-05-26T16:53:48.314Z",
                     ^
; 3150)
[2023-05-26T16:57:43.818+0000] {local_task_job.py:212} INFO - Task exited with return code 1
[2023-05-26T16:57:43.843+0000] {taskinstance.py:2585} INFO - 0 downstream tasks scheduled from follow-on schedule check
